APPLICATION	CarMaker 14.0.1 - Car_Generic #5 (win64-14.0.1)
COMPILED	jetbrains@05dcd26e64f8 2025-01-28 11:06:46
 
		I/O Configuration: default
SIM_START	day4_5_scenario1	2025-05-17 17:11:10
TIME	0.000
SIMULATE	day4_5_scenario1

TIME	5.929
ERROR		Vehicle leaves road at about x=-0.000137107, y=-0.517476 TireNo=0
SIM_ABORT	day4_5_scenario1	5.932s	26.2191m
APPLICATION	CarMaker 14.0.1 - Car_Generic #5 (win64-14.0.1)
COMPILED	jetbrains@05dcd26e64f8 2025-01-28 11:06:46
 
		I/O Configuration: default
SIM_START	day4_5_scenario1	2025-05-17 17:12:01
TIME	0.000
SIMULATE	day4_5_scenario1

TIME	5.929
ERROR		Vehicle leaves road at about x=-0.000137107, y=-0.517476 TireNo=0
SIM_ABORT	day4_5_scenario1	5.932s	26.2191m
APPLICATION	CarMaker 14.0.1 - Car_Generic #5 (win64-14.0.1)
COMPILED	jetbrains@05dcd26e64f8 2025-01-28 11:06:46
 
		I/O Configuration: default
SIM_START	day4_5_scenario1	2025-05-17 17:13:01
TIME	0.000
SIMULATE	day4_5_scenario1

TIME	5.929
ERROR		Vehicle leaves road at about x=-0.000137107, y=-0.517476 TireNo=0
SIM_ABORT	day4_5_scenario1	5.932s	26.2191m
APPLICATION	CarMaker 14.0.1 - Car_Generic #5 (win64-14.0.1)
COMPILED	jetbrains@05dcd26e64f8 2025-01-28 11:06:46
 
		I/O Configuration: default
SIM_START	day4_5_scenario1	2025-05-17 17:17:16
TIME	0.000
SIMULATE	day4_5_scenario1

TIME	5.939
ERROR		Vehicle leaves road at about x=-0.00259974, y=-0.63947 TireNo=0
SIM_ABORT	day4_5_scenario1	5.942s	26.0705m
APPLICATION	CarMaker 14.0.1 - Car_Generic #5 (win64-14.0.1)
COMPILED	jetbrains@05dcd26e64f8 2025-01-28 11:06:46
 
		I/O Configuration: default
SIM_START	day4_5_scenario1	2025-05-17 17:18:33
TIME	0.000
SIMULATE	day4_5_scenario1

TIME	5.939
ERROR		Vehicle leaves road at about x=-0.00259974, y=-0.63947 TireNo=0
SIM_ABORT	day4_5_scenario1	5.942s	26.0705m
APPLICATION	CarMaker 14.0.1 - Car_Generic #5 (win64-14.0.1)
COMPILED	jetbrains@05dcd26e64f8 2025-01-28 11:06:46
 
		I/O Configuration: default
SIM_START	day4_5_scenario1	2025-05-17 17:18:46
TIME	0.000
SIMULATE	day4_5_scenario1

TIME	5.939
ERROR		Vehicle leaves road at about x=-0.00259974, y=-0.63947 TireNo=0
SIM_ABORT	day4_5_scenario1	5.942s	26.0705m
APPLICATION	CarMaker 14.0.1 - Car_Generic #5 (win64-14.0.1)
COMPILED	jetbrains@05dcd26e64f8 2025-01-28 11:06:46
 
		I/O Configuration: default
SIM_START	day4_5_scenario1	2025-05-17 17:27:59
TIME	0.000
SIMULATE	day4_5_scenario1

TIME	5.939
ERROR		Vehicle leaves road at about x=-0.00259974, y=-0.63947 TireNo=0
SIM_ABORT	day4_5_scenario1	5.942s	26.0705m
APPLICATION	CarMaker 14.0.1 - Car_Generic #5 (win64-14.0.1)
COMPILED	jetbrains@05dcd26e64f8 2025-01-28 11:06:46
 
		I/O Configuration: default
SIM_START	day4_5_scenario1	2025-05-17 17:33:02
TIME	0.000
SIMULATE	day4_5_scenario1

TIME	5.939
ERROR		Vehicle leaves road at about x=-0.00259974, y=-0.63947 TireNo=0
SIM_ABORT	day4_5_scenario1	5.942s	26.0705m
APPLICATION	CarMaker 14.0.1 - Car_Generic #5 (win64-14.0.1)
COMPILED	jetbrains@05dcd26e64f8 2025-01-28 11:06:46
 
		I/O Configuration: default
SIM_START	day4_5_scenario1	2025-05-17 17:33:53
TIME	0.000
SIMULATE	day4_5_scenario1

TIME	5.939
ERROR		Vehicle leaves road at about x=-0.00259974, y=-0.63947 TireNo=0
SIM_ABORT	day4_5_scenario1	5.942s	26.0705m
APPLICATION	CarMaker 14.0.1 - Car_Generic #5 (win64-14.0.1)
COMPILED	jetbrains@05dcd26e64f8 2025-01-28 11:06:46
 
		I/O Configuration: default
SIM_START	day4_5_scenario1	2025-05-17 17:35:05
TIME	0.000
SIMULATE	day4_5_scenario1

TIME	5.939
ERROR		Vehicle leaves road at about x=-0.00259974, y=-0.63947 TireNo=0
SIM_ABORT	day4_5_scenario1	5.942s	26.0705m
APPLICATION	CarMaker 14.0.1 - Car_Generic #5 (win64-14.0.1)
COMPILED	jetbrains@05dcd26e64f8 2025-01-28 11:06:46
 
		I/O Configuration: default
SIM_START	day4_5_scenario1	2025-05-17 17:39:33
TIME	0.000
SIMULATE	day4_5_scenario1

TIME	5.939
ERROR		Vehicle leaves road at about x=-0.00259974, y=-0.63947 TireNo=0
SIM_ABORT	day4_5_scenario1	5.942s	26.0705m
APPLICATION	CarMaker 14.0.1 - Car_Generic #5 (win64-14.0.1)
COMPILED	jetbrains@05dcd26e64f8 2025-01-28 11:06:46
 
		I/O Configuration: default
SIM_START	day4_5_scenario1	2025-05-17 17:39:54
TIME	0.000
SIMULATE	day4_5_scenario1

TIME	5.939
ERROR		Vehicle leaves road at about x=-0.00259974, y=-0.63947 TireNo=0
SIM_ABORT	day4_5_scenario1	5.942s	26.0705m
APPLICATION	CarMaker 14.0.1 - Car_Generic #5 (win64-14.0.1)
COMPILED	jetbrains@05dcd26e64f8 2025-01-28 11:06:46
 
		I/O Configuration: default
SIM_START	day4_5_scenario1	2025-05-17 17:41:42
TIME	0.000
SIMULATE	day4_5_scenario1

TIME	5.939
ERROR		Vehicle leaves road at about x=-0.00259974, y=-0.63947 TireNo=0
SIM_ABORT	day4_5_scenario1	5.942s	26.0705m
APPLICATION	CarMaker 14.0.1 - Car_Generic #5 (win64-14.0.1)
COMPILED	jetbrains@05dcd26e64f8 2025-01-28 11:06:46
 
		I/O Configuration: default
SIM_START	day4_5_scenario1	2025-05-17 17:42:02
TIME	0.000
SIMULATE	day4_5_scenario1

TIME	5.939
ERROR		Vehicle leaves road at about x=-0.00259974, y=-0.63947 TireNo=0
SIM_ABORT	day4_5_scenario1	5.942s	26.0705m
APPLICATION	CarMaker 14.0.1 - Car_Generic #5 (win64-14.0.1)
COMPILED	jetbrains@05dcd26e64f8 2025-01-28 11:06:46
 
		I/O Configuration: default
SIM_START	day4_5_scenario1	2025-05-17 17:42:49
TIME	0.000
SIMULATE	day4_5_scenario1

TIME	5.939
ERROR		Vehicle leaves road at about x=-0.00259974, y=-0.63947 TireNo=0
SIM_ABORT	day4_5_scenario1	5.942s	26.0705m
APPLICATION	CarMaker 14.0.1 - Car_Generic #5 (win64-14.0.1)
COMPILED	jetbrains@05dcd26e64f8 2025-01-28 11:06:46
 
		I/O Configuration: default
SIM_START	day4_5_scenario1	2025-05-17 17:43:27
TIME	0.000
SIMULATE	day4_5_scenario1

TIME	5.939
ERROR		Vehicle leaves road at about x=-0.00259974, y=-0.63947 TireNo=0
SIM_ABORT	day4_5_scenario1	5.942s	26.0705m
APPLICATION	CarMaker 14.0.1 - Car_Generic #5 (win64-14.0.1)
COMPILED	jetbrains@05dcd26e64f8 2025-01-28 11:06:46
 
		I/O Configuration: default
SIM_START	day4_5_scenario1	2025-05-17 17:53:10
TIME	0.000
SIMULATE	day4_5_scenario1

TIME	5.939
ERROR		Vehicle leaves road at about x=-0.00259974, y=-0.63947 TireNo=0
SIM_ABORT	day4_5_scenario1	5.942s	26.0705m
APPLICATION	CarMaker 14.0.1 - Car_Generic #5 (win64-14.0.1)
COMPILED	jetbrains@05dcd26e64f8 2025-01-28 11:06:46
 
		I/O Configuration: default
SIM_START	day4_5_scenario1	2025-05-17 18:26:17
TIME	0.000
SIMULATE	day4_5_scenario1

TIME	5.939
ERROR		Vehicle leaves road at about x=-0.00259974, y=-0.63947 TireNo=0
SIM_ABORT	day4_5_scenario1	5.942s	26.0705m
APPLICATION	CarMaker 14.0.1 - Car_Generic #5 (win64-14.0.1)
COMPILED	jetbrains@05dcd26e64f8 2025-01-28 11:06:46
 
		I/O Configuration: default
SIM_START	day4_5_scenario1	2025-05-17 18:28:21
TIME	0.000
SIMULATE	day4_5_scenario1

TIME	5.939
ERROR		Vehicle leaves road at about x=-0.00259974, y=-0.63947 TireNo=0
SIM_ABORT	day4_5_scenario1	5.942s	26.0705m
APPLICATION	CarMaker 14.0.1 - Car_Generic #5 (win64-14.0.1)
COMPILED	jetbrains@05dcd26e64f8 2025-01-28 11:06:46
 
		I/O Configuration: default
SIM_START	day4_5_scenario1	2025-05-17 18:31:52
TIME	0.000
SIMULATE	day4_5_scenario1

TIME	5.939
ERROR		Vehicle leaves road at about x=-0.00259974, y=-0.63947 TireNo=0
SIM_ABORT	day4_5_scenario1	5.942s	26.0705m
APPLICATION	CarMaker 14.0.1 - Car_Generic #5 (win64-14.0.1)
COMPILED	jetbrains@05dcd26e64f8 2025-01-28 11:06:46
 
		I/O Configuration: default
SIM_START	day4_5_scenario1	2025-05-17 18:32:31
TIME	0.000
SIMULATE	day4_5_scenario1

TIME	5.939
ERROR		Vehicle leaves road at about x=-0.00259974, y=-0.63947 TireNo=0
SIM_ABORT	day4_5_scenario1	5.942s	26.0705m
APPLICATION	CarMaker 14.0.1 - Car_Generic #5 (win64-14.0.1)
COMPILED	jetbrains@05dcd26e64f8 2025-01-28 11:06:46
 
		I/O Configuration: default
SIM_START	day4_5_scenario1	2025-05-17 18:35:39
TIME	0.000
SIMULATE	day4_5_scenario1

TIME	35.201
SIM_END		day4_5_scenario1	35.198s	2.00965e-05m
APPLICATION	CarMaker 14.0.1 - Car_Generic #5 (win64-14.0.1)
COMPILED	jetbrains@05dcd26e64f8 2025-01-28 11:06:46
 
		I/O Configuration: default
SIM_START	day4_5_scenario1	2025-05-17 18:38:25
TIME	0.000
SIMULATE	day4_5_scenario1

TIME	15.400
SIM_END		day4_5_scenario1	15.397s	8.79068e-06m
APPLICATION	CarMaker 14.0.1 - Car_Generic #5 (win64-14.0.1)
COMPILED	jetbrains@05dcd26e64f8 2025-01-28 11:06:46
 
		I/O Configuration: default
SIM_START	day4_5_scenario1	2025-05-17 18:43:31
TIME	0.000
SIMULATE	day4_5_scenario1

TIME	9.562
ERROR		Vehicle leaves road at about x=31.9554, y=2.50398 TireNo=0
SIM_ABORT	day4_5_scenario1	9.565s	35.8835m
APPLICATION	CarMaker 14.0.1 - Car_Generic #5 (win64-14.0.1)
COMPILED	jetbrains@05dcd26e64f8 2025-01-28 11:06:46
 
		I/O Configuration: default
SIM_START	day4_5_scenario1	2025-05-17 18:45:34
TIME	0.000
SIMULATE	day4_5_scenario1

TIME	9.562
ERROR		Vehicle leaves road at about x=31.9554, y=2.50398 TireNo=0
SIM_ABORT	day4_5_scenario1	9.565s	35.8835m
APPLICATION	CarMaker 14.0.1 - Car_Generic #5 (win64-14.0.1)
COMPILED	jetbrains@05dcd26e64f8 2025-01-28 11:06:46
 
		I/O Configuration: default
SIM_START	day4_5_scenario1	2025-05-17 18:47:18
TIME	0.000
SIMULATE	day4_5_scenario1

TIME	12.755
SIM_END		day4_5_scenario1	12.752s	7.74422e-06m
APPLICATION	CarMaker 14.0.1 - Car_Generic #5 (win64-14.0.1)
COMPILED	jetbrains@05dcd26e64f8 2025-01-28 11:06:46
 
		I/O Configuration: default
SIM_START	day4_5_scenario1	2025-05-17 18:50:22
TIME	0.000
SIMULATE	day4_5_scenario1

TIME	18.048
SIM_END		day4_5_scenario1	18.045s	9.94997e-06m
APPLICATION	CarMaker 14.0.1 - Car_Generic #5 (win64-14.0.1)
COMPILED	jetbrains@05dcd26e64f8 2025-01-28 11:06:46
 
		I/O Configuration: default
SIM_START	day4_5_scenario1	2025-05-17 18:55:50
TIME	0.000
SIMULATE	day4_5_scenario1

TIME	7.994
SIM_END		day4_5_scenario1	7.991s	6.14394e-06m
