APPLICATION	CarMaker 14.0.1 - Car_Generic #5 (win64-14.0.1)
COMPILED	jetbrains@05dcd26e64f8 2025-01-28 11:06:46
 
		I/O Configuration: default
SIM_START	day7_final	2025-05-21 12:17:02
TIME	0.001
		Current random seed value = 1747797422
TIME	0.000
SIMULATE	day7_final

TIME	17.699
ERROR		Vehicle leaves road at about x=-67.5556, y=11.2134 TireNo=1
SIM_ABORT	day7_final	17.702s	13.8524m
APPLICATION	CarMaker 14.0.1 - Car_Generic #5 (win64-14.0.1)
COMPILED	jetbrains@05dcd26e64f8 2025-01-28 11:06:46
 
		I/O Configuration: default
SIM_START	day7_final	2025-05-21 12:19:08
TIME	0.001
		Current random seed value = 1747797548
TIME	0.000
SIMULATE	day7_final

TIME	40.003
SIM_END		day7_final	40s	40.6159m
