APPLICATION	CarMaker 14.0.1 - Car_Generic #5 (win64-14.0.1)
COMPILED	jetbrains@05dcd26e64f8 2025-01-28 11:06:46
 
		I/O Configuration: default
SIM_START	day7_final	2025-05-21 09:26:03
TIME	0.001
		Current random seed value = 1747787163
TIME	0.000
SIMULATE	day7_final

TIME	172.481
SIM_END		day7_final	172.478s	43.0605m
APPLICATION	CarMaker 14.0.1 - Car_Generic #5 (win64-14.0.1)
COMPILED	jetbrains@05dcd26e64f8 2025-01-28 11:06:46
 
		I/O Configuration: default
SIM_START	day7_final	2025-05-21 09:27:31
TIME	0.001
		Current random seed value = 1747787251
TIME	0.000
SIMULATE	day7_final

TIME	74.357
SIM_END		day7_final	74.354s	43.0598m
APPLICATION	CarMaker 14.0.1 - Car_Generic #5 (win64-14.0.1)
COMPILED	jetbrains@05dcd26e64f8 2025-01-28 11:06:46
 
		I/O Configuration: default
SIM_START	day7_final	2025-05-21 09:56:55
TIME	0.001
		Current random seed value = 1747789015
TIME	0.000
SIMULATE	day7_final

TIME	27.906
SIM_END		day7_final	27.903s	43.0524m
APPLICATION	CarMaker 14.0.1 - Car_Generic #5 (win64-14.0.1)
COMPILED	jetbrains@05dcd26e64f8 2025-01-28 11:06:46
 
		I/O Configuration: default
SIM_START	day7_final	2025-05-21 10:03:39
TIME	0.001
		Current random seed value = 1747789419
TIME	0.000
SIMULATE	day7_final

TIME	27.517
SIM_END		day7_final	27.514s	43.0522m
APPLICATION	CarMaker 14.0.1 - Car_Generic #5 (win64-14.0.1)
COMPILED	jetbrains@05dcd26e64f8 2025-01-28 11:06:46
 
		I/O Configuration: default
SIM_START	day7_final	2025-05-21 10:08:22
TIME	0.001
		Current random seed value = 1747789702
TIME	0.000
SIMULATE	day7_final

TIME	30.610
SIM_END		day7_final	30.607s	43.0535m
APPLICATION	CarMaker 14.0.1 - Car_Generic #5 (win64-14.0.1)
COMPILED	jetbrains@05dcd26e64f8 2025-01-28 11:06:46
 
		I/O Configuration: default
SIM_START	day7_final	2025-05-21 10:13:23
TIME	0.001
		Current random seed value = 1747790003
TIME	0.000
SIMULATE	day7_final

SIM_END		day7_final	0s	0m
APPLICATION	CarMaker 14.0.1 - Car_Generic #5 (win64-14.0.1)
COMPILED	jetbrains@05dcd26e64f8 2025-01-28 11:06:46
 
		I/O Configuration: default
SIM_START	day7_final	2025-05-21 10:14:01
TIME	0.001
		Current random seed value = 1747790041
TIME	0.000
SIMULATE	day7_final

TIME	24.003
SIM_END		day7_final	24s	43.0504m
APPLICATION	CarMaker 14.0.1 - Car_Generic #5 (win64-14.0.1)
COMPILED	jetbrains@05dcd26e64f8 2025-01-28 11:06:46
 
		I/O Configuration: default
SIM_START	day7_final	2025-05-21 10:14:39
TIME	0.001
		Current random seed value = 1747790079
TIME	0.000
SIMULATE	day7_final

TIME	27.290
SIM_END		day7_final	27.287s	40.8792m
APPLICATION	CarMaker 14.0.1 - Car_Generic #5 (win64-14.0.1)
COMPILED	jetbrains@05dcd26e64f8 2025-01-28 11:06:46
 
		I/O Configuration: default
SIM_START	day7_final	2025-05-21 10:17:19
TIME	0.001
		Current random seed value = 1747790239
TIME	0.000
SIMULATE	day7_final

TIME	6.787
SIM_END		day7_final	6.784s	5.7965e-06m
APPLICATION	CarMaker 14.0.1 - Car_Generic #5 (win64-14.0.1)
COMPILED	jetbrains@05dcd26e64f8 2025-01-28 11:06:46
 
		I/O Configuration: default
SIM_START	day7_final	2025-05-21 10:17:59
TIME	0.001
		Current random seed value = 1747790279
TIME	0.000
SIMULATE	day7_final

TIME	2.432
SIM_END		day7_final	2.429s	4.74017e-06m
APPLICATION	CarMaker 14.0.1 - Car_Generic #5 (win64-14.0.1)
COMPILED	jetbrains@05dcd26e64f8 2025-01-28 11:06:46
 
		I/O Configuration: default
SIM_START	day7_final	2025-05-21 10:18:15
TIME	0.001
		Current random seed value = 1747790295
TIME	0.000
SIMULATE	day7_final

TIME	48.432
SIM_END		day7_final	48.429s	40.8846m
APPLICATION	CarMaker 14.0.1 - Car_Generic #5 (win64-14.0.1)
COMPILED	jetbrains@05dcd26e64f8 2025-01-28 11:06:46
 
		I/O Configuration: default
SIM_START	day7_final	2025-05-21 10:22:15
TIME	0.001
		Current random seed value = 1747790535
TIME	0.000
SIMULATE	day7_final

TIME	33.500
SIM_END		day7_final	33.497s	43.7251m
APPLICATION	CarMaker 14.0.1 - Car_Generic #5 (win64-14.0.1)
COMPILED	jetbrains@05dcd26e64f8 2025-01-28 11:06:46
 
		I/O Configuration: default
SIM_START	day7_final	2025-05-21 10:22:44
TIME	0.001
		Current random seed value = 1747790564
TIME	0.000
SIMULATE	day7_final

TIME	37.669
SIM_END		day7_final	37.666s	43.7966m
APPLICATION	CarMaker 14.0.1 - Car_Generic #5 (win64-14.0.1)
COMPILED	jetbrains@05dcd26e64f8 2025-01-28 11:06:46
 
		I/O Configuration: default
SIM_START	day7_final	2025-05-21 10:23:14
TIME	0.001
		Current random seed value = 1747790594
TIME	0.000
SIMULATE	day7_final

TIME	23.345
ERROR		Vehicle leaves road at about x=31.7897, y=-1.39815 TireNo=0
SIM_ABORT	day7_final	23.348s	45.5182m
APPLICATION	CarMaker 14.0.1 - Car_Generic #5 (win64-14.0.1)
COMPILED	jetbrains@05dcd26e64f8 2025-01-28 11:06:46
 
		I/O Configuration: default
SIM_START	day7_final	2025-05-21 10:23:38
TIME	0.001
		Current random seed value = 1747790618
TIME	0.000
SIMULATE	day7_final

TIME	30.209
SIM_END		day7_final	30.206s	40.9132m
APPLICATION	CarMaker 14.0.1 - Car_Generic #5 (win64-14.0.1)
COMPILED	jetbrains@05dcd26e64f8 2025-01-28 11:06:46
 
		I/O Configuration: default
SIM_START	day7_final	2025-05-21 10:28:38
TIME	0.001
		Current random seed value = 1747790918
TIME	0.000
SIMULATE	day7_final

TIME	39.946
SIM_END		day7_final	39.943s	40.4266m
APPLICATION	CarMaker 14.0.1 - Car_Generic #5 (win64-14.0.1)
COMPILED	jetbrains@05dcd26e64f8 2025-01-28 11:06:46
 
		I/O Configuration: default
SIM_START	day7_final	2025-05-21 10:29:16
TIME	0.001
		Current random seed value = 1747790956
TIME	0.000
SIMULATE	day7_final

TIME	38.608
SIM_END		day7_final	38.605s	43.2808m
APPLICATION	CarMaker 14.0.1 - Car_Generic #5 (win64-14.0.1)
COMPILED	jetbrains@05dcd26e64f8 2025-01-28 11:06:46
 
		I/O Configuration: default
SIM_START	day7_final	2025-05-21 10:31:47
TIME	0.001
		Current random seed value = 1747791107
TIME	0.000
SIMULATE	day7_final

TIME	44.926
SIM_END		day7_final	44.923s	43.3262m
APPLICATION	CarMaker 14.0.1 - Car_Generic #5 (win64-14.0.1)
COMPILED	jetbrains@05dcd26e64f8 2025-01-28 11:06:46
 
		I/O Configuration: default
SIM_START	day7_final	2025-05-21 10:32:41
TIME	0.001
		Current random seed value = 1747791161
TIME	0.000
SIMULATE	day7_final

TIME	42.951
SIM_END		day7_final	42.948s	41.9396m
APPLICATION	CarMaker 14.0.1 - Car_Generic #5 (win64-14.0.1)
COMPILED	jetbrains@05dcd26e64f8 2025-01-28 11:06:46
 
		I/O Configuration: default
SIM_START	day7_final	2025-05-21 10:33:23
TIME	0.001
		Current random seed value = 1747791203
TIME	0.000
SIMULATE	day7_final

TIME	94.217
ERROR		Vehicle leaves road at about x=30.504, y=-1.39803 TireNo=0
ERROR		Vehicle leaves road at about x=32.1512, y=-1.39796 TireNo=1
ERROR		Embedded FARoadSensor Geo:  xyz (31.33 -1.40 2.41) not found on Road
SIM_ABORT	day7_final	94.22s	44.998m
APPLICATION	CarMaker 14.0.1 - Car_Generic #5 (win64-14.0.1)
COMPILED	jetbrains@05dcd26e64f8 2025-01-28 11:06:46
 
		I/O Configuration: default
SIM_START	day7_final	2025-05-21 10:34:30
TIME	0.001
		Current random seed value = 1747791270
TIME	0.000
SIMULATE	day7_final

TIME	34.472
SIM_END		day7_final	34.469s	26.89m
APPLICATION	CarMaker 14.0.1 - Car_Generic #5 (win64-14.0.1)
COMPILED	jetbrains@05dcd26e64f8 2025-01-28 11:06:46
 
		I/O Configuration: default
SIM_START	day7_final	2025-05-21 10:51:14
TIME	0.001
		Current random seed value = 1747792274
TIME	0.000
SIMULATE	day7_final

TIME	38.003
SIM_END		day7_final	38s	36.8159m
APPLICATION	CarMaker 14.0.1 - Car_Generic #5 (win64-14.0.1)
COMPILED	jetbrains@05dcd26e64f8 2025-01-28 11:06:46
 
		I/O Configuration: default
SIM_START	day7_final	2025-05-21 10:52:00
TIME	0.001
		Current random seed value = 1747792320
TIME	0.000
SIMULATE	day7_final

TIME	32.650
SIM_END		day7_final	32.647s	35.9384m
APPLICATION	CarMaker 14.0.1 - Car_Generic #5 (win64-14.0.1)
COMPILED	jetbrains@05dcd26e64f8 2025-01-28 11:06:46
 
		I/O Configuration: default
SIM_START	day7_final	2025-05-21 10:52:30
TIME	0.001
		Current random seed value = 1747792350
TIME	0.000
SIMULATE	day7_final

TIME	33.667
SIM_END		day7_final	33.664s	35.693m
APPLICATION	CarMaker 14.0.1 - Car_Generic #5 (win64-14.0.1)
COMPILED	jetbrains@05dcd26e64f8 2025-01-28 11:06:46
 
		I/O Configuration: default
SIM_START	day7_final	2025-05-21 10:56:52
TIME	0.001
		Current random seed value = 1747792612
TIME	0.000
SIMULATE	day7_final

TIME	47.359
SIM_END		day7_final	47.356s	37.1565m
APPLICATION	CarMaker 14.0.1 - Car_Generic #5 (win64-14.0.1)
COMPILED	jetbrains@05dcd26e64f8 2025-01-28 11:06:46
 
		I/O Configuration: default
SIM_START	day7_final	2025-05-21 11:00:42
TIME	0.001
		Current random seed value = 1747792842
TIME	0.000
SIMULATE	day7_final

TIME	44.003
SIM_END		day7_final	44s	36.522m
APPLICATION	CarMaker 14.0.1 - Car_Generic #5 (win64-14.0.1)
COMPILED	jetbrains@05dcd26e64f8 2025-01-28 11:06:46
 
		I/O Configuration: default
SIM_START	day7_final	2025-05-21 11:03:41
TIME	0.001
		Current random seed value = 1747793021
TIME	0.000
SIMULATE	day7_final

TIME	2.405
SIM_END		day7_final	2.402s	3.25485m
APPLICATION	CarMaker 14.0.1 - Car_Generic #5 (win64-14.0.1)
COMPILED	jetbrains@05dcd26e64f8 2025-01-28 11:06:46
 
		I/O Configuration: default
SIM_START	day7_final	2025-05-21 11:08:33
TIME	0.001
		Current random seed value = 1747793313
TIME	0.000
SIMULATE	day7_final

TIME	53.852
SIM_END		day7_final	53.849s	36.5383m
APPLICATION	CarMaker 14.0.1 - Car_Generic #5 (win64-14.0.1)
COMPILED	jetbrains@05dcd26e64f8 2025-01-28 11:06:46
 
		I/O Configuration: default
SIM_START	day7_final	2025-05-21 11:09:08
TIME	0.001
		Current random seed value = 1747793348
TIME	0.000
SIMULATE	day7_final

TIME	65.759
SIM_END		day7_final	65.756s	36.5402m
APPLICATION	CarMaker 14.0.1 - Car_Generic #5 (win64-14.0.1)
COMPILED	jetbrains@05dcd26e64f8 2025-01-28 11:06:46
 
		I/O Configuration: default
SIM_START	day7_final	2025-05-21 11:10:18
TIME	0.001
		Current random seed value = 1747793418
TIME	0.000
SIMULATE	day7_final

TIME	47.311
SIM_END		day7_final	47.308s	38.4012m
APPLICATION	CarMaker 14.0.1 - Car_Generic #5 (win64-14.0.1)
COMPILED	jetbrains@05dcd26e64f8 2025-01-28 11:06:46
 
		I/O Configuration: default
SIM_START	day7_final	2025-05-21 11:11:31
TIME	0.001
		Current random seed value = 1747793491
TIME	0.000
SIMULATE	day7_final

TIME	32.003
SIM_END		day7_final	32s	35.7667m
APPLICATION	CarMaker 14.0.1 - Car_Generic #5 (win64-14.0.1)
COMPILED	jetbrains@05dcd26e64f8 2025-01-28 11:06:46
 
		I/O Configuration: default
SIM_START	day7_final	2025-05-21 11:12:27
TIME	0.001
		Current random seed value = 1747793547
TIME	0.000
SIMULATE	day7_final

TIME	20.004
ERROR		Vehicle leaves road at about x=29.6795, y=-1.39937 TireNo=0
ERROR		Vehicle leaves road at about x=31.3259, y=-1.39945 TireNo=1
SIM_ABORT	day7_final	20.007s	39.759m
APPLICATION	CarMaker 14.0.1 - Car_Generic #5 (win64-14.0.1)
COMPILED	jetbrains@05dcd26e64f8 2025-01-28 11:06:46
 
		I/O Configuration: default
SIM_START	day7_final	2025-05-21 11:13:13
TIME	0.001
		Current random seed value = 1747793593
TIME	0.000
SIMULATE	day7_final

TIME	32.337
SIM_END		day7_final	32.334s	35.3669m
APPLICATION	CarMaker 14.0.1 - Car_Generic #5 (win64-14.0.1)
COMPILED	jetbrains@05dcd26e64f8 2025-01-28 11:06:46
 
		I/O Configuration: default
SIM_START	day7_final	2025-05-21 11:14:06
TIME	0.001
		Current random seed value = 1747793646
TIME	0.000
SIMULATE	day7_final

TIME	29.669
SIM_END		day7_final	29.666s	37.0004m
APPLICATION	CarMaker 14.0.1 - Car_Generic #5 (win64-14.0.1)
COMPILED	jetbrains@05dcd26e64f8 2025-01-28 11:06:46
 
		I/O Configuration: default
SIM_START	day7_final	2025-05-21 11:16:18
TIME	0.001
		Current random seed value = 1747793778
TIME	0.000
SIMULATE	day7_final

TIME	24.003
SIM_END		day7_final	24s	36.1327m
APPLICATION	CarMaker 14.0.1 - Car_Generic #5 (win64-14.0.1)
COMPILED	jetbrains@05dcd26e64f8 2025-01-28 11:06:46
 
		I/O Configuration: default
SIM_START	day7_final	2025-05-21 11:17:44
TIME	0.001
		Current random seed value = 1747793864
TIME	0.000
SIMULATE	day7_final

TIME	24.003
SIM_END		day7_final	24s	35.3647m
APPLICATION	CarMaker 14.0.1 - Car_Generic #5 (win64-14.0.1)
COMPILED	jetbrains@05dcd26e64f8 2025-01-28 11:06:46
 
		I/O Configuration: default
SIM_START	day7_final	2025-05-21 11:18:27
TIME	0.001
		Current random seed value = 1747793907
TIME	0.000
SIMULATE	day7_final

TIME	25.003
SIM_END		day7_final	25s	36.4206m
APPLICATION	CarMaker 14.0.1 - Car_Generic #5 (win64-14.0.1)
COMPILED	jetbrains@05dcd26e64f8 2025-01-28 11:06:46
 
		I/O Configuration: default
SIM_START	day7_final	2025-05-21 11:19:07
TIME	0.001
		Current random seed value = 1747793947
TIME	0.000
SIMULATE	day7_final

TIME	29.762
SIM_END		day7_final	29.759s	36.4964m
APPLICATION	CarMaker 14.0.1 - Car_Generic #5 (win64-14.0.1)
COMPILED	jetbrains@05dcd26e64f8 2025-01-28 11:06:46
 
		I/O Configuration: default
SIM_START	day7_final	2025-05-21 11:19:48
TIME	0.001
		Current random seed value = 1747793988
TIME	0.000
SIMULATE	day7_final

TIME	24.724
SIM_END		day7_final	24.721s	36.436m
APPLICATION	CarMaker 14.0.1 - Car_Generic #5 (win64-14.0.1)
COMPILED	jetbrains@05dcd26e64f8 2025-01-28 11:06:46
 
		I/O Configuration: default
SIM_START	day7_final	2025-05-21 11:20:27
TIME	0.001
		Current random seed value = 1747794027
TIME	0.000
SIMULATE	day7_final

TIME	45.345
SIM_END		day7_final	45.342s	37.8194m
APPLICATION	CarMaker 14.0.1 - Car_Generic #5 (win64-14.0.1)
COMPILED	jetbrains@05dcd26e64f8 2025-01-28 11:06:46
 
		I/O Configuration: default
SIM_START	day7_final	2025-05-21 11:21:26
TIME	0.001
		Current random seed value = 1747794086
TIME	0.000
SIMULATE	day7_final

TIME	27.890
SIM_END		day7_final	27.887s	37.9333m
APPLICATION	CarMaker 14.0.1 - Car_Generic #5 (win64-14.0.1)
COMPILED	jetbrains@05dcd26e64f8 2025-01-28 11:06:46
 
		I/O Configuration: default
SIM_START	day7_final	2025-05-21 11:22:18
TIME	0.001
		Current random seed value = 1747794138
TIME	0.000
SIMULATE	day7_final

TIME	27.003
SIM_END		day7_final	27s	36.1064m
APPLICATION	CarMaker 14.0.1 - Car_Generic #5 (win64-14.0.1)
COMPILED	jetbrains@05dcd26e64f8 2025-01-28 11:06:46
 
		I/O Configuration: default
SIM_START	day7_final	2025-05-21 11:23:27
TIME	0.001
		Current random seed value = 1747794207
TIME	0.000
SIMULATE	day7_final

TIME	42.003
SIM_END		day7_final	42s	36.1106m
APPLICATION	CarMaker 14.0.1 - Car_Generic #5 (win64-14.0.1)
COMPILED	jetbrains@05dcd26e64f8 2025-01-28 11:06:46
 
		I/O Configuration: default
SIM_START	day7_final	2025-05-21 11:24:30
TIME	0.001
		Current random seed value = 1747794270
TIME	0.000
SIMULATE	day7_final

TIME	28.215
SIM_END		day7_final	28.212s	36.1069m
APPLICATION	CarMaker 14.0.1 - Car_Generic #5 (win64-14.0.1)
COMPILED	jetbrains@05dcd26e64f8 2025-01-28 11:06:46
 
		I/O Configuration: default
SIM_START	day7_final	2025-05-21 11:36:45
TIME	0.001
		Current random seed value = 1747795005
TIME	0.000
SIMULATE	day7_final

TIME	9.308
SIM_END		day7_final	9.305s	6.54905e-06m
APPLICATION	CarMaker 14.0.1 - Car_Generic #5 (win64-14.0.1)
COMPILED	jetbrains@05dcd26e64f8 2025-01-28 11:06:46
 
		I/O Configuration: default
SIM_START	day7_final	2025-05-21 11:37:48
TIME	0.001
		Current random seed value = 1747795068
TIME	0.000
SIMULATE	day7_final

TIME	2.820
SIM_END		day7_final	2.817s	4.82171e-06m
APPLICATION	CarMaker 14.0.1 - Car_Generic #5 (win64-14.0.1)
COMPILED	jetbrains@05dcd26e64f8 2025-01-28 11:06:46
 
		I/O Configuration: default
SIM_START	day7_final	2025-05-21 11:38:58
TIME	0.001
		Current random seed value = 1747795138
TIME	0.000
SIMULATE	day7_final

TIME	5.465
SIM_END		day7_final	5.462s	5.44315e-06m
APPLICATION	CarMaker 14.0.1 - Car_Generic #5 (win64-14.0.1)
COMPILED	jetbrains@05dcd26e64f8 2025-01-28 11:06:46
 
		I/O Configuration: default
SIM_START	day7_final	2025-05-21 11:40:11
TIME	0.001
		Current random seed value = 1747795211
TIME	0.000
SIMULATE	day7_final

TIME	10.730
SIM_END		day7_final	10.727s	12.8208m
APPLICATION	CarMaker 14.0.1 - Car_Generic #5 (win64-14.0.1)
COMPILED	jetbrains@05dcd26e64f8 2025-01-28 11:06:46
 
		I/O Configuration: default
SIM_START	day7_final	2025-05-21 11:43:30
TIME	0.001
		Current random seed value = 1747795410
TIME	0.000
SIMULATE	day7_final

SIM_END		day7_final	0.311s	0.0728934m
APPLICATION	CarMaker 14.0.1 - Car_Generic #5 (win64-14.0.1)
COMPILED	jetbrains@05dcd26e64f8 2025-01-28 11:06:46
 
		I/O Configuration: default
SIM_START	day7_final	2025-05-21 11:46:26
TIME	0.001
		Current random seed value = 1747795586
TIME	0.000
SIMULATE	day7_final

TIME	5.386
SIM_END		day7_final	5.383s	5.42294e-06m
APPLICATION	CarMaker 14.0.1 - Car_Generic #5 (win64-14.0.1)
COMPILED	jetbrains@05dcd26e64f8 2025-01-28 11:06:46
 
		I/O Configuration: default
SIM_START	day7_final	2025-05-21 11:47:22
TIME	0.001
		Current random seed value = 1747795642
TIME	0.000
SIMULATE	day7_final

TIME	8.560
SIM_END		day7_final	8.557s	6.31502e-06m
APPLICATION	CarMaker 14.0.1 - Car_Generic #5 (win64-14.0.1)
COMPILED	jetbrains@05dcd26e64f8 2025-01-28 11:06:46
 
		I/O Configuration: default
SIM_START	day7_final	2025-05-21 11:48:11
TIME	0.001
		Current random seed value = 1747795691
TIME	0.000
SIMULATE	day7_final

TIME	6.489
SIM_END		day7_final	6.486s	5.71438e-06m
APPLICATION	CarMaker 14.0.1 - Car_Generic #5 (win64-14.0.1)
COMPILED	jetbrains@05dcd26e64f8 2025-01-28 11:06:46
 
		I/O Configuration: default
SIM_START	day7_final	2025-05-21 11:48:35
TIME	0.001
		Current random seed value = 1747795715
TIME	0.000
SIMULATE	day7_final

TIME	5.766
SIM_END		day7_final	5.763s	7.92244m
APPLICATION	CarMaker 14.0.1 - Car_Generic #5 (win64-14.0.1)
COMPILED	jetbrains@05dcd26e64f8 2025-01-28 11:06:46
 
		I/O Configuration: default
SIM_START	day7_final	2025-05-21 11:49:03
TIME	0.001
		Current random seed value = 1747795743
TIME	0.000
SIMULATE	day7_final

TIME	36.565
SIM_END		day7_final	36.562s	33.0245m
APPLICATION	CarMaker 14.0.1 - Car_Generic #5 (win64-14.0.1)
COMPILED	jetbrains@05dcd26e64f8 2025-01-28 11:06:46
 
		I/O Configuration: default
SIM_START	day7_final	2025-05-21 11:50:31
TIME	0.001
		Current random seed value = 1747795831
TIME	0.000
SIMULATE	day7_final

TIME	22.661
SIM_END		day7_final	22.658s	32.0376m
APPLICATION	CarMaker 14.0.1 - Car_Generic #5 (win64-14.0.1)
COMPILED	jetbrains@05dcd26e64f8 2025-01-28 11:06:46
 
		I/O Configuration: default
SIM_START	day7_final	2025-05-21 11:52:06
TIME	0.001
		Current random seed value = 1747795926
TIME	0.000
SIMULATE	day7_final

TIME	7.430
SIM_END		day7_final	7.427s	8.55727m
APPLICATION	CarMaker 14.0.1 - Car_Generic #5 (win64-14.0.1)
COMPILED	jetbrains@05dcd26e64f8 2025-01-28 11:06:46
 
		I/O Configuration: default
SIM_START	day7_final	2025-05-21 11:52:41
TIME	0.001
		Current random seed value = 1747795961
TIME	0.000
SIMULATE	day7_final

TIME	4.810
SIM_END		day7_final	4.807s	5.27862e-06m
APPLICATION	CarMaker 14.0.1 - Car_Generic #5 (win64-14.0.1)
COMPILED	jetbrains@05dcd26e64f8 2025-01-28 11:06:46
 
		I/O Configuration: default
SIM_START	day7_final	2025-05-21 11:53:07
TIME	0.001
		Current random seed value = 1747795987
TIME	0.000
SIMULATE	day7_final

TIME	22.192
SIM_END		day7_final	22.189s	37.6768m
APPLICATION	CarMaker 14.0.1 - Car_Generic #5 (win64-14.0.1)
COMPILED	jetbrains@05dcd26e64f8 2025-01-28 11:06:46
 
		I/O Configuration: default
SIM_START	day7_final	2025-05-21 11:53:49
TIME	0.001
		Current random seed value = 1747796029
TIME	0.000
SIMULATE	day7_final

TIME	20.524
SIM_END		day7_final	20.521s	35.7731m
APPLICATION	CarMaker 14.0.1 - Car_Generic #5 (win64-14.0.1)
COMPILED	jetbrains@05dcd26e64f8 2025-01-28 11:06:46
 
		I/O Configuration: default
SIM_START	day7_final	2025-05-21 11:54:27
TIME	0.001
		Current random seed value = 1747796067
TIME	0.000
SIMULATE	day7_final

SIM_END		day7_final	1.776s	4.60848e-06m
APPLICATION	CarMaker 14.0.1 - Car_Generic #5 (win64-14.0.1)
COMPILED	jetbrains@05dcd26e64f8 2025-01-28 11:06:46
 
		I/O Configuration: default
SIM_START	day7_final	2025-05-21 11:55:01
TIME	0.001
		Current random seed value = 1747796101
TIME	0.000
SIMULATE	day7_final

TIME	21.831
SIM_END		day7_final	21.828s	31.7164m
APPLICATION	CarMaker 14.0.1 - Car_Generic #5 (win64-14.0.1)
COMPILED	jetbrains@05dcd26e64f8 2025-01-28 11:06:46
 
		I/O Configuration: default
SIM_START	day7_final	2025-05-21 11:55:44
TIME	0.001
		Current random seed value = 1747796144
TIME	0.000
SIMULATE	day7_final

TIME	23.910
SIM_END		day7_final	23.907s	31.882m
APPLICATION	CarMaker 14.0.1 - Car_Generic #5 (win64-14.0.1)
COMPILED	jetbrains@05dcd26e64f8 2025-01-28 11:06:46
 
		I/O Configuration: default
SIM_START	day7_final	2025-05-21 11:57:01
TIME	0.001
		Current random seed value = 1747796221
TIME	0.000
SIMULATE	day7_final

TIME	22.990
SIM_END		day7_final	22.987s	32.2217m
APPLICATION	CarMaker 14.0.1 - Car_Generic #5 (win64-14.0.1)
COMPILED	jetbrains@05dcd26e64f8 2025-01-28 11:06:46
 
		I/O Configuration: default
SIM_START	day7_final	2025-05-21 11:58:37
TIME	0.001
		Current random seed value = 1747796317
TIME	0.000
SIMULATE	day7_final

TIME	24.393
SIM_END		day7_final	24.39s	38.1455m
APPLICATION	CarMaker 14.0.1 - Car_Generic #5 (win64-14.0.1)
COMPILED	jetbrains@05dcd26e64f8 2025-01-28 11:06:46
 
		I/O Configuration: default
SIM_START	day7_final	2025-05-21 11:59:54
TIME	0.001
		Current random seed value = 1747796394
TIME	0.000
SIMULATE	day7_final

TIME	12.609
SIM_END		day7_final	12.606s	14.8753m
APPLICATION	CarMaker 14.0.1 - Car_Generic #5 (win64-14.0.1)
COMPILED	jetbrains@05dcd26e64f8 2025-01-28 11:06:46
 
		I/O Configuration: default
SIM_START	day7_final	2025-05-21 12:00:53
TIME	0.001
		Current random seed value = 1747796453
TIME	0.000
SIMULATE	day7_final

TIME	17.236
SIM_END		day7_final	17.233s	39.1052m
