APPLICATION	CarMaker 14.0.1 - Car_Generic #5 (win64-14.0.1)
COMPILED	jetbrains@05dcd26e64f8 2025-01-28 11:06:46
 
		I/O Configuration: default
SIM_START	day7_final	2025-05-21 18:46:28
TIME	0.001
		Current random seed value = 1747820788
TIME	0.000
SIMULATE	day7_final

TIME	37.603
SIM_END		day7_final	37.6s	2.18712e-05m
APPLICATION	CarMaker 14.0.1 - Car_Generic #5 (win64-14.0.1)
COMPILED	jetbrains@05dcd26e64f8 2025-01-28 11:06:46
 
		I/O Configuration: default
SIM_START	day7_final	2025-05-21 18:48:03
TIME	0.001
		Current random seed value = 1747820883
TIME	0.000
SIMULATE	day7_final

TIME	4.403
SIM_END		day7_final	4.4s	5.17991e-06m
APPLICATION	CarMaker 14.0.1 - Car_Generic #5 (win64-14.0.1)
COMPILED	jetbrains@05dcd26e64f8 2025-01-28 11:06:46
 
		I/O Configuration: default
SIM_START	day7_final	2025-05-21 18:51:19
TIME	0.001
		Current random seed value = 1747821079
TIME	0.000
SIMULATE	day7_final

TIME	42.453
SIM_END		day7_final	42.45s	40.9435m
APPLICATION	CarMaker 14.0.1 - Car_Generic #5 (win64-14.0.1)
COMPILED	jetbrains@05dcd26e64f8 2025-01-28 11:06:46
 
		I/O Configuration: default
SIM_START	day7_final	2025-05-21 18:53:13
TIME	0.001
		Current random seed value = 1747821193
TIME	0.000
SIMULATE	day7_final

TIME	28.553
SIM_END		day7_final	28.55s	29.2753m
APPLICATION	CarMaker 14.0.1 - Car_Generic #5 (win64-14.0.1)
COMPILED	jetbrains@05dcd26e64f8 2025-01-28 11:06:46
 
		I/O Configuration: default
SIM_START	day7_final	2025-05-21 18:54:05
TIME	0.001
		Current random seed value = 1747821245
TIME	0.000
SIMULATE	day7_final

TIME	28.853
SIM_END		day7_final	28.85s	29.5364m
APPLICATION	CarMaker 14.0.1 - Car_Generic #5 (win64-14.0.1)
COMPILED	jetbrains@05dcd26e64f8 2025-01-28 11:06:46
 
		I/O Configuration: default
SIM_START	day7_final	2025-05-21 18:54:52
TIME	0.001
		Current random seed value = 1747821292
TIME	0.000
SIMULATE	day7_final

TIME	7.303
SIM_END		day7_final	7.3s	8.57247m
APPLICATION	CarMaker 14.0.1 - Car_Generic #5 (win64-14.0.1)
COMPILED	jetbrains@05dcd26e64f8 2025-01-28 11:06:46
 
		I/O Configuration: default
SIM_START	day7_final	2025-05-21 18:58:29
TIME	0.001
		Current random seed value = 1747821509
TIME	0.000
SIMULATE	day7_final

TIME	27.703
SIM_END		day7_final	27.7s	29.5362m
APPLICATION	CarMaker 14.0.1 - Car_Generic #5 (win64-14.0.1)
COMPILED	jetbrains@05dcd26e64f8 2025-01-28 11:06:46
 
		I/O Configuration: default
SIM_START	day7_final	2025-05-21 19:01:44
TIME	0.001
		Current random seed value = 1747821704
TIME	0.000
SIMULATE	day7_final

TIME	36.363
SIM_END		day7_final	36.36s	30.6833m
APPLICATION	CarMaker 14.0.1 - Car_Generic #5 (win64-14.0.1)
COMPILED	jetbrains@05dcd26e64f8 2025-01-28 11:06:46
 
		I/O Configuration: default
SIM_START	day7_final	2025-05-21 19:46:54
TIME	0.001
		Current random seed value = 1747824414
TIME	0.000
SIMULATE	day7_final

TIME	33.514
SIM_END		day7_final	33.511s	30.2777m
APPLICATION	CarMaker 14.0.1 - Car_Generic #5 (win64-14.0.1)
COMPILED	jetbrains@05dcd26e64f8 2025-01-28 11:06:46
 
		I/O Configuration: default
SIM_START	day7_final	2025-05-21 19:47:34
TIME	0.001
		Current random seed value = 1747824454
TIME	0.000
SIMULATE	day7_final

TIME	28.683
SIM_END		day7_final	28.68s	30.6906m
APPLICATION	CarMaker 14.0.1 - Car_Generic #5 (win64-14.0.1)
COMPILED	jetbrains@05dcd26e64f8 2025-01-28 11:06:46
 
		I/O Configuration: default
SIM_START	day7_final	2025-05-21 19:48:49
TIME	0.001
		Current random seed value = 1747824529
TIME	0.000
SIMULATE	day7_final

TIME	27.703
SIM_END		day7_final	27.7s	29.5362m
APPLICATION	CarMaker 14.0.1 - Car_Generic #5 (win64-14.0.1)
COMPILED	jetbrains@05dcd26e64f8 2025-01-28 11:06:46
 
		I/O Configuration: default
SIM_START	day7_final	2025-05-21 19:50:01
TIME	0.001
		Current random seed value = 1747824601
TIME	0.000
SIMULATE	day7_final

TIME	29.953
SIM_END		day7_final	29.95s	35.7756m
APPLICATION	CarMaker 14.0.1 - Car_Generic #5 (win64-14.0.1)
COMPILED	jetbrains@05dcd26e64f8 2025-01-28 11:06:46
 
		I/O Configuration: default
SIM_START	day7_final	2025-05-21 20:00:41
TIME	0.001
		Current random seed value = 1747825241
TIME	0.000
SIMULATE	day7_final

TIME	7.203
SIM_END		day7_final	7.2s	8.45063m
APPLICATION	CarMaker 14.0.1 - Car_Generic #5 (win64-14.0.1)
COMPILED	jetbrains@05dcd26e64f8 2025-01-28 11:06:46
 
		I/O Configuration: default
SIM_START	day7_final	2025-05-21 20:01:18
TIME	0.001
		Current random seed value = 1747825278
TIME	0.000
SIMULATE	day7_final

TIME	34.403
SIM_END		day7_final	34.4s	38.1914m
APPLICATION	CarMaker 14.0.1 - Car_Generic #5 (win64-14.0.1)
COMPILED	jetbrains@05dcd26e64f8 2025-01-28 11:06:46
 
		I/O Configuration: default
SIM_START	day7_final	2025-05-21 20:02:16
TIME	0.001
		Current random seed value = 1747825336
TIME	0.000
SIMULATE	day7_final

TIME	11.903
SIM_END		day7_final	11.9s	14.1672m
APPLICATION	CarMaker 14.0.1 - Car_Generic #5 (win64-14.0.1)
COMPILED	jetbrains@05dcd26e64f8 2025-01-28 11:06:46
 
		I/O Configuration: default
SIM_START	day7_final	2025-05-21 20:02:47
TIME	0.001
		Current random seed value = 1747825367
TIME	0.000
SIMULATE	day7_final

TIME	31.853
SIM_END		day7_final	31.85s	35.8141m
APPLICATION	CarMaker 14.0.1 - Car_Generic #5 (win64-14.0.1)
COMPILED	jetbrains@05dcd26e64f8 2025-01-28 11:06:46
 
		I/O Configuration: default
SIM_START	day7_final	2025-05-21 20:03:25
TIME	0.001
		Current random seed value = 1747825405
TIME	0.000
SIMULATE	day7_final

TIME	34.803
SIM_END		day7_final	34.8s	35.7753m
APPLICATION	CarMaker 14.0.1 - Car_Generic #5 (win64-14.0.1)
COMPILED	jetbrains@05dcd26e64f8 2025-01-28 11:06:46
 
		I/O Configuration: default
SIM_START	day7_final	2025-05-21 20:04:20
TIME	0.001
		Current random seed value = 1747825460
TIME	0.000
SIMULATE	day7_final

TIME	38.203
SIM_END		day7_final	38.2s	40.7664m
APPLICATION	CarMaker 14.0.1 - Car_Generic #5 (win64-14.0.1)
COMPILED	jetbrains@05dcd26e64f8 2025-01-28 11:06:46
 
		I/O Configuration: default
SIM_START	day7_final	2025-05-21 20:06:38
TIME	0.001
		Current random seed value = 1747825598
TIME	0.000
SIMULATE	day7_final

TIME	41.603
SIM_END		day7_final	41.6s	40.7669m
APPLICATION	CarMaker 14.0.1 - Car_Generic #5 (win64-14.0.1)
COMPILED	jetbrains@05dcd26e64f8 2025-01-28 11:06:46
 
		I/O Configuration: default
SIM_START	day7_final	2025-05-21 20:08:08
TIME	0.001
		Current random seed value = 1747825688
TIME	0.000
SIMULATE	day7_final

TIME	59.503
SIM_END		day7_final	59.5s	40.7981m
APPLICATION	CarMaker 14.0.1 - Car_Generic #5 (win64-14.0.1)
COMPILED	jetbrains@05dcd26e64f8 2025-01-28 11:06:46
 
		I/O Configuration: default
SIM_START	day7_final	2025-05-21 20:09:52
TIME	0.001
		Current random seed value = 1747825792
TIME	0.000
SIMULATE	day7_final

TIME	139.703
SIM_END		day7_final	139.7s	0.000162702m
APPLICATION	CarMaker 14.0.1 - Car_Generic #5 (win64-14.0.1)
COMPILED	jetbrains@05dcd26e64f8 2025-01-28 11:06:46
 
		I/O Configuration: default
SIM_START	day7_final	2025-05-21 20:12:06
TIME	0.001
		Current random seed value = 1747825926
TIME	0.000
SIMULATE	day7_final

TIME	29.453
SIM_END		day7_final	29.45s	27.2138m
APPLICATION	CarMaker 14.0.1 - Car_Generic #5 (win64-14.0.1)
COMPILED	jetbrains@05dcd26e64f8 2025-01-28 11:06:46
 
		I/O Configuration: default
SIM_START	day7_final	2025-05-21 20:13:18
TIME	0.001
		Current random seed value = 1747825998
TIME	0.000
SIMULATE	day7_final

TIME	21.703
SIM_END		day7_final	21.7s	25.9697m
APPLICATION	CarMaker 14.0.1 - Car_Generic #5 (win64-14.0.1)
COMPILED	jetbrains@05dcd26e64f8 2025-01-28 11:06:46
 
		I/O Configuration: default
SIM_START	day7_final	2025-05-21 20:13:57
TIME	0.001
		Current random seed value = 1747826037
TIME	0.000
SIMULATE	day7_final

TIME	24.603
SIM_END		day7_final	24.6s	29.6131m
APPLICATION	CarMaker 14.0.1 - Car_Generic #5 (win64-14.0.1)
COMPILED	jetbrains@05dcd26e64f8 2025-01-28 11:06:46
 
		I/O Configuration: default
SIM_START	day7_final	2025-05-21 20:14:26
TIME	0.001
		Current random seed value = 1747826066
TIME	0.000
SIMULATE	day7_final

TIME	30.203
SIM_END		day7_final	30.2s	36.0809m
APPLICATION	CarMaker 14.0.1 - Car_Generic #5 (win64-14.0.1)
COMPILED	jetbrains@05dcd26e64f8 2025-01-28 11:06:46
 
		I/O Configuration: default
SIM_START	day7_final	2025-05-21 20:16:12
TIME	0.001
		Current random seed value = 1747826172
TIME	0.000
SIMULATE	day7_final

TIME	24.903
SIM_END		day7_final	24.9s	29.7791m
APPLICATION	CarMaker 14.0.1 - Car_Generic #5 (win64-14.0.1)
COMPILED	jetbrains@05dcd26e64f8 2025-01-28 11:06:46
 
		I/O Configuration: default
SIM_START	day7_final	2025-05-21 20:17:15
TIME	0.001
		Current random seed value = 1747826235
TIME	0.000
SIMULATE	day7_final

TIME	24.053
SIM_END		day7_final	24.05s	28.7486m
APPLICATION	CarMaker 14.0.1 - Car_Generic #5 (win64-14.0.1)
COMPILED	jetbrains@05dcd26e64f8 2025-01-28 11:06:46
 
		I/O Configuration: default
SIM_START	day7_final	2025-05-21 20:18:21
TIME	0.001
		Current random seed value = 1747826301
TIME	0.000
SIMULATE	day7_final

TIME	8.853
SIM_END		day7_final	8.85s	6.4056e-06m
APPLICATION	CarMaker 14.0.1 - Car_Generic #5 (win64-14.0.1)
COMPILED	jetbrains@05dcd26e64f8 2025-01-28 11:06:46
 
		I/O Configuration: default
SIM_START	day7_final	2025-05-21 20:18:59
TIME	0.001
		Current random seed value = 1747826339
TIME	0.000
SIMULATE	day7_final

SIM_END		day7_final	1.25s	4.5047e-06m
APPLICATION	CarMaker 14.0.1 - Car_Generic #5 (win64-14.0.1)
COMPILED	jetbrains@05dcd26e64f8 2025-01-28 11:06:46
 
		I/O Configuration: default
SIM_START	day7_final	2025-05-21 20:19:59
TIME	0.001
		Current random seed value = 1747826399
TIME	0.000
SIMULATE	day7_final

TIME	58.764
SIM_END		day7_final	58.761s	41.6717m
APPLICATION	CarMaker 14.0.1 - Car_Generic #5 (win64-14.0.1)
COMPILED	jetbrains@05dcd26e64f8 2025-01-28 11:06:46
 
		I/O Configuration: default
SIM_START	day7_final	2025-05-21 20:21:18
TIME	0.001
		Current random seed value = 1747826478
TIME	0.000
SIMULATE	day7_final

TIME	35.753
SIM_END		day7_final	35.75s	29.0727m
APPLICATION	CarMaker 14.0.1 - Car_Generic #5 (win64-14.0.1)
COMPILED	jetbrains@05dcd26e64f8 2025-01-28 11:06:46
 
		I/O Configuration: default
SIM_START	day7_final	2025-05-21 20:22:31
TIME	0.001
		Current random seed value = 1747826551
TIME	0.000
SIMULATE	day7_final

TIME	29.903
SIM_END		day7_final	29.9s	30.696m
APPLICATION	CarMaker 14.0.1 - Car_Generic #5 (win64-14.0.1)
COMPILED	jetbrains@05dcd26e64f8 2025-01-28 11:06:46
 
		I/O Configuration: default
SIM_START	day7_final	2025-05-21 20:23:14
TIME	0.001
		Current random seed value = 1747826594
TIME	0.000
SIMULATE	day7_final

TIME	26.253
SIM_END		day7_final	26.25s	29.0717m
APPLICATION	CarMaker 14.0.1 - Car_Generic #5 (win64-14.0.1)
COMPILED	jetbrains@05dcd26e64f8 2025-01-28 11:06:46
 
		I/O Configuration: default
SIM_START	day7_final	2025-05-21 20:25:23
TIME	0.001
		Current random seed value = 1747826723
TIME	0.000
SIMULATE	day7_final

TIME	27.253
SIM_END		day7_final	27.25s	29.2522m
APPLICATION	CarMaker 14.0.1 - Car_Generic #5 (win64-14.0.1)
COMPILED	jetbrains@05dcd26e64f8 2025-01-28 11:06:46
 
		I/O Configuration: default
SIM_START	day7_final	2025-05-21 20:25:54
TIME	0.001
		Current random seed value = 1747826754
TIME	0.000
SIMULATE	day7_final

TIME	18.503
SIM_END		day7_final	18.5s	22.2175m
APPLICATION	CarMaker 14.0.1 - Car_Generic #5 (win64-14.0.1)
COMPILED	jetbrains@05dcd26e64f8 2025-01-28 11:06:46
 
		I/O Configuration: default
SIM_START	day7_final	2025-05-21 20:26:17
TIME	0.001
		Current random seed value = 1747826777
TIME	0.000
SIMULATE	day7_final

TIME	30.253
SIM_END		day7_final	30.25s	28.2749m
APPLICATION	CarMaker 14.0.1 - Car_Generic #5 (win64-14.0.1)
COMPILED	jetbrains@05dcd26e64f8 2025-01-28 11:06:46
 
		I/O Configuration: default
SIM_START	day7_final	2025-05-21 20:26:50
TIME	0.001
		Current random seed value = 1747826810
TIME	0.000
SIMULATE	day7_final

TIME	32.886
SIM_END		day7_final	32.883s	28.1501m
APPLICATION	CarMaker 14.0.1 - Car_Generic #5 (win64-14.0.1)
COMPILED	jetbrains@05dcd26e64f8 2025-01-28 11:06:46
 
		I/O Configuration: default
SIM_START	day7_final	2025-05-21 20:27:32
TIME	0.001
		Current random seed value = 1747826852
TIME	0.000
SIMULATE	day7_final

TIME	29.003
SIM_END		day7_final	29s	28.1054m
APPLICATION	CarMaker 14.0.1 - Car_Generic #5 (win64-14.0.1)
COMPILED	jetbrains@05dcd26e64f8 2025-01-28 11:06:46
 
		I/O Configuration: default
SIM_START	day7_final	2025-05-21 20:28:04
TIME	0.001
		Current random seed value = 1747826884
TIME	0.000
SIMULATE	day7_final

TIME	20.653
SIM_END		day7_final	20.65s	28.1023m
APPLICATION	CarMaker 14.0.1 - Car_Generic #5 (win64-14.0.1)
COMPILED	jetbrains@05dcd26e64f8 2025-01-28 11:06:46
 
		I/O Configuration: default
SIM_START	day7_final	2025-05-21 20:28:32
TIME	0.001
		Current random seed value = 1747826912
TIME	0.000
SIMULATE	day7_final

TIME	19.953
SIM_END		day7_final	19.95s	28.1019m
APPLICATION	CarMaker 14.0.1 - Car_Generic #5 (win64-14.0.1)
COMPILED	jetbrains@05dcd26e64f8 2025-01-28 11:06:46
 
		I/O Configuration: default
SIM_START	day7_final	2025-05-21 20:29:34
TIME	0.001
		Current random seed value = 1747826974
TIME	0.000
SIMULATE	day7_final

TIME	14.570
SIM_END		day7_final	14.567s	27.8796m
APPLICATION	CarMaker 14.0.1 - Car_Generic #5 (win64-14.0.1)
COMPILED	jetbrains@05dcd26e64f8 2025-01-28 11:06:46
 
		I/O Configuration: default
SIM_START	day7_final	2025-05-21 20:30:15
TIME	0.001
		Current random seed value = 1747827015
TIME	0.000
SIMULATE	day7_final

TIME	13.053
SIM_END		day7_final	13.05s	30.6517m
APPLICATION	CarMaker 14.0.1 - Car_Generic #5 (win64-14.0.1)
COMPILED	jetbrains@05dcd26e64f8 2025-01-28 11:06:46
 
		I/O Configuration: default
SIM_START	day7_final	2025-05-21 20:30:36
TIME	0.001
		Current random seed value = 1747827036
TIME	0.000
SIMULATE	day7_final

TIME	26.403
SIM_END		day7_final	26.4s	29.6372m
APPLICATION	CarMaker 14.0.1 - Car_Generic #5 (win64-14.0.1)
COMPILED	jetbrains@05dcd26e64f8 2025-01-28 11:06:46
 
		I/O Configuration: default
SIM_START	day7_final	2025-05-21 20:31:09
TIME	0.001
		Current random seed value = 1747827069
TIME	0.000
SIMULATE	day7_final

TIME	10.853
SIM_END		day7_final	10.85s	30.7985m
APPLICATION	CarMaker 14.0.1 - Car_Generic #5 (win64-14.0.1)
COMPILED	jetbrains@05dcd26e64f8 2025-01-28 11:06:46
 
		I/O Configuration: default
SIM_START	day7_final	2025-05-21 20:31:34
TIME	0.001
		Current random seed value = 1747827094
TIME	0.000
SIMULATE	day7_final

TIME	17.153
SIM_END		day7_final	17.15s	28.7962m
APPLICATION	CarMaker 14.0.1 - Car_Generic #5 (win64-14.0.1)
COMPILED	jetbrains@05dcd26e64f8 2025-01-28 11:06:46
 
		I/O Configuration: default
SIM_START	day7_final	2025-05-21 20:32:12
TIME	0.001
		Current random seed value = 1747827132
TIME	0.000
SIMULATE	day7_final

TIME	18.603
SIM_END		day7_final	18.6s	28.8101m
APPLICATION	CarMaker 14.0.1 - Car_Generic #5 (win64-14.0.1)
COMPILED	jetbrains@05dcd26e64f8 2025-01-28 11:06:46
 
		I/O Configuration: default
SIM_START	day7_final	2025-05-21 20:32:39
TIME	0.001
		Current random seed value = 1747827159
TIME	0.000
SIMULATE	day7_final

TIME	15.853
SIM_END		day7_final	15.85s	27.6565m
APPLICATION	CarMaker 14.0.1 - Car_Generic #5 (win64-14.0.1)
COMPILED	jetbrains@05dcd26e64f8 2025-01-28 11:06:46
 
		I/O Configuration: default
SIM_START	day7_final	2025-05-21 20:33:32
TIME	0.001
		Current random seed value = 1747827212
TIME	0.000
SIMULATE	day7_final

TIME	15.175
SIM_END		day7_final	15.172s	24.2216m
APPLICATION	CarMaker 14.0.1 - Car_Generic #5 (win64-14.0.1)
COMPILED	jetbrains@05dcd26e64f8 2025-01-28 11:06:46
 
		I/O Configuration: default
SIM_START	day7_final	2025-05-21 20:34:43
TIME	0.001
		Current random seed value = 1747827283
TIME	0.000
SIMULATE	day7_final

TIME	13.153
SIM_END		day7_final	13.15s	24.0831m
APPLICATION	CarMaker 14.0.1 - Car_Generic #5 (win64-14.0.1)
COMPILED	jetbrains@05dcd26e64f8 2025-01-28 11:06:46
 
		I/O Configuration: default
SIM_START	day7_final	2025-05-21 20:36:04
TIME	0.001
		Current random seed value = 1747827364
TIME	0.000
SIMULATE	day7_final

TIME	18.103
SIM_END		day7_final	18.1s	24.972m
APPLICATION	CarMaker 14.0.1 - Car_Generic #5 (win64-14.0.1)
COMPILED	jetbrains@05dcd26e64f8 2025-01-28 11:06:46
 
		I/O Configuration: default
SIM_START	day7_final	2025-05-21 20:36:46
TIME	0.001
		Current random seed value = 1747827406
TIME	0.000
SIMULATE	day7_final

TIME	20.153
SIM_END		day7_final	20.15s	27.7248m
APPLICATION	CarMaker 14.0.1 - Car_Generic #5 (win64-14.0.1)
COMPILED	jetbrains@05dcd26e64f8 2025-01-28 11:06:46
 
		I/O Configuration: default
SIM_START	day7_final	2025-05-21 20:37:12
TIME	0.001
		Current random seed value = 1747827432
TIME	0.000
SIMULATE	day7_final

TIME	6.503
SIM_END		day7_final	6.5s	17.7893m
APPLICATION	CarMaker 14.0.1 - Car_Generic #5 (win64-14.0.1)
COMPILED	jetbrains@05dcd26e64f8 2025-01-28 11:06:46
 
		I/O Configuration: default
SIM_START	day7_final	2025-05-21 20:37:53
TIME	0.001
		Current random seed value = 1747827473
TIME	0.000
SIMULATE	day7_final

TIME	24.353
SIM_END		day7_final	24.35s	24.9334m
APPLICATION	CarMaker 14.0.1 - Car_Generic #5 (win64-14.0.1)
COMPILED	jetbrains@05dcd26e64f8 2025-01-28 11:06:46
 
		I/O Configuration: default
SIM_START	day7_final	2025-05-21 20:38:22
TIME	0.001
		Current random seed value = 1747827502
TIME	0.000
SIMULATE	day7_final

SIM_END		day7_final	0.4s	0.252201m
APPLICATION	CarMaker 14.0.1 - Car_Generic #5 (win64-14.0.1)
COMPILED	jetbrains@05dcd26e64f8 2025-01-28 11:06:46
 
		I/O Configuration: default
SIM_START	day7_final	2025-05-21 20:39:06
TIME	0.001
		Current random seed value = 1747827546
TIME	0.000
SIMULATE	day7_final

TIME	24.603
SIM_END		day7_final	24.6s	24.9311m
APPLICATION	CarMaker 14.0.1 - Car_Generic #5 (win64-14.0.1)
COMPILED	jetbrains@05dcd26e64f8 2025-01-28 11:06:46
 
		I/O Configuration: default
SIM_START	day7_final	2025-05-21 20:39:39
TIME	0.001
		Current random seed value = 1747827579
TIME	0.000
SIMULATE	day7_final

TIME	23.803
SIM_END		day7_final	23.8s	24.9077m
APPLICATION	CarMaker 14.0.1 - Car_Generic #5 (win64-14.0.1)
COMPILED	jetbrains@05dcd26e64f8 2025-01-28 11:06:46
 
		I/O Configuration: default
SIM_START	day7_final	2025-05-21 20:40:13
TIME	0.001
		Current random seed value = 1747827613
TIME	0.000
SIMULATE	day7_final

TIME	21.803
SIM_END		day7_final	21.8s	23.6826m
APPLICATION	CarMaker 14.0.1 - Car_Generic #5 (win64-14.0.1)
COMPILED	jetbrains@05dcd26e64f8 2025-01-28 11:06:46
 
		I/O Configuration: default
SIM_START	day7_final	2025-05-21 20:41:00
TIME	0.001
		Current random seed value = 1747827660
TIME	0.000
SIMULATE	day7_final

TIME	21.903
SIM_END		day7_final	21.9s	28.0565m
APPLICATION	CarMaker 14.0.1 - Car_Generic #5 (win64-14.0.1)
COMPILED	jetbrains@05dcd26e64f8 2025-01-28 11:06:46
 
		I/O Configuration: default
SIM_START	day7_final	2025-05-21 20:42:53
TIME	0.001
		Current random seed value = 1747827773
TIME	0.000
SIMULATE	day7_final

TIME	28.653
SIM_END		day7_final	28.65s	23.6757m
APPLICATION	CarMaker 14.0.1 - Car_Generic #5 (win64-14.0.1)
COMPILED	jetbrains@05dcd26e64f8 2025-01-28 11:06:46
 
		I/O Configuration: default
SIM_START	day7_final	2025-05-21 20:43:35
TIME	0.001
		Current random seed value = 1747827815
TIME	0.000
SIMULATE	day7_final

TIME	25.203
SIM_END		day7_final	25.2s	23.6741m
APPLICATION	CarMaker 14.0.1 - Car_Generic #5 (win64-14.0.1)
COMPILED	jetbrains@05dcd26e64f8 2025-01-28 11:06:46
 
		I/O Configuration: default
SIM_START	day7_final	2025-05-21 20:44:06
TIME	0.001
		Current random seed value = 1747827846
TIME	0.000
SIMULATE	day7_final

TIME	24.703
SIM_END		day7_final	24.7s	23.6665m
APPLICATION	CarMaker 14.0.1 - Car_Generic #5 (win64-14.0.1)
COMPILED	jetbrains@05dcd26e64f8 2025-01-28 11:06:46
 
		I/O Configuration: default
SIM_START	day7_final	2025-05-21 20:44:37
TIME	0.001
		Current random seed value = 1747827877
TIME	0.000
SIMULATE	day7_final

TIME	24.103
SIM_END		day7_final	24.1s	23.6734m
APPLICATION	CarMaker 14.0.1 - Car_Generic #5 (win64-14.0.1)
COMPILED	jetbrains@05dcd26e64f8 2025-01-28 11:06:46
 
		I/O Configuration: default
SIM_START	day7_final	2025-05-21 20:46:19
TIME	0.001
		Current random seed value = 1747827979
TIME	0.000
SIMULATE	day7_final

TIME	25.953
SIM_END		day7_final	25.95s	23.8009m
APPLICATION	CarMaker 14.0.1 - Car_Generic #5 (win64-14.0.1)
COMPILED	jetbrains@05dcd26e64f8 2025-01-28 11:06:46
 
		I/O Configuration: default
SIM_START	day7_final	2025-05-21 20:49:25
TIME	0.001
		Current random seed value = 1747828165
TIME	0.000
SIMULATE	day7_final

TIME	25.003
SIM_END		day7_final	25s	23.8981m
APPLICATION	CarMaker 14.0.1 - Car_Generic #5 (win64-14.0.1)
COMPILED	jetbrains@05dcd26e64f8 2025-01-28 11:06:46
 
		I/O Configuration: default
SIM_START	day7_final	2025-05-21 20:51:22
TIME	0.001
		Current random seed value = 1747828282
TIME	0.000
SIMULATE	day7_final

TIME	43.503
SIM_END		day7_final	43.5s	41.0205m
APPLICATION	CarMaker 14.0.1 - Car_Generic #5 (win64-14.0.1)
COMPILED	jetbrains@05dcd26e64f8 2025-01-28 11:06:46
 
		I/O Configuration: default
SIM_START	day7_final	2025-05-21 20:52:17
TIME	0.001
		Current random seed value = 1747828337
TIME	0.000
SIMULATE	day7_final

TIME	48.403
SIM_END		day7_final	48.4s	41.0199m
APPLICATION	CarMaker 14.0.1 - Car_Generic #5 (win64-14.0.1)
COMPILED	jetbrains@05dcd26e64f8 2025-01-28 11:06:46
 
		I/O Configuration: default
SIM_START	day7_final	2025-05-21 20:53:06
TIME	0.001
		Current random seed value = 1747828386
TIME	0.000
SIMULATE	day7_final

TIME	40.403
SIM_END		day7_final	40.4s	42.4516m
APPLICATION	CarMaker 14.0.1 - Car_Generic #5 (win64-14.0.1)
COMPILED	jetbrains@05dcd26e64f8 2025-01-28 11:06:46
 
		I/O Configuration: default
SIM_START	day7_final	2025-05-21 20:55:04
TIME	0.001
		Current random seed value = 1747828504
TIME	0.000
SIMULATE	day7_final

TIME	26.153
SIM_END		day7_final	26.15s	42.413m
APPLICATION	CarMaker 14.0.1 - Car_Generic #5 (win64-14.0.1)
COMPILED	jetbrains@05dcd26e64f8 2025-01-28 11:06:46
 
		I/O Configuration: default
SIM_START	day7_final	2025-05-21 21:34:48
TIME	0.001
		Current random seed value = 1747830888
TIME	0.000
SIMULATE	day7_final

TIME	27.153
SIM_END		day7_final	27.15s	41.5642m
APPLICATION	CarMaker 14.0.1 - Car_Generic #5 (win64-14.0.1)
COMPILED	jetbrains@05dcd26e64f8 2025-01-28 11:06:46
 
		I/O Configuration: default
SIM_START	day7_final	2025-05-21 21:37:06
TIME	0.001
		Current random seed value = 1747831026
TIME	0.000
SIMULATE	day7_final

TIME	17.803
SIM_END		day7_final	17.8s	29.0378m
APPLICATION	CarMaker 14.0.1 - Car_Generic #5 (win64-14.0.1)
COMPILED	jetbrains@05dcd26e64f8 2025-01-28 11:06:46
 
		I/O Configuration: default
SIM_START	day7_final	2025-05-21 21:37:47
TIME	0.001
		Current random seed value = 1747831067
TIME	0.000
SIMULATE	day7_final

TIME	18.153
SIM_END		day7_final	18.15s	25.3038m
APPLICATION	CarMaker 14.0.1 - Car_Generic #5 (win64-14.0.1)
COMPILED	jetbrains@05dcd26e64f8 2025-01-28 11:06:46
 
		I/O Configuration: default
SIM_START	day7_final	2025-05-21 21:39:12
TIME	0.001
		Current random seed value = 1747831152
TIME	0.000
SIMULATE	day7_final

TIME	17.803
SIM_END		day7_final	17.8s	25.8925m
APPLICATION	CarMaker 14.0.1 - Car_Generic #5 (win64-14.0.1)
COMPILED	jetbrains@05dcd26e64f8 2025-01-28 11:06:46
 
		I/O Configuration: default
SIM_START	day7_final	2025-05-21 21:39:50
TIME	0.001
		Current random seed value = 1747831190
TIME	0.000
SIMULATE	day7_final

TIME	22.903
SIM_END		day7_final	22.9s	36.2105m
APPLICATION	CarMaker 14.0.1 - Car_Generic #5 (win64-14.0.1)
COMPILED	jetbrains@05dcd26e64f8 2025-01-28 11:06:46
 
		I/O Configuration: default
SIM_START	day7_final	2025-05-21 21:40:17
TIME	0.001
		Current random seed value = 1747831217
TIME	0.000
SIMULATE	day7_final

TIME	17.403
SIM_END		day7_final	17.4s	25.8471m
APPLICATION	CarMaker 14.0.1 - Car_Generic #5 (win64-14.0.1)
COMPILED	jetbrains@05dcd26e64f8 2025-01-28 11:06:46
 
		I/O Configuration: default
SIM_START	day7_final	2025-05-21 21:40:52
TIME	0.001
		Current random seed value = 1747831252
TIME	0.000
SIMULATE	day7_final

TIME	27.553
SIM_END		day7_final	27.55s	26.7264m
APPLICATION	CarMaker 14.0.1 - Car_Generic #5 (win64-14.0.1)
COMPILED	jetbrains@05dcd26e64f8 2025-01-28 11:06:46
 
		I/O Configuration: default
SIM_START	day7_final	2025-05-21 21:41:46
TIME	0.001
		Current random seed value = 1747831306
TIME	0.000
SIMULATE	day7_final

TIME	26.753
SIM_END		day7_final	26.75s	26.0218m
APPLICATION	CarMaker 14.0.1 - Car_Generic #5 (win64-14.0.1)
COMPILED	jetbrains@05dcd26e64f8 2025-01-28 11:06:46
 
		I/O Configuration: default
SIM_START	day7_final	2025-05-21 21:42:19
TIME	0.001
		Current random seed value = 1747831339
TIME	0.000
SIMULATE	day7_final

TIME	25.753
SIM_END		day7_final	25.75s	26.3558m
APPLICATION	CarMaker 14.0.1 - Car_Generic #5 (win64-14.0.1)
COMPILED	jetbrains@05dcd26e64f8 2025-01-28 11:06:46
 
		I/O Configuration: default
SIM_START	day7_final	2025-05-21 21:49:24
TIME	0.001
		Current random seed value = 1747831764
TIME	0.000
SIMULATE	day7_final

TIME	17.653
SIM_END		day7_final	17.65s	26.6965m
APPLICATION	CarMaker 14.0.1 - Car_Generic #5 (win64-14.0.1)
COMPILED	jetbrains@05dcd26e64f8 2025-01-28 11:06:46
 
		I/O Configuration: default
SIM_START	day7_final	2025-05-21 21:50:17
TIME	0.001
		Current random seed value = 1747831817
TIME	0.000
SIMULATE	day7_final

TIME	25.803
SIM_END		day7_final	25.8s	26.3558m
APPLICATION	CarMaker 14.0.1 - Car_Generic #5 (win64-14.0.1)
COMPILED	jetbrains@05dcd26e64f8 2025-01-28 11:06:46
 
		I/O Configuration: default
SIM_START	day7_final	2025-05-21 21:54:50
TIME	0.001
		Current random seed value = 1747832090
TIME	0.000
SIMULATE	day7_final

TIME	3.503
SIM_END		day7_final	3.5s	4.97124e-06m
APPLICATION	CarMaker 14.0.1 - Car_Generic #5 (win64-14.0.1)
COMPILED	jetbrains@05dcd26e64f8 2025-01-28 11:06:46
 
		I/O Configuration: default
SIM_START	day7_final	2025-05-21 21:55:17
TIME	0.001
		Current random seed value = 1747832117
TIME	0.000
SIMULATE	day7_final

TIME	2.803
SIM_END		day7_final	2.8s	4.79037m
APPLICATION	CarMaker 14.0.1 - Car_Generic #5 (win64-14.0.1)
COMPILED	jetbrains@05dcd26e64f8 2025-01-28 11:06:46
 
		I/O Configuration: default
SIM_START	day7_final	2025-05-21 21:55:30
TIME	0.001
		Current random seed value = 1747832130
TIME	0.000
SIMULATE	day7_final

TIME	35.003
SIM_END		day7_final	35s	30.4792m
APPLICATION	CarMaker 14.0.1 - Car_Generic #5 (win64-14.0.1)
COMPILED	jetbrains@05dcd26e64f8 2025-01-28 11:06:46
 
		I/O Configuration: default
SIM_START	day7_final	2025-05-21 22:11:30
TIME	0.001
		Current random seed value = 1747833090
TIME	0.000
SIMULATE	day7_final

TIME	25.403
SIM_END		day7_final	25.4s	30.4758m
APPLICATION	CarMaker 14.0.1 - Car_Generic #5 (win64-14.0.1)
COMPILED	jetbrains@05dcd26e64f8 2025-01-28 11:06:46
 
		I/O Configuration: default
SIM_START	day7_final	2025-05-21 22:12:31
TIME	0.001
		Current random seed value = 1747833151
TIME	0.000
SIMULATE	day7_final

TIME	25.951
SIM_END		day7_final	25.948s	34.2117m
APPLICATION	CarMaker 14.0.1 - Car_Generic #5 (win64-14.0.1)
COMPILED	jetbrains@05dcd26e64f8 2025-01-28 11:06:46
 
		I/O Configuration: default
SIM_START	day7_final	2025-05-21 22:13:14
TIME	0.001
		Current random seed value = 1747833194
TIME	0.000
SIMULATE	day7_final

TIME	26.953
SIM_END		day7_final	26.95s	34.6438m
APPLICATION	CarMaker 14.0.1 - Car_Generic #5 (win64-14.0.1)
COMPILED	jetbrains@05dcd26e64f8 2025-01-28 11:06:46
 
		I/O Configuration: default
SIM_START	day7_final	2025-05-21 22:45:03
TIME	0.001
		Current random seed value = 1747835103
TIME	0.000
SIMULATE	day7_final

TIME	25.598
SIM_END		day7_final	25.595s	34.5813m
APPLICATION	CarMaker 14.0.1 - Car_Generic #5 (win64-14.0.1)
COMPILED	jetbrains@05dcd26e64f8 2025-01-28 11:06:46
 
		I/O Configuration: default
SIM_START	day7_final	2025-05-21 22:45:52
TIME	0.001
		Current random seed value = 1747835152
TIME	0.000
SIMULATE	day7_final

TIME	23.603
SIM_END		day7_final	23.6s	34.8147m
APPLICATION	CarMaker 14.0.1 - Car_Generic #5 (win64-14.0.1)
COMPILED	jetbrains@05dcd26e64f8 2025-01-28 11:06:46
 
		I/O Configuration: default
SIM_START	day7_final	2025-05-21 22:48:18
TIME	0.001
		Current random seed value = 1747835298
TIME	0.000
SIMULATE	day7_final

TIME	28.553
SIM_END		day7_final	28.55s	34.8565m
APPLICATION	CarMaker 14.0.1 - Car_Generic #5 (win64-14.0.1)
COMPILED	jetbrains@05dcd26e64f8 2025-01-28 11:06:46
 
		I/O Configuration: default
SIM_START	day7_final	2025-05-21 22:49:19
TIME	0.001
		Current random seed value = 1747835359
TIME	0.000
SIMULATE	day7_final

TIME	20.953
SIM_END		day7_final	20.95s	35.5518m
APPLICATION	CarMaker 14.0.1 - Car_Generic #5 (win64-14.0.1)
COMPILED	jetbrains@05dcd26e64f8 2025-01-28 11:06:46
 
		I/O Configuration: default
SIM_START	day7_final	2025-05-21 22:49:55
TIME	0.001
		Current random seed value = 1747835395
TIME	0.000
SIMULATE	day7_final

TIME	20.553
SIM_END		day7_final	20.55s	34.3965m
APPLICATION	CarMaker 14.0.1 - Car_Generic #5 (win64-14.0.1)
COMPILED	jetbrains@05dcd26e64f8 2025-01-28 11:06:46
 
		I/O Configuration: default
SIM_START	day7_final	2025-05-21 22:50:31
TIME	0.001
		Current random seed value = 1747835431
TIME	0.000
SIMULATE	day7_final

TIME	22.204
SIM_END		day7_final	22.201s	33.8641m
APPLICATION	CarMaker 14.0.1 - Car_Generic #5 (win64-14.0.1)
COMPILED	jetbrains@05dcd26e64f8 2025-01-28 11:06:46
 
		I/O Configuration: default
SIM_START	day7_final	2025-05-21 22:51:08
TIME	0.001
		Current random seed value = 1747835468
TIME	0.000
SIMULATE	day7_final

TIME	21.903
SIM_END		day7_final	21.9s	33.5091m
APPLICATION	CarMaker 14.0.1 - Car_Generic #5 (win64-14.0.1)
COMPILED	jetbrains@05dcd26e64f8 2025-01-28 11:06:46
 
		I/O Configuration: default
SIM_START	day7_final	2025-05-21 22:52:15
TIME	0.001
		Current random seed value = 1747835535
TIME	0.000
SIMULATE	day7_final

TIME	22.003
SIM_END		day7_final	22s	34.7792m
APPLICATION	CarMaker 14.0.1 - Car_Generic #5 (win64-14.0.1)
COMPILED	jetbrains@05dcd26e64f8 2025-01-28 11:06:46
 
		I/O Configuration: default
SIM_START	day7_final	2025-05-21 22:53:01
TIME	0.001
		Current random seed value = 1747835581
TIME	0.000
SIMULATE	day7_final

TIME	21.953
SIM_END		day7_final	21.95s	34.9057m
APPLICATION	CarMaker 14.0.1 - Car_Generic #5 (win64-14.0.1)
COMPILED	jetbrains@05dcd26e64f8 2025-01-28 11:06:46
 
		I/O Configuration: default
SIM_START	day7_final	2025-05-21 22:53:42
TIME	0.001
		Current random seed value = 1747835622
TIME	0.000
SIMULATE	day7_final

TIME	20.753
SIM_END		day7_final	20.75s	33.704m
APPLICATION	CarMaker 14.0.1 - Car_Generic #5 (win64-14.0.1)
COMPILED	jetbrains@05dcd26e64f8 2025-01-28 11:06:46
 
		I/O Configuration: default
SIM_START	day7_final	2025-05-21 22:54:12
TIME	0.001
		Current random seed value = 1747835652
TIME	0.000
SIMULATE	day7_final

TIME	21.453
SIM_END		day7_final	21.45s	33.6107m
APPLICATION	CarMaker 14.0.1 - Car_Generic #5 (win64-14.0.1)
COMPILED	jetbrains@05dcd26e64f8 2025-01-28 11:06:46
 
		I/O Configuration: default
SIM_START	day7_final	2025-05-21 22:55:02
TIME	0.001
		Current random seed value = 1747835702
TIME	0.000
SIMULATE	day7_final

TIME	20.853
SIM_END		day7_final	20.85s	34.4683m
APPLICATION	CarMaker 14.0.1 - Car_Generic #5 (win64-14.0.1)
COMPILED	jetbrains@05dcd26e64f8 2025-01-28 11:06:46
 
		I/O Configuration: default
SIM_START	day7_final	2025-05-21 23:01:25
TIME	0.001
		Current random seed value = 1747836085
TIME	0.000
SIMULATE	day7_final

TIME	22.203
SIM_END		day7_final	22.2s	34.4689m
APPLICATION	CarMaker 14.0.1 - Car_Generic #5 (win64-14.0.1)
COMPILED	jetbrains@05dcd26e64f8 2025-01-28 11:06:46
 
		I/O Configuration: default
SIM_START	day7_final	2025-05-21 23:01:55
TIME	0.001
		Current random seed value = 1747836115
TIME	0.000
SIMULATE	day7_final

TIME	22.053
SIM_END		day7_final	22.05s	34.4689m
APPLICATION	CarMaker 14.0.1 - Car_Generic #5 (win64-14.0.1)
COMPILED	jetbrains@05dcd26e64f8 2025-01-28 11:06:46
 
		I/O Configuration: default
SIM_START	day7_final	2025-05-21 23:07:40
TIME	0.001
		Current random seed value = 1747836460
TIME	0.000
SIMULATE	day7_final

SIM_END		day7_final	1.05s	4.45881e-06m
APPLICATION	CarMaker 14.0.1 - Car_Generic #5 (win64-14.0.1)
COMPILED	jetbrains@05dcd26e64f8 2025-01-28 11:06:46
 
		I/O Configuration: default
SIM_START	day7_final	2025-05-21 23:08:16
TIME	0.001
		Current random seed value = 1747836496
TIME	0.000
SIMULATE	day7_final

SIM_END		day7_final	0s	0m
APPLICATION	CarMaker 14.0.1 - Car_Generic #5 (win64-14.0.1)
COMPILED	jetbrains@05dcd26e64f8 2025-01-28 11:06:46
 
		I/O Configuration: default
SIM_START	day7_final	2025-05-21 23:08:22
TIME	0.001
		Current random seed value = 1747836502
TIME	0.000
SIMULATE	day7_final

SIM_END		day7_final	1.1s	4.47269e-06m
APPLICATION	CarMaker 14.0.1 - Car_Generic #5 (win64-14.0.1)
COMPILED	jetbrains@05dcd26e64f8 2025-01-28 11:06:46
 
		I/O Configuration: default
SIM_START	day7_final	2025-05-21 23:08:44
TIME	0.001
		Current random seed value = 1747836524
TIME	0.000
SIMULATE	day7_final

TIME	16.154
SIM_END		day7_final	16.151s	21.5742m
APPLICATION	CarMaker 14.0.1 - Car_Generic #5 (win64-14.0.1)
COMPILED	jetbrains@05dcd26e64f8 2025-01-28 11:06:46
 
		I/O Configuration: default
SIM_START	day7_final	2025-05-21 23:09:19
TIME	0.001
		Current random seed value = 1747836559
TIME	0.000
SIMULATE	day7_final

TIME	3.603
SIM_END		day7_final	3.6s	4.99377e-06m
APPLICATION	CarMaker 14.0.1 - Car_Generic #5 (win64-14.0.1)
COMPILED	jetbrains@05dcd26e64f8 2025-01-28 11:06:46
 
		I/O Configuration: default
SIM_START	day7_final	2025-05-21 23:09:35
TIME	0.001
		Current random seed value = 1747836575
TIME	0.000
SIMULATE	day7_final

TIME	16.803
SIM_END		day7_final	16.8s	9.39098e-06m
