

SYSTEM_START	-	DESKTOP-JF22MNE	DESKTOP-JF22MNE	2025-05-09 12:11:54


SYSTEM_INFO	CarMaker 14.0.1 - Car_Generic #5	jetbrains@05dcd26e64f8 2025-01-28 11:06:46	(14.0.1 jetbrains@05dcd26e64f8 2025-01-28 10:45:59)
SIM	1746760315	DESKTOP-JF22MNE	User	day1_scenario1	0	29.801	495.342


SYSTEM_START	-	DESKTOP-JF22MNE	DESKTOP-JF22MNE	2025-05-09 12:12:23


SYSTEM_INFO	CarMaker 14.0.1 - Car_Generic #5	jetbrains@05dcd26e64f8 2025-01-28 11:06:46	(14.0.1 jetbrains@05dcd26e64f8 2025-01-28 10:45:59)
SIM	1746760344	DESKTOP-JF22MNE	User	day1_scenario1	0	29.801	495.342


SYSTEM_START	-	DESKTOP-JF22MNE	DESKTOP-JF22MNE	2025-05-09 12:12:37


SYSTEM_INFO	CarMaker 14.0.1 - Car_Generic #5	jetbrains@05dcd26e64f8 2025-01-28 11:06:46	(14.0.1 jetbrains@05dcd26e64f8 2025-01-28 10:45:59)
SIM	1746760357	DESKTOP-JF22MNE	User	day1_scenario1	0	29.801	495.342


SYSTEM_START	-	DESKTOP-JF22MNE	DESKTOP-JF22MNE	2025-05-09 12:13:09


SYSTEM_INFO	CarMaker 14.0.1 - Car_Generic #5	jetbrains@05dcd26e64f8 2025-01-28 11:06:46	(14.0.1 jetbrains@05dcd26e64f8 2025-01-28 10:45:59)
SIM	1746760389	DESKTOP-JF22MNE	User	day1_scenario1	0	29.801	495.342


SYSTEM_START	-	DESKTOP-JF22MNE	DESKTOP-JF22MNE	2025-05-09 12:13:53


SYSTEM_INFO	CarMaker 14.0.1 - Car_Generic #5	jetbrains@05dcd26e64f8 2025-01-28 11:06:46	(14.0.1 jetbrains@05dcd26e64f8 2025-01-28 10:45:59)
SIM	1746760433	DESKTOP-JF22MNE	User	day1_scenario1	0	29.801	495.342


SYSTEM_START	-	DESKTOP-JF22MNE	DESKTOP-JF22MNE	2025-05-09 12:20:10


SYSTEM_INFO	CarMaker 14.0.1 - Car_Generic #5	jetbrains@05dcd26e64f8 2025-01-28 11:06:46	(14.0.1 jetbrains@05dcd26e64f8 2025-01-28 10:45:59)
SIM	1746760810	DESKTOP-JF22MNE	User	day1_scenario1	0	28.174	495.341


SYSTEM_START	-	DESKTOP-JF22MNE	DESKTOP-JF22MNE	2025-05-09 12:20:19


SYSTEM_INFO	CarMaker 14.0.1 - Car_Generic #5	jetbrains@05dcd26e64f8 2025-01-28 11:06:46	(14.0.1 jetbrains@05dcd26e64f8 2025-01-28 10:45:59)
SIM	1746760819	DESKTOP-JF22MNE	User	day1_scenario1	0	28.174	495.341


SYSTEM_START	-	DESKTOP-JF22MNE	DESKTOP-JF22MNE	2025-05-09 12:20:29


SYSTEM_INFO	CarMaker 14.0.1 - Car_Generic #5	jetbrains@05dcd26e64f8 2025-01-28 11:06:46	(14.0.1 jetbrains@05dcd26e64f8 2025-01-28 10:45:59)
SIM	1746760829	DESKTOP-JF22MNE	User	day1_scenario1	0	24.178	426.222


SYSTEM_START	-	DESKTOP-JF22MNE	DESKTOP-JF22MNE	2025-05-09 12:20:47


SYSTEM_INFO	CarMaker 14.0.1 - Car_Generic #5	jetbrains@05dcd26e64f8 2025-01-28 11:06:46	(14.0.1 jetbrains@05dcd26e64f8 2025-01-28 10:45:59)
SIM	1746760847	DESKTOP-JF22MNE	User	day1_scenario1	0	28.174	495.341


SYSTEM_START	-	DESKTOP-JF22MNE	DESKTOP-JF22MNE	2025-05-09 12:22:10


SYSTEM_INFO	CarMaker 14.0.1 - Car_Generic #5	jetbrains@05dcd26e64f8 2025-01-28 11:06:46	(14.0.1 jetbrains@05dcd26e64f8 2025-01-28 10:45:59)
SIM	1746760930	DESKTOP-JF22MNE	User	day1_scenario2	0	28.174	495.341


SYSTEM_START	-	DESKTOP-JF22MNE	DESKTOP-JF22MNE	2025-05-09 14:08:07


SYSTEM_INFO	CarMaker 14.0.1 - Car_Generic #5	jetbrains@05dcd26e64f8 2025-01-28 11:06:46	(14.0.1 jetbrains@05dcd26e64f8 2025-01-28 10:45:59)
SIM	1746767287	DESKTOP-JF22MNE	User	day1_scenario1	0	28.174	495.341


SYSTEM_START	-	DESKTOP-JF22MNE	DESKTOP-JF22MNE	2025-05-09 14:15:59


SYSTEM_INFO	CarMaker 14.0.1 - Car_Generic #5	jetbrains@05dcd26e64f8 2025-01-28 11:06:46	(14.0.1 jetbrains@05dcd26e64f8 2025-01-28 10:45:59)
SIM	1746767759	DESKTOP-JF22MNE	User	day1_scenario1	0	28.174	495.341


SYSTEM_START	-	DESKTOP-JF22MNE	DESKTOP-JF22MNE	2025-05-09 14:25:43


SYSTEM_INFO	CarMaker 14.0.1 - Car_Generic #5	jetbrains@05dcd26e64f8 2025-01-28 11:06:46	(14.0.1 jetbrains@05dcd26e64f8 2025-01-28 10:45:59)
SIM	1746768343	DESKTOP-JF22MNE	User	day1_scenario1	0	28.174	495.341


SYSTEM_START	-	DESKTOP-JF22MNE	DESKTOP-JF22MNE	2025-05-09 14:31:50


SYSTEM_INFO	CarMaker 14.0.1 - Car_Generic #5	jetbrains@05dcd26e64f8 2025-01-28 11:06:46	(14.0.1 jetbrains@05dcd26e64f8 2025-01-28 10:45:59)
SIM	1746768711	DESKTOP-JF22MNE	User	day1_scenario1	0	28.174	495.341


SYSTEM_START	-	DESKTOP-JF22MNE	DESKTOP-JF22MNE	2025-05-09 14:33:08


SYSTEM_INFO	CarMaker 14.0.1 - Car_Generic #5	jetbrains@05dcd26e64f8 2025-01-28 11:06:46	(14.0.1 jetbrains@05dcd26e64f8 2025-01-28 10:45:59)
SIM	1746768789	DESKTOP-JF22MNE	User	day1_scenario1	0	28.174	495.341


SYSTEM_START	-	DESKTOP-JF22MNE	DESKTOP-JF22MNE	2025-05-09 14:40:47


SYSTEM_INFO	CarMaker 14.0.1 - Car_Generic #5	jetbrains@05dcd26e64f8 2025-01-28 11:06:46	(14.0.1 jetbrains@05dcd26e64f8 2025-01-28 10:45:59)
SIM	1746769248	DESKTOP-JF22MNE	User	day1_scenario1	0	28.174	495.341


SYSTEM_START	-	DESKTOP-JF22MNE	DESKTOP-JF22MNE	2025-05-09 14:43:58


SYSTEM_INFO	CarMaker 14.0.1 - Car_Generic #5	jetbrains@05dcd26e64f8 2025-01-28 11:06:46	(14.0.1 jetbrains@05dcd26e64f8 2025-01-28 10:45:59)
SIM	1746769438	DESKTOP-JF22MNE	User	day1_scenario1	0	13.635	239.031


SYSTEM_START	-	DESKTOP-JF22MNE	DESKTOP-JF22MNE	2025-05-09 14:46:32


SYSTEM_INFO	CarMaker 14.0.1 - Car_Generic #5	jetbrains@05dcd26e64f8 2025-01-28 11:06:46	(14.0.1 jetbrains@05dcd26e64f8 2025-01-28 10:45:59)
SIM	1746769592	DESKTOP-JF22MNE	User	day1_scenario1	0	28.174	495.341


SYSTEM_START	-	DESKTOP-JF22MNE	DESKTOP-JF22MNE	2025-05-09 14:51:10


SYSTEM_INFO	CarMaker 14.0.1 - Car_Generic #5	jetbrains@05dcd26e64f8 2025-01-28 11:06:46	(14.0.1 jetbrains@05dcd26e64f8 2025-01-28 10:45:59)
SIM	1746769870	DESKTOP-JF22MNE	User	day1_scenario1	0	12.722	210.765


SYSTEM_START	-	DESKTOP-JF22MNE	DESKTOP-JF22MNE	2025-05-09 14:54:15


SYSTEM_INFO	CarMaker 14.0.1 - Car_Generic #5	jetbrains@05dcd26e64f8 2025-01-28 11:06:46	(14.0.1 jetbrains@05dcd26e64f8 2025-01-28 10:45:59)
SIM	1746770055	DESKTOP-JF22MNE	User	day1_scenario1	0	29.801	495.342


SYSTEM_START	-	DESKTOP-JF22MNE	DESKTOP-JF22MNE	2025-05-09 14:56:10


SYSTEM_INFO	CarMaker 14.0.1 - Car_Generic #5	jetbrains@05dcd26e64f8 2025-01-28 11:06:46	(14.0.1 jetbrains@05dcd26e64f8 2025-01-28 10:45:59)
SIM	1746770170	DESKTOP-JF22MNE	User	day1_scenario1	0	29.801	495.342


SYSTEM_START	-	DESKTOP-JF22MNE	DESKTOP-JF22MNE	2025-05-09 15:12:34


SYSTEM_INFO	CarMaker 14.0.1 - Car_Generic #5	jetbrains@05dcd26e64f8 2025-01-28 11:06:46	(14.0.1 jetbrains@05dcd26e64f8 2025-01-28 10:45:59)
SIM	1746771154	DESKTOP-JF22MNE	User	day1_scenario1	0	29.801	495.342


SYSTEM_START	-	DESKTOP-JF22MNE	DESKTOP-JF22MNE	2025-05-09 15:15:55


SYSTEM_INFO	CarMaker 14.0.1 - Car_Generic #5	jetbrains@05dcd26e64f8 2025-01-28 11:06:46	(14.0.1 jetbrains@05dcd26e64f8 2025-01-28 10:45:59)
SIM	1746771355	DESKTOP-JF22MNE	User	day1_scenario1	0	29.801	495.342


SYSTEM_START	-	DESKTOP-JF22MNE	DESKTOP-JF22MNE	2025-05-09 15:16:57


SYSTEM_INFO	CarMaker 14.0.1 - Car_Generic #5	jetbrains@05dcd26e64f8 2025-01-28 11:06:46	(14.0.1 jetbrains@05dcd26e64f8 2025-01-28 10:45:59)
SIM	1746771417	DESKTOP-JF22MNE	User	day1_scenario1	0	28.174	495.341


SYSTEM_START	-	DESKTOP-JF22MNE	DESKTOP-JF22MNE	2025-05-09 15:23:26


SYSTEM_INFO	CarMaker 14.0.1 - Car_Generic #5	jetbrains@05dcd26e64f8 2025-01-28 11:06:46	(14.0.1 jetbrains@05dcd26e64f8 2025-01-28 10:45:59)
SIM	1746771806	DESKTOP-JF22MNE	User	day1_scenario1	0	12.178	201.686


SYSTEM_START	-	DESKTOP-JF22MNE	DESKTOP-JF22MNE	2025-05-09 15:23:46


SYSTEM_INFO	CarMaker 14.0.1 - Car_Generic #5	jetbrains@05dcd26e64f8 2025-01-28 11:06:46	(14.0.1 jetbrains@05dcd26e64f8 2025-01-28 10:45:59)
SIM	1746771826	DESKTOP-JF22MNE	User	day1_scenario1	0	29.801	495.342


SYSTEM_START	-	DESKTOP-JF22MNE	DESKTOP-JF22MNE	2025-05-09 15:33:24


SYSTEM_INFO	CarMaker 14.0.1 - Car_Generic #5	jetbrains@05dcd26e64f8 2025-01-28 11:06:46	(14.0.1 jetbrains@05dcd26e64f8 2025-01-28 10:45:59)
SIM	1746772404	DESKTOP-JF22MNE	User	day1_scenario1	0	7.6	125.311


SYSTEM_START	-	DESKTOP-JF22MNE	DESKTOP-JF22MNE	2025-05-09 15:35:20


SYSTEM_INFO	CarMaker 14.0.1 - Car_Generic #5	jetbrains@05dcd26e64f8 2025-01-28 11:06:46	(14.0.1 jetbrains@05dcd26e64f8 2025-01-28 10:45:59)
SIM	1746772521	DESKTOP-JF22MNE	User	day1_scenario1	0	29.801	495.342


SYSTEM_START	-	DESKTOP-JF22MNE	DESKTOP-JF22MNE	2025-05-09 15:41:08


SYSTEM_INFO	CarMaker 14.0.1 - Car_Generic #5	jetbrains@05dcd26e64f8 2025-01-28 11:06:46	(14.0.1 jetbrains@05dcd26e64f8 2025-01-28 10:45:59)
SIM	1746772868	DESKTOP-JF22MNE	User	day1_scenario2	0	28.174	495.341


SYSTEM_START	-	DESKTOP-JF22MNE	DESKTOP-JF22MNE	2025-05-09 15:43:22


SYSTEM_INFO	CarMaker 14.0.1 - Car_Generic #5	jetbrains@05dcd26e64f8 2025-01-28 11:06:46	(14.0.1 jetbrains@05dcd26e64f8 2025-01-28 10:45:59)
SIM	1746773002	DESKTOP-JF22MNE	User	day1_scenario2	0	28.174	495.341


SYSTEM_START	-	DESKTOP-JF22MNE	DESKTOP-JF22MNE	2025-05-09 15:46:45


SYSTEM_INFO	CarMaker 14.0.1 - Car_Generic #5	jetbrains@05dcd26e64f8 2025-01-28 11:06:46	(14.0.1 jetbrains@05dcd26e64f8 2025-01-28 10:45:59)
SIM	1746773205	DESKTOP-JF22MNE	User	day1_scenario2	0	28.174	495.341


SYSTEM_START	-	DESKTOP-JF22MNE	DESKTOP-JF22MNE	2025-05-09 15:48:11


SYSTEM_INFO	CarMaker 14.0.1 - Car_Generic #5	jetbrains@05dcd26e64f8 2025-01-28 11:06:46	(14.0.1 jetbrains@05dcd26e64f8 2025-01-28 10:45:59)
SIM	1746773291	DESKTOP-JF22MNE	User	day1_scenario2	0	28.174	495.341


SYSTEM_START	-	DESKTOP-JF22MNE	DESKTOP-JF22MNE	2025-05-09 15:49:37


SYSTEM_INFO	CarMaker 14.0.1 - Car_Generic #5	jetbrains@05dcd26e64f8 2025-01-28 11:06:46	(14.0.1 jetbrains@05dcd26e64f8 2025-01-28 10:45:59)
SIM	1746773378	DESKTOP-JF22MNE	User	day1_scenario2	0	26.559	466.296


SYSTEM_START	-	DESKTOP-JF22MNE	DESKTOP-JF22MNE	2025-05-09 15:50:47


SYSTEM_INFO	CarMaker 14.0.1 - Car_Generic #5	jetbrains@05dcd26e64f8 2025-01-28 11:06:46	(14.0.1 jetbrains@05dcd26e64f8 2025-01-28 10:45:59)
SIM	1746773447	DESKTOP-JF22MNE	User	day1_scenario2	0	28.174	495.341


SYSTEM_START	-	DESKTOP-JF22MNE	DESKTOP-JF22MNE	2025-05-09 15:52:01


SYSTEM_INFO	CarMaker 14.0.1 - Car_Generic #5	jetbrains@05dcd26e64f8 2025-01-28 11:06:46	(14.0.1 jetbrains@05dcd26e64f8 2025-01-28 10:45:59)
SIM	1746773521	DESKTOP-JF22MNE	User	day1_scenario2	0	28.174	495.341


SYSTEM_START	-	DESKTOP-JF22MNE	DESKTOP-JF22MNE	2025-05-09 16:25:50


SYSTEM_INFO	CarMaker 14.0.1 - Car_Generic #5	jetbrains@05dcd26e64f8 2025-01-28 11:06:46	(14.0.1 jetbrains@05dcd26e64f8 2025-01-28 10:45:59)
SIM	1746775550	DESKTOP-JF22MNE	User	day1_scenario4	1	3.255	17.4361


SYSTEM_START	-	DESKTOP-JF22MNE	DESKTOP-JF22MNE	2025-05-09 16:26:53


SYSTEM_INFO	CarMaker 14.0.1 - Car_Generic #5	jetbrains@05dcd26e64f8 2025-01-28 11:06:46	(14.0.1 jetbrains@05dcd26e64f8 2025-01-28 10:45:59)
SIM	1746775613	DESKTOP-JF22MNE	User	day1_scenario3	0	28.095	31.6216


SYSTEM_START	-	DESKTOP-JF22MNE	DESKTOP-JF22MNE	2025-05-09 16:29:35


SYSTEM_INFO	CarMaker 14.0.1 - Car_Generic #5	jetbrains@05dcd26e64f8 2025-01-28 11:06:46	(14.0.1 jetbrains@05dcd26e64f8 2025-01-28 10:45:59)
SIM	1746775775	DESKTOP-JF22MNE	User	day1_scenario3	0	37.101	295.337


SYSTEM_START	-	DESKTOP-JF22MNE	DESKTOP-JF22MNE	2025-05-09 16:30:37


SYSTEM_INFO	CarMaker 14.0.1 - Car_Generic #5	jetbrains@05dcd26e64f8 2025-01-28 11:06:46	(14.0.1 jetbrains@05dcd26e64f8 2025-01-28 10:45:59)
SIM	1746775838	DESKTOP-JF22MNE	User	day1_scenario3	0	37.096	295.331


SYSTEM_START	-	DESKTOP-JF22MNE	DESKTOP-JF22MNE	2025-05-09 16:31:48


SYSTEM_INFO	CarMaker 14.0.1 - Car_Generic #5	jetbrains@05dcd26e64f8 2025-01-28 11:06:46	(14.0.1 jetbrains@05dcd26e64f8 2025-01-28 10:45:59)
SIM	1746775909	DESKTOP-JF22MNE	User	day1_scenario3	0	37.105	295.359


SYSTEM_START	-	DESKTOP-JF22MNE	DESKTOP-JF22MNE	2025-05-09 16:38:56


SYSTEM_INFO	CarMaker 14.0.1 - Car_Generic #5	jetbrains@05dcd26e64f8 2025-01-28 11:06:46	(14.0.1 jetbrains@05dcd26e64f8 2025-01-28 10:45:59)
SIM	1746776336	DESKTOP-JF22MNE	User	day1_scenario3	0	37.105	295.359


SYSTEM_START	-	DESKTOP-JF22MNE	DESKTOP-JF22MNE	2025-05-09 16:41:57


SYSTEM_INFO	CarMaker 14.0.1 - Car_Generic #5	jetbrains@05dcd26e64f8 2025-01-28 11:06:46	(14.0.1 jetbrains@05dcd26e64f8 2025-01-28 10:45:59)
SIM	1746776517	DESKTOP-JF22MNE	User	day1_scenario3	0	37.105	295.359


SYSTEM_START	-	DESKTOP-JF22MNE	DESKTOP-JF22MNE	2025-05-09 16:42:58


SYSTEM_INFO	CarMaker 14.0.1 - Car_Generic #5	jetbrains@05dcd26e64f8 2025-01-28 11:06:46	(14.0.1 jetbrains@05dcd26e64f8 2025-01-28 10:45:59)
SIM	1746776578	DESKTOP-JF22MNE	User	day1_scenario3	0	37.105	295.359


SYSTEM_START	-	DESKTOP-JF22MNE	DESKTOP-JF22MNE	2025-05-12 11:14:38


SYSTEM_INFO	CarMaker 14.0.1 - Car_Generic #5	jetbrains@05dcd26e64f8 2025-01-28 11:06:46	(14.0.1 jetbrains@05dcd26e64f8 2025-01-28 10:45:59)
SIM	1747016080	DESKTOP-JF22MNE	User	day1_scenario3	0	24.211	200.434


SYSTEM_START	-	DESKTOP-JF22MNE	DESKTOP-JF22MNE	2025-05-12 11:15:25


SYSTEM_INFO	CarMaker 14.0.1 - Car_Generic #5	jetbrains@05dcd26e64f8 2025-01-28 11:06:46	(14.0.1 jetbrains@05dcd26e64f8 2025-01-28 10:45:59)
SIM	1747016125	DESKTOP-JF22MNE	User	day1_scenario4	0	35.85	295.54


SYSTEM_START	-	DESKTOP-JF22MNE	DESKTOP-JF22MNE	2025-05-12 17:50:10


SYSTEM_INFO	CarMaker 14.0.1 - Car_Generic #5	jetbrains@05dcd26e64f8 2025-01-28 11:06:46	(14.0.1 jetbrains@05dcd26e64f8 2025-01-28 10:45:59)
SIM	1747039812	DESKTOP-JF22MNE	User	day2_scenario1	0	33.361	495.327


SYSTEM_START	-	DESKTOP-JF22MNE	DESKTOP-JF22MNE	2025-05-12 17:51:18


SYSTEM_INFO	CarMaker 14.0.1 - Car_Generic #5	jetbrains@05dcd26e64f8 2025-01-28 11:06:46	(14.0.1 jetbrains@05dcd26e64f8 2025-01-28 10:45:59)
SIM	1747039878	DESKTOP-JF22MNE	User	day2_scenario1	0	28.18	495.333


SYSTEM_START	-	DESKTOP-JF22MNE	DESKTOP-JF22MNE	2025-05-12 17:52:03


SYSTEM_INFO	CarMaker 14.0.1 - Car_Generic #5	jetbrains@05dcd26e64f8 2025-01-28 11:06:46	(14.0.1 jetbrains@05dcd26e64f8 2025-01-28 10:45:59)
SIM	1747039923	DESKTOP-JF22MNE	User	day2_scenario1	0	26.532	495.341


SYSTEM_START	-	DESKTOP-JF22MNE	DESKTOP-JF22MNE	2025-05-12 17:52:27


SYSTEM_INFO	CarMaker 14.0.1 - Car_Generic #5	jetbrains@05dcd26e64f8 2025-01-28 11:06:46	(14.0.1 jetbrains@05dcd26e64f8 2025-01-28 10:45:59)
SIM	1747039947	DESKTOP-JF22MNE	User	day2_scenario1	0	20.867	49.6675


SYSTEM_START	-	DESKTOP-JF22MNE	DESKTOP-JF22MNE	2025-05-12 17:53:56


SYSTEM_INFO	CarMaker 14.0.1 - Car_Generic #5	jetbrains@05dcd26e64f8 2025-01-28 11:06:46	(14.0.1 jetbrains@05dcd26e64f8 2025-01-28 10:45:59)
SIM	1747040037	DESKTOP-JF22MNE	User	day2_scenario1	0	26.532	495.341


SYSTEM_START	-	DESKTOP-JF22MNE	DESKTOP-JF22MNE	2025-05-12 17:54:20


SYSTEM_INFO	CarMaker 14.0.1 - Car_Generic #5	jetbrains@05dcd26e64f8 2025-01-28 11:06:46	(14.0.1 jetbrains@05dcd26e64f8 2025-01-28 10:45:59)
SIM	1747040060	DESKTOP-JF22MNE	User	day2_scenario1	0	26.532	495.341


SYSTEM_START	-	DESKTOP-JF22MNE	DESKTOP-JF22MNE	2025-05-12 17:55:01


SYSTEM_INFO	CarMaker 14.0.1 - Car_Generic #5	jetbrains@05dcd26e64f8 2025-01-28 11:06:46	(14.0.1 jetbrains@05dcd26e64f8 2025-01-28 10:45:59)
SIM	1747040101	DESKTOP-JF22MNE	User	day2_scenario1	0	24.6	495.334


SYSTEM_START	-	DESKTOP-JF22MNE	DESKTOP-JF22MNE	2025-05-12 17:56:27


SYSTEM_INFO	CarMaker 14.0.1 - Car_Generic #5	jetbrains@05dcd26e64f8 2025-01-28 11:06:46	(14.0.1 jetbrains@05dcd26e64f8 2025-01-28 10:45:59)
SIM	1747040187	DESKTOP-JF22MNE	User	day2_scenario1	0	30.864	495.322


SYSTEM_START	-	DESKTOP-JF22MNE	DESKTOP-JF22MNE	2025-05-12 17:56:51


SYSTEM_INFO	CarMaker 14.0.1 - Car_Generic #5	jetbrains@05dcd26e64f8 2025-01-28 11:06:46	(14.0.1 jetbrains@05dcd26e64f8 2025-01-28 10:45:59)
SIM	1747040211	DESKTOP-JF22MNE	User	day2_scenario1	0	24.6	495.334


SYSTEM_START	-	DESKTOP-JF22MNE	DESKTOP-JF22MNE	2025-05-12 18:19:53


SYSTEM_INFO	CarMaker 14.0.1 - Car_Generic #5	jetbrains@05dcd26e64f8 2025-01-28 11:06:46	(14.0.1 jetbrains@05dcd26e64f8 2025-01-28 10:45:59)
SIM	1747041593	DESKTOP-JF22MNE	User	day2_scenario2	0	143.585	4.67599e-06


SYSTEM_START	-	DESKTOP-JF22MNE	DESKTOP-JF22MNE	2025-05-12 18:21:14


SYSTEM_INFO	CarMaker 14.0.1 - Car_Generic #5	jetbrains@05dcd26e64f8 2025-01-28 11:06:46	(14.0.1 jetbrains@05dcd26e64f8 2025-01-28 10:45:59)
SIM	1747041674	DESKTOP-JF22MNE	User	day2_scenario2	0	203.855	482.682


SYSTEM_START	-	DESKTOP-JF22MNE	DESKTOP-JF22MNE	2025-05-12 18:30:49


SYSTEM_INFO	CarMaker 14.0.1 - Car_Generic #5	jetbrains@05dcd26e64f8 2025-01-28 11:06:46	(14.0.1 jetbrains@05dcd26e64f8 2025-01-28 10:45:59)
SIM	1747042249	DESKTOP-JF22MNE	User	day2_scenario3	0	147.395	486.019


SYSTEM_START	-	DESKTOP-JF22MNE	DESKTOP-JF22MNE	2025-05-12 18:32:08


SYSTEM_INFO	CarMaker 14.0.1 - Car_Generic #5	jetbrains@05dcd26e64f8 2025-01-28 11:06:46	(14.0.1 jetbrains@05dcd26e64f8 2025-01-28 10:45:59)
SIM	1747042328	DESKTOP-JF22MNE	User	day2_scenario3	0	63.468	484.691


SYSTEM_START	-	DESKTOP-JF22MNE	DESKTOP-JF22MNE	2025-05-12 18:34:37


SYSTEM_INFO	CarMaker 14.0.1 - Car_Generic #5	jetbrains@05dcd26e64f8 2025-01-28 11:06:46	(14.0.1 jetbrains@05dcd26e64f8 2025-01-28 10:45:59)
SIM	1747042477	DESKTOP-JF22MNE	User	day2_scenario3	0	51.574	495.325


SYSTEM_START	-	DESKTOP-JF22MNE	DESKTOP-JF22MNE	2025-05-12 18:35:15


SYSTEM_INFO	CarMaker 14.0.1 - Car_Generic #5	jetbrains@05dcd26e64f8 2025-01-28 11:06:46	(14.0.1 jetbrains@05dcd26e64f8 2025-01-28 10:45:59)
SIM	1747042515	DESKTOP-JF22MNE	User	day2_scenario3	0	35.847	351.553


SYSTEM_START	-	DESKTOP-JF22MNE	DESKTOP-JF22MNE	2025-05-12 18:35:43


SYSTEM_INFO	CarMaker 14.0.1 - Car_Generic #5	jetbrains@05dcd26e64f8 2025-01-28 11:06:46	(14.0.1 jetbrains@05dcd26e64f8 2025-01-28 10:45:59)
SIM	1747042543	DESKTOP-JF22MNE	User	day2_scenario3	0	51.536	495.324


SYSTEM_START	-	DESKTOP-JF22MNE	DESKTOP-JF22MNE	2025-05-12 18:37:06


SYSTEM_INFO	CarMaker 14.0.1 - Car_Generic #5	jetbrains@05dcd26e64f8 2025-01-28 11:06:46	(14.0.1 jetbrains@05dcd26e64f8 2025-01-28 10:45:59)
SIM	1747042626	DESKTOP-JF22MNE	User	day2_scenario3	0	46.292	443.541


SYSTEM_START	-	DESKTOP-JF22MNE	DESKTOP-JF22MNE	2025-05-12 18:37:36


SYSTEM_INFO	CarMaker 14.0.1 - Car_Generic #5	jetbrains@05dcd26e64f8 2025-01-28 11:06:46	(14.0.1 jetbrains@05dcd26e64f8 2025-01-28 10:45:59)
SIM	1747042657	DESKTOP-JF22MNE	User	day2_scenario3	0	50.905	495.325


SYSTEM_START	-	DESKTOP-JF22MNE	DESKTOP-JF22MNE	2025-05-12 18:38:29


SYSTEM_INFO	CarMaker 14.0.1 - Car_Generic #5	jetbrains@05dcd26e64f8 2025-01-28 11:06:46	(14.0.1 jetbrains@05dcd26e64f8 2025-01-28 10:45:59)
SIM	1747042709	DESKTOP-JF22MNE	User	day2_scenario3	0	21.365	218.393


SYSTEM_START	-	DESKTOP-JF22MNE	DESKTOP-JF22MNE	2025-05-12 18:38:50


SYSTEM_INFO	CarMaker 14.0.1 - Car_Generic #5	jetbrains@05dcd26e64f8 2025-01-28 11:06:46	(14.0.1 jetbrains@05dcd26e64f8 2025-01-28 10:45:59)
SIM	1747042730	DESKTOP-JF22MNE	User	day2_scenario3	0	51.135	495.326


SYSTEM_START	-	DESKTOP-JF22MNE	DESKTOP-JF22MNE	2025-05-12 18:39:30


SYSTEM_INFO	CarMaker 14.0.1 - Car_Generic #5	jetbrains@05dcd26e64f8 2025-01-28 11:06:46	(14.0.1 jetbrains@05dcd26e64f8 2025-01-28 10:45:59)
SIM	1747042771	DESKTOP-JF22MNE	User	day2_scenario3	0	62.762	495.32


SYSTEM_START	-	DESKTOP-JF22MNE	DESKTOP-JF22MNE	2025-05-12 18:40:47


SYSTEM_INFO	CarMaker 14.0.1 - Car_Generic #5	jetbrains@05dcd26e64f8 2025-01-28 11:06:46	(14.0.1 jetbrains@05dcd26e64f8 2025-01-28 10:45:59)
SIM	1747042847	DESKTOP-JF22MNE	User	day2_scenario2	0	36.335	291.69


SYSTEM_START	-	DESKTOP-JF22MNE	DESKTOP-JF22MNE	2025-05-12 18:43:39


SYSTEM_INFO	CarMaker 14.0.1 - Car_Generic #5	jetbrains@05dcd26e64f8 2025-01-28 11:06:46	(14.0.1 jetbrains@05dcd26e64f8 2025-01-28 10:45:59)
SIM	1747043020	DESKTOP-JF22MNE	User	day2_scenario4	0	35.756	495.337


SYSTEM_START	-	DESKTOP-JF22MNE	DESKTOP-JF22MNE	2025-05-12 18:49:40


SYSTEM_INFO	CarMaker 14.0.1 - Car_Generic #5	jetbrains@05dcd26e64f8 2025-01-28 11:06:46	(14.0.1 jetbrains@05dcd26e64f8 2025-01-28 10:45:59)
SIM	1747043380	DESKTOP-JF22MNE	User	day2_scenario4	0	35.765	495.462


SYSTEM_START	-	DESKTOP-JF22MNE	DESKTOP-JF22MNE	2025-05-12 18:52:38


SYSTEM_INFO	CarMaker 14.0.1 - Car_Generic #5	jetbrains@05dcd26e64f8 2025-01-28 11:06:46	(14.0.1 jetbrains@05dcd26e64f8 2025-01-28 10:45:59)
SIM	1747043558	DESKTOP-JF22MNE	User	day2_scenario4	0	35.765	495.462


SYSTEM_START	-	DESKTOP-JF22MNE	DESKTOP-JF22MNE	2025-05-12 19:14:45


SYSTEM_INFO	CarMaker 14.0.1 - Car_Generic #5	jetbrains@05dcd26e64f8 2025-01-28 11:06:46	(14.0.1 jetbrains@05dcd26e64f8 2025-01-28 10:45:59)
SIM	1747044885	DESKTOP-JF22MNE	User	day2_scenario5	1	1.774	24.165


SYSTEM_START	-	DESKTOP-JF22MNE	DESKTOP-JF22MNE	2025-05-12 19:40:58


SYSTEM_INFO	CarMaker 14.0.1 - Car_Generic #5	jetbrains@05dcd26e64f8 2025-01-28 11:06:46	(14.0.1 jetbrains@05dcd26e64f8 2025-01-28 10:45:59)
SIM	1747046458	DESKTOP-JF22MNE	User	day2_scenario5	1	2.45	33.2654


SYSTEM_START	-	DESKTOP-JF22MNE	DESKTOP-JF22MNE	2025-05-12 19:52:42


SYSTEM_INFO	CarMaker 14.0.1 - Car_Generic #5	jetbrains@05dcd26e64f8 2025-01-28 11:06:46	(14.0.1 jetbrains@05dcd26e64f8 2025-01-28 10:45:59)
SIM	1747047163	DESKTOP-JF22MNE	User	day2_scenario5	1	4.105	40.246


SYSTEM_START	-	DESKTOP-JF22MNE	DESKTOP-JF22MNE	2025-05-12 19:53:08


SYSTEM_INFO	CarMaker 14.0.1 - Car_Generic #5	jetbrains@05dcd26e64f8 2025-01-28 11:06:46	(14.0.1 jetbrains@05dcd26e64f8 2025-01-28 10:45:59)
SIM	1747047189	DESKTOP-JF22MNE	User	day2_scenario5	1	6.995	63.5579


SYSTEM_START	-	DESKTOP-JF22MNE	DESKTOP-JF22MNE	2025-05-12 19:54:49


SYSTEM_INFO	CarMaker 14.0.1 - Car_Generic #5	jetbrains@05dcd26e64f8 2025-01-28 11:06:46	(14.0.1 jetbrains@05dcd26e64f8 2025-01-28 10:45:59)
SIM	1747047289	DESKTOP-JF22MNE	User	day2_scenario5	0	52.086	107.311


SYSTEM_START	-	DESKTOP-JF22MNE	DESKTOP-JF22MNE	2025-05-12 19:55:35


SYSTEM_INFO	CarMaker 14.0.1 - Car_Generic #5	jetbrains@05dcd26e64f8 2025-01-28 11:06:46	(14.0.1 jetbrains@05dcd26e64f8 2025-01-28 10:45:59)
SIM	1747047335	DESKTOP-JF22MNE	User	day2_scenario5	1	5.414	52.9953


SYSTEM_START	-	DESKTOP-JF22MNE	DESKTOP-JF22MNE	2025-05-12 19:57:04


SYSTEM_INFO	CarMaker 14.0.1 - Car_Generic #5	jetbrains@05dcd26e64f8 2025-01-28 11:06:46	(14.0.1 jetbrains@05dcd26e64f8 2025-01-28 10:45:59)
SIM	1747047425	DESKTOP-JF22MNE	User	day2_scenario5	0	41.947	99.5139


SYSTEM_START	-	DESKTOP-JF22MNE	DESKTOP-JF22MNE	2025-05-12 20:13:38


SYSTEM_INFO	CarMaker 14.0.1 - Car_Generic #5	jetbrains@05dcd26e64f8 2025-01-28 11:06:46	(14.0.1 jetbrains@05dcd26e64f8 2025-01-28 10:45:59)
SIM	1747048419	DESKTOP-JF22MNE	User	day2_scenario5	0	36.626	99.4981


SYSTEM_START	-	DESKTOP-JF22MNE	DESKTOP-JF22MNE	2025-05-12 20:15:20


SYSTEM_INFO	CarMaker 14.0.1 - Car_Generic #5	jetbrains@05dcd26e64f8 2025-01-28 11:06:46	(14.0.1 jetbrains@05dcd26e64f8 2025-01-28 10:45:59)
SIM	1747048520	DESKTOP-JF22MNE	User	day2_scenario5	1	5.017	48.9111


SYSTEM_START	-	DESKTOP-JF22MNE	DESKTOP-JF22MNE	2025-05-12 20:15:42


SYSTEM_INFO	CarMaker 14.0.1 - Car_Generic #5	jetbrains@05dcd26e64f8 2025-01-28 11:06:46	(14.0.1 jetbrains@05dcd26e64f8 2025-01-28 10:45:59)
SIM	1747048542	DESKTOP-JF22MNE	User	day2_scenario5	0	82.267	117.807


SYSTEM_START	-	DESKTOP-JF22MNE	DESKTOP-JF22MNE	2025-05-12 20:16:37


SYSTEM_INFO	CarMaker 14.0.1 - Car_Generic #5	jetbrains@05dcd26e64f8 2025-01-28 11:06:46	(14.0.1 jetbrains@05dcd26e64f8 2025-01-28 10:45:59)
SIM	1747048597	DESKTOP-JF22MNE	User	day2_scenario5	1	17.814	114.38


SYSTEM_START	-	DESKTOP-JF22MNE	DESKTOP-JF22MNE	2025-05-12 20:17:28


SYSTEM_INFO	CarMaker 14.0.1 - Car_Generic #5	jetbrains@05dcd26e64f8 2025-01-28 11:06:46	(14.0.1 jetbrains@05dcd26e64f8 2025-01-28 10:45:59)
SIM	1747048648	DESKTOP-JF22MNE	User	day2_scenario5	1	17.814	114.38


SYSTEM_START	-	DESKTOP-JF22MNE	DESKTOP-JF22MNE	2025-05-12 20:18:04


SYSTEM_INFO	CarMaker 14.0.1 - Car_Generic #5	jetbrains@05dcd26e64f8 2025-01-28 11:06:46	(14.0.1 jetbrains@05dcd26e64f8 2025-01-28 10:45:59)
SIM	1747048684	DESKTOP-JF22MNE	User	day2_scenario5	1	12.797	109.945


SYSTEM_START	-	DESKTOP-JF22MNE	DESKTOP-JF22MNE	2025-05-12 20:18:27


SYSTEM_INFO	CarMaker 14.0.1 - Car_Generic #5	jetbrains@05dcd26e64f8 2025-01-28 11:06:46	(14.0.1 jetbrains@05dcd26e64f8 2025-01-28 10:45:59)
SIM	1747048707	DESKTOP-JF22MNE	User	day2_scenario5	1	3.422	36.8911


SYSTEM_START	-	DESKTOP-JF22MNE	DESKTOP-JF22MNE	2025-05-12 20:18:43


SYSTEM_INFO	CarMaker 14.0.1 - Car_Generic #5	jetbrains@05dcd26e64f8 2025-01-28 11:06:46	(14.0.1 jetbrains@05dcd26e64f8 2025-01-28 10:45:59)
SIM	1747048723	DESKTOP-JF22MNE	User	day2_scenario5	1	12.716	109.797


SYSTEM_START	-	DESKTOP-JF22MNE	DESKTOP-JF22MNE	2025-05-12 20:19:05


SYSTEM_INFO	CarMaker 14.0.1 - Car_Generic #5	jetbrains@05dcd26e64f8 2025-01-28 11:06:46	(14.0.1 jetbrains@05dcd26e64f8 2025-01-28 10:45:59)
SIM	1747048745	DESKTOP-JF22MNE	User	day2_scenario5	1	11.717	104.41


SYSTEM_START	-	DESKTOP-JF22MNE	DESKTOP-JF22MNE	2025-05-12 20:19:40


SYSTEM_INFO	CarMaker 14.0.1 - Car_Generic #5	jetbrains@05dcd26e64f8 2025-01-28 11:06:46	(14.0.1 jetbrains@05dcd26e64f8 2025-01-28 10:45:59)
SIM	1747048780	DESKTOP-JF22MNE	User	day2_scenario5	1	11.53	112.387


SYSTEM_START	-	DESKTOP-JF22MNE	DESKTOP-JF22MNE	2025-05-12 20:20:15


SYSTEM_INFO	CarMaker 14.0.1 - Car_Generic #5	jetbrains@05dcd26e64f8 2025-01-28 11:06:46	(14.0.1 jetbrains@05dcd26e64f8 2025-01-28 10:45:59)
SIM	1747048815	DESKTOP-JF22MNE	User	day2_scenario5	1	11.26	111.925


SYSTEM_START	-	DESKTOP-JF22MNE	DESKTOP-JF22MNE	2025-05-12 20:54:48


SYSTEM_INFO	CarMaker 14.0.1 - Car_Generic #5	jetbrains@05dcd26e64f8 2025-01-28 11:06:46	(14.0.1 jetbrains@05dcd26e64f8 2025-01-28 10:45:59)
SIM	1747050888	DESKTOP-JF22MNE	User	day2_scenario5	1	6.805	85.5483


SYSTEM_START	-	DESKTOP-JF22MNE	DESKTOP-JF22MNE	2025-05-12 20:57:34


SYSTEM_INFO	CarMaker 14.0.1 - Car_Generic #5	jetbrains@05dcd26e64f8 2025-01-28 11:06:46	(14.0.1 jetbrains@05dcd26e64f8 2025-01-28 10:45:59)
SIM	1747051055	DESKTOP-JF22MNE	User	day2_scenario5	1	2.507	26.3379


SYSTEM_START	-	DESKTOP-JF22MNE	DESKTOP-JF22MNE	2025-05-12 20:58:53


SYSTEM_INFO	CarMaker 14.0.1 - Car_Generic #5	jetbrains@05dcd26e64f8 2025-01-28 11:06:46	(14.0.1 jetbrains@05dcd26e64f8 2025-01-28 10:45:59)
SIM	1747051133	DESKTOP-JF22MNE	User	day2_scenario5	1	2.776	34.9607


SYSTEM_START	-	DESKTOP-JF22MNE	DESKTOP-JF22MNE	2025-05-12 21:12:52


SYSTEM_INFO	CarMaker 14.0.1 - Car_Generic #5	jetbrains@05dcd26e64f8 2025-01-28 11:06:46	(14.0.1 jetbrains@05dcd26e64f8 2025-01-28 10:45:59)
SIM	1747051972	DESKTOP-JF22MNE	User	day2_scenario5	1	2.776	34.9607


SYSTEM_START	-	DESKTOP-JF22MNE	DESKTOP-JF22MNE	2025-05-12 21:17:08


SYSTEM_INFO	CarMaker 14.0.1 - Car_Generic #5	jetbrains@05dcd26e64f8 2025-01-28 11:06:46	(14.0.1 jetbrains@05dcd26e64f8 2025-01-28 10:45:59)
SIM	1747052228	DESKTOP-JF22MNE	User	day2_scenario5	1	45.98	631.229


SYSTEM_START	-	DESKTOP-JF22MNE	DESKTOP-JF22MNE	2025-05-12 21:17:56


SYSTEM_INFO	CarMaker 14.0.1 - Car_Generic #5	jetbrains@05dcd26e64f8 2025-01-28 11:06:46	(14.0.1 jetbrains@05dcd26e64f8 2025-01-28 10:45:59)
SIM	1747052276	DESKTOP-JF22MNE	User	day2_scenario5	1	45.916	628.584


SYSTEM_START	-	DESKTOP-JF22MNE	DESKTOP-JF22MNE	2025-05-12 21:18:33


SYSTEM_INFO	CarMaker 14.0.1 - Car_Generic #5	jetbrains@05dcd26e64f8 2025-01-28 11:06:46	(14.0.1 jetbrains@05dcd26e64f8 2025-01-28 10:45:59)
SIM	1747052313	DESKTOP-JF22MNE	User	day2_scenario5	1	45.89	628.22


SYSTEM_START	-	DESKTOP-JF22MNE	DESKTOP-JF22MNE	2025-05-12 21:19:24


SYSTEM_INFO	CarMaker 14.0.1 - Car_Generic #5	jetbrains@05dcd26e64f8 2025-01-28 11:06:46	(14.0.1 jetbrains@05dcd26e64f8 2025-01-28 10:45:59)
SIM	1747052364	DESKTOP-JF22MNE	User	day2_scenario5	1	45.837	627.036


SYSTEM_START	-	DESKTOP-JF22MNE	DESKTOP-JF22MNE	2025-05-12 21:20:00


SYSTEM_INFO	CarMaker 14.0.1 - Car_Generic #5	jetbrains@05dcd26e64f8 2025-01-28 11:06:46	(14.0.1 jetbrains@05dcd26e64f8 2025-01-28 10:45:59)
SIM	1747052400	DESKTOP-JF22MNE	User	day2_scenario5	1	45.741	626.096


SYSTEM_START	-	DESKTOP-JF22MNE	DESKTOP-JF22MNE	2025-05-12 21:20:34


SYSTEM_INFO	CarMaker 14.0.1 - Car_Generic #5	jetbrains@05dcd26e64f8 2025-01-28 11:06:46	(14.0.1 jetbrains@05dcd26e64f8 2025-01-28 10:45:59)
SIM	1747052434	DESKTOP-JF22MNE	User	day2_scenario5	1	45.738	625.609


SYSTEM_START	-	DESKTOP-JF22MNE	DESKTOP-JF22MNE	2025-05-12 21:21:04


SYSTEM_INFO	CarMaker 14.0.1 - Car_Generic #5	jetbrains@05dcd26e64f8 2025-01-28 11:06:46	(14.0.1 jetbrains@05dcd26e64f8 2025-01-28 10:45:59)
SIM	1747052464	DESKTOP-JF22MNE	User	day2_scenario5	1	45.754	625.805


SYSTEM_START	-	DESKTOP-JF22MNE	DESKTOP-JF22MNE	2025-05-12 21:21:35


SYSTEM_INFO	CarMaker 14.0.1 - Car_Generic #5	jetbrains@05dcd26e64f8 2025-01-28 11:06:46	(14.0.1 jetbrains@05dcd26e64f8 2025-01-28 10:45:59)
SIM	1747052495	DESKTOP-JF22MNE	User	day2_scenario5	1	45.717	625.085


SYSTEM_START	-	DESKTOP-JF22MNE	DESKTOP-JF22MNE	2025-05-12 21:22:00


SYSTEM_INFO	CarMaker 14.0.1 - Car_Generic #5	jetbrains@05dcd26e64f8 2025-01-28 11:06:46	(14.0.1 jetbrains@05dcd26e64f8 2025-01-28 10:45:59)
SIM	1747052521	DESKTOP-JF22MNE	User	day2_scenario5	1	45.692	624.58


SYSTEM_START	-	DESKTOP-JF22MNE	DESKTOP-JF22MNE	2025-05-12 21:22:25


SYSTEM_INFO	CarMaker 14.0.1 - Car_Generic #5	jetbrains@05dcd26e64f8 2025-01-28 11:06:46	(14.0.1 jetbrains@05dcd26e64f8 2025-01-28 10:45:59)
SIM	1747052545	DESKTOP-JF22MNE	User	day2_scenario5	1	45.701	624.519


SYSTEM_START	-	DESKTOP-JF22MNE	DESKTOP-JF22MNE	2025-05-12 21:22:51


SYSTEM_INFO	CarMaker 14.0.1 - Car_Generic #5	jetbrains@05dcd26e64f8 2025-01-28 11:06:46	(14.0.1 jetbrains@05dcd26e64f8 2025-01-28 10:45:59)
SIM	1747052571	DESKTOP-JF22MNE	User	day2_scenario5	1	45.737	623.924


SYSTEM_START	-	DESKTOP-JF22MNE	DESKTOP-JF22MNE	2025-05-12 21:24:09


SYSTEM_INFO	CarMaker 14.0.1 - Car_Generic #5	jetbrains@05dcd26e64f8 2025-01-28 11:06:46	(14.0.1 jetbrains@05dcd26e64f8 2025-01-28 10:45:59)
SIM	1747052649	DESKTOP-JF22MNE	User	day2_scenario5	1	43.634	600.997


SYSTEM_START	-	DESKTOP-JF22MNE	DESKTOP-JF22MNE	2025-05-12 21:29:13


SYSTEM_INFO	CarMaker 14.0.1 - Car_Generic #5	jetbrains@05dcd26e64f8 2025-01-28 11:06:46	(14.0.1 jetbrains@05dcd26e64f8 2025-01-28 10:45:59)
SIM	1747052953	DESKTOP-JF22MNE	User	day2_scenario5	0	45.026	624.631


SYSTEM_START	-	DESKTOP-JF22MNE	DESKTOP-JF22MNE	2025-05-13 10:25:30


SYSTEM_INFO	CarMaker 14.0.1 - Car_Generic #5	jetbrains@05dcd26e64f8 2025-01-28 11:06:46	(14.0.1 jetbrains@05dcd26e64f8 2025-01-28 10:45:59)
SIM	1747099532	DESKTOP-JF22MNE	User	day2_scenario4	0	35.814	496.17


SYSTEM_START	-	DESKTOP-JF22MNE	DESKTOP-JF22MNE	2025-05-13 10:26:02


SYSTEM_INFO	CarMaker 14.0.1 - Car_Generic #5	jetbrains@05dcd26e64f8 2025-01-28 11:06:46	(14.0.1 jetbrains@05dcd26e64f8 2025-01-28 10:45:59)
SIM	1747099562	DESKTOP-JF22MNE	User	day2_scenario4	0	29.737	411.806


SYSTEM_START	-	DESKTOP-JF22MNE	DESKTOP-JF22MNE	2025-05-13 10:40:54


SYSTEM_INFO	CarMaker 14.0.1 - Car_Generic #5	jetbrains@05dcd26e64f8 2025-01-28 11:06:46	(14.0.1 jetbrains@05dcd26e64f8 2025-01-28 10:45:59)
SIM	1747100454	DESKTOP-JF22MNE	User	day1_scenario1	0	29.801	495.342


SYSTEM_START	-	DESKTOP-JF22MNE	DESKTOP-JF22MNE	2025-05-13 10:46:27


SYSTEM_INFO	CarMaker 14.0.1 - Car_Generic #5	jetbrains@05dcd26e64f8 2025-01-28 11:06:46	(14.0.1 jetbrains@05dcd26e64f8 2025-01-28 10:45:59)
SIM	1747100787	DESKTOP-JF22MNE	User	day1_scenario1	0	29.801	495.342


SYSTEM_START	-	DESKTOP-JF22MNE	DESKTOP-JF22MNE	2025-05-13 10:48:17


SYSTEM_INFO	CarMaker 14.0.1 - Car_Generic #5	jetbrains@05dcd26e64f8 2025-01-28 11:06:46	(14.0.1 jetbrains@05dcd26e64f8 2025-01-28 10:45:59)
SIM	1747100897	DESKTOP-JF22MNE	User	day1_scenario1	0	20.933	347.589


SYSTEM_START	-	DESKTOP-JF22MNE	DESKTOP-JF22MNE	2025-05-13 10:49:04


SYSTEM_INFO	CarMaker 14.0.1 - Car_Generic #5	jetbrains@05dcd26e64f8 2025-01-28 11:06:46	(14.0.1 jetbrains@05dcd26e64f8 2025-01-28 10:45:59)
SIM	1747100944	DESKTOP-JF22MNE	User	day1_scenario1	0	5.118	84.4311


SYSTEM_START	-	DESKTOP-JF22MNE	DESKTOP-JF22MNE	2025-05-13 10:58:29


SYSTEM_INFO	CarMaker 14.0.1 - Car_Generic #5	jetbrains@05dcd26e64f8 2025-01-28 11:06:46	(14.0.1 jetbrains@05dcd26e64f8 2025-01-28 10:45:59)
SIM	1747101509	DESKTOP-JF22MNE	User	day1_scenario1	0	29.801	495.342


SYSTEM_START	-	DESKTOP-JF22MNE	DESKTOP-JF22MNE	2025-05-13 11:00:22


SYSTEM_INFO	CarMaker 14.0.1 - Car_Generic #5	jetbrains@05dcd26e64f8 2025-01-28 11:06:46	(14.0.1 jetbrains@05dcd26e64f8 2025-01-28 10:45:59)
SIM	1747101622	DESKTOP-JF22MNE	User	day1_scenario1	0	29.801	495.342


SYSTEM_START	-	DESKTOP-JF22MNE	DESKTOP-JF22MNE	2025-05-13 11:01:40


SYSTEM_INFO	CarMaker 14.0.1 - Car_Generic #5	jetbrains@05dcd26e64f8 2025-01-28 11:06:46	(14.0.1 jetbrains@05dcd26e64f8 2025-01-28 10:45:59)
SIM	1747101700	DESKTOP-JF22MNE	User	day1_scenario1	0	8.247	136.036


SYSTEM_START	-	DESKTOP-JF22MNE	DESKTOP-JF22MNE	2025-05-14 21:13:51


SYSTEM_INFO	CarMaker 14.0.1 - Car_Generic #5	jetbrains@05dcd26e64f8 2025-01-28 11:06:46	(14.0.1 jetbrains@05dcd26e64f8 2025-01-28 10:45:59)
SIM	1747224833	DESKTOP-JF22MNE	User	day3_scenario1	1	44.803	592.007


SYSTEM_START	-	DESKTOP-JF22MNE	DESKTOP-JF22MNE	2025-05-14 21:24:13


SYSTEM_INFO	CarMaker 14.0.1 - Car_Generic #5	jetbrains@05dcd26e64f8 2025-01-28 11:06:46	(14.0.1 jetbrains@05dcd26e64f8 2025-01-28 10:45:59)
SIM	1747225453	DESKTOP-JF22MNE	User	day3_scenario1	1	24.361	312.349


SYSTEM_START	-	DESKTOP-JF22MNE	DESKTOP-JF22MNE	2025-05-14 21:34:53


SYSTEM_INFO	CarMaker 14.0.1 - Car_Generic #5	jetbrains@05dcd26e64f8 2025-01-28 11:06:46	(14.0.1 jetbrains@05dcd26e64f8 2025-01-28 10:45:59)
SIM	1747226093	DESKTOP-JF22MNE	User	day3_scenario1	1	24.361	312.349


SYSTEM_START	-	DESKTOP-JF22MNE	DESKTOP-JF22MNE	2025-05-14 21:35:40


SYSTEM_INFO	CarMaker 14.0.1 - Car_Generic #5	jetbrains@05dcd26e64f8 2025-01-28 11:06:46	(14.0.1 jetbrains@05dcd26e64f8 2025-01-28 10:45:59)
SIM	1747226140	DESKTOP-JF22MNE	User	day3_scenario1	1	44.803	592.007


SYSTEM_START	-	DESKTOP-JF22MNE	DESKTOP-JF22MNE	2025-05-14 21:48:54


SYSTEM_INFO	CarMaker 14.0.1 - Car_Generic #5	jetbrains@05dcd26e64f8 2025-01-28 11:06:46	(14.0.1 jetbrains@05dcd26e64f8 2025-01-28 10:45:59)
SIM	1747226934	DESKTOP-JF22MNE	User	day3_scenario1	1	44.803	592.007


SYSTEM_START	-	DESKTOP-JF22MNE	DESKTOP-JF22MNE	2025-05-14 21:49:42


SYSTEM_INFO	CarMaker 14.0.1 - Car_Generic #5	jetbrains@05dcd26e64f8 2025-01-28 11:06:46	(14.0.1 jetbrains@05dcd26e64f8 2025-01-28 10:45:59)
SIM	1747226982	DESKTOP-JF22MNE	User	day3_scenario1	1	44.803	592.007


SYSTEM_START	-	DESKTOP-JF22MNE	DESKTOP-JF22MNE	2025-05-14 21:51:55


SYSTEM_INFO	CarMaker 14.0.1 - Car_Generic #5	jetbrains@05dcd26e64f8 2025-01-28 11:06:46	(14.0.1 jetbrains@05dcd26e64f8 2025-01-28 10:45:59)
SIM	1747227115	DESKTOP-JF22MNE	User	day3_scenario1	1	44.803	592.007


SYSTEM_START	-	DESKTOP-JF22MNE	DESKTOP-JF22MNE	2025-05-14 21:54:12


SYSTEM_INFO	CarMaker 14.0.1 - Car_Generic #5	jetbrains@05dcd26e64f8 2025-01-28 11:06:46	(14.0.1 jetbrains@05dcd26e64f8 2025-01-28 10:45:59)
SIM	1747227252	DESKTOP-JF22MNE	User	day3_scenario1	1	44.803	592.007


SYSTEM_START	-	DESKTOP-JF22MNE	DESKTOP-JF22MNE	2025-05-14 21:59:50


SYSTEM_INFO	CarMaker 14.0.1 - Car_Generic #5	jetbrains@05dcd26e64f8 2025-01-28 11:06:46	(14.0.1 jetbrains@05dcd26e64f8 2025-01-28 10:45:59)
SIM	1747227590	DESKTOP-JF22MNE	User	day3_scenario1	1	44.803	592.007


SYSTEM_START	-	DESKTOP-JF22MNE	DESKTOP-JF22MNE	2025-05-14 22:06:08


SYSTEM_INFO	CarMaker 14.0.1 - Car_Generic #5	jetbrains@05dcd26e64f8 2025-01-28 11:06:46	(14.0.1 jetbrains@05dcd26e64f8 2025-01-28 10:45:59)
SIM	1747227968	DESKTOP-JF22MNE	User	day3_scenario1	1	46.956	620.151


SYSTEM_START	-	DESKTOP-JF22MNE	DESKTOP-JF22MNE	2025-05-14 22:14:32


SYSTEM_INFO	CarMaker 14.0.1 - Car_Generic #5	jetbrains@05dcd26e64f8 2025-01-28 11:06:46	(14.0.1 jetbrains@05dcd26e64f8 2025-01-28 10:45:59)
SIM	1747228473	DESKTOP-JF22MNE	User	day3_scenario1	1	15.692	196.079


SYSTEM_START	-	DESKTOP-JF22MNE	DESKTOP-JF22MNE	2025-05-14 22:19:07


SYSTEM_INFO	CarMaker 14.0.1 - Car_Generic #5	jetbrains@05dcd26e64f8 2025-01-28 11:06:46	(14.0.1 jetbrains@05dcd26e64f8 2025-01-28 10:45:59)
SIM	1747228747	DESKTOP-JF22MNE	User	day3_scenario1	1	46.956	620.151


SYSTEM_START	-	DESKTOP-JF22MNE	DESKTOP-JF22MNE	2025-05-14 22:21:03


SYSTEM_INFO	CarMaker 14.0.1 - Car_Generic #5	jetbrains@05dcd26e64f8 2025-01-28 11:06:46	(14.0.1 jetbrains@05dcd26e64f8 2025-01-28 10:45:59)
SIM	1747228863	DESKTOP-JF22MNE	User	day3_scenario1	1	46.956	620.151


SYSTEM_START	-	DESKTOP-JF22MNE	DESKTOP-JF22MNE	2025-05-15 09:09:18


SYSTEM_INFO	CarMaker 14.0.1 - Car_Generic #5	jetbrains@05dcd26e64f8 2025-01-28 11:06:46	(14.0.1 jetbrains@05dcd26e64f8 2025-01-28 10:45:59)
SIM	1747267760	DESKTOP-JF22MNE	User	day3_scenario2	0	77.945	2.13935


SYSTEM_START	-	DESKTOP-JF22MNE	DESKTOP-JF22MNE	2025-05-15 09:35:26


SYSTEM_INFO	CarMaker 14.0.1 - Car_Generic #5	jetbrains@05dcd26e64f8 2025-01-28 11:06:46	(14.0.1 jetbrains@05dcd26e64f8 2025-01-28 10:45:59)
SIM	1747269326	DESKTOP-JF22MNE	User	day3_scenario2	0	75.684	159.167


SYSTEM_START	-	DESKTOP-JF22MNE	DESKTOP-JF22MNE	2025-05-15 09:35:58


SYSTEM_INFO	CarMaker 14.0.1 - Car_Generic #5	jetbrains@05dcd26e64f8 2025-01-28 11:06:46	(14.0.1 jetbrains@05dcd26e64f8 2025-01-28 10:45:59)
SIM	1747269358	DESKTOP-JF22MNE	User	day3_scenario2	0	733.457	1019.38


SYSTEM_START	-	DESKTOP-JF22MNE	DESKTOP-JF22MNE	2025-05-15 09:44:50


SYSTEM_INFO	CarMaker 14.0.1 - Car_Generic #5	jetbrains@05dcd26e64f8 2025-01-28 11:06:46	(14.0.1 jetbrains@05dcd26e64f8 2025-01-28 10:45:59)
SIM	1747269890	DESKTOP-JF22MNE	User	day3_scenario2	0	53.799	124.773


SYSTEM_START	-	DESKTOP-JF22MNE	DESKTOP-JF22MNE	2025-05-15 10:08:33


SYSTEM_INFO	CarMaker 14.0.1 - Car_Generic #5	jetbrains@05dcd26e64f8 2025-01-28 11:06:46	(14.0.1 jetbrains@05dcd26e64f8 2025-01-28 10:45:59)
SIM	1747271313	DESKTOP-JF22MNE	User	day3_scenario2	1	52.136	157.808


SYSTEM_START	-	DESKTOP-JF22MNE	DESKTOP-JF22MNE	2025-05-15 10:11:25


SYSTEM_INFO	CarMaker 14.0.1 - Car_Generic #5	jetbrains@05dcd26e64f8 2025-01-28 11:06:46	(14.0.1 jetbrains@05dcd26e64f8 2025-01-28 10:45:59)
SIM	1747271485	DESKTOP-JF22MNE	User	day3_scenario2	0	302.458	303.947


SYSTEM_START	-	DESKTOP-JF22MNE	DESKTOP-JF22MNE	2025-05-15 10:15:10


SYSTEM_INFO	CarMaker 14.0.1 - Car_Generic #5	jetbrains@05dcd26e64f8 2025-01-28 11:06:46	(14.0.1 jetbrains@05dcd26e64f8 2025-01-28 10:45:59)
SIM	1747271711	DESKTOP-JF22MNE	User	day3_scenario2	1	78.209	160.252


SYSTEM_START	-	DESKTOP-JF22MNE	DESKTOP-JF22MNE	2025-05-15 10:17:16


SYSTEM_INFO	CarMaker 14.0.1 - Car_Generic #5	jetbrains@05dcd26e64f8 2025-01-28 11:06:46	(14.0.1 jetbrains@05dcd26e64f8 2025-01-28 10:45:59)
SIM	1747271836	DESKTOP-JF22MNE	User	day3_scenario2	1	78.564	160.151


SYSTEM_START	-	DESKTOP-JF22MNE	DESKTOP-JF22MNE	2025-05-15 10:20:42


SYSTEM_INFO	CarMaker 14.0.1 - Car_Generic #5	jetbrains@05dcd26e64f8 2025-01-28 11:06:46	(14.0.1 jetbrains@05dcd26e64f8 2025-01-28 10:45:59)
SIM	1747272042	DESKTOP-JF22MNE	User	day3_scenario2	1	78.322	160.346


SYSTEM_START	-	DESKTOP-JF22MNE	DESKTOP-JF22MNE	2025-05-15 10:23:40


SYSTEM_INFO	CarMaker 14.0.1 - Car_Generic #5	jetbrains@05dcd26e64f8 2025-01-28 11:06:46	(14.0.1 jetbrains@05dcd26e64f8 2025-01-28 10:45:59)
SIM	1747272221	DESKTOP-JF22MNE	User	day3_scenario2	0	365.153	525.689


SYSTEM_START	-	DESKTOP-JF22MNE	DESKTOP-JF22MNE	2025-05-15 10:29:06


SYSTEM_INFO	CarMaker 14.0.1 - Car_Generic #5	jetbrains@05dcd26e64f8 2025-01-28 11:06:46	(14.0.1 jetbrains@05dcd26e64f8 2025-01-28 10:45:59)
SIM	1747272547	DESKTOP-JF22MNE	User	day3_scenario2	1	8.155	132.642


SYSTEM_START	-	DESKTOP-JF22MNE	DESKTOP-JF22MNE	2025-05-15 10:29:24


SYSTEM_INFO	CarMaker 14.0.1 - Car_Generic #5	jetbrains@05dcd26e64f8 2025-01-28 11:06:46	(14.0.1 jetbrains@05dcd26e64f8 2025-01-28 10:45:59)
SIM	1747272564	DESKTOP-JF22MNE	User	day3_scenario2	0	83.081	161.631


SYSTEM_START	-	DESKTOP-JF22MNE	DESKTOP-JF22MNE	2025-05-15 10:30:23


SYSTEM_INFO	CarMaker 14.0.1 - Car_Generic #5	jetbrains@05dcd26e64f8 2025-01-28 11:06:46	(14.0.1 jetbrains@05dcd26e64f8 2025-01-28 10:45:59)
SIM	1747272623	DESKTOP-JF22MNE	User	day3_scenario2	0	58.252	130.114


SYSTEM_START	-	DESKTOP-JF22MNE	DESKTOP-JF22MNE	2025-05-15 10:30:57


SYSTEM_INFO	CarMaker 14.0.1 - Car_Generic #5	jetbrains@05dcd26e64f8 2025-01-28 11:06:46	(14.0.1 jetbrains@05dcd26e64f8 2025-01-28 10:45:59)
SIM	1747272657	DESKTOP-JF22MNE	User	day3_scenario2	0	275.985	411.878


SYSTEM_START	-	DESKTOP-JF22MNE	DESKTOP-JF22MNE	2025-05-15 10:32:43


SYSTEM_INFO	CarMaker 14.0.1 - Car_Generic #5	jetbrains@05dcd26e64f8 2025-01-28 11:06:46	(14.0.1 jetbrains@05dcd26e64f8 2025-01-28 10:45:59)
SIM	1747272763	DESKTOP-JF22MNE	User	day3_scenario2	1	78.318	160.392


SYSTEM_START	-	DESKTOP-JF22MNE	DESKTOP-JF22MNE	2025-05-15 10:33:44


SYSTEM_INFO	CarMaker 14.0.1 - Car_Generic #5	jetbrains@05dcd26e64f8 2025-01-28 11:06:46	(14.0.1 jetbrains@05dcd26e64f8 2025-01-28 10:45:59)
SIM	1747272824	DESKTOP-JF22MNE	User	day3_scenario2	0	105.383	122.976


SYSTEM_START	-	DESKTOP-JF22MNE	DESKTOP-JF22MNE	2025-05-15 11:46:09


SYSTEM_INFO	CarMaker 14.0.1 - Car_Generic #5	jetbrains@05dcd26e64f8 2025-01-28 11:06:46	(14.0.1 jetbrains@05dcd26e64f8 2025-01-28 10:45:59)
SIM	1747277169	DESKTOP-JF22MNE	User	day3_scenario1	1	47.526	628.935


SYSTEM_START	-	DESKTOP-JF22MNE	DESKTOP-JF22MNE	2025-05-15 11:46:41


SYSTEM_INFO	CarMaker 14.0.1 - Car_Generic #5	jetbrains@05dcd26e64f8 2025-01-28 11:06:46	(14.0.1 jetbrains@05dcd26e64f8 2025-01-28 10:45:59)
SIM	1747277201	DESKTOP-JF22MNE	User	day3_scenario1	1	47.526	628.935


SYSTEM_START	-	DESKTOP-JF22MNE	DESKTOP-JF22MNE	2025-05-15 11:57:54


SYSTEM_INFO	CarMaker 14.0.1 - Car_Generic #5	jetbrains@05dcd26e64f8 2025-01-28 11:06:46	(14.0.1 jetbrains@05dcd26e64f8 2025-01-28 10:45:59)
SIM	1747277874	DESKTOP-JF22MNE	User	day3_scenario1	1	47.526	628.935


SYSTEM_START	-	DESKTOP-JF22MNE	DESKTOP-JF22MNE	2025-05-15 12:37:40


SYSTEM_INFO	CarMaker 14.0.1 - Car_Generic #5	jetbrains@05dcd26e64f8 2025-01-28 11:06:46	(14.0.1 jetbrains@05dcd26e64f8 2025-01-28 10:45:59)
SIM	1747280260	DESKTOP-JF22MNE	User	day3_scenario1	0	47.03	630.251


SYSTEM_START	-	DESKTOP-JF22MNE	DESKTOP-JF22MNE	2025-05-15 12:40:08


SYSTEM_INFO	CarMaker 14.0.1 - Car_Generic #5	jetbrains@05dcd26e64f8 2025-01-28 11:06:46	(14.0.1 jetbrains@05dcd26e64f8 2025-01-28 10:45:59)
SIM	1747280408	DESKTOP-JF22MNE	User	day3_scenario1	0	47.432	636.908


SYSTEM_START	-	DESKTOP-JF22MNE	DESKTOP-JF22MNE	2025-05-15 14:33:59


SYSTEM_INFO	CarMaker 14.0.1 - Car_Generic #5	jetbrains@05dcd26e64f8 2025-01-28 11:06:46	(14.0.1 jetbrains@05dcd26e64f8 2025-01-28 10:45:59)
SIM	1747287240	DESKTOP-JF22MNE	User	day3_scenario1	0	46.765	623.978


SYSTEM_START	-	DESKTOP-JF22MNE	DESKTOP-JF22MNE	2025-05-17 15:35:22


SYSTEM_INFO	CarMaker 14.0.1 - Car_Generic #5	jetbrains@05dcd26e64f8 2025-01-28 11:06:46	(14.0.1 jetbrains@05dcd26e64f8 2025-01-28 10:45:59)
SIM	1747463723	DESKTOP-JF22MNE	User	day4_5_scenario1	2	0.003	0


SYSTEM_START	-	DESKTOP-JF22MNE	DESKTOP-JF22MNE	2025-05-17 15:43:37


SYSTEM_INFO	CarMaker 14.0.1 - Car_Generic #5	jetbrains@05dcd26e64f8 2025-01-28 11:06:46	(14.0.1 jetbrains@05dcd26e64f8 2025-01-28 10:45:59)
SIM	1747464218	DESKTOP-JF22MNE	User	day4_5_scenario1	2	0.003	0


SYSTEM_START	-	DESKTOP-JF22MNE	DESKTOP-JF22MNE	2025-05-17 15:47:17


SYSTEM_INFO	CarMaker 14.0.1 - Car_Generic #5	jetbrains@05dcd26e64f8 2025-01-28 11:06:46	(14.0.1 jetbrains@05dcd26e64f8 2025-01-28 10:45:59)
SIM	1747464438	DESKTOP-JF22MNE	User	day4_5_scenario1	1	5.932	26.2191


SYSTEM_START	-	DESKTOP-JF22MNE	DESKTOP-JF22MNE	2025-05-17 16:56:52


SYSTEM_INFO	CarMaker 14.0.1 - Car_Generic #5	jetbrains@05dcd26e64f8 2025-01-28 11:06:46	(14.0.1 jetbrains@05dcd26e64f8 2025-01-28 10:45:59)
SIM	1747468612	DESKTOP-JF22MNE	User	day4_5_scenario1	1	5.932	26.2191


SYSTEM_START	-	DESKTOP-JF22MNE	DESKTOP-JF22MNE	2025-05-17 17:01:31


SYSTEM_INFO	CarMaker 14.0.1 - Car_Generic #5	jetbrains@05dcd26e64f8 2025-01-28 11:06:46	(14.0.1 jetbrains@05dcd26e64f8 2025-01-28 10:45:59)
SIM	1747468891	DESKTOP-JF22MNE	User	day4_5_scenario1	1	5.932	26.2191
