APPLICATION	CarMaker 14.0.1 - Car_Generic #5 (win64-14.0.1)
COMPILED	jetbrains@05dcd26e64f8 2025-01-28 11:06:46
 
		I/O Configuration: default
SIM_START	day2_scenario4	2025-05-12 12:05:51
TIME	0.000
SIMULATE	day2_scenario4

TIME	2.998
ERROR		Vehicle leaves road at about x=33.2065, y=3.67066 TireNo=0
SIM_ABORT	day2_scenario4	3.001s	30.5464m
APPLICATION	CarMaker 14.0.1 - Car_Generic #5 (win64-14.0.1)
COMPILED	jetbrains@05dcd26e64f8 2025-01-28 11:06:46
 
		I/O Configuration: default
SIM_START	day2_scenario4	2025-05-12 12:06:04
TIME	0.000
SIMULATE	day2_scenario4

TIME	2.998
ERROR		Vehicle leaves road at about x=33.2065, y=3.67066 TireNo=0
SIM_ABORT	day2_scenario4	3.001s	30.5464m
APPLICATION	CarMaker 14.0.1 - Car_Generic #5 (win64-14.0.1)
COMPILED	jetbrains@05dcd26e64f8 2025-01-28 11:06:46
 
		I/O Configuration: default
SIM_START	day2_scenario4	2025-05-12 12:06:28
TIME	0.000
SIMULATE	day2_scenario4

TIME	2.997
ERROR		Vehicle leaves road at about x=33.1979, y=3.6663 TireNo=0
SIM_ABORT	day2_scenario4	3s	30.5365m
APPLICATION	CarMaker 14.0.1 - Car_Generic #5 (win64-14.0.1)
COMPILED	jetbrains@05dcd26e64f8 2025-01-28 11:06:46
 
		I/O Configuration: default
SIM_START	day2_scenario4	2025-05-12 12:07:08
TIME	0.000
SIMULATE	day2_scenario4

TIME	2.997
ERROR		Vehicle leaves road at about x=33.1979, y=3.6663 TireNo=0
SIM_ABORT	day2_scenario4	3s	30.5365m
APPLICATION	CarMaker 14.0.1 - Car_Generic #5 (win64-14.0.1)
COMPILED	jetbrains@05dcd26e64f8 2025-01-28 11:06:46
 
		I/O Configuration: default
SIM_START	day2_scenario4	2025-05-12 12:07:45
TIME	0.000
SIMULATE	day2_scenario4

TIME	2.550
ERROR		Vehicle leaves road at about x=25.7847, y=-13.3744 TireNo=1
SIM_ABORT	day2_scenario4	2.553s	25.8003m
APPLICATION	CarMaker 14.0.1 - Car_Generic #5 (win64-14.0.1)
COMPILED	jetbrains@05dcd26e64f8 2025-01-28 11:06:46
 
		I/O Configuration: default
SIM_START	day2_scenario4	2025-05-12 12:07:59
TIME	0.000
SIMULATE	day2_scenario4

TIME	9.101
ERROR		Embedded FARoadSensor Geo:  xyz (nan nan nan) not found on Road
SIM_ABORT	day2_scenario4	9.104s	114.174m
APPLICATION	CarMaker 14.0.1 - Car_Generic #5 (win64-14.0.1)
COMPILED	jetbrains@05dcd26e64f8 2025-01-28 11:06:46
 
		I/O Configuration: default
SIM_START	day2_scenario4	2025-05-12 12:08:28
TIME	0.000
SIMULATE	day2_scenario4

TIME	9.101
ERROR		Embedded FARoadSensor Geo:  xyz (nan nan nan) not found on Road
SIM_ABORT	day2_scenario4	9.104s	114.174m
APPLICATION	CarMaker 14.0.1 - Car_Generic #5 (win64-14.0.1)
COMPILED	jetbrains@05dcd26e64f8 2025-01-28 11:06:46
 
		I/O Configuration: default
SIM_START	day2_scenario4	2025-05-12 12:09:12
TIME	0.000
SIMULATE	day2_scenario4

TIME	25.401
ERROR		Embedded FARoadSensor Geo:  xyz (nan nan nan) not found on Road
SIM_ABORT	day2_scenario4	25.404s	341.551m
APPLICATION	CarMaker 14.0.1 - Car_Generic #5 (win64-14.0.1)
COMPILED	jetbrains@05dcd26e64f8 2025-01-28 11:06:46
 
		I/O Configuration: default
SIM_START	day2_scenario4	2025-05-12 12:09:53
TIME	0.000
SIMULATE	day2_scenario4

TIME	25.401
ERROR		Embedded FARoadSensor Geo:  xyz (nan nan nan) not found on Road
SIM_ABORT	day2_scenario4	25.404s	341.551m
APPLICATION	CarMaker 14.0.1 - Car_Generic #5 (win64-14.0.1)
COMPILED	jetbrains@05dcd26e64f8 2025-01-28 11:06:46
 
		I/O Configuration: default
SIM_START	day2_scenario4	2025-05-12 12:11:01
TIME	0.000
SIMULATE	day2_scenario4

TIME	2.550
ERROR		Vehicle leaves road at about x=25.7847, y=-13.3744 TireNo=1
SIM_ABORT	day2_scenario4	2.553s	25.8003m
APPLICATION	CarMaker 14.0.1 - Car_Generic #5 (win64-14.0.1)
COMPILED	jetbrains@05dcd26e64f8 2025-01-28 11:06:46
 
		I/O Configuration: default
SIM_START	day2_scenario4	2025-05-12 12:11:08
TIME	0.000
SIMULATE	day2_scenario4

TIME	2.550
ERROR		Vehicle leaves road at about x=25.7847, y=-13.3744 TireNo=1
SIM_ABORT	day2_scenario4	2.553s	25.8003m
APPLICATION	CarMaker 14.0.1 - Car_Generic #5 (win64-14.0.1)
COMPILED	jetbrains@05dcd26e64f8 2025-01-28 11:06:46
 
		I/O Configuration: default
SIM_START	day2_scenario4	2025-05-12 12:11:27
TIME	0.000
SIMULATE	day2_scenario4

TIME	2.550
ERROR		Vehicle leaves road at about x=25.7847, y=-13.3744 TireNo=1
SIM_ABORT	day2_scenario4	2.553s	25.8003m
