APPLICATION	CarMaker 14.0.1 - Car_Generic #5 (win64-14.0.1)
COMPILED	jetbrains@05dcd26e64f8 2025-01-28 11:06:46
 
		I/O Configuration: default
SIM_START	day2_scenario5	2025-05-12 20:33:51
TIME	0.000
SIMULATE	day2_scenario5

TIME	7.546
ERROR		Vehicle leaves road at about x=53.7998, y=92.6179 TireNo=0
SIM_ABORT	day2_scenario5	7.549s	103.333m
APPLICATION	CarMaker 14.0.1 - Car_Generic #5 (win64-14.0.1)
COMPILED	jetbrains@05dcd26e64f8 2025-01-28 11:06:46
 
		I/O Configuration: default
SIM_START	day2_scenario5	2025-05-12 20:34:42
TIME	0.000
SIMULATE	day2_scenario5

TIME	8.123
ERROR		Vehicle leaves road at about x=62.8947, y=96.6237 TireNo=0
SIM_ABORT	day2_scenario5	8.126s	110.949m
APPLICATION	CarMaker 14.0.1 - Car_Generic #5 (win64-14.0.1)
COMPILED	jetbrains@05dcd26e64f8 2025-01-28 11:06:46
 
		I/O Configuration: default
SIM_START	day2_scenario5	2025-05-12 20:36:08
TIME	0.000
SIMULATE	day2_scenario5

TIME	8.123
ERROR		Vehicle leaves road at about x=62.8947, y=96.6237 TireNo=0
SIM_ABORT	day2_scenario5	8.126s	110.949m
APPLICATION	CarMaker 14.0.1 - Car_Generic #5 (win64-14.0.1)
COMPILED	jetbrains@05dcd26e64f8 2025-01-28 11:06:46
 
		I/O Configuration: default
SIM_START	day2_scenario5	2025-05-12 20:36:58
TIME	0.000
SIMULATE	day2_scenario5

TIME	8.123
ERROR		Vehicle leaves road at about x=62.8947, y=96.6237 TireNo=0
SIM_ABORT	day2_scenario5	8.126s	110.949m
APPLICATION	CarMaker 14.0.1 - Car_Generic #5 (win64-14.0.1)
COMPILED	jetbrains@05dcd26e64f8 2025-01-28 11:06:46
 
		I/O Configuration: default
SIM_START	day2_scenario5	2025-05-12 20:37:26
TIME	0.000
SIMULATE	day2_scenario5

TIME	3.386
ERROR		Vehicle leaves road at about x=6.44975, y=44.2831 TireNo=0
SIM_ABORT	day2_scenario5	3.389s	40.4661m
APPLICATION	CarMaker 14.0.1 - Car_Generic #5 (win64-14.0.1)
COMPILED	jetbrains@05dcd26e64f8 2025-01-28 11:06:46
 
		I/O Configuration: default
SIM_START	day2_scenario5	2025-05-12 20:37:41
TIME	0.000
SIMULATE	day2_scenario5

TIME	4.425
ERROR		Vehicle leaves road at about x=15.0804, y=59.1721 TireNo=0
SIM_ABORT	day2_scenario5	4.428s	56.502m
APPLICATION	CarMaker 14.0.1 - Car_Generic #5 (win64-14.0.1)
COMPILED	jetbrains@05dcd26e64f8 2025-01-28 11:06:46
 
		I/O Configuration: default
SIM_START	day2_scenario5	2025-05-12 20:37:56
TIME	0.000
SIMULATE	day2_scenario5

TIME	7.546
ERROR		Vehicle leaves road at about x=53.7998, y=92.6179 TireNo=0
SIM_ABORT	day2_scenario5	7.549s	103.333m
APPLICATION	CarMaker 14.0.1 - Car_Generic #5 (win64-14.0.1)
COMPILED	jetbrains@05dcd26e64f8 2025-01-28 11:06:46
 
		I/O Configuration: default
SIM_START	day2_scenario5	2025-05-12 20:38:09
TIME	0.000
SIMULATE	day2_scenario5

TIME	7.845
ERROR		Vehicle leaves road at about x=58.5848, y=94.8565 TireNo=0
SIM_ABORT	day2_scenario5	7.848s	107.55m
APPLICATION	CarMaker 14.0.1 - Car_Generic #5 (win64-14.0.1)
COMPILED	jetbrains@05dcd26e64f8 2025-01-28 11:06:46
 
		I/O Configuration: default
SIM_START	day2_scenario5	2025-05-12 20:38:24
TIME	0.000
SIMULATE	day2_scenario5

TIME	7.910
ERROR		Vehicle leaves road at about x=59.7024, y=95.3337 TireNo=0
SIM_ABORT	day2_scenario5	7.913s	108.491m
APPLICATION	CarMaker 14.0.1 - Car_Generic #5 (win64-14.0.1)
COMPILED	jetbrains@05dcd26e64f8 2025-01-28 11:06:46
 
		I/O Configuration: default
SIM_START	day2_scenario5	2025-05-12 20:38:53
TIME	0.000
SIMULATE	day2_scenario5

TIME	7.902
ERROR		Vehicle leaves road at about x=59.5814, y=95.2859 TireNo=0
SIM_ABORT	day2_scenario5	7.905s	108.398m
APPLICATION	CarMaker 14.0.1 - Car_Generic #5 (win64-14.0.1)
COMPILED	jetbrains@05dcd26e64f8 2025-01-28 11:06:46
 
		I/O Configuration: default
SIM_START	day2_scenario5	2025-05-12 20:39:26
TIME	0.000
SIMULATE	day2_scenario5

TIME	7.801
ERROR		Vehicle leaves road at about x=57.9151, y=94.5595 TireNo=0
SIM_ABORT	day2_scenario5	7.804s	107.018m
APPLICATION	CarMaker 14.0.1 - Car_Generic #5 (win64-14.0.1)
COMPILED	jetbrains@05dcd26e64f8 2025-01-28 11:06:46
 
		I/O Configuration: default
SIM_START	day2_scenario5	2025-05-12 20:39:51
TIME	0.000
SIMULATE	day2_scenario5

TIME	7.804
ERROR		Vehicle leaves road at about x=57.9575, y=94.5783 TireNo=0
SIM_ABORT	day2_scenario5	7.807s	107.063m
APPLICATION	CarMaker 14.0.1 - Car_Generic #5 (win64-14.0.1)
COMPILED	jetbrains@05dcd26e64f8 2025-01-28 11:06:46
 
		I/O Configuration: default
SIM_START	day2_scenario5	2025-05-12 20:40:07
TIME	0.000
SIMULATE	day2_scenario5

TIME	7.902
ERROR		Vehicle leaves road at about x=59.5814, y=95.2859 TireNo=0
SIM_ABORT	day2_scenario5	7.905s	108.398m
APPLICATION	CarMaker 14.0.1 - Car_Generic #5 (win64-14.0.1)
COMPILED	jetbrains@05dcd26e64f8 2025-01-28 11:06:46
 
		I/O Configuration: default
SIM_START	day2_scenario5	2025-05-12 20:40:22
TIME	0.000
SIMULATE	day2_scenario5

TIME	7.852
ERROR		Vehicle leaves road at about x=58.7349, y=94.9235 TireNo=0
SIM_ABORT	day2_scenario5	7.855s	107.687m
APPLICATION	CarMaker 14.0.1 - Car_Generic #5 (win64-14.0.1)
COMPILED	jetbrains@05dcd26e64f8 2025-01-28 11:06:46
 
		I/O Configuration: default
SIM_START	day2_scenario5	2025-05-12 20:40:35
TIME	0.000
SIMULATE	day2_scenario5

TIME	8.206
ERROR		Vehicle leaves road at about x=64.9719, y=97.396 TireNo=0
SIM_ABORT	day2_scenario5	8.209s	112.627m
APPLICATION	CarMaker 14.0.1 - Car_Generic #5 (win64-14.0.1)
COMPILED	jetbrains@05dcd26e64f8 2025-01-28 11:06:46
 
		I/O Configuration: default
SIM_START	day2_scenario5	2025-05-12 20:41:50
TIME	0.000
SIMULATE	day2_scenario5

TIME	7.928
ERROR		Vehicle leaves road at about x=60.0746, y=95.4912 TireNo=0
SIM_ABORT	day2_scenario5	7.931s	108.785m
APPLICATION	CarMaker 14.0.1 - Car_Generic #5 (win64-14.0.1)
COMPILED	jetbrains@05dcd26e64f8 2025-01-28 11:06:46
 
		I/O Configuration: default
SIM_START	day2_scenario5	2025-05-12 20:42:21
TIME	0.000
SIMULATE	day2_scenario5

TIME	7.856
ERROR		Vehicle leaves road at about x=58.835, y=94.9652 TireNo=0
SIM_ABORT	day2_scenario5	7.859s	107.784m
APPLICATION	CarMaker 14.0.1 - Car_Generic #5 (win64-14.0.1)
COMPILED	jetbrains@05dcd26e64f8 2025-01-28 11:06:46
 
		I/O Configuration: default
SIM_START	day2_scenario5	2025-05-12 20:43:00
TIME	0.000
SIMULATE	day2_scenario5

TIME	7.856
ERROR		Vehicle leaves road at about x=58.835, y=94.9652 TireNo=0
SIM_ABORT	day2_scenario5	7.859s	107.784m
APPLICATION	CarMaker 14.0.1 - Car_Generic #5 (win64-14.0.1)
COMPILED	jetbrains@05dcd26e64f8 2025-01-28 11:06:46
 
		I/O Configuration: default
SIM_START	day2_scenario5	2025-05-12 20:44:08
TIME	0.000
SIMULATE	day2_scenario5

TIME	7.852
ERROR		Vehicle leaves road at about x=58.7349, y=94.9235 TireNo=0
SIM_ABORT	day2_scenario5	7.855s	107.687m
APPLICATION	CarMaker 14.0.1 - Car_Generic #5 (win64-14.0.1)
COMPILED	jetbrains@05dcd26e64f8 2025-01-28 11:06:46
 
		I/O Configuration: default
SIM_START	day2_scenario5	2025-05-12 20:44:55
TIME	0.000
SIMULATE	day2_scenario5

TIME	3.144
ERROR		Vehicle leaves road at about x=23.5541, y=40.4634 TireNo=1
SIM_ABORT	day2_scenario5	3.147s	42.846m
APPLICATION	CarMaker 14.0.1 - Car_Generic #5 (win64-14.0.1)
COMPILED	jetbrains@05dcd26e64f8 2025-01-28 11:06:46
 
		I/O Configuration: default
SIM_START	day2_scenario5	2025-05-12 20:45:19
TIME	0.000
SIMULATE	day2_scenario5

TIME	5.683
ERROR		Vehicle leaves road at about x=43.5074, y=65.4993 TireNo=1
SIM_ABORT	day2_scenario5	5.686s	77.6867m
APPLICATION	CarMaker 14.0.1 - Car_Generic #5 (win64-14.0.1)
COMPILED	jetbrains@05dcd26e64f8 2025-01-28 11:06:46
 
		I/O Configuration: default
SIM_START	day2_scenario5	2025-05-12 20:45:34
TIME	0.000
SIMULATE	day2_scenario5

TIME	7.705
ERROR		Vehicle leaves road at about x=56.1265, y=93.7459 TireNo=0
SIM_ABORT	day2_scenario5	7.708s	105.546m
APPLICATION	CarMaker 14.0.1 - Car_Generic #5 (win64-14.0.1)
COMPILED	jetbrains@05dcd26e64f8 2025-01-28 11:06:46
 
		I/O Configuration: default
SIM_START	day2_scenario5	2025-05-12 20:45:56
TIME	0.000
SIMULATE	day2_scenario5

TIME	7.868
ERROR		Vehicle leaves road at about x=58.9955, y=95.0362 TireNo=0
SIM_ABORT	day2_scenario5	7.871s	107.934m
APPLICATION	CarMaker 14.0.1 - Car_Generic #5 (win64-14.0.1)
COMPILED	jetbrains@05dcd26e64f8 2025-01-28 11:06:46
 
		I/O Configuration: default
SIM_START	day2_scenario5	2025-05-12 20:46:34
TIME	0.000
SIMULATE	day2_scenario5

TIME	7.952
ERROR		Vehicle leaves road at about x=60.4079, y=95.6306 TireNo=0
SIM_ABORT	day2_scenario5	7.955s	109.103m
APPLICATION	CarMaker 14.0.1 - Car_Generic #5 (win64-14.0.1)
COMPILED	jetbrains@05dcd26e64f8 2025-01-28 11:06:46
 
		I/O Configuration: default
SIM_START	day2_scenario5	2025-05-12 20:47:26
TIME	0.000
SIMULATE	day2_scenario5

TIME	4.691
ERROR		Vehicle leaves road at about x=35.7598, y=57.925 TireNo=1
SIM_ABORT	day2_scenario5	4.694s	64.2978m
APPLICATION	CarMaker 14.0.1 - Car_Generic #5 (win64-14.0.1)
COMPILED	jetbrains@05dcd26e64f8 2025-01-28 11:06:46
 
		I/O Configuration: default
SIM_START	day2_scenario5	2025-05-12 20:49:40
TIME	0.000
SIMULATE	day2_scenario5

TIME	2.709
ERROR		Vehicle leaves road at about x=4.91272, y=40.8806 TireNo=0
SIM_ABORT	day2_scenario5	2.712s	37.0291m
APPLICATION	CarMaker 14.0.1 - Car_Generic #5 (win64-14.0.1)
COMPILED	jetbrains@05dcd26e64f8 2025-01-28 11:06:46
 
		I/O Configuration: default
SIM_START	day2_scenario5	2025-05-12 20:50:09
TIME	0.000
SIMULATE	day2_scenario5

TIME	2.708
ERROR		Vehicle leaves road at about x=4.90574, y=40.8665 TireNo=0
SIM_ABORT	day2_scenario5	2.711s	37.0155m
APPLICATION	CarMaker 14.0.1 - Car_Generic #5 (win64-14.0.1)
COMPILED	jetbrains@05dcd26e64f8 2025-01-28 11:06:46
 
		I/O Configuration: default
SIM_START	day2_scenario5	2025-05-12 20:53:05
TIME	0.000
SIMULATE	day2_scenario5

TIME	2.721
ERROR		Vehicle leaves road at about x=4.98289, y=41.0443 TireNo=0
SIM_ABORT	day2_scenario5	2.724s	37.1932m
APPLICATION	CarMaker 14.0.1 - Car_Generic #5 (win64-14.0.1)
COMPILED	jetbrains@05dcd26e64f8 2025-01-28 11:06:46
 
		I/O Configuration: default
SIM_START	day2_scenario5	2025-05-12 20:56:12
TIME	0.000
SIMULATE	day2_scenario5

TIME	2.721
ERROR		Vehicle leaves road at about x=4.98289, y=41.0443 TireNo=0
SIM_ABORT	day2_scenario5	2.724s	37.1932m
APPLICATION	CarMaker 14.0.1 - Car_Generic #5 (win64-14.0.1)
COMPILED	jetbrains@05dcd26e64f8 2025-01-28 11:06:46
 
		I/O Configuration: default
SIM_START	day2_scenario5	2025-05-12 20:56:28
TIME	0.000
SIMULATE	day2_scenario5

TIME	9.044
ERROR		Vehicle leaves road at about x=70.9915, y=99.3534 TireNo=0
SIM_ABORT	day2_scenario5	9.047s	124.164m
APPLICATION	CarMaker 14.0.1 - Car_Generic #5 (win64-14.0.1)
COMPILED	jetbrains@05dcd26e64f8 2025-01-28 11:06:46
 
		I/O Configuration: default
SIM_START	day2_scenario5	2025-05-12 20:56:48
TIME	0.000
SIMULATE	day2_scenario5

TIME	8.762
ERROR		Vehicle leaves road at about x=66.5716, y=97.9561 TireNo=0
SIM_ABORT	day2_scenario5	8.765s	120.266m
APPLICATION	CarMaker 14.0.1 - Car_Generic #5 (win64-14.0.1)
COMPILED	jetbrains@05dcd26e64f8 2025-01-28 11:06:46
 
		I/O Configuration: default
SIM_START	day2_scenario5	2025-05-12 20:57:10
TIME	0.000
SIMULATE	day2_scenario5

TIME	2.770
ERROR		Vehicle leaves road at about x=5.28312, y=41.7284 TireNo=0
SIM_ABORT	day2_scenario5	2.773s	37.8628m
APPLICATION	CarMaker 14.0.1 - Car_Generic #5 (win64-14.0.1)
COMPILED	jetbrains@05dcd26e64f8 2025-01-28 11:06:46
 
		I/O Configuration: default
SIM_START	day2_scenario5	2025-05-12 20:57:22
TIME	0.000
SIMULATE	day2_scenario5

TIME	9.865
ERROR		Vehicle leaves road at about x=81.4567, y=101.828 TireNo=0
SIM_ABORT	day2_scenario5	9.868s	135.673m
APPLICATION	CarMaker 14.0.1 - Car_Generic #5 (win64-14.0.1)
COMPILED	jetbrains@05dcd26e64f8 2025-01-28 11:06:46
 
		I/O Configuration: default
SIM_START	day2_scenario5	2025-05-12 20:57:36
TIME	0.000
SIMULATE	day2_scenario5

TIME	9.867
ERROR		Vehicle leaves road at about x=81.4996, y=101.834 TireNo=0
SIM_ABORT	day2_scenario5	9.87s	135.7m
APPLICATION	CarMaker 14.0.1 - Car_Generic #5 (win64-14.0.1)
COMPILED	jetbrains@05dcd26e64f8 2025-01-28 11:06:46
 
		I/O Configuration: default
SIM_START	day2_scenario5	2025-05-12 20:58:18
TIME	0.000
SIMULATE	day2_scenario5

TIME	9.856
ERROR		Vehicle leaves road at about x=81.3311, y=101.806 TireNo=0
SIM_ABORT	day2_scenario5	9.859s	135.547m
APPLICATION	CarMaker 14.0.1 - Car_Generic #5 (win64-14.0.1)
COMPILED	jetbrains@05dcd26e64f8 2025-01-28 11:06:46
 
		I/O Configuration: default
SIM_START	day2_scenario5	2025-05-12 20:58:59
TIME	0.000
SIMULATE	day2_scenario5

TIME	9.848
ERROR		Vehicle leaves road at about x=81.2623, y=101.792 TireNo=0
SIM_ABORT	day2_scenario5	9.851s	135.436m
APPLICATION	CarMaker 14.0.1 - Car_Generic #5 (win64-14.0.1)
COMPILED	jetbrains@05dcd26e64f8 2025-01-28 11:06:46
 
		I/O Configuration: default
SIM_START	day2_scenario5	2025-05-12 20:59:33
TIME	0.000
SIMULATE	day2_scenario5

TIME	10.315
ERROR		Vehicle leaves road at about x=89.0605, y=102.921 TireNo=0
SIM_ABORT	day2_scenario5	10.318s	141.924m
APPLICATION	CarMaker 14.0.1 - Car_Generic #5 (win64-14.0.1)
COMPILED	jetbrains@05dcd26e64f8 2025-01-28 11:06:46
 
		I/O Configuration: default
SIM_START	day2_scenario5	2025-05-12 20:59:52
TIME	0.000
SIMULATE	day2_scenario5

TIME	3.068
ERROR		Vehicle leaves road at about x=7.16108, y=45.7574 TireNo=0
SIM_ABORT	day2_scenario5	3.071s	41.9354m
APPLICATION	CarMaker 14.0.1 - Car_Generic #5 (win64-14.0.1)
COMPILED	jetbrains@05dcd26e64f8 2025-01-28 11:06:46
 
		I/O Configuration: default
SIM_START	day2_scenario5	2025-05-12 21:00:04
TIME	0.000
SIMULATE	day2_scenario5

TIME	3.036
ERROR		Vehicle leaves road at about x=6.95317, y=45.3338 TireNo=0
SIM_ABORT	day2_scenario5	3.039s	41.4973m
APPLICATION	CarMaker 14.0.1 - Car_Generic #5 (win64-14.0.1)
COMPILED	jetbrains@05dcd26e64f8 2025-01-28 11:06:46
 
		I/O Configuration: default
SIM_START	day2_scenario5	2025-05-12 21:00:19
TIME	0.000
SIMULATE	day2_scenario5

TIME	9.219
ERROR		Vehicle leaves road at about x=73.4364, y=100.035 TireNo=0
SIM_ABORT	day2_scenario5	9.222s	126.607m
APPLICATION	CarMaker 14.0.1 - Car_Generic #5 (win64-14.0.1)
COMPILED	jetbrains@05dcd26e64f8 2025-01-28 11:06:46
 
		I/O Configuration: default
SIM_START	day2_scenario5	2025-05-12 21:00:34
TIME	0.000
SIMULATE	day2_scenario5

TIME	24.335
ERROR		Vehicle leaves road at about x=191.38, y=-32.9322 TireNo=1
SIM_ABORT	day2_scenario5	24.338s	330.964m
APPLICATION	CarMaker 14.0.1 - Car_Generic #5 (win64-14.0.1)
COMPILED	jetbrains@05dcd26e64f8 2025-01-28 11:06:46
 
		I/O Configuration: default
SIM_START	day2_scenario5	2025-05-12 21:01:29
TIME	0.000
SIMULATE	day2_scenario5

TIME	24.235
ERROR		Vehicle leaves road at about x=191.302, y=-32.6748 TireNo=1
SIM_ABORT	day2_scenario5	24.238s	329.066m
APPLICATION	CarMaker 14.0.1 - Car_Generic #5 (win64-14.0.1)
COMPILED	jetbrains@05dcd26e64f8 2025-01-28 11:06:46
 
		I/O Configuration: default
SIM_START	day2_scenario5	2025-05-12 21:01:56
TIME	0.000
SIMULATE	day2_scenario5

TIME	24.271
ERROR		Vehicle leaves road at about x=191.406, y=-33.0139 TireNo=1
SIM_ABORT	day2_scenario5	24.274s	329.404m
APPLICATION	CarMaker 14.0.1 - Car_Generic #5 (win64-14.0.1)
COMPILED	jetbrains@05dcd26e64f8 2025-01-28 11:06:46
 
		I/O Configuration: default
SIM_START	day2_scenario5	2025-05-12 21:02:15
TIME	0.000
SIMULATE	day2_scenario5

TIME	24.225
ERROR		Vehicle leaves road at about x=191.317, y=-32.7319 TireNo=1
SIM_ABORT	day2_scenario5	24.228s	329.171m
APPLICATION	CarMaker 14.0.1 - Car_Generic #5 (win64-14.0.1)
COMPILED	jetbrains@05dcd26e64f8 2025-01-28 11:06:46
 
		I/O Configuration: default
SIM_START	day2_scenario5	2025-05-12 21:02:49
TIME	0.000
SIMULATE	day2_scenario5

TIME	27.120
ERROR		Vehicle leaves road at about x=212.293, y=-40.2399 TireNo=0
SIM_ABORT	day2_scenario5	27.123s	349.982m
APPLICATION	CarMaker 14.0.1 - Car_Generic #5 (win64-14.0.1)
COMPILED	jetbrains@05dcd26e64f8 2025-01-28 11:06:46
 
		I/O Configuration: default
SIM_START	day2_scenario5	2025-05-12 21:03:16
TIME	0.000
SIMULATE	day2_scenario5

TIME	25.185
ERROR		Vehicle leaves road at about x=210.152, y=-35.1921 TireNo=0
SIM_ABORT	day2_scenario5	25.188s	340.032m
APPLICATION	CarMaker 14.0.1 - Car_Generic #5 (win64-14.0.1)
COMPILED	jetbrains@05dcd26e64f8 2025-01-28 11:06:46
 
		I/O Configuration: default
SIM_START	day2_scenario5	2025-05-12 21:04:04
TIME	0.000
SIMULATE	day2_scenario5

TIME	25.944
ERROR		Vehicle leaves road at about x=210.672, y=-36.5007 TireNo=0
SIM_ABORT	day2_scenario5	25.947s	343.127m
APPLICATION	CarMaker 14.0.1 - Car_Generic #5 (win64-14.0.1)
COMPILED	jetbrains@05dcd26e64f8 2025-01-28 11:06:46
 
		I/O Configuration: default
SIM_START	day2_scenario5	2025-05-12 21:04:28
TIME	0.000
SIMULATE	day2_scenario5

TIME	26.661
ERROR		Vehicle leaves road at about x=211.622, y=-38.7374 TireNo=0
SIM_ABORT	day2_scenario5	26.664s	345.922m
APPLICATION	CarMaker 14.0.1 - Car_Generic #5 (win64-14.0.1)
COMPILED	jetbrains@05dcd26e64f8 2025-01-28 11:06:46
 
		I/O Configuration: default
SIM_START	day2_scenario5	2025-05-12 21:04:50
TIME	0.000
SIMULATE	day2_scenario5

TIME	23.353
ERROR		Vehicle leaves road at about x=189.179, y=-24.5585 TireNo=1
SIM_ABORT	day2_scenario5	23.356s	321.607m
APPLICATION	CarMaker 14.0.1 - Car_Generic #5 (win64-14.0.1)
COMPILED	jetbrains@05dcd26e64f8 2025-01-28 11:06:46
 
		I/O Configuration: default
SIM_START	day2_scenario5	2025-05-12 21:05:12
TIME	0.000
SIMULATE	day2_scenario5

TIME	22.865
ERROR		Vehicle leaves road at about x=187.316, y=-13.6592 TireNo=1
SIM_ABORT	day2_scenario5	22.868s	313.367m
APPLICATION	CarMaker 14.0.1 - Car_Generic #5 (win64-14.0.1)
COMPILED	jetbrains@05dcd26e64f8 2025-01-28 11:06:46
 
		I/O Configuration: default
SIM_START	day2_scenario5	2025-05-12 21:05:28
TIME	0.000
SIMULATE	day2_scenario5

TIME	23.047
ERROR		Vehicle leaves road at about x=187.67, y=-16.2699 TireNo=1
SIM_ABORT	day2_scenario5	23.05s	315.828m
APPLICATION	CarMaker 14.0.1 - Car_Generic #5 (win64-14.0.1)
COMPILED	jetbrains@05dcd26e64f8 2025-01-28 11:06:46
 
		I/O Configuration: default
SIM_START	day2_scenario5	2025-05-12 21:05:45
TIME	0.000
SIMULATE	day2_scenario5

TIME	22.107
ERROR		Vehicle leaves road at about x=186.501, y=-0.790486 TireNo=1
SIM_ABORT	day2_scenario5	22.11s	300.607m
APPLICATION	CarMaker 14.0.1 - Car_Generic #5 (win64-14.0.1)
COMPILED	jetbrains@05dcd26e64f8 2025-01-28 11:06:46
 
		I/O Configuration: default
SIM_START	day2_scenario5	2025-05-12 21:06:07
TIME	0.000
SIMULATE	day2_scenario5

TIME	13.029
ERROR		Vehicle leaves road at about x=129.363, y=99.2494 TireNo=0
SIM_ABORT	day2_scenario5	13.032s	179.946m
APPLICATION	CarMaker 14.0.1 - Car_Generic #5 (win64-14.0.1)
COMPILED	jetbrains@05dcd26e64f8 2025-01-28 11:06:46
 
		I/O Configuration: default
SIM_START	day2_scenario5	2025-05-12 21:06:21
TIME	0.000
SIMULATE	day2_scenario5

TIME	5.954
ERROR		Vehicle leaves road at about x=43.3386, y=65.3577 TireNo=1
SIM_ABORT	day2_scenario5	5.957s	81.6394m
APPLICATION	CarMaker 14.0.1 - Car_Generic #5 (win64-14.0.1)
COMPILED	jetbrains@05dcd26e64f8 2025-01-28 11:06:46
 
		I/O Configuration: default
SIM_START	day2_scenario5	2025-05-12 21:06:35
TIME	0.000
SIMULATE	day2_scenario5

TIME	23.643
ERROR		Vehicle leaves road at about x=189.544, y=-26.1196 TireNo=1
SIM_ABORT	day2_scenario5	23.646s	322.642m
APPLICATION	CarMaker 14.0.1 - Car_Generic #5 (win64-14.0.1)
COMPILED	jetbrains@05dcd26e64f8 2025-01-28 11:06:46
 
		I/O Configuration: default
SIM_START	day2_scenario5	2025-05-12 21:07:04
TIME	0.000
SIMULATE	day2_scenario5

TIME	23.643
ERROR		Vehicle leaves road at about x=189.541, y=-26.1239 TireNo=1
SIM_ABORT	day2_scenario5	23.646s	322.643m
APPLICATION	CarMaker 14.0.1 - Car_Generic #5 (win64-14.0.1)
COMPILED	jetbrains@05dcd26e64f8 2025-01-28 11:06:46
 
		I/O Configuration: default
SIM_START	day2_scenario5	2025-05-12 21:07:24
TIME	0.000
SIMULATE	day2_scenario5

TIME	23.643
ERROR		Vehicle leaves road at about x=189.541, y=-26.1239 TireNo=1
SIM_ABORT	day2_scenario5	23.646s	322.643m
APPLICATION	CarMaker 14.0.1 - Car_Generic #5 (win64-14.0.1)
COMPILED	jetbrains@05dcd26e64f8 2025-01-28 11:06:46
 
		I/O Configuration: default
SIM_START	day2_scenario5	2025-05-12 21:07:45
TIME	0.000
SIMULATE	day2_scenario5

TIME	41.695
ERROR		Vehicle leaves road at about x=383.175, y=-48.9283 TireNo=0
SIM_ABORT	day2_scenario5	41.698s	574.639m
APPLICATION	CarMaker 14.0.1 - Car_Generic #5 (win64-14.0.1)
COMPILED	jetbrains@05dcd26e64f8 2025-01-28 11:06:46
 
		I/O Configuration: default
SIM_START	day2_scenario5	2025-05-12 21:08:11
TIME	0.000
SIMULATE	day2_scenario5

TIME	24.000
ERROR		Vehicle leaves road at about x=190.859, y=-31.1698 TireNo=1
SIM_ABORT	day2_scenario5	24.003s	326.827m
APPLICATION	CarMaker 14.0.1 - Car_Generic #5 (win64-14.0.1)
COMPILED	jetbrains@05dcd26e64f8 2025-01-28 11:06:46
 
		I/O Configuration: default
SIM_START	day2_scenario5	2025-05-12 21:08:29
TIME	0.000
SIMULATE	day2_scenario5

TIME	41.695
ERROR		Vehicle leaves road at about x=383.175, y=-48.9283 TireNo=0
SIM_ABORT	day2_scenario5	41.698s	574.639m
APPLICATION	CarMaker 14.0.1 - Car_Generic #5 (win64-14.0.1)
COMPILED	jetbrains@05dcd26e64f8 2025-01-28 11:06:46
 
		I/O Configuration: default
SIM_START	day2_scenario5	2025-05-12 21:08:52
TIME	0.000
SIMULATE	day2_scenario5

TIME	41.328
ERROR		Vehicle leaves road at about x=381.694, y=-51.3515 TireNo=0
SIM_ABORT	day2_scenario5	41.331s	572.146m
APPLICATION	CarMaker 14.0.1 - Car_Generic #5 (win64-14.0.1)
COMPILED	jetbrains@05dcd26e64f8 2025-01-28 11:06:46
 
		I/O Configuration: default
SIM_START	day2_scenario5	2025-05-12 21:09:12
TIME	0.000
SIMULATE	day2_scenario5

TIME	42.776
ERROR		Vehicle leaves road at about x=390.911, y=-32.3379 TireNo=0
SIM_ABORT	day2_scenario5	42.779s	591.776m
APPLICATION	CarMaker 14.0.1 - Car_Generic #5 (win64-14.0.1)
COMPILED	jetbrains@05dcd26e64f8 2025-01-28 11:06:46
 
		I/O Configuration: default
SIM_START	day2_scenario5	2025-05-12 21:09:40
TIME	0.000
SIMULATE	day2_scenario5

TIME	42.776
ERROR		Vehicle leaves road at about x=390.911, y=-32.3379 TireNo=0
SIM_ABORT	day2_scenario5	42.779s	591.776m
APPLICATION	CarMaker 14.0.1 - Car_Generic #5 (win64-14.0.1)
COMPILED	jetbrains@05dcd26e64f8 2025-01-28 11:06:46
 
		I/O Configuration: default
SIM_START	day2_scenario5	2025-05-12 21:10:00
TIME	0.000
SIMULATE	day2_scenario5

TIME	42.776
ERROR		Vehicle leaves road at about x=390.924, y=-32.3247 TireNo=0
SIM_ABORT	day2_scenario5	42.779s	591.774m
APPLICATION	CarMaker 14.0.1 - Car_Generic #5 (win64-14.0.1)
COMPILED	jetbrains@05dcd26e64f8 2025-01-28 11:06:46
 
		I/O Configuration: default
SIM_START	day2_scenario5	2025-05-12 21:10:36
TIME	0.000
SIMULATE	day2_scenario5

TIME	21.103
ERROR		Vehicle leaves road at about x=186.115, y=8.12995 TireNo=1
SIM_ABORT	day2_scenario5	21.106s	288.965m
APPLICATION	CarMaker 14.0.1 - Car_Generic #5 (win64-14.0.1)
COMPILED	jetbrains@05dcd26e64f8 2025-01-28 11:06:46
 
		I/O Configuration: default
SIM_START	day2_scenario5	2025-05-12 21:10:52
TIME	0.000
SIMULATE	day2_scenario5

TIME	43.100
ERROR		Vehicle leaves road at about x=392.301, y=-28.1481 TireNo=0
SIM_ABORT	day2_scenario5	43.103s	596.148m
APPLICATION	CarMaker 14.0.1 - Car_Generic #5 (win64-14.0.1)
COMPILED	jetbrains@05dcd26e64f8 2025-01-28 11:06:46
 
		I/O Configuration: default
SIM_START	day2_scenario5	2025-05-12 21:11:31
TIME	0.000
SIMULATE	day2_scenario5

TIME	3.119
ERROR		Vehicle leaves road at about x=7.49798, y=46.4325 TireNo=0
SIM_ABORT	day2_scenario5	3.122s	42.6406m
APPLICATION	CarMaker 14.0.1 - Car_Generic #5 (win64-14.0.1)
COMPILED	jetbrains@05dcd26e64f8 2025-01-28 11:06:46
 
		I/O Configuration: default
SIM_START	day2_scenario5	2025-05-12 21:11:48
TIME	0.000
SIMULATE	day2_scenario5

TIME	3.119
ERROR		Vehicle leaves road at about x=7.49798, y=46.4325 TireNo=0
SIM_ABORT	day2_scenario5	3.122s	42.6406m
APPLICATION	CarMaker 14.0.1 - Car_Generic #5 (win64-14.0.1)
COMPILED	jetbrains@05dcd26e64f8 2025-01-28 11:06:46
 
		I/O Configuration: default
SIM_START	day2_scenario5	2025-05-12 21:12:07
TIME	0.000
SIMULATE	day2_scenario5

TIME	3.379
ERROR		Vehicle leaves road at about x=9.28733, y=49.8378 TireNo=0
SIM_ABORT	day2_scenario5	3.382s	46.2109m
APPLICATION	CarMaker 14.0.1 - Car_Generic #5 (win64-14.0.1)
COMPILED	jetbrains@05dcd26e64f8 2025-01-28 11:06:46
 
		I/O Configuration: default
SIM_START	day2_scenario5	2025-05-12 21:12:23
TIME	0.000
SIMULATE	day2_scenario5

TIME	43.100
ERROR		Vehicle leaves road at about x=392.301, y=-28.1481 TireNo=0
SIM_ABORT	day2_scenario5	43.103s	596.148m
APPLICATION	CarMaker 14.0.1 - Car_Generic #5 (win64-14.0.1)
COMPILED	jetbrains@05dcd26e64f8 2025-01-28 11:06:46
 
		I/O Configuration: default
SIM_START	day2_scenario5	2025-05-12 21:12:41
TIME	0.000
SIMULATE	day2_scenario5

TIME	43.108
ERROR		Vehicle leaves road at about x=392.358, y=-27.9588 TireNo=0
SIM_ABORT	day2_scenario5	43.111s	596.243m
APPLICATION	CarMaker 14.0.1 - Car_Generic #5 (win64-14.0.1)
COMPILED	jetbrains@05dcd26e64f8 2025-01-28 11:06:46
 
		I/O Configuration: default
SIM_START	day2_scenario5	2025-05-12 21:13:19
TIME	0.000
SIMULATE	day2_scenario5

TIME	43.628
ERROR		Vehicle leaves road at about x=392.993, y=-25.7567 TireNo=0
SIM_ABORT	day2_scenario5	43.631s	603.223m
APPLICATION	CarMaker 14.0.1 - Car_Generic #5 (win64-14.0.1)
COMPILED	jetbrains@05dcd26e64f8 2025-01-28 11:06:46
 
		I/O Configuration: default
SIM_START	day2_scenario5	2025-05-12 21:14:12
TIME	0.000
SIMULATE	day2_scenario5

TIME	43.108
ERROR		Vehicle leaves road at about x=392.358, y=-27.9588 TireNo=0
SIM_ABORT	day2_scenario5	43.111s	596.243m
APPLICATION	CarMaker 14.0.1 - Car_Generic #5 (win64-14.0.1)
COMPILED	jetbrains@05dcd26e64f8 2025-01-28 11:06:46
 
		I/O Configuration: default
SIM_START	day2_scenario5	2025-05-12 21:16:10
TIME	0.000
SIMULATE	day2_scenario5

TIME	43.108
ERROR		Vehicle leaves road at about x=392.358, y=-27.9588 TireNo=0
SIM_ABORT	day2_scenario5	43.111s	596.243m
APPLICATION	CarMaker 14.0.1 - Car_Generic #5 (win64-14.0.1)
COMPILED	jetbrains@05dcd26e64f8 2025-01-28 11:06:46
 
		I/O Configuration: default
SIM_START	day2_scenario5	2025-05-12 21:17:53
TIME	0.000
SIMULATE	day2_scenario5

TIME	43.108
ERROR		Vehicle leaves road at about x=392.358, y=-27.9588 TireNo=0
SIM_ABORT	day2_scenario5	43.111s	596.243m
APPLICATION	CarMaker 14.0.1 - Car_Generic #5 (win64-14.0.1)
COMPILED	jetbrains@05dcd26e64f8 2025-01-28 11:06:46
 
		I/O Configuration: default
SIM_START	day2_scenario5	2025-05-12 21:20:47
TIME	0.000
SIMULATE	day2_scenario5

TIME	43.108
ERROR		Vehicle leaves road at about x=392.358, y=-27.9588 TireNo=0
SIM_ABORT	day2_scenario5	43.111s	596.243m
APPLICATION	CarMaker 14.0.1 - Car_Generic #5 (win64-14.0.1)
COMPILED	jetbrains@05dcd26e64f8 2025-01-28 11:06:46
 
		I/O Configuration: default
SIM_START	day2_scenario5	2025-05-12 21:21:13
TIME	0.000
SIMULATE	day2_scenario5

TIME	43.325
ERROR		Vehicle leaves road at about x=393.042, y=-25.5756 TireNo=0
SIM_ABORT	day2_scenario5	43.328s	599.162m
APPLICATION	CarMaker 14.0.1 - Car_Generic #5 (win64-14.0.1)
COMPILED	jetbrains@05dcd26e64f8 2025-01-28 11:06:46
 
		I/O Configuration: default
SIM_START	day2_scenario5	2025-05-12 21:21:51
TIME	0.000
SIMULATE	day2_scenario5

TIME	43.252
ERROR		Vehicle leaves road at about x=392.868, y=-26.1952 TireNo=0
SIM_ABORT	day2_scenario5	43.255s	598.174m
APPLICATION	CarMaker 14.0.1 - Car_Generic #5 (win64-14.0.1)
COMPILED	jetbrains@05dcd26e64f8 2025-01-28 11:06:46
 
		I/O Configuration: default
SIM_START	day2_scenario5	2025-05-12 21:23:12
TIME	0.000
SIMULATE	day2_scenario5

TIME	43.252
ERROR		Vehicle leaves road at about x=392.868, y=-26.1952 TireNo=0
SIM_ABORT	day2_scenario5	43.255s	598.174m
APPLICATION	CarMaker 14.0.1 - Car_Generic #5 (win64-14.0.1)
COMPILED	jetbrains@05dcd26e64f8 2025-01-28 11:06:46
 
		I/O Configuration: default
SIM_START	day2_scenario5	2025-05-12 21:23:55
TIME	0.000
SIMULATE	day2_scenario5

TIME	45.007
SIM_END		day2_scenario5	45.007s	624.33m
APPLICATION	CarMaker 14.0.1 - Car_Generic #5 (win64-14.0.1)
COMPILED	jetbrains@05dcd26e64f8 2025-01-28 11:06:46
 
		I/O Configuration: default
SIM_START	day2_scenario5	2025-05-12 21:24:18
TIME	0.000
SIMULATE	day2_scenario5

TIME	45.007
SIM_END		day2_scenario5	45.007s	624.33m
APPLICATION	CarMaker 14.0.1 - Car_Generic #5 (win64-14.0.1)
COMPILED	jetbrains@05dcd26e64f8 2025-01-28 11:06:46
 
		I/O Configuration: default
SIM_START	day2_scenario5	2025-05-12 21:28:06
TIME	0.000
SIMULATE	day2_scenario5

TIME	45.004
SIM_END		day2_scenario5	45.004s	624.289m
