APPLICATION	CarMaker 14.0.1 - Car_Generic #5 (win64-14.0.1)
COMPILED	jetbrains@05dcd26e64f8 2025-01-28 11:06:46
 
		I/O Configuration: default
SIM_START	day2_scenario4	2025-05-12 02:23:08
TIME	0.000
SIMULATE	day2_scenario4

TIME	18.161
SIM_END		day2_scenario4	18.158s	250.96m
APPLICATION	CarMaker 14.0.1 - Car_Generic #5 (win64-14.0.1)
COMPILED	jetbrains@05dcd26e64f8 2025-01-28 11:06:46
 
		I/O Configuration: default
SIM_START	day2_scenario4	2025-05-12 02:24:19
TIME	0.000
SIMULATE	day2_scenario4

TIME	24.084
SIM_END		day2_scenario4	24.081s	333.236m
APPLICATION	CarMaker 14.0.1 - Car_Generic #5 (win64-14.0.1)
COMPILED	jetbrains@05dcd26e64f8 2025-01-28 11:06:46
 
		I/O Configuration: default
SIM_START	day2_scenario4	2025-05-12 02:25:06
TIME	0.000
SIMULATE	day2_scenario4

TIME	35.773
SIM_END		day2_scenario4	35.773s	495.587m
APPLICATION	CarMaker 14.0.1 - Car_Generic #5 (win64-14.0.1)
COMPILED	jetbrains@05dcd26e64f8 2025-01-28 11:06:46
 
		I/O Configuration: default
SIM_START	day2_scenario5	2025-05-12 02:27:12
TIME	0.000
SIMULATE	day2_scenario5

TIME	3.180
ERROR		Vehicle leaves road at about x=4.10263, y=38.9447 TireNo=0
SIM_ABORT	day2_scenario5	3.183s	35.1391m
APPLICATION	CarMaker 14.0.1 - Car_Generic #5 (win64-14.0.1)
COMPILED	jetbrains@05dcd26e64f8 2025-01-28 11:06:46
 
		I/O Configuration: default
SIM_START	day2_scenario5	2025-05-12 02:27:36
TIME	0.000
SIMULATE	day2_scenario5

TIME	3.180
ERROR		Vehicle leaves road at about x=4.10263, y=38.9447 TireNo=0
SIM_ABORT	day2_scenario5	3.183s	35.1391m
APPLICATION	CarMaker 14.0.1 - Car_Generic #5 (win64-14.0.1)
COMPILED	jetbrains@05dcd26e64f8 2025-01-28 11:06:46
 
		I/O Configuration: default
SIM_START	day2_scenario5	2025-05-12 02:27:44
TIME	0.000
SIMULATE	day2_scenario5

TIME	3.180
ERROR		Vehicle leaves road at about x=4.10263, y=38.9447 TireNo=0
SIM_ABORT	day2_scenario5	3.183s	35.1391m
APPLICATION	CarMaker 14.0.1 - Car_Generic #5 (win64-14.0.1)
COMPILED	jetbrains@05dcd26e64f8 2025-01-28 11:06:46
 
		I/O Configuration: default
SIM_START	day2_scenario5	2025-05-12 02:30:12
TIME	0.000
SIMULATE	day2_scenario5

TIME	3.180
ERROR		Vehicle leaves road at about x=4.10263, y=38.9447 TireNo=0
SIM_ABORT	day2_scenario5	3.183s	35.1391m
APPLICATION	CarMaker 14.0.1 - Car_Generic #5 (win64-14.0.1)
COMPILED	jetbrains@05dcd26e64f8 2025-01-28 11:06:46
 
		I/O Configuration: default
SIM_START	day2_scenario5	2025-05-12 02:30:31
TIME	0.000
SIMULATE	day2_scenario5

TIME	4.382
ERROR		Vehicle leaves road at about x=17.358, y=62.3161 TireNo=0
SIM_ABORT	day2_scenario5	4.385s	59.8577m
APPLICATION	CarMaker 14.0.1 - Car_Generic #5 (win64-14.0.1)
COMPILED	jetbrains@05dcd26e64f8 2025-01-28 11:06:46
 
		I/O Configuration: default
SIM_START	day2_scenario5	2025-05-12 02:30:44
TIME	0.000
SIMULATE	day2_scenario5

TIME	4.408
ERROR		Vehicle leaves road at about x=20.254, y=33.4996 TireNo=1
SIM_ABORT	day2_scenario5	4.411s	39.0438m
APPLICATION	CarMaker 14.0.1 - Car_Generic #5 (win64-14.0.1)
COMPILED	jetbrains@05dcd26e64f8 2025-01-28 11:06:46
 
		I/O Configuration: default
SIM_START	day2_scenario5	2025-05-12 02:30:56
TIME	0.000
SIMULATE	day2_scenario5

TIME	2.080
ERROR		Vehicle leaves road at about x=17.9087, y=27.2425 TireNo=1
SIM_ABORT	day2_scenario5	2.083s	27.9521m
APPLICATION	CarMaker 14.0.1 - Car_Generic #5 (win64-14.0.1)
COMPILED	jetbrains@05dcd26e64f8 2025-01-28 11:06:46
 
		I/O Configuration: default
SIM_START	day2_scenario5	2025-05-12 02:31:07
TIME	0.000
SIMULATE	day2_scenario5

ERROR		Vehicle leaves road at about x=16.1903, y=21.3755 TireNo=1
SIM_ABORT	day2_scenario5	1.737s	22.0653m
APPLICATION	CarMaker 14.0.1 - Car_Generic #5 (win64-14.0.1)
COMPILED	jetbrains@05dcd26e64f8 2025-01-28 11:06:46
 
		I/O Configuration: default
SIM_START	day2_scenario4	2025-05-12 02:31:45
TIME	0.000
SIMULATE	day2_scenario4

TIME	10.992
ERROR		Vehicle leaves road at about x=152.919, y=4.2682 TireNo=0
SIM_ABORT	day2_scenario4	10.995s	151.401m
APPLICATION	CarMaker 14.0.1 - Car_Generic #5 (win64-14.0.1)
COMPILED	jetbrains@05dcd26e64f8 2025-01-28 11:06:46
 
		I/O Configuration: default
SIM_START	day2_scenario4	2025-05-12 02:32:10
TIME	0.000
SIMULATE	day2_scenario4

TIME	10.992
ERROR		Vehicle leaves road at about x=152.919, y=4.2682 TireNo=0
SIM_ABORT	day2_scenario4	10.995s	151.401m
APPLICATION	CarMaker 14.0.1 - Car_Generic #5 (win64-14.0.1)
COMPILED	jetbrains@05dcd26e64f8 2025-01-28 11:06:46
 
		I/O Configuration: default
SIM_START	day2_scenario4	2025-05-12 02:33:46
TIME	0.000
SIMULATE	day2_scenario4

TIME	25.697
SIM_END		day2_scenario4	25.694s	355.638m
