APPLICATION	CarMaker 14.0.1 - Car_Generic #5 (win64-14.0.1)
COMPILED	jetbrains@05dcd26e64f8 2025-01-28 11:06:46
 
		I/O Configuration: default
SIM_START	day2_scenario5	2025-05-13 08:54:11
TIME	0.000
SIMULATE	day2_scenario5

TIME	45.004
SIM_END		day2_scenario5	45.004s	624.289m
APPLICATION	CarMaker 14.0.1 - Car_Generic #5 (win64-14.0.1)
COMPILED	jetbrains@05dcd26e64f8 2025-01-28 11:06:46
 
		I/O Configuration: default
SIM_START	day2_scenario5	2025-05-13 08:55:26
TIME	0.000
SIMULATE	day2_scenario5

TIME	45.004
SIM_END		day2_scenario5	45.004s	624.289m
APPLICATION	CarMaker 14.0.1 - Car_Generic #5 (win64-14.0.1)
COMPILED	jetbrains@05dcd26e64f8 2025-01-28 11:06:46
 
		I/O Configuration: default
SIM_START	day2_scenario5	2025-05-13 08:56:05
TIME	0.000
SIMULATE	day2_scenario5

TIME	42.600
ERROR		Vehicle leaves road at about x=391.609, y=-30.3144 TireNo=0
SIM_ABORT	day2_scenario5	42.603s	593.789m
APPLICATION	CarMaker 14.0.1 - Car_Generic #5 (win64-14.0.1)
COMPILED	jetbrains@05dcd26e64f8 2025-01-28 11:06:46
 
		I/O Configuration: default
SIM_START	day2_scenario5	2025-05-13 08:56:27
TIME	0.000
SIMULATE	day2_scenario5

TIME	12.870
SIM_END		day2_scenario5	12.867s	176.836m
APPLICATION	CarMaker 14.0.1 - Car_Generic #5 (win64-14.0.1)
COMPILED	jetbrains@05dcd26e64f8 2025-01-28 11:06:46
 
		I/O Configuration: default
SIM_START	day2_scenario5	2025-05-13 08:56:43
TIME	0.000
SIMULATE	day2_scenario5

TIME	45.005
SIM_END		day2_scenario5	45.005s	624.299m
APPLICATION	CarMaker 14.0.1 - Car_Generic #5 (win64-14.0.1)
COMPILED	jetbrains@05dcd26e64f8 2025-01-28 11:06:46
 
		I/O Configuration: default
SIM_START	day2_scenario5	2025-05-13 08:57:20
TIME	0.000
SIMULATE	day2_scenario5

TIME	44.981
SIM_END		day2_scenario5	44.981s	623.974m
APPLICATION	CarMaker 14.0.1 - Car_Generic #5 (win64-14.0.1)
COMPILED	jetbrains@05dcd26e64f8 2025-01-28 11:06:46
 
		I/O Configuration: default
SIM_START	day2_scenario5	2025-05-13 08:58:52
TIME	0.000
SIMULATE	day2_scenario5

TIME	7.584
SIM_END		day2_scenario5	7.581s	102.743m
APPLICATION	CarMaker 14.0.1 - Car_Generic #5 (win64-14.0.1)
COMPILED	jetbrains@05dcd26e64f8 2025-01-28 11:06:46
 
		I/O Configuration: default
SIM_START	day2_scenario5	2025-05-13 08:59:07
TIME	0.000
SIMULATE	day2_scenario5

TIME	44.981
SIM_END		day2_scenario5	44.981s	623.988m
APPLICATION	CarMaker 14.0.1 - Car_Generic #5 (win64-14.0.1)
COMPILED	jetbrains@05dcd26e64f8 2025-01-28 11:06:46
 
		I/O Configuration: default
SIM_START	day2_scenario5	2025-05-13 09:00:33
TIME	0.000
SIMULATE	day2_scenario5

TIME	44.981
SIM_END		day2_scenario5	44.981s	623.974m
APPLICATION	CarMaker 14.0.1 - Car_Generic #5 (win64-14.0.1)
COMPILED	jetbrains@05dcd26e64f8 2025-01-28 11:06:46
 
		I/O Configuration: default
SIM_START	day2_scenario5	2025-05-13 09:01:12
TIME	0.000
SIMULATE	day2_scenario5

TIME	44.981
SIM_END		day2_scenario5	44.981s	623.974m
APPLICATION	CarMaker 14.0.1 - Car_Generic #5 (win64-14.0.1)
COMPILED	jetbrains@05dcd26e64f8 2025-01-28 11:06:46
 
		I/O Configuration: default
SIM_START	day2_scenario4	2025-05-13 09:02:17
TIME	0.000
SIMULATE	day2_scenario4

TIME	35.787
SIM_END		day2_scenario4	35.787s	495.774m
APPLICATION	CarMaker 14.0.1 - Car_Generic #5 (win64-14.0.1)
COMPILED	jetbrains@05dcd26e64f8 2025-01-28 11:06:46
 
		I/O Configuration: default
SIM_START	day2_scenario4	2025-05-13 09:03:04
TIME	0.000
SIMULATE	day2_scenario4

TIME	27.710
SIM_END		day2_scenario4	27.707s	383.591m
APPLICATION	CarMaker 14.0.1 - Car_Generic #5 (win64-14.0.1)
COMPILED	jetbrains@05dcd26e64f8 2025-01-28 11:06:46
 
		I/O Configuration: default
SIM_START	day2_scenario4	2025-05-13 09:03:50
TIME	0.000
SIMULATE	day2_scenario4

TIME	15.477
ERROR		Vehicle leaves road at about x=210.339, y=-12.4517 TireNo=1
SIM_ABORT	day2_scenario4	15.48s	210.423m
APPLICATION	CarMaker 14.0.1 - Car_Generic #5 (win64-14.0.1)
COMPILED	jetbrains@05dcd26e64f8 2025-01-28 11:06:46
 
		I/O Configuration: default
SIM_START	day2_scenario5	2025-05-13 09:04:12
TIME	0.000
SIMULATE	day2_scenario5

TIME	44.981
SIM_END		day2_scenario5	44.981s	623.974m
APPLICATION	CarMaker 14.0.1 - Car_Generic #5 (win64-14.0.1)
COMPILED	jetbrains@05dcd26e64f8 2025-01-28 11:06:46
 
		I/O Configuration: default
SIM_START	day2_scenario5	2025-05-13 09:04:49
TIME	0.000
SIMULATE	day2_scenario5

TIME	44.981
SIM_END		day2_scenario5	44.981s	623.974m
APPLICATION	CarMaker 14.0.1 - Car_Generic #5 (win64-14.0.1)
COMPILED	jetbrains@05dcd26e64f8 2025-01-28 11:06:46
 
		I/O Configuration: default
SIM_START	day2_scenario5	2025-05-13 09:06:00
TIME	0.000
SIMULATE	day2_scenario5

TIME	44.981
SIM_END		day2_scenario5	44.981s	623.974m
APPLICATION	CarMaker 14.0.1 - Car_Generic #5 (win64-14.0.1)
COMPILED	jetbrains@05dcd26e64f8 2025-01-28 11:06:46
 
		I/O Configuration: default
SIM_START	day1_scenario3	2025-05-13 10:17:13
TIME	0.000
SIMULATE	day1_scenario3

TIME	35.622
SIM_END		day1_scenario3	35.622s	295.504m
APPLICATION	CarMaker 14.0.1 - Car_Generic #5 (win64-14.0.1)
COMPILED	jetbrains@05dcd26e64f8 2025-01-28 11:06:46
 
		I/O Configuration: default
SIM_START	day1_scenario4	2025-05-13 10:17:33
TIME	0.000
SIMULATE	day1_scenario4

TIME	35.850
SIM_END		day1_scenario4	35.85s	295.54m
APPLICATION	CarMaker 14.0.1 - Car_Generic #5 (win64-14.0.1)
COMPILED	jetbrains@05dcd26e64f8 2025-01-28 11:06:46
 
		I/O Configuration: default
SIM_START	day1_scenario4	2025-05-13 10:36:00
TIME	0.000
SIMULATE	day1_scenario4

TIME	12.979
ERROR		Vehicle leaves road at about x=110.547, y=4.05249 TireNo=0
SIM_ABORT	day1_scenario4	12.982s	106.932m
APPLICATION	CarMaker 14.0.1 - Car_Generic #5 (win64-14.0.1)
COMPILED	jetbrains@05dcd26e64f8 2025-01-28 11:06:46
 
		I/O Configuration: default
SIM_START	day1_scenario4	2025-05-13 10:40:21
TIME	0.000
SIMULATE	day1_scenario4

TIME	12.979
ERROR		Vehicle leaves road at about x=110.547, y=4.05249 TireNo=0
SIM_ABORT	day1_scenario4	12.982s	106.932m
APPLICATION	CarMaker 14.0.1 - Car_Generic #5 (win64-14.0.1)
COMPILED	jetbrains@05dcd26e64f8 2025-01-28 11:06:46
 
		I/O Configuration: default
SIM_START	day1_scenario4	2025-05-13 10:46:04
TIME	0.000
SIMULATE	day1_scenario4

TIME	10.822
SIM_END		day1_scenario4	10.819s	89.0348m
APPLICATION	CarMaker 14.0.1 - Car_Generic #5 (win64-14.0.1)
COMPILED	jetbrains@05dcd26e64f8 2025-01-28 11:06:46
 
		I/O Configuration: default
SIM_START	day1_scenario4	2025-05-13 10:54:36
TIME	0.000
SIMULATE	day1_scenario4

TIME	12.979
ERROR		Vehicle leaves road at about x=110.547, y=4.05249 TireNo=0
SIM_ABORT	day1_scenario4	12.982s	106.932m
APPLICATION	CarMaker 14.0.1 - Car_Generic #5 (win64-14.0.1)
COMPILED	jetbrains@05dcd26e64f8 2025-01-28 11:06:46
 
		I/O Configuration: default
SIM_START	day1_scenario4	2025-05-13 10:57:12
TIME	0.000
SIMULATE	day1_scenario4

TIME	12.979
ERROR		Vehicle leaves road at about x=110.547, y=4.05249 TireNo=0
SIM_ABORT	day1_scenario4	12.982s	106.932m
APPLICATION	CarMaker 14.0.1 - Car_Generic #5 (win64-14.0.1)
COMPILED	jetbrains@05dcd26e64f8 2025-01-28 11:06:46
 
		I/O Configuration: default
SIM_START	day2_scenario5	2025-05-13 10:59:22
TIME	0.000
SIMULATE	day2_scenario5

TIME	44.982
SIM_END		day2_scenario5	44.982s	623.992m
APPLICATION	CarMaker 14.0.1 - Car_Generic #5 (win64-14.0.1)
COMPILED	jetbrains@05dcd26e64f8 2025-01-28 11:06:46
 
		I/O Configuration: default
SIM_START	day2_scenario5	2025-05-13 11:15:34
TIME	0.000
SIMULATE	day2_scenario5

TIME	2.684
ERROR		Vehicle leaves road at about x=4.76541, y=40.5331 TireNo=0
SIM_ABORT	day2_scenario5	2.687s	36.6875m
APPLICATION	CarMaker 14.0.1 - Car_Generic #5 (win64-14.0.1)
COMPILED	jetbrains@05dcd26e64f8 2025-01-28 11:06:46
 
		I/O Configuration: default
SIM_START	day1_scenario4	2025-05-13 11:16:08
TIME	0.000
SIMULATE	day1_scenario4

TIME	12.979
ERROR		Vehicle leaves road at about x=110.547, y=4.05249 TireNo=0
SIM_ABORT	day1_scenario4	12.982s	106.932m
APPLICATION	CarMaker 14.0.1 - Car_Generic #5 (win64-14.0.1)
COMPILED	jetbrains@05dcd26e64f8 2025-01-28 11:06:46
 
		I/O Configuration: default
SIM_START	day1_scenario4	2025-05-13 11:16:48
TIME	0.000
SIMULATE	day1_scenario4

TIME	6.987
SIM_END		day1_scenario4	6.984s	57.4843m
APPLICATION	CarMaker 14.0.1 - Car_Generic #5 (win64-14.0.1)
COMPILED	jetbrains@05dcd26e64f8 2025-01-28 11:06:46
 
		I/O Configuration: default
SIM_START	day1_scenario4	2025-05-13 11:24:11
TIME	0.000
SIMULATE	day1_scenario4

TIME	12.979
ERROR		Vehicle leaves road at about x=110.547, y=4.05249 TireNo=0
SIM_ABORT	day1_scenario4	12.982s	106.932m
APPLICATION	CarMaker 14.0.1 - Car_Generic #5 (win64-14.0.1)
COMPILED	jetbrains@05dcd26e64f8 2025-01-28 11:06:46
 
		I/O Configuration: default
SIM_START	day2_scenario5	2025-05-13 11:26:55
TIME	0.000
SIMULATE	day2_scenario5

TIME	44.982
SIM_END		day2_scenario5	44.982s	623.992m
APPLICATION	CarMaker 14.0.1 - Car_Generic #5 (win64-14.0.1)
COMPILED	jetbrains@05dcd26e64f8 2025-01-28 11:06:46
 
		I/O Configuration: default
SIM_START	day2_scenario5	2025-05-13 11:45:14
TIME	0.000
SIMULATE	day2_scenario5

TIME	2.684
ERROR		Vehicle leaves road at about x=4.76541, y=40.5331 TireNo=0
SIM_ABORT	day2_scenario5	2.687s	36.6875m
APPLICATION	CarMaker 14.0.1 - Car_Generic #5 (win64-14.0.1)
COMPILED	jetbrains@05dcd26e64f8 2025-01-28 11:06:46
 
		I/O Configuration: default
SIM_START	day1_scenario1	2025-05-13 11:45:30
TIME	0.000
SIMULATE	day1_scenario1

TIME	29.801
SIM_END		day1_scenario1	29.801s	495.342m
APPLICATION	CarMaker 14.0.1 - Car_Generic #5 (win64-14.0.1)
COMPILED	jetbrains@05dcd26e64f8 2025-01-28 11:06:46
 
		I/O Configuration: default
SIM_START	day1_scenario1	2025-05-13 11:51:36
TIME	0.000
SIMULATE	day1_scenario1

TIME	29.801
SIM_END		day1_scenario1	29.801s	495.342m
APPLICATION	CarMaker 14.0.1 - Car_Generic #5 (win64-14.0.1)
COMPILED	jetbrains@05dcd26e64f8 2025-01-28 11:06:46
 
		I/O Configuration: default
SIM_START	day1_scenario1	2025-05-13 11:51:58
TIME	0.000
SIMULATE	day1_scenario1

TIME	29.801
SIM_END		day1_scenario1	29.801s	495.342m
APPLICATION	CarMaker 14.0.1 - Car_Generic #5 (win64-14.0.1)
COMPILED	jetbrains@05dcd26e64f8 2025-01-28 11:06:46
 
		I/O Configuration: default
SIM_START	day1_scenario1	2025-05-13 11:52:29
TIME	0.000
SIMULATE	day1_scenario1

TIME	15.457
SIM_END		day1_scenario1	15.454s	256.278m
APPLICATION	CarMaker 14.0.1 - Car_Generic #5 (win64-14.0.1)
COMPILED	jetbrains@05dcd26e64f8 2025-01-28 11:06:46
 
		I/O Configuration: default
SIM_START	day1_scenario1	2025-05-13 11:52:48
TIME	0.000
SIMULATE	day1_scenario1

TIME	4.932
SIM_END		day1_scenario1	4.929s	81.3067m
APPLICATION	CarMaker 14.0.1 - Car_Generic #5 (win64-14.0.1)
COMPILED	jetbrains@05dcd26e64f8 2025-01-28 11:06:46
 
		I/O Configuration: default
SIM_START	day1_scenario1	2025-05-13 11:53:13
TIME	0.000
SIMULATE	day1_scenario1

TIME	29.801
SIM_END		day1_scenario1	29.801s	495.342m
APPLICATION	CarMaker 14.0.1 - Car_Generic #5 (win64-14.0.1)
COMPILED	jetbrains@05dcd26e64f8 2025-01-28 11:06:46
 
		I/O Configuration: default
SIM_START	day1_scenario1	2025-05-13 11:53:34
TIME	0.000
SIMULATE	day1_scenario1

TIME	29.801
SIM_END		day1_scenario1	29.801s	495.342m
APPLICATION	CarMaker 14.0.1 - Car_Generic #5 (win64-14.0.1)
COMPILED	jetbrains@05dcd26e64f8 2025-01-28 11:06:46
 
		I/O Configuration: default
SIM_START	day1_scenario1	2025-05-13 11:53:56
TIME	0.000
SIMULATE	day1_scenario1

TIME	29.801
SIM_END		day1_scenario1	29.801s	495.342m
