APPLICATION	CarMaker 14.0.1 - Car_Generic #5 (win64-14.0.1)
COMPILED	jetbrains@05dcd26e64f8 2025-01-28 11:06:46
 
		I/O Configuration: default
SIM_START	day2_scenario4	2025-05-11 21:07:31
TIME	0.000
SIMULATE	day2_scenario4

TIME	6.603
SIM_END		day2_scenario4	6.6s	90.4847m
APPLICATION	CarMaker 14.0.1 - Car_Generic #5 (win64-14.0.1)
COMPILED	jetbrains@05dcd26e64f8 2025-01-28 11:06:46
 
		I/O Configuration: default
SIM_START	day2_scenario4	2025-05-11 21:11:23
TIME	0.000
SIMULATE	day2_scenario4

TIME	35.771
SIM_END		day2_scenario4	35.771s	495.591m
APPLICATION	CarMaker 14.0.1 - Car_Generic #5 (win64-14.0.1)
COMPILED	jetbrains@05dcd26e64f8 2025-01-28 11:06:46
 
		I/O Configuration: default
SIM_START	day2_scenario4	2025-05-11 21:28:19
TIME	0.000
SIMULATE	day2_scenario4

TIME	35.771
SIM_END		day2_scenario4	35.771s	495.591m
APPLICATION	CarMaker 14.0.1 - Car_Generic #5 (win64-14.0.1)
COMPILED	jetbrains@05dcd26e64f8 2025-01-28 11:06:46
 
		I/O Configuration: default
SIM_START	day2_scenario5	2025-05-11 21:51:39
TIME	0.000
SIMULATE	day2_scenario5

TIME	3.180
ERROR		Vehicle leaves road at about x=4.10263, y=38.9447 TireNo=0
SIM_ABORT	day2_scenario5	3.183s	35.1391m
APPLICATION	CarMaker 14.0.1 - Car_Generic #5 (win64-14.0.1)
COMPILED	jetbrains@05dcd26e64f8 2025-01-28 11:06:46
 
		I/O Configuration: default
SIM_START	day2_scenario5	2025-05-11 21:51:56
TIME	0.000
SIMULATE	day2_scenario5

TIME	3.180
ERROR		Vehicle leaves road at about x=4.10263, y=38.9447 TireNo=0
SIM_ABORT	day2_scenario5	3.183s	35.1391m
APPLICATION	CarMaker 14.0.1 - Car_Generic #5 (win64-14.0.1)
COMPILED	jetbrains@05dcd26e64f8 2025-01-28 11:06:46
 
		I/O Configuration: default
SIM_START	day2_scenario5	2025-05-11 21:54:08
TIME	0.000
SIMULATE	day2_scenario5

TIME	3.100
ERROR		Vehicle leaves road at about x=4.78762, y=40.585 TireNo=0
SIM_ABORT	day2_scenario5	3.103s	36.7566m
APPLICATION	CarMaker 14.0.1 - Car_Generic #5 (win64-14.0.1)
COMPILED	jetbrains@05dcd26e64f8 2025-01-28 11:06:46
 
		I/O Configuration: default
SIM_START	day2_scenario5	2025-05-11 21:54:35
TIME	0.000
SIMULATE	day2_scenario5

TIME	3.180
ERROR		Vehicle leaves road at about x=4.10263, y=38.9447 TireNo=0
SIM_ABORT	day2_scenario5	3.183s	35.1391m
APPLICATION	CarMaker 14.0.1 - Car_Generic #5 (win64-14.0.1)
COMPILED	jetbrains@05dcd26e64f8 2025-01-28 11:06:46
 
		I/O Configuration: default
SIM_START	day2_scenario5	2025-05-11 21:55:19
TIME	0.000
SIMULATE	day2_scenario5

TIME	3.180
ERROR		Vehicle leaves road at about x=4.10263, y=38.9447 TireNo=0
SIM_ABORT	day2_scenario5	3.183s	35.1391m
APPLICATION	CarMaker 14.0.1 - Car_Generic #5 (win64-14.0.1)
COMPILED	jetbrains@05dcd26e64f8 2025-01-28 11:06:46
 
		I/O Configuration: default
SIM_START	day2_scenario5	2025-05-11 21:57:04
TIME	0.000
SIMULATE	day2_scenario5

TIME	3.180
ERROR		Vehicle leaves road at about x=4.10263, y=38.9447 TireNo=0
SIM_ABORT	day2_scenario5	3.183s	35.1391m
