APPLICATION	CarMaker 14.0.1 - Car_Generic #5 (win64-14.0.1)
COMPILED	jetbrains@05dcd26e64f8 2025-01-28 11:06:46
 
		I/O Configuration: default
SIM_START	day2_scenario5	2025-05-12 18:13:15
TIME	0.000
SIMULATE	day2_scenario5

TIME	2.371
ERROR		Vehicle leaves road at about x=17.7333, y=26.7251 TireNo=1
SIM_ABORT	day2_scenario5	2.374s	27.3073m
APPLICATION	CarMaker 14.0.1 - Car_Generic #5 (win64-14.0.1)
COMPILED	jetbrains@05dcd26e64f8 2025-01-28 11:06:46
 
		I/O Configuration: default
SIM_START	day2_scenario5	2025-05-12 18:13:48
TIME	0.000
SIMULATE	day2_scenario5

TIME	2.371
ERROR		Vehicle leaves road at about x=17.7333, y=26.7251 TireNo=1
SIM_ABORT	day2_scenario5	2.374s	27.3073m
APPLICATION	CarMaker 14.0.1 - Car_Generic #5 (win64-14.0.1)
COMPILED	jetbrains@05dcd26e64f8 2025-01-28 11:06:46
 
		I/O Configuration: default
SIM_START	day2_scenario5	2025-05-12 18:14:16
TIME	0.000
SIMULATE	day2_scenario5

TIME	2.371
ERROR		Vehicle leaves road at about x=17.7333, y=26.7251 TireNo=1
SIM_ABORT	day2_scenario5	2.374s	27.3073m
APPLICATION	CarMaker 14.0.1 - Car_Generic #5 (win64-14.0.1)
COMPILED	jetbrains@05dcd26e64f8 2025-01-28 11:06:46
 
		I/O Configuration: default
SIM_START	day2_scenario5	2025-05-12 18:15:29
TIME	0.000
SIMULATE	day2_scenario5

TIME	9.096
ERROR		Vehicle leaves road at about x=76.1024, y=100.705 TireNo=0
SIM_ABORT	day2_scenario5	9.099s	125.001m
APPLICATION	CarMaker 14.0.1 - Car_Generic #5 (win64-14.0.1)
COMPILED	jetbrains@05dcd26e64f8 2025-01-28 11:06:46
 
		I/O Configuration: default
SIM_START	day2_scenario5	2025-05-12 18:15:53
TIME	0.000
SIMULATE	day2_scenario5

TIME	9.110
ERROR		Vehicle leaves road at about x=76.3717, y=100.772 TireNo=0
SIM_ABORT	day2_scenario5	9.113s	125.196m
APPLICATION	CarMaker 14.0.1 - Car_Generic #5 (win64-14.0.1)
COMPILED	jetbrains@05dcd26e64f8 2025-01-28 11:06:46
 
		I/O Configuration: default
SIM_START	day2_scenario5	2025-05-12 18:16:20
TIME	0.000
SIMULATE	day2_scenario5

ERROR		Vehicle leaves road at about x=16.8431, y=23.7985 TireNo=1
SIM_ABORT	day2_scenario5	1.82s	23.9545m
APPLICATION	CarMaker 14.0.1 - Car_Generic #5 (win64-14.0.1)
COMPILED	jetbrains@05dcd26e64f8 2025-01-28 11:06:46
 
		I/O Configuration: default
SIM_START	day2_scenario5	2025-05-12 18:16:34
TIME	0.000
SIMULATE	day2_scenario5

ERROR		Vehicle leaves road at about x=17.0931, y=24.6532 TireNo=1
SIM_ABORT	day2_scenario5	1.834s	24.6896m
APPLICATION	CarMaker 14.0.1 - Car_Generic #5 (win64-14.0.1)
COMPILED	jetbrains@05dcd26e64f8 2025-01-28 11:06:46
 
		I/O Configuration: default
SIM_START	day2_scenario5	2025-05-12 18:16:46
TIME	0.000
SIMULATE	day2_scenario5

ERROR		Vehicle leaves road at about x=17.0931, y=24.6532 TireNo=1
SIM_ABORT	day2_scenario5	1.834s	24.6896m
APPLICATION	CarMaker 14.0.1 - Car_Generic #5 (win64-14.0.1)
COMPILED	jetbrains@05dcd26e64f8 2025-01-28 11:06:46
 
		I/O Configuration: default
SIM_START	day2_scenario5	2025-05-12 18:17:09
TIME	0.000
SIMULATE	day2_scenario5

TIME	9.110
ERROR		Vehicle leaves road at about x=76.3717, y=100.772 TireNo=0
SIM_ABORT	day2_scenario5	9.113s	125.196m
APPLICATION	CarMaker 14.0.1 - Car_Generic #5 (win64-14.0.1)
COMPILED	jetbrains@05dcd26e64f8 2025-01-28 11:06:46
 
		I/O Configuration: default
SIM_START	day2_scenario5	2025-05-12 18:17:25
TIME	0.000
SIMULATE	day2_scenario5

TIME	7.137
ERROR		Vehicle leaves road at about x=47.8633, y=89.4105 TireNo=0
SIM_ABORT	day2_scenario5	7.14s	97.8718m
APPLICATION	CarMaker 14.0.1 - Car_Generic #5 (win64-14.0.1)
COMPILED	jetbrains@05dcd26e64f8 2025-01-28 11:06:46
 
		I/O Configuration: default
SIM_START	day2_scenario5	2025-05-12 18:18:08
TIME	0.000
SIMULATE	day2_scenario5

TIME	9.153
ERROR		Vehicle leaves road at about x=77.2356, y=100.969 TireNo=0
SIM_ABORT	day2_scenario5	9.156s	125.797m
APPLICATION	CarMaker 14.0.1 - Car_Generic #5 (win64-14.0.1)
COMPILED	jetbrains@05dcd26e64f8 2025-01-28 11:06:46
 
		I/O Configuration: default
SIM_START	day2_scenario5	2025-05-12 18:18:27
TIME	0.000
SIMULATE	day2_scenario5

TIME	9.176
ERROR		Vehicle leaves road at about x=77.7521, y=101.082 TireNo=0
SIM_ABORT	day2_scenario5	9.179s	126.119m
APPLICATION	CarMaker 14.0.1 - Car_Generic #5 (win64-14.0.1)
COMPILED	jetbrains@05dcd26e64f8 2025-01-28 11:06:46
 
		I/O Configuration: default
SIM_START	day2_scenario5	2025-05-12 18:19:01
TIME	0.000
SIMULATE	day2_scenario5

TIME	2.029
ERROR		Vehicle leaves road at about x=1.32676, y=31.2492 TireNo=0
SIM_ABORT	day2_scenario5	2.032s	27.7393m
APPLICATION	CarMaker 14.0.1 - Car_Generic #5 (win64-14.0.1)
COMPILED	jetbrains@05dcd26e64f8 2025-01-28 11:06:46
 
		I/O Configuration: default
SIM_START	day2_scenario5	2025-05-12 18:19:29
TIME	0.000
SIMULATE	day2_scenario5

TIME	2.022
ERROR		Vehicle leaves road at about x=1.29361, y=31.1434 TireNo=0
SIM_ABORT	day2_scenario5	2.025s	27.6437m
APPLICATION	CarMaker 14.0.1 - Car_Generic #5 (win64-14.0.1)
COMPILED	jetbrains@05dcd26e64f8 2025-01-28 11:06:46
 
		I/O Configuration: default
SIM_START	day2_scenario5	2025-05-12 18:19:41
TIME	0.000
SIMULATE	day2_scenario5

TIME	2.022
ERROR		Vehicle leaves road at about x=1.29361, y=31.1434 TireNo=0
SIM_ABORT	day2_scenario5	2.025s	27.6437m
APPLICATION	CarMaker 14.0.1 - Car_Generic #5 (win64-14.0.1)
COMPILED	jetbrains@05dcd26e64f8 2025-01-28 11:06:46
 
		I/O Configuration: default
SIM_START	day2_scenario5	2025-05-12 18:20:06
TIME	0.000
SIMULATE	day2_scenario5

TIME	2.029
ERROR		Vehicle leaves road at about x=1.32676, y=31.2492 TireNo=0
SIM_ABORT	day2_scenario5	2.032s	27.7393m
APPLICATION	CarMaker 14.0.1 - Car_Generic #5 (win64-14.0.1)
COMPILED	jetbrains@05dcd26e64f8 2025-01-28 11:06:46
 
		I/O Configuration: default
SIM_START	day2_scenario5	2025-05-12 18:20:18
TIME	0.000
SIMULATE	day2_scenario5

TIME	9.176
ERROR		Vehicle leaves road at about x=77.7521, y=101.082 TireNo=0
SIM_ABORT	day2_scenario5	9.179s	126.119m
APPLICATION	CarMaker 14.0.1 - Car_Generic #5 (win64-14.0.1)
COMPILED	jetbrains@05dcd26e64f8 2025-01-28 11:06:46
 
		I/O Configuration: default
SIM_START	day2_scenario5	2025-05-12 18:20:45
TIME	0.000
SIMULATE	day2_scenario5

TIME	9.169
ERROR		Vehicle leaves road at about x=77.6377, y=101.057 TireNo=0
SIM_ABORT	day2_scenario5	9.172s	126.022m
APPLICATION	CarMaker 14.0.1 - Car_Generic #5 (win64-14.0.1)
COMPILED	jetbrains@05dcd26e64f8 2025-01-28 11:06:46
 
		I/O Configuration: default
SIM_START	day2_scenario5	2025-05-12 18:21:06
TIME	0.000
SIMULATE	day2_scenario5

TIME	3.048
ERROR		Vehicle leaves road at about x=4.89091, y=40.8289 TireNo=0
SIM_ABORT	day2_scenario5	3.051s	36.9972m
APPLICATION	CarMaker 14.0.1 - Car_Generic #5 (win64-14.0.1)
COMPILED	jetbrains@05dcd26e64f8 2025-01-28 11:06:46
 
		I/O Configuration: default
SIM_START	day2_scenario5	2025-05-12 18:21:17
TIME	0.000
SIMULATE	day2_scenario5

TIME	2.764
ERROR		Vehicle leaves road at about x=21.653, y=36.6587 TireNo=1
SIM_ABORT	day2_scenario5	2.767s	37.7108m
APPLICATION	CarMaker 14.0.1 - Car_Generic #5 (win64-14.0.1)
COMPILED	jetbrains@05dcd26e64f8 2025-01-28 11:06:46
 
		I/O Configuration: default
SIM_START	day2_scenario5	2025-05-12 18:21:31
TIME	0.000
SIMULATE	day2_scenario5

TIME	2.807
ERROR		Vehicle leaves road at about x=21.8838, y=37.1443 TireNo=1
SIM_ABORT	day2_scenario5	2.81s	38.3156m
APPLICATION	CarMaker 14.0.1 - Car_Generic #5 (win64-14.0.1)
COMPILED	jetbrains@05dcd26e64f8 2025-01-28 11:06:46
 
		I/O Configuration: default
SIM_START	day2_scenario5	2025-05-12 18:22:02
TIME	0.000
SIMULATE	day2_scenario5

TIME	2.769
ERROR		Vehicle leaves road at about x=21.669, y=36.6846 TireNo=1
SIM_ABORT	day2_scenario5	2.772s	37.7918m
APPLICATION	CarMaker 14.0.1 - Car_Generic #5 (win64-14.0.1)
COMPILED	jetbrains@05dcd26e64f8 2025-01-28 11:06:46
 
		I/O Configuration: default
SIM_START	day2_scenario5	2025-05-12 18:22:15
TIME	0.000
SIMULATE	day2_scenario5

TIME	2.764
ERROR		Vehicle leaves road at about x=21.653, y=36.6587 TireNo=1
SIM_ABORT	day2_scenario5	2.767s	37.7108m
APPLICATION	CarMaker 14.0.1 - Car_Generic #5 (win64-14.0.1)
COMPILED	jetbrains@05dcd26e64f8 2025-01-28 11:06:46
 
		I/O Configuration: default
SIM_START	day2_scenario5	2025-05-12 18:22:31
TIME	0.000
SIMULATE	day2_scenario5

TIME	9.169
ERROR		Vehicle leaves road at about x=77.6377, y=101.057 TireNo=0
SIM_ABORT	day2_scenario5	9.172s	126.022m
APPLICATION	CarMaker 14.0.1 - Car_Generic #5 (win64-14.0.1)
COMPILED	jetbrains@05dcd26e64f8 2025-01-28 11:06:46
 
		I/O Configuration: default
SIM_START	day2_scenario5	2025-05-12 18:22:46
TIME	0.000
SIMULATE	day2_scenario5

TIME	11.581
ERROR		Vehicle leaves road at about x=116.871, y=102.117 TireNo=0
SIM_ABORT	day2_scenario5	11.584s	159.66m
APPLICATION	CarMaker 14.0.1 - Car_Generic #5 (win64-14.0.1)
COMPILED	jetbrains@05dcd26e64f8 2025-01-28 11:06:46
 
		I/O Configuration: default
SIM_START	day2_scenario5	2025-05-12 18:23:01
TIME	0.000
SIMULATE	day2_scenario5

TIME	3.298
ERROR		Vehicle leaves road at about x=24.8709, y=42.8682 TireNo=1
SIM_ABORT	day2_scenario5	3.301s	45.0714m
APPLICATION	CarMaker 14.0.1 - Car_Generic #5 (win64-14.0.1)
COMPILED	jetbrains@05dcd26e64f8 2025-01-28 11:06:46
 
		I/O Configuration: default
SIM_START	day2_scenario5	2025-05-12 18:23:14
TIME	0.000
SIMULATE	day2_scenario5

TIME	3.910
ERROR		Vehicle leaves road at about x=29.233, y=49.7367 TireNo=1
SIM_ABORT	day2_scenario5	3.913s	53.5455m
APPLICATION	CarMaker 14.0.1 - Car_Generic #5 (win64-14.0.1)
COMPILED	jetbrains@05dcd26e64f8 2025-01-28 11:06:46
 
		I/O Configuration: default
SIM_START	day2_scenario5	2025-05-12 18:23:30
TIME	0.000
SIMULATE	day2_scenario5

TIME	11.581
ERROR		Vehicle leaves road at about x=116.871, y=102.117 TireNo=0
SIM_ABORT	day2_scenario5	11.584s	159.66m
APPLICATION	CarMaker 14.0.1 - Car_Generic #5 (win64-14.0.1)
COMPILED	jetbrains@05dcd26e64f8 2025-01-28 11:06:46
 
		I/O Configuration: default
SIM_START	day2_scenario4	2025-05-12 18:24:02
TIME	0.000
SIMULATE	day2_scenario4

TIME	4.052
ERROR		Vehicle leaves road at about x=58.6892, y=3.79433 TireNo=0
SIM_ABORT	day2_scenario4	4.055s	55.5028m
APPLICATION	CarMaker 14.0.1 - Car_Generic #5 (win64-14.0.1)
COMPILED	jetbrains@05dcd26e64f8 2025-01-28 11:06:46
 
		I/O Configuration: default
SIM_START	day2_scenario4	2025-05-12 18:24:16
TIME	0.000
SIMULATE	day2_scenario4

TIME	4.004
ERROR		Vehicle leaves road at about x=58.0138, y=3.79123 TireNo=0
SIM_ABORT	day2_scenario4	4.007s	54.838m
APPLICATION	CarMaker 14.0.1 - Car_Generic #5 (win64-14.0.1)
COMPILED	jetbrains@05dcd26e64f8 2025-01-28 11:06:46
 
		I/O Configuration: default
SIM_START	day2_scenario4	2025-05-12 18:24:41
TIME	0.000
SIMULATE	day2_scenario4

TIME	35.763
SIM_END		day2_scenario4	35.763s	495.434m
APPLICATION	CarMaker 14.0.1 - Car_Generic #5 (win64-14.0.1)
COMPILED	jetbrains@05dcd26e64f8 2025-01-28 11:06:46
 
		I/O Configuration: default
SIM_START	day2_scenario4	2025-05-12 18:25:11
TIME	0.000
SIMULATE	day2_scenario4

TIME	35.762
SIM_END		day2_scenario4	35.762s	495.402m
APPLICATION	CarMaker 14.0.1 - Car_Generic #5 (win64-14.0.1)
COMPILED	jetbrains@05dcd26e64f8 2025-01-28 11:06:46
 
		I/O Configuration: default
SIM_START	day2_scenario4	2025-05-12 18:25:30
TIME	0.000
SIMULATE	day2_scenario4

TIME	7.546
SIM_END		day2_scenario4	7.543s	103.389m
APPLICATION	CarMaker 14.0.1 - Car_Generic #5 (win64-14.0.1)
COMPILED	jetbrains@05dcd26e64f8 2025-01-28 11:06:46
 
		I/O Configuration: default
SIM_START	day2_scenario4	2025-05-12 18:25:44
TIME	0.000
SIMULATE	day2_scenario4

TIME	11.472
SIM_END		day2_scenario4	11.469s	158.052m
APPLICATION	CarMaker 14.0.1 - Car_Generic #5 (win64-14.0.1)
COMPILED	jetbrains@05dcd26e64f8 2025-01-28 11:06:46
 
		I/O Configuration: default
SIM_START	day2_scenario4	2025-05-12 18:26:00
TIME	0.000
SIMULATE	day2_scenario4

TIME	3.659
ERROR		Vehicle leaves road at about x=48.8017, y=3.74936 TireNo=0
SIM_ABORT	day2_scenario4	3.662s	46.8926m
APPLICATION	CarMaker 14.0.1 - Car_Generic #5 (win64-14.0.1)
COMPILED	jetbrains@05dcd26e64f8 2025-01-28 11:06:46
 
		I/O Configuration: default
SIM_START	day2_scenario4	2025-05-12 18:26:09
TIME	0.000
SIMULATE	day2_scenario4

TIME	3.659
ERROR		Vehicle leaves road at about x=48.8017, y=3.74936 TireNo=0
SIM_ABORT	day2_scenario4	3.662s	46.8926m
APPLICATION	CarMaker 14.0.1 - Car_Generic #5 (win64-14.0.1)
COMPILED	jetbrains@05dcd26e64f8 2025-01-28 11:06:46
 
		I/O Configuration: default
SIM_START	day2_scenario5	2025-05-12 18:26:22
TIME	0.000
SIMULATE	day2_scenario5

TIME	2.997
ERROR		Vehicle leaves road at about x=20.2611, y=33.5181 TireNo=1
SIM_ABORT	day2_scenario5	3s	34.1284m
APPLICATION	CarMaker 14.0.1 - Car_Generic #5 (win64-14.0.1)
COMPILED	jetbrains@05dcd26e64f8 2025-01-28 11:06:46
 
		I/O Configuration: default
SIM_START	day2_scenario5	2025-05-12 18:30:05
TIME	0.000
SIMULATE	day2_scenario5

ERROR		Vehicle leaves road at about x=-1.14658, y=21.9698 TireNo=0
SIM_ABORT	day2_scenario5	1.682s	19.5272m
APPLICATION	CarMaker 14.0.1 - Car_Generic #5 (win64-14.0.1)
COMPILED	jetbrains@05dcd26e64f8 2025-01-28 11:06:46
 
		I/O Configuration: default
SIM_START	day2_scenario5	2025-05-12 18:30:41
TIME	0.000
SIMULATE	day2_scenario5

TIME	5.768
ERROR		Vehicle leaves road at about x=24.0261, y=70.2924 TireNo=0
SIM_ABORT	day2_scenario5	5.771s	71.4212m
APPLICATION	CarMaker 14.0.1 - Car_Generic #5 (win64-14.0.1)
COMPILED	jetbrains@05dcd26e64f8 2025-01-28 11:06:46
 
		I/O Configuration: default
SIM_START	day2_scenario5	2025-05-12 18:31:01
TIME	0.000
SIMULATE	day2_scenario5

TIME	2.073
ERROR		Vehicle leaves road at about x=17.7643, y=26.8196 TireNo=1
SIM_ABORT	day2_scenario5	2.076s	27.6953m
APPLICATION	CarMaker 14.0.1 - Car_Generic #5 (win64-14.0.1)
COMPILED	jetbrains@05dcd26e64f8 2025-01-28 11:06:46
 
		I/O Configuration: default
SIM_START	day2_scenario5	2025-05-12 18:31:14
TIME	0.000
SIMULATE	day2_scenario5

ERROR		Vehicle leaves road at about x=16.0245, y=20.7056 TireNo=1
SIM_ABORT	day2_scenario5	1.613s	21.3198m
APPLICATION	CarMaker 14.0.1 - Car_Generic #5 (win64-14.0.1)
COMPILED	jetbrains@05dcd26e64f8 2025-01-28 11:06:46
 
		I/O Configuration: default
SIM_START	day2_scenario5	2025-05-12 18:31:59
TIME	0.000
SIMULATE	day2_scenario5

ERROR		Vehicle leaves road at about x=17.0696, y=24.5742 TireNo=1
SIM_ABORT	day2_scenario5	1.881s	24.7201m
APPLICATION	CarMaker 14.0.1 - Car_Generic #5 (win64-14.0.1)
COMPILED	jetbrains@05dcd26e64f8 2025-01-28 11:06:46
 
		I/O Configuration: default
SIM_START	day2_scenario5	2025-05-12 18:32:23
TIME	0.000
SIMULATE	day2_scenario5

TIME	2.997
ERROR		Vehicle leaves road at about x=20.2611, y=33.5181 TireNo=1
SIM_ABORT	day2_scenario5	3s	34.1284m
APPLICATION	CarMaker 14.0.1 - Car_Generic #5 (win64-14.0.1)
COMPILED	jetbrains@05dcd26e64f8 2025-01-28 11:06:46
 
		I/O Configuration: default
SIM_START	day2_scenario5	2025-05-12 18:40:45
TIME	0.000
SIMULATE	day2_scenario5

TIME	3.000
ERROR		Vehicle leaves road at about x=20.3089, y=33.6307 TireNo=1
SIM_ABORT	day2_scenario5	3.003s	34.2733m
APPLICATION	CarMaker 14.0.1 - Car_Generic #5 (win64-14.0.1)
COMPILED	jetbrains@05dcd26e64f8 2025-01-28 11:06:46
 
		I/O Configuration: default
SIM_START	day2_scenario5	2025-05-12 18:41:47
TIME	0.000
SIMULATE	day2_scenario5

TIME	2.494
ERROR		Vehicle leaves road at about x=19.5648, y=31.8086 TireNo=1
SIM_ABORT	day2_scenario5	2.497s	32.2105m
APPLICATION	CarMaker 14.0.1 - Car_Generic #5 (win64-14.0.1)
COMPILED	jetbrains@05dcd26e64f8 2025-01-28 11:06:46
 
		I/O Configuration: default
SIM_START	day2_scenario5	2025-05-12 18:42:00
TIME	0.000
SIMULATE	day2_scenario5

ERROR		Vehicle leaves road at about x=16.8913, y=23.9719 TireNo=1
SIM_ABORT	day2_scenario5	1.831s	24.1099m
APPLICATION	CarMaker 14.0.1 - Car_Generic #5 (win64-14.0.1)
COMPILED	jetbrains@05dcd26e64f8 2025-01-28 11:06:46
 
		I/O Configuration: default
SIM_START	day2_scenario5	2025-05-12 18:42:14
TIME	0.000
SIMULATE	day2_scenario5

ERROR		Vehicle leaves road at about x=-1.13974, y=22.0005 TireNo=0
SIM_ABORT	day2_scenario5	1.743s	19.5582m
APPLICATION	CarMaker 14.0.1 - Car_Generic #5 (win64-14.0.1)
COMPILED	jetbrains@05dcd26e64f8 2025-01-28 11:06:46
 
		I/O Configuration: default
SIM_START	day2_scenario5	2025-05-12 18:52:07
TIME	0.000
SIMULATE	day2_scenario5

ERROR		Vehicle leaves road at about x=-1.33836, y=21.0602 TireNo=0
SIM_ABORT	day2_scenario5	1.482s	19.0499m
APPLICATION	CarMaker 14.0.1 - Car_Generic #5 (win64-14.0.1)
COMPILED	jetbrains@05dcd26e64f8 2025-01-28 11:06:46
 
		I/O Configuration: default
SIM_START	day2_scenario5	2025-05-12 18:52:39
TIME	0.000
SIMULATE	day2_scenario5

ERROR		Vehicle leaves road at about x=-1.40353, y=20.7612 TireNo=0
SIM_ABORT	day2_scenario5	1.636s	18.9095m
APPLICATION	CarMaker 14.0.1 - Car_Generic #5 (win64-14.0.1)
COMPILED	jetbrains@05dcd26e64f8 2025-01-28 11:06:46
 
		I/O Configuration: default
SIM_START	day2_scenario5	2025-05-12 18:53:02
TIME	0.000
SIMULATE	day2_scenario5

TIME	2.823
ERROR		Vehicle leaves road at about x=19.7139, y=32.1863 TireNo=1
SIM_ABORT	day2_scenario5	2.826s	32.7886m
APPLICATION	CarMaker 14.0.1 - Car_Generic #5 (win64-14.0.1)
COMPILED	jetbrains@05dcd26e64f8 2025-01-28 11:06:46
 
		I/O Configuration: default
SIM_START	day2_scenario5	2025-05-12 18:53:14
TIME	0.000
SIMULATE	day2_scenario5

TIME	2.315
ERROR		Vehicle leaves road at about x=17.4301, y=25.7653 TireNo=1
SIM_ABORT	day2_scenario5	2.318s	26.2437m
APPLICATION	CarMaker 14.0.1 - Car_Generic #5 (win64-14.0.1)
COMPILED	jetbrains@05dcd26e64f8 2025-01-28 11:06:46
 
		I/O Configuration: default
SIM_START	day2_scenario5	2025-05-12 18:53:31
TIME	0.000
SIMULATE	day2_scenario5

TIME	2.371
ERROR		Vehicle leaves road at about x=17.7333, y=26.7251 TireNo=1
SIM_ABORT	day2_scenario5	2.374s	27.3073m
APPLICATION	CarMaker 14.0.1 - Car_Generic #5 (win64-14.0.1)
COMPILED	jetbrains@05dcd26e64f8 2025-01-28 11:06:46
 
		I/O Configuration: default
SIM_START	day2_scenario5	2025-05-12 18:53:49
TIME	0.000
SIMULATE	day2_scenario5

TIME	2.379
ERROR		Vehicle leaves road at about x=17.7612, y=26.7959 TireNo=1
SIM_ABORT	day2_scenario5	2.382s	27.388m
APPLICATION	CarMaker 14.0.1 - Car_Generic #5 (win64-14.0.1)
COMPILED	jetbrains@05dcd26e64f8 2025-01-28 11:06:46
 
		I/O Configuration: default
SIM_START	day2_scenario5	2025-05-12 18:54:03
TIME	0.000
SIMULATE	day2_scenario5

TIME	2.379
ERROR		Vehicle leaves road at about x=17.7612, y=26.7959 TireNo=1
SIM_ABORT	day2_scenario5	2.382s	27.388m
APPLICATION	CarMaker 14.0.1 - Car_Generic #5 (win64-14.0.1)
COMPILED	jetbrains@05dcd26e64f8 2025-01-28 11:06:46
 
		I/O Configuration: default
SIM_START	day2_scenario5	2025-05-12 18:54:20
TIME	0.000
SIMULATE	day2_scenario5

TIME	2.675
ERROR		Vehicle leaves road at about x=1.3241, y=31.2391 TireNo=0
SIM_ABORT	day2_scenario5	2.678s	27.6158m
APPLICATION	CarMaker 14.0.1 - Car_Generic #5 (win64-14.0.1)
COMPILED	jetbrains@05dcd26e64f8 2025-01-28 11:06:46
 
		I/O Configuration: default
SIM_START	day2_scenario5	2025-05-12 18:54:35
TIME	0.000
SIMULATE	day2_scenario5

TIME	2.668
ERROR		Vehicle leaves road at about x=1.30278, y=31.1724 TireNo=0
SIM_ABORT	day2_scenario5	2.671s	27.554m
APPLICATION	CarMaker 14.0.1 - Car_Generic #5 (win64-14.0.1)
COMPILED	jetbrains@05dcd26e64f8 2025-01-28 11:06:46
 
		I/O Configuration: default
SIM_START	day2_scenario5	2025-05-12 18:54:46
TIME	0.000
SIMULATE	day2_scenario5

TIME	2.364
ERROR		Vehicle leaves road at about x=17.7098, y=26.64 TireNo=1
SIM_ABORT	day2_scenario5	2.367s	27.214m
APPLICATION	CarMaker 14.0.1 - Car_Generic #5 (win64-14.0.1)
COMPILED	jetbrains@05dcd26e64f8 2025-01-28 11:06:46
 
		I/O Configuration: default
SIM_START	day2_scenario5	2025-05-12 18:54:59
TIME	0.000
SIMULATE	day2_scenario5

ERROR		Vehicle leaves road at about x=16.8821, y=23.9351 TireNo=1
SIM_ABORT	day2_scenario5	1.828s	24.0746m
APPLICATION	CarMaker 14.0.1 - Car_Generic #5 (win64-14.0.1)
COMPILED	jetbrains@05dcd26e64f8 2025-01-28 11:06:46
 
		I/O Configuration: default
SIM_START	day2_scenario5	2025-05-12 18:55:31
TIME	0.000
SIMULATE	day2_scenario5

ERROR		Vehicle leaves road at about x=-1.13974, y=22.0005 TireNo=0
SIM_ABORT	day2_scenario5	1.743s	19.5582m
APPLICATION	CarMaker 14.0.1 - Car_Generic #5 (win64-14.0.1)
COMPILED	jetbrains@05dcd26e64f8 2025-01-28 11:06:46
 
		I/O Configuration: default
SIM_START	day2_scenario5	2025-05-12 18:55:57
TIME	0.000
SIMULATE	day2_scenario5

ERROR		Vehicle leaves road at about x=-1.13974, y=22.0005 TireNo=0
SIM_ABORT	day2_scenario5	1.743s	19.5582m
APPLICATION	CarMaker 14.0.1 - Car_Generic #5 (win64-14.0.1)
COMPILED	jetbrains@05dcd26e64f8 2025-01-28 11:06:46
 
		I/O Configuration: default
SIM_START	day2_scenario5	2025-05-12 19:01:45
TIME	0.000
SIMULATE	day2_scenario5

TIME	2.228
ERROR		Vehicle leaves road at about x=17.2632, y=25.2186 TireNo=1
SIM_ABORT	day2_scenario5	2.231s	25.7096m
APPLICATION	CarMaker 14.0.1 - Car_Generic #5 (win64-14.0.1)
COMPILED	jetbrains@05dcd26e64f8 2025-01-28 11:06:46
 
		I/O Configuration: default
SIM_START	day2_scenario5	2025-05-12 19:02:16
TIME	0.000
SIMULATE	day2_scenario5

ERROR		Vehicle leaves road at about x=16.5487, y=22.7499 TireNo=1
SIM_ABORT	day2_scenario5	1.806s	23.0298m
APPLICATION	CarMaker 14.0.1 - Car_Generic #5 (win64-14.0.1)
COMPILED	jetbrains@05dcd26e64f8 2025-01-28 11:06:46
 
		I/O Configuration: default
SIM_START	day2_scenario5	2025-05-12 19:06:52
TIME	0.000
SIMULATE	day2_scenario5

ERROR		Vehicle leaves road at about x=16.5487, y=22.7499 TireNo=1
SIM_ABORT	day2_scenario5	1.806s	23.0298m
APPLICATION	CarMaker 14.0.1 - Car_Generic #5 (win64-14.0.1)
COMPILED	jetbrains@05dcd26e64f8 2025-01-28 11:06:46
 
		I/O Configuration: default
SIM_START	day2_scenario5	2025-05-12 19:07:04
TIME	0.000
SIMULATE	day2_scenario5

ERROR		Vehicle leaves road at about x=16.5487, y=22.7499 TireNo=1
SIM_ABORT	day2_scenario5	1.806s	23.0298m
APPLICATION	CarMaker 14.0.1 - Car_Generic #5 (win64-14.0.1)
COMPILED	jetbrains@05dcd26e64f8 2025-01-28 11:06:46
 
		I/O Configuration: default
SIM_START	day2_scenario5	2025-05-12 19:07:12
TIME	0.000
SIMULATE	day2_scenario5

ERROR		Vehicle leaves road at about x=16.5487, y=22.7499 TireNo=1
SIM_ABORT	day2_scenario5	1.806s	23.0298m
APPLICATION	CarMaker 14.0.1 - Car_Generic #5 (win64-14.0.1)
COMPILED	jetbrains@05dcd26e64f8 2025-01-28 11:06:46
 
		I/O Configuration: default
SIM_START	day2_scenario5	2025-05-12 19:07:27
TIME	0.000
SIMULATE	day2_scenario5

ERROR		Vehicle leaves road at about x=16.5583, y=22.777 TireNo=1
SIM_ABORT	day2_scenario5	1.806s	23.0548m
APPLICATION	CarMaker 14.0.1 - Car_Generic #5 (win64-14.0.1)
COMPILED	jetbrains@05dcd26e64f8 2025-01-28 11:06:46
 
		I/O Configuration: default
SIM_START	day2_scenario5	2025-05-12 19:09:18
TIME	0.000
SIMULATE	day2_scenario5

ERROR		Vehicle leaves road at about x=16.1668, y=21.2906 TireNo=1
SIM_ABORT	day2_scenario5	1.728s	21.9231m
APPLICATION	CarMaker 14.0.1 - Car_Generic #5 (win64-14.0.1)
COMPILED	jetbrains@05dcd26e64f8 2025-01-28 11:06:46
 
		I/O Configuration: default
SIM_START	day2_scenario5	2025-05-12 19:09:32
TIME	0.000
SIMULATE	day2_scenario5

ERROR		Vehicle leaves road at about x=16.2201, y=21.507 TireNo=1
SIM_ABORT	day2_scenario5	1.733s	22.0664m
APPLICATION	CarMaker 14.0.1 - Car_Generic #5 (win64-14.0.1)
COMPILED	jetbrains@05dcd26e64f8 2025-01-28 11:06:46
 
		I/O Configuration: default
SIM_START	day2_scenario5	2025-05-12 19:09:46
TIME	0.000
SIMULATE	day2_scenario5

TIME	6.069
ERROR		Vehicle leaves road at about x=35.0966, y=80.6229 TireNo=0
SIM_ABORT	day2_scenario5	6.072s	83.0938m
APPLICATION	CarMaker 14.0.1 - Car_Generic #5 (win64-14.0.1)
COMPILED	jetbrains@05dcd26e64f8 2025-01-28 11:06:46
 
		I/O Configuration: default
SIM_START	day2_scenario5	2025-05-12 19:10:08
TIME	0.000
SIMULATE	day2_scenario5

TIME	6.069
ERROR		Vehicle leaves road at about x=35.0966, y=80.6229 TireNo=0
SIM_ABORT	day2_scenario5	6.072s	83.0938m
APPLICATION	CarMaker 14.0.1 - Car_Generic #5 (win64-14.0.1)
COMPILED	jetbrains@05dcd26e64f8 2025-01-28 11:06:46
 
		I/O Configuration: default
SIM_START	day2_scenario5	2025-05-12 19:10:26
TIME	0.000
SIMULATE	day2_scenario5

TIME	6.069
ERROR		Vehicle leaves road at about x=35.0966, y=80.6229 TireNo=0
SIM_ABORT	day2_scenario5	6.072s	83.0938m
APPLICATION	CarMaker 14.0.1 - Car_Generic #5 (win64-14.0.1)
COMPILED	jetbrains@05dcd26e64f8 2025-01-28 11:06:46
 
		I/O Configuration: default
SIM_START	day2_scenario5	2025-05-12 19:11:06
TIME	0.000
SIMULATE	day2_scenario5

TIME	6.069
ERROR		Vehicle leaves road at about x=35.0966, y=80.6229 TireNo=0
SIM_ABORT	day2_scenario5	6.072s	83.0938m
APPLICATION	CarMaker 14.0.1 - Car_Generic #5 (win64-14.0.1)
COMPILED	jetbrains@05dcd26e64f8 2025-01-28 11:06:46
 
		I/O Configuration: default
SIM_START	day2_scenario5	2025-05-12 19:11:32
TIME	0.000
SIMULATE	day2_scenario5

ERROR		Vehicle leaves road at about x=0.433344, y=28.2755 TireNo=0
SIM_ABORT	day2_scenario5	1.839s	25.0987m
APPLICATION	CarMaker 14.0.1 - Car_Generic #5 (win64-14.0.1)
COMPILED	jetbrains@05dcd26e64f8 2025-01-28 11:06:46
 
		I/O Configuration: default
SIM_START	day2_scenario5	2025-05-12 19:11:42
TIME	0.000
SIMULATE	day2_scenario5

ERROR		Vehicle leaves road at about x=0.433344, y=28.2755 TireNo=0
SIM_ABORT	day2_scenario5	1.839s	25.0987m
APPLICATION	CarMaker 14.0.1 - Car_Generic #5 (win64-14.0.1)
COMPILED	jetbrains@05dcd26e64f8 2025-01-28 11:06:46
 
		I/O Configuration: default
SIM_START	day2_scenario5	2025-05-12 19:11:59
TIME	0.000
SIMULATE	day2_scenario5

TIME	2.192
ERROR		Vehicle leaves road at about x=2.12288, y=33.6622 TireNo=0
SIM_ABORT	day2_scenario5	2.195s	29.9621m
APPLICATION	CarMaker 14.0.1 - Car_Generic #5 (win64-14.0.1)
COMPILED	jetbrains@05dcd26e64f8 2025-01-28 11:06:46
 
		I/O Configuration: default
SIM_START	day2_scenario5	2025-05-12 19:12:13
TIME	0.000
SIMULATE	day2_scenario5

TIME	2.192
ERROR		Vehicle leaves road at about x=2.12288, y=33.6622 TireNo=0
SIM_ABORT	day2_scenario5	2.195s	29.9621m
APPLICATION	CarMaker 14.0.1 - Car_Generic #5 (win64-14.0.1)
COMPILED	jetbrains@05dcd26e64f8 2025-01-28 11:06:46
 
		I/O Configuration: default
SIM_START	day2_scenario5	2025-05-12 19:12:34
TIME	0.000
SIMULATE	day2_scenario5

TIME	2.192
ERROR		Vehicle leaves road at about x=2.12288, y=33.6622 TireNo=0
SIM_ABORT	day2_scenario5	2.195s	29.9621m
APPLICATION	CarMaker 14.0.1 - Car_Generic #5 (win64-14.0.1)
COMPILED	jetbrains@05dcd26e64f8 2025-01-28 11:06:46
 
		I/O Configuration: default
SIM_START	day2_scenario5	2025-05-12 19:13:01
TIME	0.000
SIMULATE	day2_scenario5

TIME	6.026
ERROR		Vehicle leaves road at about x=34.5604, y=80.1917 TireNo=0
SIM_ABORT	day2_scenario5	6.029s	82.4684m
APPLICATION	CarMaker 14.0.1 - Car_Generic #5 (win64-14.0.1)
COMPILED	jetbrains@05dcd26e64f8 2025-01-28 11:06:46
 
		I/O Configuration: default
SIM_START	day2_scenario5	2025-05-12 19:13:42
TIME	0.000
SIMULATE	day2_scenario5

TIME	2.340
ERROR		Vehicle leaves road at about x=2.87581, y=35.7683 TireNo=0
SIM_ABORT	day2_scenario5	2.343s	31.9846m
APPLICATION	CarMaker 14.0.1 - Car_Generic #5 (win64-14.0.1)
COMPILED	jetbrains@05dcd26e64f8 2025-01-28 11:06:46
 
		I/O Configuration: default
SIM_START	day2_scenario5	2025-05-12 19:15:27
TIME	0.000
SIMULATE	day2_scenario5

TIME	6.026
ERROR		Vehicle leaves road at about x=34.5604, y=80.1917 TireNo=0
SIM_ABORT	day2_scenario5	6.029s	82.4684m
APPLICATION	CarMaker 14.0.1 - Car_Generic #5 (win64-14.0.1)
COMPILED	jetbrains@05dcd26e64f8 2025-01-28 11:06:46
 
		I/O Configuration: default
SIM_START	day2_scenario5	2025-05-12 19:16:43
TIME	0.000
SIMULATE	day2_scenario5

TIME	5.967
ERROR		Vehicle leaves road at about x=33.8005, y=79.5615 TireNo=0
SIM_ABORT	day2_scenario5	5.97s	81.6451m
APPLICATION	CarMaker 14.0.1 - Car_Generic #5 (win64-14.0.1)
COMPILED	jetbrains@05dcd26e64f8 2025-01-28 11:06:46
 
		I/O Configuration: default
SIM_START	day2_scenario5	2025-05-12 19:23:07
TIME	0.000
SIMULATE	day2_scenario5

TIME	6.345
ERROR		Vehicle leaves road at about x=38.3999, y=83.1746 TireNo=0
SIM_ABORT	day2_scenario5	6.348s	86.9934m
APPLICATION	CarMaker 14.0.1 - Car_Generic #5 (win64-14.0.1)
COMPILED	jetbrains@05dcd26e64f8 2025-01-28 11:06:46
 
		I/O Configuration: default
SIM_START	day2_scenario5	2025-05-12 19:23:26
TIME	0.000
SIMULATE	day2_scenario5

TIME	2.867
ERROR		Vehicle leaves road at about x=21.8439, y=37.0516 TireNo=1
SIM_ABORT	day2_scenario5	2.87s	39.073m
APPLICATION	CarMaker 14.0.1 - Car_Generic #5 (win64-14.0.1)
COMPILED	jetbrains@05dcd26e64f8 2025-01-28 11:06:46
 
		I/O Configuration: default
SIM_START	day2_scenario5	2025-05-12 19:23:43
TIME	0.000
SIMULATE	day2_scenario5

TIME	6.081
ERROR		Vehicle leaves road at about x=35.2193, y=80.7247 TireNo=0
SIM_ABORT	day2_scenario5	6.084s	83.389m
APPLICATION	CarMaker 14.0.1 - Car_Generic #5 (win64-14.0.1)
COMPILED	jetbrains@05dcd26e64f8 2025-01-28 11:06:46
 
		I/O Configuration: default
SIM_START	day2_scenario5	2025-05-12 19:26:22
TIME	0.000
SIMULATE	day2_scenario5

TIME	6.081
ERROR		Vehicle leaves road at about x=35.2193, y=80.7247 TireNo=0
SIM_ABORT	day2_scenario5	6.084s	83.389m
APPLICATION	CarMaker 14.0.1 - Car_Generic #5 (win64-14.0.1)
COMPILED	jetbrains@05dcd26e64f8 2025-01-28 11:06:46
 
		I/O Configuration: default
SIM_START	day2_scenario5	2025-05-12 19:27:00
TIME	0.000
SIMULATE	day2_scenario5

TIME	6.152
ERROR		Vehicle leaves road at about x=36.1309, y=81.4475 TireNo=0
SIM_ABORT	day2_scenario5	6.155s	84.3533m
APPLICATION	CarMaker 14.0.1 - Car_Generic #5 (win64-14.0.1)
COMPILED	jetbrains@05dcd26e64f8 2025-01-28 11:06:46
 
		I/O Configuration: default
SIM_START	day2_scenario5	2025-05-12 19:27:12
TIME	0.000
SIMULATE	day2_scenario5

TIME	8.987
ERROR		Vehicle leaves road at about x=74.8254, y=100.393 TireNo=0
SIM_ABORT	day2_scenario5	8.99s	123.486m
APPLICATION	CarMaker 14.0.1 - Car_Generic #5 (win64-14.0.1)
COMPILED	jetbrains@05dcd26e64f8 2025-01-28 11:06:46
 
		I/O Configuration: default
SIM_START	day2_scenario5	2025-05-12 19:27:31
TIME	0.000
SIMULATE	day2_scenario5

TIME	7.660
ERROR		Vehicle leaves road at about x=54.2471, y=92.839 TireNo=0
SIM_ABORT	day2_scenario5	7.663s	105.137m
APPLICATION	CarMaker 14.0.1 - Car_Generic #5 (win64-14.0.1)
COMPILED	jetbrains@05dcd26e64f8 2025-01-28 11:06:46
 
		I/O Configuration: default
SIM_START	day2_scenario5	2025-05-12 19:27:47
TIME	0.000
SIMULATE	day2_scenario5

TIME	7.660
ERROR		Vehicle leaves road at about x=54.2471, y=92.839 TireNo=0
SIM_ABORT	day2_scenario5	7.663s	105.137m
APPLICATION	CarMaker 14.0.1 - Car_Generic #5 (win64-14.0.1)
COMPILED	jetbrains@05dcd26e64f8 2025-01-28 11:06:46
 
		I/O Configuration: default
SIM_START	day2_scenario5	2025-05-12 19:28:07
TIME	0.000
SIMULATE	day2_scenario5

ERROR		Vehicle leaves road at about x=17.0404, y=24.487 TireNo=1
SIM_ABORT	day2_scenario5	1.869s	24.622m
APPLICATION	CarMaker 14.0.1 - Car_Generic #5 (win64-14.0.1)
COMPILED	jetbrains@05dcd26e64f8 2025-01-28 11:06:46
 
		I/O Configuration: default
SIM_START	day2_scenario5	2025-05-12 19:28:24
TIME	0.000
SIMULATE	day2_scenario5

TIME	2.828
ERROR		Vehicle leaves road at about x=22.009, y=37.4034 TireNo=1
SIM_ABORT	day2_scenario5	2.831s	38.5784m
APPLICATION	CarMaker 14.0.1 - Car_Generic #5 (win64-14.0.1)
COMPILED	jetbrains@05dcd26e64f8 2025-01-28 11:06:46
 
		I/O Configuration: default
SIM_START	day2_scenario5	2025-05-12 19:28:43
TIME	0.000
SIMULATE	day2_scenario5

TIME	7.660
ERROR		Vehicle leaves road at about x=54.2471, y=92.839 TireNo=0
SIM_ABORT	day2_scenario5	7.663s	105.137m
APPLICATION	CarMaker 14.0.1 - Car_Generic #5 (win64-14.0.1)
COMPILED	jetbrains@05dcd26e64f8 2025-01-28 11:06:46
 
		I/O Configuration: default
SIM_START	day2_scenario5	2025-05-12 19:29:05
TIME	0.000
SIMULATE	day2_scenario5

TIME	4.838
ERROR		Vehicle leaves road at about x=21.8841, y=67.9007 TireNo=0
SIM_ABORT	day2_scenario5	4.841s	66.3944m
APPLICATION	CarMaker 14.0.1 - Car_Generic #5 (win64-14.0.1)
COMPILED	jetbrains@05dcd26e64f8 2025-01-28 11:06:46
 
		I/O Configuration: default
SIM_START	day2_scenario5	2025-05-12 19:29:37
TIME	0.000
SIMULATE	day2_scenario5

TIME	7.641
ERROR		Vehicle leaves road at about x=54.0364, y=92.7375 TireNo=0
SIM_ABORT	day2_scenario5	7.644s	104.872m
APPLICATION	CarMaker 14.0.1 - Car_Generic #5 (win64-14.0.1)
COMPILED	jetbrains@05dcd26e64f8 2025-01-28 11:06:46
 
		I/O Configuration: default
SIM_START	day2_scenario5	2025-05-12 19:29:56
TIME	0.000
SIMULATE	day2_scenario5

TIME	7.641
ERROR		Vehicle leaves road at about x=54.0364, y=92.7375 TireNo=0
SIM_ABORT	day2_scenario5	7.644s	104.872m
APPLICATION	CarMaker 14.0.1 - Car_Generic #5 (win64-14.0.1)
COMPILED	jetbrains@05dcd26e64f8 2025-01-28 11:06:46
 
		I/O Configuration: default
SIM_START	day2_scenario5	2025-05-12 19:30:14
TIME	0.000
SIMULATE	day2_scenario5

TIME	13.006
ERROR		Vehicle leaves road at about x=139.329, y=95.7376 TireNo=0
SIM_ABORT	day2_scenario5	13.009s	179.44m
APPLICATION	CarMaker 14.0.1 - Car_Generic #5 (win64-14.0.1)
COMPILED	jetbrains@05dcd26e64f8 2025-01-28 11:06:46
 
		I/O Configuration: default
SIM_START	day2_scenario5	2025-05-12 19:30:36
TIME	0.000
SIMULATE	day2_scenario5

TIME	2.493
ERROR		Vehicle leaves road at about x=20.1162, y=33.1742 TireNo=1
SIM_ABORT	day2_scenario5	2.496s	33.9444m
APPLICATION	CarMaker 14.0.1 - Car_Generic #5 (win64-14.0.1)
COMPILED	jetbrains@05dcd26e64f8 2025-01-28 11:06:46
 
		I/O Configuration: default
SIM_START	day2_scenario5	2025-05-12 19:30:50
TIME	0.000
SIMULATE	day2_scenario5

TIME	4.023
ERROR		Vehicle leaves road at about x=29.9386, y=50.7255 TireNo=1
SIM_ABORT	day2_scenario5	4.026s	55.0678m
APPLICATION	CarMaker 14.0.1 - Car_Generic #5 (win64-14.0.1)
COMPILED	jetbrains@05dcd26e64f8 2025-01-28 11:06:46
 
		I/O Configuration: default
SIM_START	day2_scenario5	2025-05-12 19:31:05
TIME	0.000
SIMULATE	day2_scenario5

TIME	13.096
ERROR		Vehicle leaves road at about x=140.309, y=95.3296 TireNo=0
SIM_ABORT	day2_scenario5	13.099s	180.692m
APPLICATION	CarMaker 14.0.1 - Car_Generic #5 (win64-14.0.1)
COMPILED	jetbrains@05dcd26e64f8 2025-01-28 11:06:46
 
		I/O Configuration: default
SIM_START	day2_scenario5	2025-05-12 19:31:40
TIME	0.000
SIMULATE	day2_scenario5

TIME	6.414
ERROR		Vehicle leaves road at about x=52.57, y=72.3364 TireNo=1
SIM_ABORT	day2_scenario5	6.417s	87.899m
APPLICATION	CarMaker 14.0.1 - Car_Generic #5 (win64-14.0.1)
COMPILED	jetbrains@05dcd26e64f8 2025-01-28 11:06:46
 
		I/O Configuration: default
SIM_START	day2_scenario5	2025-05-12 19:32:06
TIME	0.000
SIMULATE	day2_scenario5

TIME	9.925
ERROR		Vehicle leaves road at about x=85.0933, y=102.422 TireNo=0
SIM_ABORT	day2_scenario5	9.928s	136.424m
APPLICATION	CarMaker 14.0.1 - Car_Generic #5 (win64-14.0.1)
COMPILED	jetbrains@05dcd26e64f8 2025-01-28 11:06:46
 
		I/O Configuration: default
SIM_START	day2_scenario5	2025-05-12 19:42:38
TIME	0.000
SIMULATE	day2_scenario5

TIME	2.684
ERROR		Vehicle leaves road at about x=4.76541, y=40.5331 TireNo=0
SIM_ABORT	day2_scenario5	2.687s	36.6875m
APPLICATION	CarMaker 14.0.1 - Car_Generic #5 (win64-14.0.1)
COMPILED	jetbrains@05dcd26e64f8 2025-01-28 11:06:46
 
		I/O Configuration: default
SIM_START	day2_scenario5	2025-05-12 19:43:06
TIME	0.000
SIMULATE	day2_scenario5

TIME	2.684
ERROR		Vehicle leaves road at about x=4.76541, y=40.5331 TireNo=0
SIM_ABORT	day2_scenario5	2.687s	36.6875m
APPLICATION	CarMaker 14.0.1 - Car_Generic #5 (win64-14.0.1)
COMPILED	jetbrains@05dcd26e64f8 2025-01-28 11:06:46
 
		I/O Configuration: default
SIM_START	day2_scenario5	2025-05-12 19:43:20
TIME	0.000
SIMULATE	day2_scenario5

TIME	2.684
ERROR		Vehicle leaves road at about x=4.76541, y=40.5331 TireNo=0
SIM_ABORT	day2_scenario5	2.687s	36.6875m
APPLICATION	CarMaker 14.0.1 - Car_Generic #5 (win64-14.0.1)
COMPILED	jetbrains@05dcd26e64f8 2025-01-28 11:06:46
 
		I/O Configuration: default
SIM_START	day2_scenario5	2025-05-12 19:52:07
TIME	0.000
SIMULATE	day2_scenario5

ERROR		Vehicle leaves road at about x=16.5665, y=22.8203 TireNo=1
SIM_ABORT	day2_scenario5	1.77s	23.1348m
APPLICATION	CarMaker 14.0.1 - Car_Generic #5 (win64-14.0.1)
COMPILED	jetbrains@05dcd26e64f8 2025-01-28 11:06:46
 
		I/O Configuration: default
SIM_START	day2_scenario5	2025-05-12 19:55:48
TIME	0.000
SIMULATE	day2_scenario5

TIME	2.543
ERROR		Vehicle leaves road at about x=18.3835, y=28.6475 TireNo=1
SIM_ABORT	day2_scenario5	2.546s	29.2967m
APPLICATION	CarMaker 14.0.1 - Car_Generic #5 (win64-14.0.1)
COMPILED	jetbrains@05dcd26e64f8 2025-01-28 11:06:46
 
		I/O Configuration: default
SIM_START	day2_scenario5	2025-05-12 20:00:42
TIME	0.000
SIMULATE	day2_scenario5

TIME	9.018
ERROR		Vehicle leaves road at about x=75.3514, y=100.525 TireNo=0
SIM_ABORT	day2_scenario5	9.021s	123.92m
APPLICATION	CarMaker 14.0.1 - Car_Generic #5 (win64-14.0.1)
COMPILED	jetbrains@05dcd26e64f8 2025-01-28 11:06:46
 
		I/O Configuration: default
SIM_START	day2_scenario5	2025-05-12 20:05:50
TIME	0.000
SIMULATE	day2_scenario5

TIME	9.016
ERROR		Vehicle leaves road at about x=75.3167, y=100.519 TireNo=0
SIM_ABORT	day2_scenario5	9.019s	123.892m
APPLICATION	CarMaker 14.0.1 - Car_Generic #5 (win64-14.0.1)
COMPILED	jetbrains@05dcd26e64f8 2025-01-28 11:06:46
 
		I/O Configuration: default
SIM_START	day2_scenario5	2025-05-12 20:07:50
TIME	0.000
SIMULATE	day2_scenario5

TIME	5.397
ERROR		Vehicle leaves road at about x=26.9863, y=73.359 TireNo=0
SIM_ABORT	day2_scenario5	5.4s	73.919m
APPLICATION	CarMaker 14.0.1 - Car_Generic #5 (win64-14.0.1)
COMPILED	jetbrains@05dcd26e64f8 2025-01-28 11:06:46
 
		I/O Configuration: default
SIM_START	day2_scenario5	2025-05-12 20:08:08
TIME	0.000
SIMULATE	day2_scenario5

TIME	5.397
ERROR		Vehicle leaves road at about x=26.9863, y=73.359 TireNo=0
SIM_ABORT	day2_scenario5	5.4s	73.919m
APPLICATION	CarMaker 14.0.1 - Car_Generic #5 (win64-14.0.1)
COMPILED	jetbrains@05dcd26e64f8 2025-01-28 11:06:46
 
		I/O Configuration: default
SIM_START	day2_scenario5	2025-05-12 20:08:32
TIME	0.000
SIMULATE	day2_scenario5

TIME	2.511
ERROR		Vehicle leaves road at about x=20.1206, y=33.1873 TireNo=1
SIM_ABORT	day2_scenario5	2.514s	33.4045m
APPLICATION	CarMaker 14.0.1 - Car_Generic #5 (win64-14.0.1)
COMPILED	jetbrains@05dcd26e64f8 2025-01-28 11:06:46
 
		I/O Configuration: default
SIM_START	day2_scenario5	2025-05-12 20:08:48
TIME	0.000
SIMULATE	day2_scenario5

TIME	6.918
ERROR		Vehicle leaves road at about x=44.6875, y=87.4825 TireNo=0
SIM_ABORT	day2_scenario5	6.921s	94.5445m
APPLICATION	CarMaker 14.0.1 - Car_Generic #5 (win64-14.0.1)
COMPILED	jetbrains@05dcd26e64f8 2025-01-28 11:06:46
 
		I/O Configuration: default
SIM_START	day2_scenario5	2025-05-12 20:09:01
TIME	0.000
SIMULATE	day2_scenario5

TIME	8.054
ERROR		Vehicle leaves road at about x=61.8251, y=96.2058 TireNo=0
SIM_ABORT	day2_scenario5	8.057s	110.071m
APPLICATION	CarMaker 14.0.1 - Car_Generic #5 (win64-14.0.1)
COMPILED	jetbrains@05dcd26e64f8 2025-01-28 11:06:46
 
		I/O Configuration: default
SIM_START	day2_scenario5	2025-05-12 20:09:21
TIME	0.000
SIMULATE	day2_scenario5

TIME	8.123
ERROR		Vehicle leaves road at about x=62.8947, y=96.6237 TireNo=0
SIM_ABORT	day2_scenario5	8.126s	110.949m
APPLICATION	CarMaker 14.0.1 - Car_Generic #5 (win64-14.0.1)
COMPILED	jetbrains@05dcd26e64f8 2025-01-28 11:06:46
 
		I/O Configuration: default
SIM_START	day2_scenario5	2025-05-12 20:09:37
TIME	0.000
SIMULATE	day2_scenario5

TIME	2.191
ERROR		Vehicle leaves road at about x=18.5552, y=29.1258 TireNo=1
SIM_ABORT	day2_scenario5	2.194s	29.1521m
