APPLICATION	CarMaker 14.0.1 - Car_Generic #5 (win64-14.0.1)
COMPILED	jetbrains@05dcd26e64f8 2025-01-28 11:06:46
 
		I/O Configuration: default
SIM_START	day1_scenario4	2025-05-11 01:04:50
TIME	0.000
SIMULATE	day1_scenario4

TIME	35.850
SIM_END		day1_scenario4	35.85s	295.54m
APPLICATION	CarMaker 14.0.1 - Car_Generic #5 (win64-14.0.1)
COMPILED	jetbrains@05dcd26e64f8 2025-01-28 11:06:46
 
		I/O Configuration: default
SIM_START	day1_scenario4	2025-05-11 01:05:20
TIME	0.000
SIMULATE	day1_scenario4

TIME	35.850
SIM_END		day1_scenario4	35.85s	295.54m
APPLICATION	CarMaker 14.0.1 - Car_Generic #5 (win64-14.0.1)
COMPILED	jetbrains@05dcd26e64f8 2025-01-28 11:06:46
 
		I/O Configuration: default
SIM_START	day1_scenario4	2025-05-11 01:06:01
TIME	0.000
SIMULATE	day1_scenario4

TIME	32.939
SIM_END		day1_scenario4	32.936s	271.276m
APPLICATION	CarMaker 14.0.1 - Car_Generic #5 (win64-14.0.1)
COMPILED	jetbrains@05dcd26e64f8 2025-01-28 11:06:46
 
		I/O Configuration: default
SIM_START	day1_scenario4	2025-05-11 01:06:45
TIME	0.000
SIMULATE	day1_scenario4

TIME	35.850
SIM_END		day1_scenario4	35.85s	295.54m
APPLICATION	CarMaker 14.0.1 - Car_Generic #5 (win64-14.0.1)
COMPILED	jetbrains@05dcd26e64f8 2025-01-28 11:06:46
 
		I/O Configuration: default
SIM_START	day1_scenario4	2025-05-11 01:07:48
TIME	0.000
SIMULATE	day1_scenario4

TIME	13.315
SIM_END		day1_scenario4	13.312s	107.711m
APPLICATION	CarMaker 14.0.1 - Car_Generic #5 (win64-14.0.1)
COMPILED	jetbrains@05dcd26e64f8 2025-01-28 11:06:46
 
		I/O Configuration: default
SIM_START	day1_scenario4	2025-05-11 01:08:01
TIME	0.000
SIMULATE	day1_scenario4

TIME	35.850
SIM_END		day1_scenario4	35.85s	295.54m
APPLICATION	CarMaker 14.0.1 - Car_Generic #5 (win64-14.0.1)
COMPILED	jetbrains@05dcd26e64f8 2025-01-28 11:06:46
 
		I/O Configuration: default
SIM_START	day1_scenario4	2025-05-11 01:20:21
TIME	0.000
SIMULATE	day1_scenario4

TIME	29.418
SIM_END		day1_scenario4	29.415s	90.3349m
APPLICATION	CarMaker 14.0.1 - Car_Generic #5 (win64-14.0.1)
COMPILED	jetbrains@05dcd26e64f8 2025-01-28 11:06:46
 
		I/O Configuration: default
SIM_START	day1_scenario4	2025-05-11 01:21:09
TIME	0.000
SIMULATE	day1_scenario4

TIME	4.896
ERROR		Vehicle leaves road at about x=86.4569, y=3.93245 TireNo=0
SIM_ABORT	day1_scenario4	4.899s	82.9258m
APPLICATION	CarMaker 14.0.1 - Car_Generic #5 (win64-14.0.1)
COMPILED	jetbrains@05dcd26e64f8 2025-01-28 11:06:46
 
		I/O Configuration: default
SIM_START	day1_scenario4	2025-05-11 01:21:32
TIME	0.000
SIMULATE	day1_scenario4

TIME	4.896
ERROR		Vehicle leaves road at about x=86.4569, y=3.93245 TireNo=0
SIM_ABORT	day1_scenario4	4.899s	82.9258m
APPLICATION	CarMaker 14.0.1 - Car_Generic #5 (win64-14.0.1)
COMPILED	jetbrains@05dcd26e64f8 2025-01-28 11:06:46
 
		I/O Configuration: default
SIM_START	day2_scenario1	2025-05-11 01:22:32
TIME	0.000
SIMULATE	day2_scenario1

TIME	24.537
SIM_END		day2_scenario1	24.537s	495.335m
APPLICATION	CarMaker 14.0.1 - Car_Generic #5 (win64-14.0.1)
COMPILED	jetbrains@05dcd26e64f8 2025-01-28 11:06:46
 
		I/O Configuration: default
SIM_START	day2_scenario1	2025-05-11 01:22:53
TIME	0.000
SIMULATE	day2_scenario1

TIME	24.537
SIM_END		day2_scenario1	24.537s	495.335m
APPLICATION	CarMaker 14.0.1 - Car_Generic #5 (win64-14.0.1)
COMPILED	jetbrains@05dcd26e64f8 2025-01-28 11:06:46
 
		I/O Configuration: default
SIM_START	day2_scenario1	2025-05-11 01:23:47
TIME	0.000
SIMULATE	day2_scenario1

TIME	18.903
SIM_END		day2_scenario1	18.9s	370.135m
APPLICATION	CarMaker 14.0.1 - Car_Generic #5 (win64-14.0.1)
COMPILED	jetbrains@05dcd26e64f8 2025-01-28 11:06:46
 
		I/O Configuration: default
SIM_START	day2_scenario1	2025-05-11 01:25:28
TIME	0.000
SIMULATE	day2_scenario1

TIME	18.555
SIM_END		day2_scenario1	18.552s	362.402m
APPLICATION	CarMaker 14.0.1 - Car_Generic #5 (win64-14.0.1)
COMPILED	jetbrains@05dcd26e64f8 2025-01-28 11:06:46
 
		I/O Configuration: default
SIM_START	day2_scenario1	2025-05-11 01:26:02
TIME	0.000
SIMULATE	day2_scenario1

TIME	17.382
SIM_END		day2_scenario1	17.379s	337.119m
APPLICATION	CarMaker 14.0.1 - Car_Generic #5 (win64-14.0.1)
COMPILED	jetbrains@05dcd26e64f8 2025-01-28 11:06:46
 
		I/O Configuration: default
SIM_START	day2_scenario1	2025-05-11 01:27:06
TIME	0.000
SIMULATE	day2_scenario1

TIME	24.502
SIM_END		day2_scenario1	24.502s	495.341m
APPLICATION	CarMaker 14.0.1 - Car_Generic #5 (win64-14.0.1)
COMPILED	jetbrains@05dcd26e64f8 2025-01-28 11:06:46
 
		I/O Configuration: default
SIM_START	day2_scenario1	2025-05-11 01:28:02
TIME	0.000
SIMULATE	day2_scenario1

TIME	24.502
SIM_END		day2_scenario1	24.502s	495.341m
APPLICATION	CarMaker 14.0.1 - Car_Generic #5 (win64-14.0.1)
COMPILED	jetbrains@05dcd26e64f8 2025-01-28 11:06:46
 
		I/O Configuration: default
SIM_START	day2_scenario1	2025-05-11 01:31:25
TIME	0.000
SIMULATE	day2_scenario1

TIME	18.034
SIM_END		day2_scenario1	18.031s	314.164m
APPLICATION	CarMaker 14.0.1 - Car_Generic #5 (win64-14.0.1)
COMPILED	jetbrains@05dcd26e64f8 2025-01-28 11:06:46
 
		I/O Configuration: default
SIM_START	day2_scenario1	2025-05-11 01:31:55
TIME	0.000
SIMULATE	day2_scenario1

TIME	21.545
SIM_END		day2_scenario1	21.542s	427.992m
APPLICATION	CarMaker 14.0.1 - Car_Generic #5 (win64-14.0.1)
COMPILED	jetbrains@05dcd26e64f8 2025-01-28 11:06:46
 
		I/O Configuration: default
SIM_START	day2_scenario1	2025-05-11 01:32:07
TIME	0.000
SIMULATE	day2_scenario1

TIME	16.612
SIM_END		day2_scenario1	16.609s	318.37m
APPLICATION	CarMaker 14.0.1 - Car_Generic #5 (win64-14.0.1)
COMPILED	jetbrains@05dcd26e64f8 2025-01-28 11:06:46
 
		I/O Configuration: default
SIM_START	day2_scenario1	2025-05-11 01:32:28
TIME	0.000
SIMULATE	day2_scenario1

TIME	24.515
SIM_END		day2_scenario1	24.515s	495.323m
APPLICATION	CarMaker 14.0.1 - Car_Generic #5 (win64-14.0.1)
COMPILED	jetbrains@05dcd26e64f8 2025-01-28 11:06:46
 
		I/O Configuration: default
SIM_START	day2_scenario1	2025-05-11 01:32:50
TIME	0.000
SIMULATE	day2_scenario1

TIME	14.341
SIM_END		day2_scenario1	14.338s	99.5697m
APPLICATION	CarMaker 14.0.1 - Car_Generic #5 (win64-14.0.1)
COMPILED	jetbrains@05dcd26e64f8 2025-01-28 11:06:46
 
		I/O Configuration: default
SIM_START	day2_scenario1	2025-05-11 01:33:02
TIME	0.000
SIMULATE	day2_scenario1

TIME	20.957
SIM_END		day2_scenario1	20.954s	418.064m
APPLICATION	CarMaker 14.0.1 - Car_Generic #5 (win64-14.0.1)
COMPILED	jetbrains@05dcd26e64f8 2025-01-28 11:06:46
 
		I/O Configuration: default
SIM_START	day2_scenario1	2025-05-11 01:33:21
TIME	0.000
SIMULATE	day2_scenario1

TIME	24.575
SIM_END		day2_scenario1	24.575s	495.325m
APPLICATION	CarMaker 14.0.1 - Car_Generic #5 (win64-14.0.1)
COMPILED	jetbrains@05dcd26e64f8 2025-01-28 11:06:46
 
		I/O Configuration: default
SIM_START	day2_scenario1	2025-05-11 01:34:51
TIME	0.000
SIMULATE	day2_scenario1

TIME	11.127
SIM_END		day2_scenario1	11.124s	7.1559e-06m
APPLICATION	CarMaker 14.0.1 - Car_Generic #5 (win64-14.0.1)
COMPILED	jetbrains@05dcd26e64f8 2025-01-28 11:06:46
 
		I/O Configuration: default
SIM_START	day2_scenario2	2025-05-11 01:39:43
TIME	0.001
		Current random seed value = 1746895183
TIME	0.000
SIMULATE	day2_scenario2

TIME	81.419
SIM_END		day2_scenario2	81.416s	6.80989e-05m
APPLICATION	CarMaker 14.0.1 - Car_Generic #5 (win64-14.0.1)
COMPILED	jetbrains@05dcd26e64f8 2025-01-28 11:06:46
 
		I/O Configuration: default
SIM_START	day2_scenario2	2025-05-11 01:41:06
TIME	0.001
		Current random seed value = 1746895266
TIME	0.000
SIMULATE	day2_scenario2

TIME	83.519
SIM_END		day2_scenario2	83.516s	7.09168e-05m
APPLICATION	CarMaker 14.0.1 - Car_Generic #5 (win64-14.0.1)
COMPILED	jetbrains@05dcd26e64f8 2025-01-28 11:06:46
 
		I/O Configuration: default
SIM_START	day2_scenario2	2025-05-11 02:11:58
TIME	0.001
		Current random seed value = 1746897118
TIME	0.000
SIMULATE	day2_scenario2

TIME	47.953
SIM_END		day2_scenario2	47.95s	4.55712e-06m
APPLICATION	CarMaker 14.0.1 - Car_Generic #5 (win64-14.0.1)
COMPILED	jetbrains@05dcd26e64f8 2025-01-28 11:06:46
 
		I/O Configuration: default
SIM_START	day2_scenario2	2025-05-11 02:12:34
TIME	0.001
		Current random seed value = 1746897154
TIME	0.000
SIMULATE	day2_scenario2

TIME	60.567
SIM_END		day2_scenario2	60.564s	4.57105e-06m
APPLICATION	CarMaker 14.0.1 - Car_Generic #5 (win64-14.0.1)
COMPILED	jetbrains@05dcd26e64f8 2025-01-28 11:06:46
 
		I/O Configuration: default
SIM_START	day2_scenario2	2025-05-11 02:13:41
TIME	0.001
		Current random seed value = 1746897221
TIME	0.000
SIMULATE	day2_scenario2

TIME	18.127
SIM_END		day2_scenario2	18.124s	4.4924e-06m
APPLICATION	CarMaker 14.0.1 - Car_Generic #5 (win64-14.0.1)
COMPILED	jetbrains@05dcd26e64f8 2025-01-28 11:06:46
 
		I/O Configuration: default
SIM_START	day2_scenario2	2025-05-11 02:14:08
TIME	0.001
		Current random seed value = 1746897248
TIME	0.000
SIMULATE	day2_scenario2

TIME	17.145
SIM_END		day2_scenario2	17.142s	4.48819e-06m
APPLICATION	CarMaker 14.0.1 - Car_Generic #5 (win64-14.0.1)
COMPILED	jetbrains@05dcd26e64f8 2025-01-28 11:06:46
 
		I/O Configuration: default
SIM_START	day2_scenario2	2025-05-11 02:16:58
TIME	0.001
		Current random seed value = 1746897418
TIME	0.000
SIMULATE	day2_scenario2

TIME	26.644
SIM_END		day2_scenario2	26.641s	4.52093e-06m
APPLICATION	CarMaker 14.0.1 - Car_Generic #5 (win64-14.0.1)
COMPILED	jetbrains@05dcd26e64f8 2025-01-28 11:06:46
 
		I/O Configuration: default
SIM_START	day2_scenario2	2025-05-11 02:17:44
TIME	0.001
		Current random seed value = 1746897464
TIME	0.000
SIMULATE	day2_scenario2

TIME	10.356
SIM_END		day2_scenario2	10.353s	4.4519e-06m
APPLICATION	CarMaker 14.0.1 - Car_Generic #5 (win64-14.0.1)
COMPILED	jetbrains@05dcd26e64f8 2025-01-28 11:06:46
 
		I/O Configuration: default
SIM_START	day2_scenario2	2025-05-11 02:33:12
TIME	0.001
		Current random seed value = 1746898392
TIME	0.000
SIMULATE	day2_scenario2

TIME	22.670
SIM_END		day2_scenario2	22.667s	4.50925e-06m
APPLICATION	CarMaker 14.0.1 - Car_Generic #5 (win64-14.0.1)
COMPILED	jetbrains@05dcd26e64f8 2025-01-28 11:06:46
 
		I/O Configuration: default
SIM_START	day2_scenario2	2025-05-11 02:34:29
TIME	0.001
		Current random seed value = 1746898470
TIME	0.000
SIMULATE	day2_scenario2

TIME	25.392
SIM_END		day2_scenario2	25.389s	4.51751e-06m
APPLICATION	CarMaker 14.0.1 - Car_Generic #5 (win64-14.0.1)
COMPILED	jetbrains@05dcd26e64f8 2025-01-28 11:06:46
 
		I/O Configuration: default
SIM_START	day2_scenario2	2025-05-11 02:35:15
TIME	0.001
		Current random seed value = 1746898515
TIME	0.000
SIMULATE	day2_scenario2

TIME	32.555
SIM_END		day2_scenario2	32.552s	4.53443e-06m
APPLICATION	CarMaker 14.0.1 - Car_Generic #5 (win64-14.0.1)
COMPILED	jetbrains@05dcd26e64f8 2025-01-28 11:06:46
 
		I/O Configuration: default
SIM_START	day2_scenario2	2025-05-11 02:40:08
TIME	0.001
		Current random seed value = 1746898808
TIME	0.000
SIMULATE	day2_scenario2

TIME	17.448
SIM_END		day2_scenario2	17.445s	4.48952e-06m
APPLICATION	CarMaker 14.0.1 - Car_Generic #5 (win64-14.0.1)
COMPILED	jetbrains@05dcd26e64f8 2025-01-28 11:06:46
 
		I/O Configuration: default
SIM_START	day2_scenario2	2025-05-11 02:40:42
TIME	0.001
		Current random seed value = 1746898842
TIME	0.000
SIMULATE	day2_scenario2

TIME	12.411
SIM_END		day2_scenario2	12.408s	4.46435e-06m
APPLICATION	CarMaker 14.0.1 - Car_Generic #5 (win64-14.0.1)
COMPILED	jetbrains@05dcd26e64f8 2025-01-28 11:06:46
 
		I/O Configuration: default
SIM_START	day2_scenario2	2025-05-11 02:42:45
TIME	0.001
		Current random seed value = 1746898965
TIME	0.000
SIMULATE	day2_scenario2

TIME	5.747
SIM_END		day2_scenario2	5.744s	4.41828e-06m
APPLICATION	CarMaker 14.0.1 - Car_Generic #5 (win64-14.0.1)
COMPILED	jetbrains@05dcd26e64f8 2025-01-28 11:06:46
 
		I/O Configuration: default
SIM_START	day2_scenario2	2025-05-11 02:43:22
TIME	0.001
		Current random seed value = 1746899002
TIME	0.000
SIMULATE	day2_scenario2

TIME	15.980
SIM_END		day2_scenario2	15.977s	4.48288e-06m
APPLICATION	CarMaker 14.0.1 - Car_Generic #5 (win64-14.0.1)
COMPILED	jetbrains@05dcd26e64f8 2025-01-28 11:06:46
 
		I/O Configuration: default
SIM_START	day2_scenario2	2025-05-11 02:45:13
TIME	0.001
		Current random seed value = 1746899113
TIME	0.000
SIMULATE	day2_scenario2

TIME	15.782
SIM_END		day2_scenario2	15.779s	4.48196e-06m
APPLICATION	CarMaker 14.0.1 - Car_Generic #5 (win64-14.0.1)
COMPILED	jetbrains@05dcd26e64f8 2025-01-28 11:06:46
 
		I/O Configuration: default
SIM_START	day2_scenario2	2025-05-11 02:45:27
TIME	0.001
		Current random seed value = 1746899127
TIME	0.000
SIMULATE	day2_scenario2

TIME	11.138
SIM_END		day2_scenario2	11.135s	4.4568e-06m
APPLICATION	CarMaker 14.0.1 - Car_Generic #5 (win64-14.0.1)
COMPILED	jetbrains@05dcd26e64f8 2025-01-28 11:06:46
 
		I/O Configuration: default
SIM_START	day2_scenario2	2025-05-11 02:46:12
TIME	0.001
		Current random seed value = 1746899172
TIME	0.000
SIMULATE	day2_scenario2

TIME	19.197
SIM_END		day2_scenario2	19.194s	4.49677e-06m
APPLICATION	CarMaker 14.0.1 - Car_Generic #5 (win64-14.0.1)
COMPILED	jetbrains@05dcd26e64f8 2025-01-28 11:06:46
 
		I/O Configuration: default
SIM_START	day2_scenario2	2025-05-11 02:46:34
TIME	0.001
		Current random seed value = 1746899194
TIME	0.000
SIMULATE	day2_scenario2

TIME	7.929
SIM_END		day2_scenario2	7.926s	4.43525e-06m
APPLICATION	CarMaker 14.0.1 - Car_Generic #5 (win64-14.0.1)
COMPILED	jetbrains@05dcd26e64f8 2025-01-28 11:06:46
 
		I/O Configuration: default
SIM_START	day2_scenario2	2025-05-11 02:47:09
TIME	0.001
		Current random seed value = 1746899229
TIME	0.000
SIMULATE	day2_scenario2

TIME	48.595
SIM_END		day2_scenario2	48.592s	7.69211e-05m
APPLICATION	CarMaker 14.0.1 - Car_Generic #5 (win64-14.0.1)
COMPILED	jetbrains@05dcd26e64f8 2025-01-28 11:06:46
 
		I/O Configuration: default
SIM_START	day2_scenario2	2025-05-11 02:48:12
TIME	0.001
		Current random seed value = 1746899292
TIME	0.000
SIMULATE	day2_scenario2

TIME	74.082
SIM_END		day2_scenario2	74.079s	481.363m
APPLICATION	CarMaker 14.0.1 - Car_Generic #5 (win64-14.0.1)
COMPILED	jetbrains@05dcd26e64f8 2025-01-28 11:06:46
 
		I/O Configuration: default
SIM_START	day2_scenario2	2025-05-11 02:48:50
TIME	0.001
		Current random seed value = 1746899330
TIME	0.000
SIMULATE	day2_scenario2

TIME	71.395
SIM_END		day2_scenario2	71.392s	489.656m
APPLICATION	CarMaker 14.0.1 - Car_Generic #5 (win64-14.0.1)
COMPILED	jetbrains@05dcd26e64f8 2025-01-28 11:06:46
 
		I/O Configuration: default
SIM_START	day2_scenario2	2025-05-11 02:49:49
TIME	0.001
		Current random seed value = 1746899389
TIME	0.000
SIMULATE	day2_scenario2

TIME	16.714
SIM_END		day2_scenario2	16.711s	148.739m
APPLICATION	CarMaker 14.0.1 - Car_Generic #5 (win64-14.0.1)
COMPILED	jetbrains@05dcd26e64f8 2025-01-28 11:06:46
 
		I/O Configuration: default
SIM_START	day2_scenario2	2025-05-11 02:50:05
TIME	0.001
		Current random seed value = 1746899405
TIME	0.000
SIMULATE	day2_scenario2

TIME	43.353
SIM_END		day2_scenario2	43.35s	371.464m
APPLICATION	CarMaker 14.0.1 - Car_Generic #5 (win64-14.0.1)
COMPILED	jetbrains@05dcd26e64f8 2025-01-28 11:06:46
 
		I/O Configuration: default
SIM_START	day2_scenario2	2025-05-11 02:50:28
TIME	0.001
		Current random seed value = 1746899428
TIME	0.000
SIMULATE	day2_scenario2

TIME	21.410
SIM_END		day2_scenario2	21.407s	182.202m
APPLICATION	CarMaker 14.0.1 - Car_Generic #5 (win64-14.0.1)
COMPILED	jetbrains@05dcd26e64f8 2025-01-28 11:06:46
 
		I/O Configuration: default
SIM_START	day2_scenario2	2025-05-11 02:50:45
TIME	0.001
		Current random seed value = 1746899445
TIME	0.000
SIMULATE	day2_scenario2

TIME	10.395
SIM_END		day2_scenario2	10.392s	1.51734m
APPLICATION	CarMaker 14.0.1 - Car_Generic #5 (win64-14.0.1)
COMPILED	jetbrains@05dcd26e64f8 2025-01-28 11:06:46
 
		I/O Configuration: default
SIM_START	day2_scenario2	2025-05-11 02:50:56
TIME	0.001
		Current random seed value = 1746899456
TIME	0.000
SIMULATE	day2_scenario2

TIME	28.297
SIM_END		day2_scenario2	28.297s	495.345m
APPLICATION	CarMaker 14.0.1 - Car_Generic #5 (win64-14.0.1)
COMPILED	jetbrains@05dcd26e64f8 2025-01-28 11:06:46
 
		I/O Configuration: default
SIM_START	day2_scenario2	2025-05-11 02:51:14
TIME	0.001
		Current random seed value = 1746899474
TIME	0.000
SIMULATE	day2_scenario2

TIME	39.396
SIM_END		day2_scenario2	39.393s	175.609m
APPLICATION	CarMaker 14.0.1 - Car_Generic #5 (win64-14.0.1)
COMPILED	jetbrains@05dcd26e64f8 2025-01-28 11:06:46
 
		I/O Configuration: default
SIM_START	day2_scenario2	2025-05-11 02:52:10
TIME	0.001
		Current random seed value = 1746899530
TIME	0.000
SIMULATE	day2_scenario2

TIME	68.535
SIM_END		day2_scenario2	68.532s	484.924m
APPLICATION	CarMaker 14.0.1 - Car_Generic #5 (win64-14.0.1)
COMPILED	jetbrains@05dcd26e64f8 2025-01-28 11:06:46
 
		I/O Configuration: default
SIM_START	day2_scenario2	2025-05-11 02:52:57
TIME	0.001
		Current random seed value = 1746899577
TIME	0.000
SIMULATE	day2_scenario2

TIME	17.285
SIM_END		day2_scenario2	17.282s	152.664m
APPLICATION	CarMaker 14.0.1 - Car_Generic #5 (win64-14.0.1)
COMPILED	jetbrains@05dcd26e64f8 2025-01-28 11:06:46
 
		I/O Configuration: default
SIM_START	day2_scenario2	2025-05-11 02:53:16
TIME	0.001
		Current random seed value = 1746899596
TIME	0.000
SIMULATE	day2_scenario2

TIME	28.716
SIM_END		day2_scenario2	28.713s	251.318m
APPLICATION	CarMaker 14.0.1 - Car_Generic #5 (win64-14.0.1)
COMPILED	jetbrains@05dcd26e64f8 2025-01-28 11:06:46
 
		I/O Configuration: default
SIM_START	day2_scenario2	2025-05-11 02:54:09
TIME	0.001
		Current random seed value = 1746899649
TIME	0.000
SIMULATE	day2_scenario2

TIME	7.296
SIM_END		day2_scenario2	7.293s	4.43054e-06m
APPLICATION	CarMaker 14.0.1 - Car_Generic #5 (win64-14.0.1)
COMPILED	jetbrains@05dcd26e64f8 2025-01-28 11:06:46
 
		I/O Configuration: default
SIM_START	day2_scenario2	2025-05-11 02:55:31
TIME	0.001
		Current random seed value = 1746899731
TIME	0.000
SIMULATE	day2_scenario2

TIME	22.187
SIM_END		day2_scenario2	22.184s	195.949m
APPLICATION	CarMaker 14.0.1 - Car_Generic #5 (win64-14.0.1)
COMPILED	jetbrains@05dcd26e64f8 2025-01-28 11:06:46
 
		I/O Configuration: default
SIM_START	day2_scenario2	2025-05-11 02:56:38
TIME	0.001
		Current random seed value = 1746899798
TIME	0.000
SIMULATE	day2_scenario2

TIME	27.853
SIM_END		day2_scenario2	27.85s	237.781m
APPLICATION	CarMaker 14.0.1 - Car_Generic #5 (win64-14.0.1)
COMPILED	jetbrains@05dcd26e64f8 2025-01-28 11:06:46
 
		I/O Configuration: default
SIM_START	day2_scenario2	2025-05-11 02:56:59
TIME	0.001
		Current random seed value = 1746899819
TIME	0.000
SIMULATE	day2_scenario2

TIME	9.621
SIM_END		day2_scenario2	9.618s	75.7106m
APPLICATION	CarMaker 14.0.1 - Car_Generic #5 (win64-14.0.1)
COMPILED	jetbrains@05dcd26e64f8 2025-01-28 11:06:46
 
		I/O Configuration: default
SIM_START	day2_scenario2	2025-05-11 02:57:19
TIME	0.001
		Current random seed value = 1746899839
TIME	0.000
SIMULATE	day2_scenario2

TIME	26.856
SIM_END		day2_scenario2	26.853s	233.622m
APPLICATION	CarMaker 14.0.1 - Car_Generic #5 (win64-14.0.1)
COMPILED	jetbrains@05dcd26e64f8 2025-01-28 11:06:46
 
		I/O Configuration: default
SIM_START	day2_scenario2	2025-05-11 02:57:38
TIME	0.001
		Current random seed value = 1746899858
TIME	0.000
SIMULATE	day2_scenario2

TIME	15.920
SIM_END		day2_scenario2	15.917s	135.49m
APPLICATION	CarMaker 14.0.1 - Car_Generic #5 (win64-14.0.1)
COMPILED	jetbrains@05dcd26e64f8 2025-01-28 11:06:46
 
		I/O Configuration: default
SIM_START	day2_scenario2	2025-05-11 02:58:12
TIME	0.001
		Current random seed value = 1746899892
TIME	0.000
SIMULATE	day2_scenario2

TIME	8.780
SIM_END		day2_scenario2	8.777s	73.668m
APPLICATION	CarMaker 14.0.1 - Car_Generic #5 (win64-14.0.1)
COMPILED	jetbrains@05dcd26e64f8 2025-01-28 11:06:46
 
		I/O Configuration: default
SIM_START	day2_scenario2	2025-05-11 02:58:32
TIME	0.001
		Current random seed value = 1746899912
TIME	0.000
SIMULATE	day2_scenario2

TIME	38.725
SIM_END		day2_scenario2	38.722s	330.435m
APPLICATION	CarMaker 14.0.1 - Car_Generic #5 (win64-14.0.1)
COMPILED	jetbrains@05dcd26e64f8 2025-01-28 11:06:46
 
		I/O Configuration: default
SIM_START	day2_scenario2	2025-05-11 02:59:03
TIME	0.001
		Current random seed value = 1746899943
TIME	0.000
SIMULATE	day2_scenario2

TIME	21.480
SIM_END		day2_scenario2	21.477s	189.152m
APPLICATION	CarMaker 14.0.1 - Car_Generic #5 (win64-14.0.1)
COMPILED	jetbrains@05dcd26e64f8 2025-01-28 11:06:46
 
		I/O Configuration: default
SIM_START	day2_scenario2	2025-05-11 02:59:19
TIME	0.001
		Current random seed value = 1746899959
TIME	0.000
SIMULATE	day2_scenario2

TIME	17.354
SIM_END		day2_scenario2	17.351s	155.738m
APPLICATION	CarMaker 14.0.1 - Car_Generic #5 (win64-14.0.1)
COMPILED	jetbrains@05dcd26e64f8 2025-01-28 11:06:46
 
		I/O Configuration: default
SIM_START	day2_scenario2	2025-05-11 02:59:36
TIME	0.001
		Current random seed value = 1746899976
TIME	0.000
SIMULATE	day2_scenario2

TIME	23.312
SIM_END		day2_scenario2	23.309s	204.064m
APPLICATION	CarMaker 14.0.1 - Car_Generic #5 (win64-14.0.1)
COMPILED	jetbrains@05dcd26e64f8 2025-01-28 11:06:46
 
		I/O Configuration: default
SIM_START	day2_scenario2	2025-05-11 03:00:01
TIME	0.001
		Current random seed value = 1746900001
TIME	0.000
SIMULATE	day2_scenario2

TIME	22.806
SIM_END		day2_scenario2	22.803s	200.104m
APPLICATION	CarMaker 14.0.1 - Car_Generic #5 (win64-14.0.1)
COMPILED	jetbrains@05dcd26e64f8 2025-01-28 11:06:46
 
		I/O Configuration: default
SIM_START	day2_scenario2	2025-05-11 03:00:19
TIME	0.001
		Current random seed value = 1746900019
TIME	0.000
SIMULATE	day2_scenario2

TIME	21.263
SIM_END		day2_scenario2	21.26s	186.91m
APPLICATION	CarMaker 14.0.1 - Car_Generic #5 (win64-14.0.1)
COMPILED	jetbrains@05dcd26e64f8 2025-01-28 11:06:46
 
		I/O Configuration: default
SIM_START	day2_scenario2	2025-05-11 03:00:40
TIME	0.001
		Current random seed value = 1746900040
TIME	0.000
SIMULATE	day2_scenario2

TIME	17.353
SIM_END		day2_scenario2	17.35s	153.52m
APPLICATION	CarMaker 14.0.1 - Car_Generic #5 (win64-14.0.1)
COMPILED	jetbrains@05dcd26e64f8 2025-01-28 11:06:46
 
		I/O Configuration: default
SIM_START	day2_scenario2	2025-05-11 03:00:57
TIME	0.001
		Current random seed value = 1746900057
TIME	0.000
SIMULATE	day2_scenario2

TIME	19.253
SIM_END		day2_scenario2	19.25s	172.092m
APPLICATION	CarMaker 14.0.1 - Car_Generic #5 (win64-14.0.1)
COMPILED	jetbrains@05dcd26e64f8 2025-01-28 11:06:46
 
		I/O Configuration: default
SIM_START	day2_scenario2	2025-05-11 03:01:11
TIME	0.001
		Current random seed value = 1746900071
TIME	0.000
SIMULATE	day2_scenario2

TIME	30.818
SIM_END		day2_scenario2	30.815s	266.926m
APPLICATION	CarMaker 14.0.1 - Car_Generic #5 (win64-14.0.1)
COMPILED	jetbrains@05dcd26e64f8 2025-01-28 11:06:46
 
		I/O Configuration: default
SIM_START	day2_scenario2	2025-05-11 03:01:30
TIME	0.001
		Current random seed value = 1746900090
TIME	0.000
SIMULATE	day2_scenario2

TIME	48.833
SIM_END		day2_scenario2	48.83s	414.93m
APPLICATION	CarMaker 14.0.1 - Car_Generic #5 (win64-14.0.1)
COMPILED	jetbrains@05dcd26e64f8 2025-01-28 11:06:46
 
		I/O Configuration: default
SIM_START	day2_scenario2	2025-05-11 03:02:04
TIME	0.001
		Current random seed value = 1746900124
TIME	0.000
SIMULATE	day2_scenario2

TIME	49.573
SIM_END		day2_scenario2	49.57s	421.158m
APPLICATION	CarMaker 14.0.1 - Car_Generic #5 (win64-14.0.1)
COMPILED	jetbrains@05dcd26e64f8 2025-01-28 11:06:46
 
		I/O Configuration: default
SIM_START	day2_scenario2	2025-05-11 03:02:39
TIME	0.001
		Current random seed value = 1746900159
TIME	0.000
SIMULATE	day2_scenario2

TIME	62.839
SIM_END		day2_scenario2	62.836s	485.28m
APPLICATION	CarMaker 14.0.1 - Car_Generic #5 (win64-14.0.1)
COMPILED	jetbrains@05dcd26e64f8 2025-01-28 11:06:46
 
		I/O Configuration: default
SIM_START	day2_scenario2	2025-05-11 03:03:28
TIME	0.001
		Current random seed value = 1746900208
TIME	0.000
SIMULATE	day2_scenario2

TIME	32.128
SIM_END		day2_scenario2	32.125s	276.057m
APPLICATION	CarMaker 14.0.1 - Car_Generic #5 (win64-14.0.1)
COMPILED	jetbrains@05dcd26e64f8 2025-01-28 11:06:46
 
		I/O Configuration: default
SIM_START	day2_scenario3	2025-05-11 03:06:30
TIME	0.001
		Current random seed value = 1746900390
TIME	0.000
SIMULATE	day2_scenario3

TIME	42.435
SIM_END		day2_scenario3	42.432s	397.488m
APPLICATION	CarMaker 14.0.1 - Car_Generic #5 (win64-14.0.1)
COMPILED	jetbrains@05dcd26e64f8 2025-01-28 11:06:46
 
		I/O Configuration: default
SIM_START	day2_scenario3	2025-05-11 03:08:33
TIME	0.001
		Current random seed value = 1746900513
TIME	0.000
SIMULATE	day2_scenario3

TIME	31.929
SIM_END		day2_scenario3	31.926s	310.61m
APPLICATION	CarMaker 14.0.1 - Car_Generic #5 (win64-14.0.1)
COMPILED	jetbrains@05dcd26e64f8 2025-01-28 11:06:46
 
		I/O Configuration: default
SIM_START	day2_scenario3	2025-05-11 03:09:09
TIME	0.001
		Current random seed value = 1746900549
TIME	0.000
SIMULATE	day2_scenario3

TIME	32.262
SIM_END		day2_scenario3	32.259s	315.573m
APPLICATION	CarMaker 14.0.1 - Car_Generic #5 (win64-14.0.1)
COMPILED	jetbrains@05dcd26e64f8 2025-01-28 11:06:46
 
		I/O Configuration: default
SIM_START	day2_scenario3	2025-05-11 03:10:15
TIME	0.001
		Current random seed value = 1746900615
TIME	0.000
SIMULATE	day2_scenario3

TIME	60.448
SIM_END		day2_scenario3	60.445s	490.856m
APPLICATION	CarMaker 14.0.1 - Car_Generic #5 (win64-14.0.1)
COMPILED	jetbrains@05dcd26e64f8 2025-01-28 11:06:46
 
		I/O Configuration: default
SIM_START	day2_scenario3	2025-05-11 03:23:43
TIME	0.001
		Current random seed value = 1746901423
TIME	0.000
SIMULATE	day2_scenario3

TIME	43.030
SIM_END		day2_scenario3	43.027s	410.528m
APPLICATION	CarMaker 14.0.1 - Car_Generic #5 (win64-14.0.1)
COMPILED	jetbrains@05dcd26e64f8 2025-01-28 11:06:46
 
		I/O Configuration: default
SIM_START	day2_scenario3	2025-05-11 03:24:16
TIME	0.001
		Current random seed value = 1746901456
TIME	0.000
SIMULATE	day2_scenario3

TIME	14.253
SIM_END		day2_scenario3	14.25s	123.467m
APPLICATION	CarMaker 14.0.1 - Car_Generic #5 (win64-14.0.1)
COMPILED	jetbrains@05dcd26e64f8 2025-01-28 11:06:46
 
		I/O Configuration: default
SIM_START	day2_scenario3	2025-05-11 03:24:45
TIME	0.001
		Current random seed value = 1746901485
TIME	0.000
SIMULATE	day2_scenario3

TIME	24.992
SIM_END		day2_scenario3	24.989s	223.209m
APPLICATION	CarMaker 14.0.1 - Car_Generic #5 (win64-14.0.1)
COMPILED	jetbrains@05dcd26e64f8 2025-01-28 11:06:46
 
		I/O Configuration: default
SIM_START	day2_scenario3	2025-05-11 03:26:52
TIME	0.001
		Current random seed value = 1746901612
TIME	0.000
SIMULATE	day2_scenario3

TIME	42.202
SIM_END		day2_scenario3	42.199s	429.008m
APPLICATION	CarMaker 14.0.1 - Car_Generic #5 (win64-14.0.1)
COMPILED	jetbrains@05dcd26e64f8 2025-01-28 11:06:46
 
		I/O Configuration: default
SIM_START	day2_scenario3	2025-05-11 03:27:33
TIME	0.001
		Current random seed value = 1746901653
TIME	0.000
SIMULATE	day2_scenario3

TIME	20.853
SIM_END		day2_scenario3	20.85s	206.113m
APPLICATION	CarMaker 14.0.1 - Car_Generic #5 (win64-14.0.1)
COMPILED	jetbrains@05dcd26e64f8 2025-01-28 11:06:46
 
		I/O Configuration: default
SIM_START	day2_scenario3	2025-05-11 03:27:53
TIME	0.001
		Current random seed value = 1746901673
TIME	0.000
SIMULATE	day2_scenario3

TIME	40.621
SIM_END		day2_scenario3	40.618s	398.887m
APPLICATION	CarMaker 14.0.1 - Car_Generic #5 (win64-14.0.1)
COMPILED	jetbrains@05dcd26e64f8 2025-01-28 11:06:46
 
		I/O Configuration: default
SIM_START	day2_scenario3	2025-05-11 03:28:15
TIME	0.001
		Current random seed value = 1746901695
TIME	0.000
SIMULATE	day2_scenario3

TIME	58.698
SIM_END		day2_scenario3	58.695s	493.563m
APPLICATION	CarMaker 14.0.1 - Car_Generic #5 (win64-14.0.1)
COMPILED	jetbrains@05dcd26e64f8 2025-01-28 11:06:46
 
		I/O Configuration: default
SIM_START	day2_scenario3	2025-05-11 03:36:43
TIME	0.001
		Current random seed value = 1746902203
TIME	0.000
SIMULATE	day2_scenario3

TIME	54.454
SIM_END		day2_scenario3	54.454s	495.322m
APPLICATION	CarMaker 14.0.1 - Car_Generic #5 (win64-14.0.1)
COMPILED	jetbrains@05dcd26e64f8 2025-01-28 11:06:46
 
		I/O Configuration: default
SIM_START	day2_scenario3	2025-05-11 03:37:20
TIME	0.001
		Current random seed value = 1746902240
TIME	0.000
SIMULATE	day2_scenario3

TIME	28.874
SIM_END		day2_scenario3	28.871s	274.679m
APPLICATION	CarMaker 14.0.1 - Car_Generic #5 (win64-14.0.1)
COMPILED	jetbrains@05dcd26e64f8 2025-01-28 11:06:46
 
		I/O Configuration: default
SIM_START	day2_scenario3	2025-05-11 03:37:41
TIME	0.001
		Current random seed value = 1746902261
TIME	0.000
SIMULATE	day2_scenario3

TIME	34.578
SIM_END		day2_scenario3	34.575s	335.534m
APPLICATION	CarMaker 14.0.1 - Car_Generic #5 (win64-14.0.1)
COMPILED	jetbrains@05dcd26e64f8 2025-01-28 11:06:46
 
		I/O Configuration: default
SIM_START	day2_scenario3	2025-05-11 03:38:04
TIME	0.001
		Current random seed value = 1746902284
TIME	0.000
SIMULATE	day2_scenario3

TIME	32.974
SIM_END		day2_scenario3	32.971s	312.719m
APPLICATION	CarMaker 14.0.1 - Car_Generic #5 (win64-14.0.1)
COMPILED	jetbrains@05dcd26e64f8 2025-01-28 11:06:46
 
		I/O Configuration: default
SIM_START	day2_scenario3	2025-05-11 03:38:31
TIME	0.001
		Current random seed value = 1746902311
TIME	0.000
SIMULATE	day2_scenario3

TIME	37.881
SIM_END		day2_scenario3	37.878s	375.272m
APPLICATION	CarMaker 14.0.1 - Car_Generic #5 (win64-14.0.1)
COMPILED	jetbrains@05dcd26e64f8 2025-01-28 11:06:46
 
		I/O Configuration: default
SIM_START	day2_scenario3	2025-05-11 03:38:50
TIME	0.001
		Current random seed value = 1746902330
TIME	0.000
SIMULATE	day2_scenario3

TIME	20.363
SIM_END		day2_scenario3	20.36s	205.512m
APPLICATION	CarMaker 14.0.1 - Car_Generic #5 (win64-14.0.1)
COMPILED	jetbrains@05dcd26e64f8 2025-01-28 11:06:46
 
		I/O Configuration: default
SIM_START	day2_scenario3	2025-05-11 03:39:09
TIME	0.001
		Current random seed value = 1746902349
TIME	0.000
SIMULATE	day2_scenario3

TIME	42.553
SIM_END		day2_scenario3	42.55s	399.381m
APPLICATION	CarMaker 14.0.1 - Car_Generic #5 (win64-14.0.1)
COMPILED	jetbrains@05dcd26e64f8 2025-01-28 11:06:46
 
		I/O Configuration: default
SIM_START	day2_scenario3	2025-05-11 03:40:35
TIME	0.001
		Current random seed value = 1746902435
TIME	0.000
SIMULATE	day2_scenario3

TIME	36.544
SIM_END		day2_scenario3	36.541s	362.194m
APPLICATION	CarMaker 14.0.1 - Car_Generic #5 (win64-14.0.1)
COMPILED	jetbrains@05dcd26e64f8 2025-01-28 11:06:46
 
		I/O Configuration: default
SIM_START	day2_scenario3	2025-05-11 03:41:56
TIME	0.001
		Current random seed value = 1746902516
TIME	0.000
SIMULATE	day2_scenario3

TIME	53.514
SIM_END		day2_scenario3	53.514s	495.321m
APPLICATION	CarMaker 14.0.1 - Car_Generic #5 (win64-14.0.1)
COMPILED	jetbrains@05dcd26e64f8 2025-01-28 11:06:46
 
		I/O Configuration: default
SIM_START	day2_scenario3	2025-05-11 03:43:16
TIME	0.001
		Current random seed value = 1746902596
TIME	0.000
SIMULATE	day2_scenario3

TIME	54.160
SIM_END		day2_scenario3	54.16s	495.322m
APPLICATION	CarMaker 14.0.1 - Car_Generic #5 (win64-14.0.1)
COMPILED	jetbrains@05dcd26e64f8 2025-01-28 11:06:46
 
		I/O Configuration: default
SIM_START	day2_scenario3	2025-05-11 03:43:49
TIME	0.001
		Current random seed value = 1746902629
TIME	0.000
SIMULATE	day2_scenario3

TIME	21.578
SIM_END		day2_scenario3	21.575s	210.619m
APPLICATION	CarMaker 14.0.1 - Car_Generic #5 (win64-14.0.1)
COMPILED	jetbrains@05dcd26e64f8 2025-01-28 11:06:46
 
		I/O Configuration: default
SIM_START	day2_scenario3	2025-05-11 03:44:05
TIME	0.001
		Current random seed value = 1746902645
TIME	0.000
SIMULATE	day2_scenario3

TIME	29.055
SIM_END		day2_scenario3	29.052s	285.203m
APPLICATION	CarMaker 14.0.1 - Car_Generic #5 (win64-14.0.1)
COMPILED	jetbrains@05dcd26e64f8 2025-01-28 11:06:46
 
		I/O Configuration: default
SIM_START	day2_scenario3	2025-05-11 03:44:25
TIME	0.001
		Current random seed value = 1746902665
TIME	0.000
SIMULATE	day2_scenario3

TIME	32.798
SIM_END		day2_scenario3	32.795s	318.707m
APPLICATION	CarMaker 14.0.1 - Car_Generic #5 (win64-14.0.1)
COMPILED	jetbrains@05dcd26e64f8 2025-01-28 11:06:46
 
		I/O Configuration: default
SIM_START	day2_scenario3	2025-05-11 03:44:53
TIME	0.001
		Current random seed value = 1746902693
TIME	0.000
SIMULATE	day2_scenario3

TIME	36.735
SIM_END		day2_scenario3	36.732s	349.017m
APPLICATION	CarMaker 14.0.1 - Car_Generic #5 (win64-14.0.1)
COMPILED	jetbrains@05dcd26e64f8 2025-01-28 11:06:46
 
		I/O Configuration: default
SIM_START	day2_scenario3	2025-05-11 03:45:17
TIME	0.001
		Current random seed value = 1746902717
TIME	0.000
SIMULATE	day2_scenario3

TIME	53.891
SIM_END		day2_scenario3	53.891s	495.322m
APPLICATION	CarMaker 14.0.1 - Car_Generic #5 (win64-14.0.1)
COMPILED	jetbrains@05dcd26e64f8 2025-01-28 11:06:46
 
		I/O Configuration: default
SIM_START	day2_scenario3	2025-05-11 03:46:04
TIME	0.001
		Current random seed value = 1746902764
TIME	0.000
SIMULATE	day2_scenario3

TIME	3.265
SIM_END		day2_scenario3	3.262s	21.441m
APPLICATION	CarMaker 14.0.1 - Car_Generic #5 (win64-14.0.1)
COMPILED	jetbrains@05dcd26e64f8 2025-01-28 11:06:46
 
		I/O Configuration: default
SIM_START	day2_scenario3	2025-05-11 03:46:15
TIME	0.001
		Current random seed value = 1746902775
TIME	0.000
SIMULATE	day2_scenario3

TIME	15.529
SIM_END		day2_scenario3	15.526s	156.646m
APPLICATION	CarMaker 14.0.1 - Car_Generic #5 (win64-14.0.1)
COMPILED	jetbrains@05dcd26e64f8 2025-01-28 11:06:46
 
		I/O Configuration: default
SIM_START	day2_scenario3	2025-05-11 03:46:33
TIME	0.001
		Current random seed value = 1746902793
TIME	0.000
SIMULATE	day2_scenario3

TIME	53.868
SIM_END		day2_scenario3	53.868s	495.321m
APPLICATION	CarMaker 14.0.1 - Car_Generic #5 (win64-14.0.1)
COMPILED	jetbrains@05dcd26e64f8 2025-01-28 11:06:46
 
		I/O Configuration: default
SIM_START	day2_scenario3	2025-05-11 04:01:47
TIME	0.001
		Current random seed value = 1746903707
TIME	0.000
SIMULATE	day2_scenario3

TIME	54.197
SIM_END		day2_scenario3	54.197s	495.322m
APPLICATION	CarMaker 14.0.1 - Car_Generic #5 (win64-14.0.1)
COMPILED	jetbrains@05dcd26e64f8 2025-01-28 11:06:46
 
		I/O Configuration: default
SIM_START	day2_scenario3	2025-05-11 04:02:36
TIME	0.001
		Current random seed value = 1746903756
TIME	0.000
SIMULATE	day2_scenario3

TIME	53.861
SIM_END		day2_scenario3	53.861s	495.321m
APPLICATION	CarMaker 14.0.1 - Car_Generic #5 (win64-14.0.1)
COMPILED	jetbrains@05dcd26e64f8 2025-01-28 11:06:46
 
		I/O Configuration: default
SIM_START	day2_scenario3	2025-05-11 04:03:18
TIME	0.001
		Current random seed value = 1746903798
TIME	0.000
SIMULATE	day2_scenario3

TIME	54.189
SIM_END		day2_scenario3	54.189s	495.321m
APPLICATION	CarMaker 14.0.1 - Car_Generic #5 (win64-14.0.1)
COMPILED	jetbrains@05dcd26e64f8 2025-01-28 11:06:46
 
		I/O Configuration: default
SIM_START	day2_scenario3	2025-05-11 04:04:08
TIME	0.001
		Current random seed value = 1746903848
TIME	0.000
SIMULATE	day2_scenario3

TIME	52.096
SIM_END		day2_scenario3	52.093s	485.486m
APPLICATION	CarMaker 14.0.1 - Car_Generic #5 (win64-14.0.1)
COMPILED	jetbrains@05dcd26e64f8 2025-01-28 11:06:46
 
		I/O Configuration: default
SIM_START	day2_scenario3	2025-05-11 04:04:43
TIME	0.001
		Current random seed value = 1746903883
TIME	0.000
SIMULATE	day2_scenario3

TIME	20.255
SIM_END		day2_scenario3	20.252s	194.655m
APPLICATION	CarMaker 14.0.1 - Car_Generic #5 (win64-14.0.1)
COMPILED	jetbrains@05dcd26e64f8 2025-01-28 11:06:46
 
		I/O Configuration: default
SIM_START	day2_scenario2	2025-05-11 04:05:17
TIME	0.001
		Current random seed value = 1746903917
TIME	0.000
SIMULATE	day2_scenario2

TIME	62.922
SIM_END		day2_scenario2	62.919s	484.384m
APPLICATION	CarMaker 14.0.1 - Car_Generic #5 (win64-14.0.1)
COMPILED	jetbrains@05dcd26e64f8 2025-01-28 11:06:46
 
		I/O Configuration: default
SIM_START	day2_scenario4	2025-05-11 04:37:21
TIME	0.000
SIMULATE	day2_scenario4

SIM_END		day2_scenario4	0s	0.0138889m
APPLICATION	CarMaker 14.0.1 - Car_Generic #5 (win64-14.0.1)
COMPILED	jetbrains@05dcd26e64f8 2025-01-28 11:06:46
 
		I/O Configuration: default
SIM_START	day2_scenario4	2025-05-11 04:59:06
TIME	0.000
SIMULATE	day2_scenario4

TIME	35.771
SIM_END		day2_scenario4	35.771s	495.591m
APPLICATION	CarMaker 14.0.1 - Car_Generic #5 (win64-14.0.1)
COMPILED	jetbrains@05dcd26e64f8 2025-01-28 11:06:46
 
		I/O Configuration: default
SIM_START	day2_scenario4	2025-05-11 05:01:41
TIME	0.000
SIMULATE	day2_scenario4

TIME	9.031
SIM_END		day2_scenario4	9.028s	124.082m
