APPLICATION	CarMaker 14.0.1 - Car_Generic #5 (win64-14.0.1)
COMPILED	jetbrains@05dcd26e64f8 2025-01-28 11:06:46
 
		I/O Configuration: default
SIM_START	day1_scenario1	2025-05-09 13:49:39
TIME	0.000
SIMULATE	day1_scenario1

TIME	29.801
SIM_END		day1_scenario1	29.801s	495.342m
APPLICATION	CarMaker 14.0.1 - Car_Generic #5 (win64-14.0.1)
COMPILED	jetbrains@05dcd26e64f8 2025-01-28 11:06:46
 
		I/O Configuration: default
SIM_START	day1_scenario1	2025-05-09 13:50:12
TIME	0.000
SIMULATE	day1_scenario1

TIME	29.801
SIM_END		day1_scenario1	29.801s	495.342m
APPLICATION	CarMaker 14.0.1 - Car_Generic #5 (win64-14.0.1)
COMPILED	jetbrains@05dcd26e64f8 2025-01-28 11:06:46
 
		I/O Configuration: default
SIM_START	day1_scenario1	2025-05-09 13:50:19
TIME	0.000
SIMULATE	day1_scenario1

TIME	29.801
SIM_END		day1_scenario1	29.801s	495.342m
APPLICATION	CarMaker 14.0.1 - Car_Generic #5 (win64-14.0.1)
COMPILED	jetbrains@05dcd26e64f8 2025-01-28 11:06:46
 
		I/O Configuration: default
SIM_START	day1_scenario1	2025-05-09 13:50:29
TIME	0.000
SIMULATE	day1_scenario1

TIME	29.801
SIM_END		day1_scenario1	29.801s	495.342m
APPLICATION	CarMaker 14.0.1 - Car_Generic #5 (win64-14.0.1)
COMPILED	jetbrains@05dcd26e64f8 2025-01-28 11:06:46
 
		I/O Configuration: default
SIM_START	day1_scenario1	2025-05-09 13:51:24
TIME	0.000
SIMULATE	day1_scenario1

TIME	29.801
SIM_END		day1_scenario1	29.801s	495.342m
APPLICATION	CarMaker 14.0.1 - Car_Generic #5 (win64-14.0.1)
COMPILED	jetbrains@05dcd26e64f8 2025-01-28 11:06:46
 
		I/O Configuration: default
SIM_START	day1_scenario1	2025-05-09 14:00:35
TIME	0.000
SIMULATE	day1_scenario1

TIME	29.801
SIM_END		day1_scenario1	29.801s	495.342m
APPLICATION	CarMaker 14.0.1 - Car_Generic #5 (win64-14.0.1)
COMPILED	jetbrains@05dcd26e64f8 2025-01-28 11:06:46
 
		I/O Configuration: default
SIM_START	day1_scenario1	2025-05-09 14:01:18
TIME	0.000
SIMULATE	day1_scenario1

TIME	29.801
SIM_END		day1_scenario1	29.801s	495.342m
APPLICATION	CarMaker 14.0.1 - Car_Generic #5 (win64-14.0.1)
COMPILED	jetbrains@05dcd26e64f8 2025-01-28 11:06:46
 
		I/O Configuration: default
SIM_START	day1_scenario1	2025-05-09 14:02:07
TIME	0.000
SIMULATE	day1_scenario1

TIME	29.801
SIM_END		day1_scenario1	29.801s	495.342m
APPLICATION	CarMaker 14.0.1 - Car_Generic #5 (win64-14.0.1)
COMPILED	jetbrains@05dcd26e64f8 2025-01-28 11:06:46
 
		I/O Configuration: default
SIM_START	day1_scenario1	2025-05-09 14:02:54
TIME	0.000
SIMULATE	day1_scenario1

TIME	22.649
SIM_END		day1_scenario1	22.646s	376.141m
APPLICATION	CarMaker 14.0.1 - Car_Generic #5 (win64-14.0.1)
COMPILED	jetbrains@05dcd26e64f8 2025-01-28 11:06:46
 
		I/O Configuration: default
SIM_START	day1_scenario1	2025-05-09 14:04:35
TIME	0.000
SIMULATE	day1_scenario1

TIME	29.801
SIM_END		day1_scenario1	29.801s	495.342m
APPLICATION	CarMaker 14.0.1 - Car_Generic #5 (win64-14.0.1)
COMPILED	jetbrains@05dcd26e64f8 2025-01-28 11:06:46
 
		I/O Configuration: default
SIM_START	day1_scenario1	2025-05-09 14:08:24
TIME	0.000
SIMULATE	day1_scenario1

TIME	29.801
SIM_END		day1_scenario1	29.801s	495.342m
APPLICATION	CarMaker 14.0.1 - Car_Generic #5 (win64-14.0.1)
COMPILED	jetbrains@05dcd26e64f8 2025-01-28 11:06:46
 
		I/O Configuration: default
SIM_START	day1_scenario1	2025-05-09 14:13:11
TIME	0.000
SIMULATE	day1_scenario1

TIME	29.801
SIM_END		day1_scenario1	29.801s	495.342m
APPLICATION	CarMaker 14.0.1 - Car_Generic #5 (win64-14.0.1)
COMPILED	jetbrains@05dcd26e64f8 2025-01-28 11:06:46
 
		I/O Configuration: default
SIM_START	day1_scenario1	2025-05-09 14:18:32
TIME	0.000
SIMULATE	day1_scenario1

TIME	29.801
SIM_END		day1_scenario1	29.801s	495.342m
APPLICATION	CarMaker 14.0.1 - Car_Generic #5 (win64-14.0.1)
COMPILED	jetbrains@05dcd26e64f8 2025-01-28 11:06:46
 
		I/O Configuration: default
SIM_START	day1_scenario1	2025-05-09 14:19:13
TIME	0.000
SIMULATE	day1_scenario1

TIME	29.801
SIM_END		day1_scenario1	29.801s	495.342m
APPLICATION	CarMaker 14.0.1 - Car_Generic #5 (win64-14.0.1)
COMPILED	jetbrains@05dcd26e64f8 2025-01-28 11:06:46
 
		I/O Configuration: default
SIM_START	day1_scenario1	2025-05-09 14:20:13
TIME	0.000
SIMULATE	day1_scenario1

TIME	29.801
SIM_END		day1_scenario1	29.801s	495.342m
APPLICATION	CarMaker 14.0.1 - Car_Generic #5 (win64-14.0.1)
COMPILED	jetbrains@05dcd26e64f8 2025-01-28 11:06:46
 
		I/O Configuration: default
SIM_START	day1_scenario1	2025-05-09 14:26:39
TIME	0.000
SIMULATE	day1_scenario1

TIME	28.174
SIM_END		day1_scenario1	28.174s	495.341m
APPLICATION	CarMaker 14.0.1 - Car_Generic #5 (win64-14.0.1)
COMPILED	jetbrains@05dcd26e64f8 2025-01-28 11:06:46
 
		I/O Configuration: default
SIM_START	day1_scenario2	2025-05-09 14:27:49
TIME	0.000
SIMULATE	day1_scenario2

TIME	28.174
SIM_END		day1_scenario2	28.174s	495.341m
APPLICATION	CarMaker 14.0.1 - Car_Generic #5 (win64-14.0.1)
COMPILED	jetbrains@05dcd26e64f8 2025-01-28 11:06:46
 
		I/O Configuration: default
SIM_START	day1_scenario2	2025-05-09 14:29:25
TIME	0.000
SIMULATE	day1_scenario2

TIME	28.174
SIM_END		day1_scenario2	28.174s	495.341m
APPLICATION	CarMaker 14.0.1 - Car_Generic #5 (win64-14.0.1)
COMPILED	jetbrains@05dcd26e64f8 2025-01-28 11:06:46
 
		I/O Configuration: default
SIM_START	day1_scenario2	2025-05-09 14:32:11
TIME	0.000
SIMULATE	day1_scenario2

TIME	28.174
SIM_END		day1_scenario2	28.174s	495.341m
APPLICATION	CarMaker 14.0.1 - Car_Generic #5 (win64-14.0.1)
COMPILED	jetbrains@05dcd26e64f8 2025-01-28 11:06:46
 
		I/O Configuration: default
SIM_START	day1_scenario2	2025-05-09 14:34:33
TIME	0.000
SIMULATE	day1_scenario2

TIME	28.174
SIM_END		day1_scenario2	28.174s	495.341m
APPLICATION	CarMaker 14.0.1 - Car_Generic #5 (win64-14.0.1)
COMPILED	jetbrains@05dcd26e64f8 2025-01-28 11:06:46
 
		I/O Configuration: default
SIM_START	day1_scenario2	2025-05-09 14:34:59
TIME	0.000
SIMULATE	day1_scenario2

TIME	28.174
SIM_END		day1_scenario2	28.174s	495.341m
APPLICATION	CarMaker 14.0.1 - Car_Generic #5 (win64-14.0.1)
COMPILED	jetbrains@05dcd26e64f8 2025-01-28 11:06:46
 
		I/O Configuration: default
SIM_START	day1_scenario2	2025-05-09 14:43:41
TIME	0.000
SIMULATE	day1_scenario2

TIME	28.174
SIM_END		day1_scenario2	28.174s	495.341m
APPLICATION	CarMaker 14.0.1 - Car_Generic #5 (win64-14.0.1)
COMPILED	jetbrains@05dcd26e64f8 2025-01-28 11:06:46
 
		I/O Configuration: default
SIM_START	day1_scenario2	2025-05-09 14:54:00
TIME	0.000
SIMULATE	day1_scenario2

TIME	29.736
SIM_END		day1_scenario2	29.736s	495.348m
APPLICATION	CarMaker 14.0.1 - Car_Generic #5 (win64-14.0.1)
COMPILED	jetbrains@05dcd26e64f8 2025-01-28 11:06:46
 
		I/O Configuration: default
SIM_START	day1_scenario2	2025-05-09 14:55:47
TIME	0.000
SIMULATE	day1_scenario2

TIME	29.736
SIM_END		day1_scenario2	29.736s	495.348m
APPLICATION	CarMaker 14.0.1 - Car_Generic #5 (win64-14.0.1)
COMPILED	jetbrains@05dcd26e64f8 2025-01-28 11:06:46
 
		I/O Configuration: default
SIM_START	day1_scenario2	2025-05-09 14:56:09
TIME	0.000
SIMULATE	day1_scenario2

TIME	29.736
SIM_END		day1_scenario2	29.736s	495.348m
APPLICATION	CarMaker 14.0.1 - Car_Generic #5 (win64-14.0.1)
COMPILED	jetbrains@05dcd26e64f8 2025-01-28 11:06:46
 
		I/O Configuration: default
SIM_START	day1_scenario2	2025-05-09 14:58:01
TIME	0.000
SIMULATE	day1_scenario2

TIME	29.736
SIM_END		day1_scenario2	29.736s	495.348m
APPLICATION	CarMaker 14.0.1 - Car_Generic #5 (win64-14.0.1)
COMPILED	jetbrains@05dcd26e64f8 2025-01-28 11:06:46
 
		I/O Configuration: default
SIM_START	day1_scenario1	2025-05-09 14:58:54
TIME	0.000
SIMULATE	day1_scenario1

TIME	29.801
SIM_END		day1_scenario1	29.801s	495.342m
APPLICATION	CarMaker 14.0.1 - Car_Generic #5 (win64-14.0.1)
COMPILED	jetbrains@05dcd26e64f8 2025-01-28 11:06:46
 
		I/O Configuration: default
SIM_START	day1_scenario1	2025-05-09 14:59:58
TIME	0.000
SIMULATE	day1_scenario1

TIME	29.801
SIM_END		day1_scenario1	29.801s	495.342m
APPLICATION	CarMaker 14.0.1 - Car_Generic #5 (win64-14.0.1)
COMPILED	jetbrains@05dcd26e64f8 2025-01-28 11:06:46
 
		I/O Configuration: default
SIM_START	day1_scenario1	2025-05-09 15:00:24
TIME	0.000
SIMULATE	day1_scenario1

TIME	29.801
SIM_END		day1_scenario1	29.801s	495.342m
APPLICATION	CarMaker 14.0.1 - Car_Generic #5 (win64-14.0.1)
COMPILED	jetbrains@05dcd26e64f8 2025-01-28 11:06:46
 
		I/O Configuration: default
SIM_START	day1_scenario1	2025-05-09 15:00:53
TIME	0.000
SIMULATE	day1_scenario1

TIME	29.801
SIM_END		day1_scenario1	29.801s	495.342m
APPLICATION	CarMaker 14.0.1 - Car_Generic #5 (win64-14.0.1)
COMPILED	jetbrains@05dcd26e64f8 2025-01-28 11:06:46
 
		I/O Configuration: default
SIM_START	day1_scenario1	2025-05-09 15:01:40
TIME	0.000
SIMULATE	day1_scenario1

TIME	29.801
SIM_END		day1_scenario1	29.801s	495.342m
APPLICATION	CarMaker 14.0.1 - Car_Generic #5 (win64-14.0.1)
COMPILED	jetbrains@05dcd26e64f8 2025-01-28 11:06:46
 
		I/O Configuration: default
SIM_START	day1_scenario1	2025-05-09 15:02:28
TIME	0.000
SIMULATE	day1_scenario1

TIME	29.801
SIM_END		day1_scenario1	29.801s	495.342m
APPLICATION	CarMaker 14.0.1 - Car_Generic #5 (win64-14.0.1)
COMPILED	jetbrains@05dcd26e64f8 2025-01-28 11:06:46
 
		I/O Configuration: default
SIM_START	day1_scenario1	2025-05-09 15:02:53
TIME	0.000
SIMULATE	day1_scenario1

TIME	29.801
SIM_END		day1_scenario1	29.801s	495.342m
APPLICATION	CarMaker 14.0.1 - Car_Generic #5 (win64-14.0.1)
COMPILED	jetbrains@05dcd26e64f8 2025-01-28 11:06:46
 
		I/O Configuration: default
SIM_START	day1_scenario1	2025-05-09 15:04:28
TIME	0.000
SIMULATE	day1_scenario1

TIME	29.801
SIM_END		day1_scenario1	29.801s	495.342m
APPLICATION	CarMaker 14.0.1 - Car_Generic #5 (win64-14.0.1)
COMPILED	jetbrains@05dcd26e64f8 2025-01-28 11:06:46
 
		I/O Configuration: default
SIM_START	day1_scenario1	2025-05-09 15:05:05
TIME	0.000
SIMULATE	day1_scenario1

TIME	29.801
SIM_END		day1_scenario1	29.801s	495.342m
APPLICATION	CarMaker 14.0.1 - Car_Generic #5 (win64-14.0.1)
COMPILED	jetbrains@05dcd26e64f8 2025-01-28 11:06:46
 
		I/O Configuration: default
SIM_START	day1_scenario1	2025-05-09 15:05:21
TIME	0.000
SIMULATE	day1_scenario1

TIME	29.801
SIM_END		day1_scenario1	29.801s	495.342m
APPLICATION	CarMaker 14.0.1 - Car_Generic #5 (win64-14.0.1)
COMPILED	jetbrains@05dcd26e64f8 2025-01-28 11:06:46
 
		I/O Configuration: default
SIM_START	day1_scenario1	2025-05-09 15:05:44
TIME	0.000
SIMULATE	day1_scenario1

TIME	29.801
SIM_END		day1_scenario1	29.801s	495.342m
APPLICATION	CarMaker 14.0.1 - Car_Generic #5 (win64-14.0.1)
COMPILED	jetbrains@05dcd26e64f8 2025-01-28 11:06:46
 
		I/O Configuration: default
SIM_START	day1_scenario1	2025-05-09 15:06:09
TIME	0.000
SIMULATE	day1_scenario1

TIME	29.801
SIM_END		day1_scenario1	29.801s	495.342m
APPLICATION	CarMaker 14.0.1 - Car_Generic #5 (win64-14.0.1)
COMPILED	jetbrains@05dcd26e64f8 2025-01-28 11:06:46
 
		I/O Configuration: default
SIM_START	day1_scenario1	2025-05-09 15:06:43
TIME	0.000
SIMULATE	day1_scenario1

TIME	29.801
SIM_END		day1_scenario1	29.801s	495.342m
APPLICATION	CarMaker 14.0.1 - Car_Generic #5 (win64-14.0.1)
COMPILED	jetbrains@05dcd26e64f8 2025-01-28 11:06:46
 
		I/O Configuration: default
SIM_START	day1_scenario1	2025-05-09 15:07:10
TIME	0.000
SIMULATE	day1_scenario1

TIME	29.801
SIM_END		day1_scenario1	29.801s	495.342m
APPLICATION	CarMaker 14.0.1 - Car_Generic #5 (win64-14.0.1)
COMPILED	jetbrains@05dcd26e64f8 2025-01-28 11:06:46
 
		I/O Configuration: default
SIM_START	day1_scenario1	2025-05-09 15:07:35
TIME	0.000
SIMULATE	day1_scenario1

TIME	29.801
SIM_END		day1_scenario1	29.801s	495.342m
APPLICATION	CarMaker 14.0.1 - Car_Generic #5 (win64-14.0.1)
COMPILED	jetbrains@05dcd26e64f8 2025-01-28 11:06:46
 
		I/O Configuration: default
SIM_START	day1_scenario1	2025-05-09 15:08:38
TIME	0.000
SIMULATE	day1_scenario1

TIME	29.801
SIM_END		day1_scenario1	29.801s	495.342m
APPLICATION	CarMaker 14.0.1 - Car_Generic #5 (win64-14.0.1)
COMPILED	jetbrains@05dcd26e64f8 2025-01-28 11:06:46
 
		I/O Configuration: default
SIM_START	day1_scenario1	2025-05-09 15:10:21
TIME	0.000
SIMULATE	day1_scenario1

TIME	29.801
SIM_END		day1_scenario1	29.801s	495.342m
APPLICATION	CarMaker 14.0.1 - Car_Generic #5 (win64-14.0.1)
COMPILED	jetbrains@05dcd26e64f8 2025-01-28 11:06:46
 
		I/O Configuration: default
SIM_START	day1_scenario1	2025-05-09 15:13:11
TIME	0.000
SIMULATE	day1_scenario1

TIME	29.801
SIM_END		day1_scenario1	29.801s	495.342m
APPLICATION	CarMaker 14.0.1 - Car_Generic #5 (win64-14.0.1)
COMPILED	jetbrains@05dcd26e64f8 2025-01-28 11:06:46
 
		I/O Configuration: default
SIM_START	day1_scenario1	2025-05-09 15:14:16
TIME	0.000
SIMULATE	day1_scenario1

TIME	29.801
SIM_END		day1_scenario1	29.801s	495.342m
APPLICATION	CarMaker 14.0.1 - Car_Generic #5 (win64-14.0.1)
COMPILED	jetbrains@05dcd26e64f8 2025-01-28 11:06:46
 
		I/O Configuration: default
SIM_START	day1_scenario1	2025-05-09 15:18:43
TIME	0.000
SIMULATE	day1_scenario1

TIME	29.801
SIM_END		day1_scenario1	29.801s	495.342m
APPLICATION	CarMaker 14.0.1 - Car_Generic #5 (win64-14.0.1)
COMPILED	jetbrains@05dcd26e64f8 2025-01-28 11:06:46
 
		I/O Configuration: default
SIM_START	day1_scenario3	2025-05-09 15:21:09
TIME	0.000
SIMULATE	day1_scenario3

TIME	35.582
SIM_END		day1_scenario3	35.582s	295.336m
APPLICATION	CarMaker 14.0.1 - Car_Generic #5 (win64-14.0.1)
COMPILED	jetbrains@05dcd26e64f8 2025-01-28 11:06:46
 
		I/O Configuration: default
SIM_START	day1_scenario3	2025-05-09 15:21:34
TIME	0.000
SIMULATE	day1_scenario3

TIME	35.582
SIM_END		day1_scenario3	35.582s	295.336m
APPLICATION	CarMaker 14.0.1 - Car_Generic #5 (win64-14.0.1)
COMPILED	jetbrains@05dcd26e64f8 2025-01-28 11:06:46
 
		I/O Configuration: default
SIM_START	day1_scenario3	2025-05-09 15:44:00
TIME	0.000
SIMULATE	day1_scenario3

TIME	35.582
SIM_END		day1_scenario3	35.582s	295.336m
APPLICATION	CarMaker 14.0.1 - Car_Generic #5 (win64-14.0.1)
COMPILED	jetbrains@05dcd26e64f8 2025-01-28 11:06:46
 
		I/O Configuration: default
SIM_START	day1_scenario3	2025-05-09 15:49:58
TIME	0.000
SIMULATE	day1_scenario3

TIME	37.105
SIM_END		day1_scenario3	37.105s	295.359m
APPLICATION	CarMaker 14.0.1 - Car_Generic #5 (win64-14.0.1)
COMPILED	jetbrains@05dcd26e64f8 2025-01-28 11:06:46
 
		I/O Configuration: default
SIM_START	day1_scenario3	2025-05-09 15:50:49
TIME	0.000
SIMULATE	day1_scenario3

TIME	37.105
SIM_END		day1_scenario3	37.105s	295.359m
APPLICATION	CarMaker 14.0.1 - Car_Generic #5 (win64-14.0.1)
COMPILED	jetbrains@05dcd26e64f8 2025-01-28 11:06:46
 
		I/O Configuration: default
SIM_START	day1_scenario3	2025-05-09 15:51:21
TIME	0.000
SIMULATE	day1_scenario3

TIME	37.105
SIM_END		day1_scenario3	37.105s	295.359m
APPLICATION	CarMaker 14.0.1 - Car_Generic #5 (win64-14.0.1)
COMPILED	jetbrains@05dcd26e64f8 2025-01-28 11:06:46
 
		I/O Configuration: default
SIM_START	day1_scenario3	2025-05-09 15:51:39
TIME	0.000
SIMULATE	day1_scenario3

TIME	37.105
SIM_END		day1_scenario3	37.105s	295.359m
APPLICATION	CarMaker 14.0.1 - Car_Generic #5 (win64-14.0.1)
COMPILED	jetbrains@05dcd26e64f8 2025-01-28 11:06:46
 
		I/O Configuration: default
SIM_START	day1_scenario3	2025-05-09 15:52:14
TIME	0.000
SIMULATE	day1_scenario3

TIME	56.469
SIM_END		day1_scenario3	56.469s	307.663m
APPLICATION	CarMaker 14.0.1 - Car_Generic #5 (win64-14.0.1)
COMPILED	jetbrains@05dcd26e64f8 2025-01-28 11:06:46
 
		I/O Configuration: default
SIM_START	day1_scenario3	2025-05-09 15:52:40
TIME	0.000
SIMULATE	day1_scenario3

TIME	67.544
SIM_END		day1_scenario3	67.544s	303.326m
APPLICATION	CarMaker 14.0.1 - Car_Generic #5 (win64-14.0.1)
COMPILED	jetbrains@05dcd26e64f8 2025-01-28 11:06:46
 
		I/O Configuration: default
SIM_START	day1_scenario3	2025-05-09 15:53:04
TIME	0.000
SIMULATE	day1_scenario3

TIME	45.953
SIM_END		day1_scenario3	45.95s	256.519m
APPLICATION	CarMaker 14.0.1 - Car_Generic #5 (win64-14.0.1)
COMPILED	jetbrains@05dcd26e64f8 2025-01-28 11:06:46
 
		I/O Configuration: default
SIM_START	day1_scenario3	2025-05-09 15:53:23
TIME	0.000
SIMULATE	day1_scenario3

TIME	61.971
SIM_END		day1_scenario3	61.971s	300.244m
APPLICATION	CarMaker 14.0.1 - Car_Generic #5 (win64-14.0.1)
COMPILED	jetbrains@05dcd26e64f8 2025-01-28 11:06:46
 
		I/O Configuration: default
SIM_START	day1_scenario3	2025-05-09 15:53:46
TIME	0.000
SIMULATE	day1_scenario3

ERROR		Vehicle leaves road at about x=10.8992, y=3.55731 TireNo=0
SIM_ABORT	day1_scenario3	1.304s	10.2958m
APPLICATION	CarMaker 14.0.1 - Car_Generic #5 (win64-14.0.1)
COMPILED	jetbrains@05dcd26e64f8 2025-01-28 11:06:46
 
		I/O Configuration: default
SIM_START	day1_scenario3	2025-05-09 15:54:02
TIME	0.000
SIMULATE	day1_scenario3

TIME	28.072
SIM_END		day1_scenario3	28.069s	220.062m
APPLICATION	CarMaker 14.0.1 - Car_Generic #5 (win64-14.0.1)
COMPILED	jetbrains@05dcd26e64f8 2025-01-28 11:06:46
 
		I/O Configuration: default
SIM_START	day1_scenario3	2025-05-09 15:54:18
TIME	0.000
SIMULATE	day1_scenario3

TIME	135.141
SIM_END		day1_scenario3	135.138s	27.0824m
APPLICATION	CarMaker 14.0.1 - Car_Generic #5 (win64-14.0.1)
COMPILED	jetbrains@05dcd26e64f8 2025-01-28 11:06:46
 
		I/O Configuration: default
SIM_START	day1_scenario3	2025-05-09 15:55:06
TIME	0.000
SIMULATE	day1_scenario3

TIME	47.763
SIM_END		day1_scenario3	47.76s	270.626m
APPLICATION	CarMaker 14.0.1 - Car_Generic #5 (win64-14.0.1)
COMPILED	jetbrains@05dcd26e64f8 2025-01-28 11:06:46
 
		I/O Configuration: default
SIM_START	day1_scenario3	2025-05-09 15:55:26
TIME	0.000
SIMULATE	day1_scenario3

TIME	44.137
SIM_END		day1_scenario3	44.134s	29.7472m
APPLICATION	CarMaker 14.0.1 - Car_Generic #5 (win64-14.0.1)
COMPILED	jetbrains@05dcd26e64f8 2025-01-28 11:06:46
 
		I/O Configuration: default
SIM_START	day1_scenario3	2025-05-09 15:55:49
TIME	0.000
SIMULATE	day1_scenario3

TIME	113.828
SIM_END		day1_scenario3	113.825s	27.0674m
APPLICATION	CarMaker 14.0.1 - Car_Generic #5 (win64-14.0.1)
COMPILED	jetbrains@05dcd26e64f8 2025-01-28 11:06:46
 
		I/O Configuration: default
SIM_START	day1_scenario3	2025-05-09 15:56:46
TIME	0.000
SIMULATE	day1_scenario3

TIME	61.971
SIM_END		day1_scenario3	61.971s	300.244m
APPLICATION	CarMaker 14.0.1 - Car_Generic #5 (win64-14.0.1)
COMPILED	jetbrains@05dcd26e64f8 2025-01-28 11:06:46
 
		I/O Configuration: default
SIM_START	day1_scenario3	2025-05-09 15:57:06
TIME	0.000
SIMULATE	day1_scenario3

TIME	55.387
SIM_END		day1_scenario3	55.384s	265.104m
APPLICATION	CarMaker 14.0.1 - Car_Generic #5 (win64-14.0.1)
COMPILED	jetbrains@05dcd26e64f8 2025-01-28 11:06:46
 
		I/O Configuration: default
SIM_START	day1_scenario3	2025-05-09 15:57:31
TIME	0.000
SIMULATE	day1_scenario3

ERROR		Vehicle leaves road at about x=10.6314, y=3.55914 TireNo=0
SIM_ABORT	day1_scenario3	1.374s	10.1517m
APPLICATION	CarMaker 14.0.1 - Car_Generic #5 (win64-14.0.1)
COMPILED	jetbrains@05dcd26e64f8 2025-01-28 11:06:46
 
		I/O Configuration: default
SIM_START	day1_scenario3	2025-05-09 15:57:52
TIME	0.000
SIMULATE	day1_scenario3

ERROR		Vehicle leaves road at about x=10.6314, y=3.55914 TireNo=0
SIM_ABORT	day1_scenario3	1.374s	10.1517m
APPLICATION	CarMaker 14.0.1 - Car_Generic #5 (win64-14.0.1)
COMPILED	jetbrains@05dcd26e64f8 2025-01-28 11:06:46
 
		I/O Configuration: default
SIM_START	day1_scenario3	2025-05-09 15:58:06
TIME	0.000
SIMULATE	day1_scenario3

TIME	57.070
SIM_END		day1_scenario3	57.067s	267.291m
APPLICATION	CarMaker 14.0.1 - Car_Generic #5 (win64-14.0.1)
COMPILED	jetbrains@05dcd26e64f8 2025-01-28 11:06:46
 
		I/O Configuration: default
SIM_START	day1_scenario3	2025-05-09 15:58:25
TIME	0.000
SIMULATE	day1_scenario3

TIME	21.704
SIM_END		day1_scenario3	21.701s	128.62m
APPLICATION	CarMaker 14.0.1 - Car_Generic #5 (win64-14.0.1)
COMPILED	jetbrains@05dcd26e64f8 2025-01-28 11:06:46
 
		I/O Configuration: default
SIM_START	day1_scenario3	2025-05-09 15:58:38
TIME	0.000
SIMULATE	day1_scenario3

TIME	46.152
SIM_END		day1_scenario3	46.152s	295.432m
APPLICATION	CarMaker 14.0.1 - Car_Generic #5 (win64-14.0.1)
COMPILED	jetbrains@05dcd26e64f8 2025-01-28 11:06:46
 
		I/O Configuration: default
SIM_START	day1_scenario3	2025-05-09 15:59:00
TIME	0.000
SIMULATE	day1_scenario3

TIME	33.251
SIM_END		day1_scenario3	33.248s	53.43m
APPLICATION	CarMaker 14.0.1 - Car_Generic #5 (win64-14.0.1)
COMPILED	jetbrains@05dcd26e64f8 2025-01-28 11:06:46
 
		I/O Configuration: default
SIM_START	day1_scenario3	2025-05-09 15:59:22
TIME	0.000
SIMULATE	day1_scenario3

TIME	48.238
SIM_END		day1_scenario3	48.235s	227.035m
APPLICATION	CarMaker 14.0.1 - Car_Generic #5 (win64-14.0.1)
COMPILED	jetbrains@05dcd26e64f8 2025-01-28 11:06:46
 
		I/O Configuration: default
SIM_START	day1_scenario3	2025-05-09 15:59:42
TIME	0.000
SIMULATE	day1_scenario3

ERROR		Vehicle leaves road at about x=10.8992, y=3.55731 TireNo=0
SIM_ABORT	day1_scenario3	1.304s	10.2958m
APPLICATION	CarMaker 14.0.1 - Car_Generic #5 (win64-14.0.1)
COMPILED	jetbrains@05dcd26e64f8 2025-01-28 11:06:46
 
		I/O Configuration: default
SIM_START	day1_scenario3	2025-05-09 15:59:57
TIME	0.000
SIMULATE	day1_scenario3

ERROR		Vehicle leaves road at about x=10.7586, y=3.55487 TireNo=0
SIM_ABORT	day1_scenario3	1.299s	10.1889m
APPLICATION	CarMaker 14.0.1 - Car_Generic #5 (win64-14.0.1)
COMPILED	jetbrains@05dcd26e64f8 2025-01-28 11:06:46
 
		I/O Configuration: default
SIM_START	day1_scenario3	2025-05-09 16:00:08
TIME	0.000
SIMULATE	day1_scenario3

TIME	46.590
SIM_END		day1_scenario3	46.587s	45.1482m
APPLICATION	CarMaker 14.0.1 - Car_Generic #5 (win64-14.0.1)
COMPILED	jetbrains@05dcd26e64f8 2025-01-28 11:06:46
 
		I/O Configuration: default
SIM_START	day1_scenario3	2025-05-09 16:00:25
TIME	0.000
SIMULATE	day1_scenario3

TIME	80.967
SIM_END		day1_scenario3	80.964s	27.0329m
APPLICATION	CarMaker 14.0.1 - Car_Generic #5 (win64-14.0.1)
COMPILED	jetbrains@05dcd26e64f8 2025-01-28 11:06:46
 
		I/O Configuration: default
SIM_START	day1_scenario3	2025-05-09 16:00:57
TIME	0.000
SIMULATE	day1_scenario3

TIME	39.628
SIM_END		day1_scenario3	39.625s	31.1232m
APPLICATION	CarMaker 14.0.1 - Car_Generic #5 (win64-14.0.1)
COMPILED	jetbrains@05dcd26e64f8 2025-01-28 11:06:46
 
		I/O Configuration: default
SIM_START	day1_scenario3	2025-05-09 16:01:33
TIME	0.000
SIMULATE	day1_scenario3

TIME	23.242
SIM_END		day1_scenario3	23.239s	26.8877m
APPLICATION	CarMaker 14.0.1 - Car_Generic #5 (win64-14.0.1)
COMPILED	jetbrains@05dcd26e64f8 2025-01-28 11:06:46
 
		I/O Configuration: default
SIM_START	day1_scenario3	2025-05-09 16:01:47
TIME	0.000
SIMULATE	day1_scenario3

TIME	42.603
SIM_END		day1_scenario3	42.6s	266.123m
APPLICATION	CarMaker 14.0.1 - Car_Generic #5 (win64-14.0.1)
COMPILED	jetbrains@05dcd26e64f8 2025-01-28 11:06:46
 
		I/O Configuration: default
SIM_START	day1_scenario3	2025-05-09 16:02:05
TIME	0.000
SIMULATE	day1_scenario3

TIME	46.152
SIM_END		day1_scenario3	46.152s	295.432m
APPLICATION	CarMaker 14.0.1 - Car_Generic #5 (win64-14.0.1)
COMPILED	jetbrains@05dcd26e64f8 2025-01-28 11:06:46
 
		I/O Configuration: default
SIM_START	day1_scenario3	2025-05-09 16:02:50
TIME	0.000
SIMULATE	day1_scenario3

TIME	46.791
SIM_END		day1_scenario3	46.791s	295.502m
APPLICATION	CarMaker 14.0.1 - Car_Generic #5 (win64-14.0.1)
COMPILED	jetbrains@05dcd26e64f8 2025-01-28 11:06:46
 
		I/O Configuration: default
SIM_START	day1_scenario3	2025-05-09 16:03:19
TIME	0.000
SIMULATE	day1_scenario3

TIME	31.883
SIM_END		day1_scenario3	31.88s	53.426m
APPLICATION	CarMaker 14.0.1 - Car_Generic #5 (win64-14.0.1)
COMPILED	jetbrains@05dcd26e64f8 2025-01-28 11:06:46
 
		I/O Configuration: default
SIM_START	day1_scenario3	2025-05-09 16:03:40
TIME	0.000
SIMULATE	day1_scenario3

TIME	38.531
SIM_END		day1_scenario3	38.528s	239.787m
APPLICATION	CarMaker 14.0.1 - Car_Generic #5 (win64-14.0.1)
COMPILED	jetbrains@05dcd26e64f8 2025-01-28 11:06:46
 
		I/O Configuration: default
SIM_START	day1_scenario3	2025-05-09 16:04:02
TIME	0.000
SIMULATE	day1_scenario3

TIME	38.170
SIM_END		day1_scenario3	38.167s	237.258m
APPLICATION	CarMaker 14.0.1 - Car_Generic #5 (win64-14.0.1)
COMPILED	jetbrains@05dcd26e64f8 2025-01-28 11:06:46
 
		I/O Configuration: default
SIM_START	day1_scenario3	2025-05-09 16:04:18
TIME	0.000
SIMULATE	day1_scenario3

TIME	28.332
SIM_END		day1_scenario3	28.329s	53.9597m
APPLICATION	CarMaker 14.0.1 - Car_Generic #5 (win64-14.0.1)
COMPILED	jetbrains@05dcd26e64f8 2025-01-28 11:06:46
 
		I/O Configuration: default
SIM_START	day1_scenario3	2025-05-09 16:04:32
TIME	0.000
SIMULATE	day1_scenario3

TIME	18.937
SIM_END		day1_scenario3	18.934s	38.0186m
APPLICATION	CarMaker 14.0.1 - Car_Generic #5 (win64-14.0.1)
COMPILED	jetbrains@05dcd26e64f8 2025-01-28 11:06:46
 
		I/O Configuration: default
SIM_START	day1_scenario3	2025-05-09 16:04:48
TIME	0.000
SIMULATE	day1_scenario3

TIME	41.326
SIM_END		day1_scenario3	41.323s	26.9498m
APPLICATION	CarMaker 14.0.1 - Car_Generic #5 (win64-14.0.1)
COMPILED	jetbrains@05dcd26e64f8 2025-01-28 11:06:46
 
		I/O Configuration: default
SIM_START	day1_scenario3	2025-05-09 16:05:05
TIME	0.000
SIMULATE	day1_scenario3

TIME	29.738
SIM_END		day1_scenario3	29.735s	45.0877m
APPLICATION	CarMaker 14.0.1 - Car_Generic #5 (win64-14.0.1)
COMPILED	jetbrains@05dcd26e64f8 2025-01-28 11:06:46
 
		I/O Configuration: default
SIM_START	day1_scenario3	2025-05-09 16:05:22
TIME	0.000
SIMULATE	day1_scenario3

TIME	53.259
SIM_END		day1_scenario3	53.259s	302.373m
APPLICATION	CarMaker 14.0.1 - Car_Generic #5 (win64-14.0.1)
COMPILED	jetbrains@05dcd26e64f8 2025-01-28 11:06:46
 
		I/O Configuration: default
SIM_START	day1_scenario3	2025-05-09 16:05:57
TIME	0.000
SIMULATE	day1_scenario3

ERROR		Vehicle leaves road at about x=10.6424, y=3.5579 TireNo=0
SIM_ABORT	day1_scenario3	1.667s	10.3278m
APPLICATION	CarMaker 14.0.1 - Car_Generic #5 (win64-14.0.1)
COMPILED	jetbrains@05dcd26e64f8 2025-01-28 11:06:46
 
		I/O Configuration: default
SIM_START	day1_scenario3	2025-05-09 16:06:14
TIME	0.000
SIMULATE	day1_scenario3

ERROR		Vehicle leaves road at about x=10.6424, y=3.5579 TireNo=0
SIM_ABORT	day1_scenario3	1.667s	10.3278m
APPLICATION	CarMaker 14.0.1 - Car_Generic #5 (win64-14.0.1)
COMPILED	jetbrains@05dcd26e64f8 2025-01-28 11:06:46
 
		I/O Configuration: default
SIM_START	day1_scenario3	2025-05-09 16:06:43
TIME	0.000
SIMULATE	day1_scenario3

TIME	42.753
SIM_END		day1_scenario3	42.75s	211.911m
APPLICATION	CarMaker 14.0.1 - Car_Generic #5 (win64-14.0.1)
COMPILED	jetbrains@05dcd26e64f8 2025-01-28 11:06:46
 
		I/O Configuration: default
SIM_START	day1_scenario3	2025-05-09 16:07:02
TIME	0.000
SIMULATE	day1_scenario3

TIME	17.961
SIM_END		day1_scenario3	17.958s	33.7549m
APPLICATION	CarMaker 14.0.1 - Car_Generic #5 (win64-14.0.1)
COMPILED	jetbrains@05dcd26e64f8 2025-01-28 11:06:46
 
		I/O Configuration: default
SIM_START	day1_scenario3	2025-05-09 16:07:13
TIME	0.000
SIMULATE	day1_scenario3

TIME	25.688
SIM_END		day1_scenario3	25.685s	52.7434m
APPLICATION	CarMaker 14.0.1 - Car_Generic #5 (win64-14.0.1)
COMPILED	jetbrains@05dcd26e64f8 2025-01-28 11:06:46
 
		I/O Configuration: default
SIM_START	day1_scenario3	2025-05-09 16:07:28
TIME	0.000
SIMULATE	day1_scenario3

TIME	46.152
SIM_END		day1_scenario3	46.152s	295.432m
APPLICATION	CarMaker 14.0.1 - Car_Generic #5 (win64-14.0.1)
COMPILED	jetbrains@05dcd26e64f8 2025-01-28 11:06:46
 
		I/O Configuration: default
SIM_START	day1_scenario3	2025-05-09 16:07:47
TIME	0.000
SIMULATE	day1_scenario3

TIME	44.101
SIM_END		day1_scenario3	44.101s	295.638m
APPLICATION	CarMaker 14.0.1 - Car_Generic #5 (win64-14.0.1)
COMPILED	jetbrains@05dcd26e64f8 2025-01-28 11:06:46
 
		I/O Configuration: default
SIM_START	day1_scenario3	2025-05-09 16:08:07
TIME	0.000
SIMULATE	day1_scenario3

TIME	32.529
SIM_END		day1_scenario3	32.526s	158.997m
APPLICATION	CarMaker 14.0.1 - Car_Generic #5 (win64-14.0.1)
COMPILED	jetbrains@05dcd26e64f8 2025-01-28 11:06:46
 
		I/O Configuration: default
SIM_START	day1_scenario3	2025-05-09 16:08:36
TIME	0.000
SIMULATE	day1_scenario3

TIME	44.287
SIM_END		day1_scenario3	44.284s	141.449m
APPLICATION	CarMaker 14.0.1 - Car_Generic #5 (win64-14.0.1)
COMPILED	jetbrains@05dcd26e64f8 2025-01-28 11:06:46
 
		I/O Configuration: default
SIM_START	day1_scenario3	2025-05-09 16:08:53
TIME	0.000
SIMULATE	day1_scenario3

TIME	44.101
SIM_END		day1_scenario3	44.101s	295.638m
APPLICATION	CarMaker 14.0.1 - Car_Generic #5 (win64-14.0.1)
COMPILED	jetbrains@05dcd26e64f8 2025-01-28 11:06:46
 
		I/O Configuration: default
SIM_START	day1_scenario4	2025-05-09 16:17:33
TIME	0.000
SIMULATE	day1_scenario4

TIME	4.237
ERROR		Vehicle leaves road at about x=20.9907, y=3.60624 TireNo=0
SIM_ABORT	day1_scenario4	4.24s	18.8613m
APPLICATION	CarMaker 14.0.1 - Car_Generic #5 (win64-14.0.1)
COMPILED	jetbrains@05dcd26e64f8 2025-01-28 11:06:46
 
		I/O Configuration: default
SIM_START	day1_scenario3	2025-05-09 16:18:47
TIME	0.000
SIMULATE	day1_scenario3

TIME	44.101
SIM_END		day1_scenario3	44.101s	295.638m
APPLICATION	CarMaker 14.0.1 - Car_Generic #5 (win64-14.0.1)
COMPILED	jetbrains@05dcd26e64f8 2025-01-28 11:06:46
 
		I/O Configuration: default
SIM_START	day1_scenario3	2025-05-09 16:19:11
TIME	0.000
SIMULATE	day1_scenario3

TIME	44.101
SIM_END		day1_scenario3	44.101s	295.638m
APPLICATION	CarMaker 14.0.1 - Car_Generic #5 (win64-14.0.1)
COMPILED	jetbrains@05dcd26e64f8 2025-01-28 11:06:46
 
		I/O Configuration: default
SIM_START	day1_scenario3	2025-05-09 16:19:47
TIME	0.000
SIMULATE	day1_scenario3

TIME	61.971
SIM_END		day1_scenario3	61.971s	300.244m
APPLICATION	CarMaker 14.0.1 - Car_Generic #5 (win64-14.0.1)
COMPILED	jetbrains@05dcd26e64f8 2025-01-28 11:06:46
 
		I/O Configuration: default
SIM_START	day1_scenario3	2025-05-09 16:20:18
TIME	0.000
SIMULATE	day1_scenario3

SIM_END		day1_scenario3	0.999s	8.1973m
APPLICATION	CarMaker 14.0.1 - Car_Generic #5 (win64-14.0.1)
COMPILED	jetbrains@05dcd26e64f8 2025-01-28 11:06:46
 
		I/O Configuration: default
SIM_START	day1_scenario3	2025-05-09 16:20:31
TIME	0.000
SIMULATE	day1_scenario3

TIME	3.887
ERROR		Vehicle leaves road at about x=34.4303, y=3.67424 TireNo=0
SIM_ABORT	day1_scenario3	3.89s	31.6848m
APPLICATION	CarMaker 14.0.1 - Car_Generic #5 (win64-14.0.1)
COMPILED	jetbrains@05dcd26e64f8 2025-01-28 11:06:46
 
		I/O Configuration: default
SIM_START	day1_scenario3	2025-05-09 16:20:50
TIME	0.000
SIMULATE	day1_scenario3

ERROR		Vehicle leaves road at about x=10.8992, y=3.55731 TireNo=0
SIM_ABORT	day1_scenario3	1.304s	10.2958m
APPLICATION	CarMaker 14.0.1 - Car_Generic #5 (win64-14.0.1)
COMPILED	jetbrains@05dcd26e64f8 2025-01-28 11:06:46
 
		I/O Configuration: default
SIM_START	day1_scenario3	2025-05-09 16:21:01
TIME	0.000
SIMULATE	day1_scenario3

ERROR		Vehicle leaves road at about x=10.8992, y=3.55731 TireNo=0
SIM_ABORT	day1_scenario3	1.304s	10.2958m
APPLICATION	CarMaker 14.0.1 - Car_Generic #5 (win64-14.0.1)
COMPILED	jetbrains@05dcd26e64f8 2025-01-28 11:06:46
 
		I/O Configuration: default
SIM_START	day1_scenario3	2025-05-09 16:21:14
TIME	0.000
SIMULATE	day1_scenario3

TIME	61.971
SIM_END		day1_scenario3	61.971s	300.244m
APPLICATION	CarMaker 14.0.1 - Car_Generic #5 (win64-14.0.1)
COMPILED	jetbrains@05dcd26e64f8 2025-01-28 11:06:46
 
		I/O Configuration: default
SIM_START	day1_scenario3	2025-05-09 16:22:27
TIME	0.000
SIMULATE	day1_scenario3

TIME	61.971
SIM_END		day1_scenario3	61.971s	300.244m
APPLICATION	CarMaker 14.0.1 - Car_Generic #5 (win64-14.0.1)
COMPILED	jetbrains@05dcd26e64f8 2025-01-28 11:06:46
 
		I/O Configuration: default
SIM_START	day1_scenario3	2025-05-09 16:23:00
TIME	0.000
SIMULATE	day1_scenario3

TIME	61.965
SIM_END		day1_scenario3	61.965s	300.25m
APPLICATION	CarMaker 14.0.1 - Car_Generic #5 (win64-14.0.1)
COMPILED	jetbrains@05dcd26e64f8 2025-01-28 11:06:46
 
		I/O Configuration: default
SIM_START	day1_scenario3	2025-05-09 16:23:33
TIME	0.000
SIMULATE	day1_scenario3

TIME	262.468
SIM_END		day1_scenario3	262.465s	45.3153m
APPLICATION	CarMaker 14.0.1 - Car_Generic #5 (win64-14.0.1)
COMPILED	jetbrains@05dcd26e64f8 2025-01-28 11:06:46
 
		I/O Configuration: default
SIM_START	day1_scenario3	2025-05-09 16:27:11
TIME	0.000
SIMULATE	day1_scenario3

TIME	65.819
SIM_END		day1_scenario3	65.816s	31.1875m
APPLICATION	CarMaker 14.0.1 - Car_Generic #5 (win64-14.0.1)
COMPILED	jetbrains@05dcd26e64f8 2025-01-28 11:06:46
 
		I/O Configuration: default
SIM_START	day1_scenario3	2025-05-09 16:27:37
TIME	0.000
SIMULATE	day1_scenario3

TIME	50.438
SIM_END		day1_scenario3	50.435s	53.4874m
APPLICATION	CarMaker 14.0.1 - Car_Generic #5 (win64-14.0.1)
COMPILED	jetbrains@05dcd26e64f8 2025-01-28 11:06:46
 
		I/O Configuration: default
SIM_START	day1_scenario3	2025-05-09 16:33:38
TIME	0.000
SIMULATE	day1_scenario3

TIME	154.238
SIM_END		day1_scenario3	154.238s	295.53m
APPLICATION	CarMaker 14.0.1 - Car_Generic #5 (win64-14.0.1)
COMPILED	jetbrains@05dcd26e64f8 2025-01-28 11:06:46
 
		I/O Configuration: default
SIM_START	day1_scenario3	2025-05-09 16:34:28
TIME	0.000
SIMULATE	day1_scenario3

TIME	85.922
SIM_END		day1_scenario3	85.919s	169.19m
APPLICATION	CarMaker 14.0.1 - Car_Generic #5 (win64-14.0.1)
COMPILED	jetbrains@05dcd26e64f8 2025-01-28 11:06:46
 
		I/O Configuration: default
SIM_START	day1_scenario3	2025-05-09 16:35:02
TIME	0.000
SIMULATE	day1_scenario3

TIME	50.906
SIM_END		day1_scenario3	50.906s	301.801m
APPLICATION	CarMaker 14.0.1 - Car_Generic #5 (win64-14.0.1)
COMPILED	jetbrains@05dcd26e64f8 2025-01-28 11:06:46
 
		I/O Configuration: default
SIM_START	day1_scenario3	2025-05-09 16:35:24
TIME	0.000
SIMULATE	day1_scenario3

TIME	36.096
SIM_END		day1_scenario3	36.093s	28.9996m
APPLICATION	CarMaker 14.0.1 - Car_Generic #5 (win64-14.0.1)
COMPILED	jetbrains@05dcd26e64f8 2025-01-28 11:06:46
 
		I/O Configuration: default
SIM_START	day1_scenario3	2025-05-09 16:35:45
TIME	0.000
SIMULATE	day1_scenario3

TIME	61.971
SIM_END		day1_scenario3	61.971s	300.244m
APPLICATION	CarMaker 14.0.1 - Car_Generic #5 (win64-14.0.1)
COMPILED	jetbrains@05dcd26e64f8 2025-01-28 11:06:46
 
		I/O Configuration: default
SIM_START	day1_scenario3	2025-05-09 16:36:16
TIME	0.000
SIMULATE	day1_scenario3

TIME	50.237
SIM_END		day1_scenario3	50.234s	237.76m
APPLICATION	CarMaker 14.0.1 - Car_Generic #5 (win64-14.0.1)
COMPILED	jetbrains@05dcd26e64f8 2025-01-28 11:06:46
 
		I/O Configuration: default
SIM_START	day1_scenario3	2025-05-09 16:36:38
TIME	0.000
SIMULATE	day1_scenario3

TIME	61.971
SIM_END		day1_scenario3	61.971s	300.244m
APPLICATION	CarMaker 14.0.1 - Car_Generic #5 (win64-14.0.1)
COMPILED	jetbrains@05dcd26e64f8 2025-01-28 11:06:46
 
		I/O Configuration: default
SIM_START	day1_scenario3	2025-05-09 16:37:01
TIME	0.000
SIMULATE	day1_scenario3

TIME	62.882
SIM_END		day1_scenario3	62.882s	300.152m
APPLICATION	CarMaker 14.0.1 - Car_Generic #5 (win64-14.0.1)
COMPILED	jetbrains@05dcd26e64f8 2025-01-28 11:06:46
 
		I/O Configuration: default
SIM_START	day1_scenario3	2025-05-09 16:37:33
TIME	0.000
SIMULATE	day1_scenario3

TIME	54.665
SIM_END		day1_scenario3	54.662s	256.373m
APPLICATION	CarMaker 14.0.1 - Car_Generic #5 (win64-14.0.1)
COMPILED	jetbrains@05dcd26e64f8 2025-01-28 11:06:46
 
		I/O Configuration: default
SIM_START	day1_scenario3	2025-05-09 16:39:08
TIME	0.000
SIMULATE	day1_scenario3

TIME	51.804
SIM_END		day1_scenario3	51.801s	241.539m
APPLICATION	CarMaker 14.0.1 - Car_Generic #5 (win64-14.0.1)
COMPILED	jetbrains@05dcd26e64f8 2025-01-28 11:06:46
 
		I/O Configuration: default
SIM_START	day1_scenario3	2025-05-09 16:39:31
TIME	0.000
SIMULATE	day1_scenario3

TIME	14.834
SIM_END		day1_scenario3	14.831s	29.2278m
APPLICATION	CarMaker 14.0.1 - Car_Generic #5 (win64-14.0.1)
COMPILED	jetbrains@05dcd26e64f8 2025-01-28 11:06:46
 
		I/O Configuration: default
SIM_START	day1_scenario3	2025-05-09 16:39:42
TIME	0.000
SIMULATE	day1_scenario3

TIME	37.086
SIM_END		day1_scenario3	37.083s	67.7488m
APPLICATION	CarMaker 14.0.1 - Car_Generic #5 (win64-14.0.1)
COMPILED	jetbrains@05dcd26e64f8 2025-01-28 11:06:46
 
		I/O Configuration: default
SIM_START	day1_scenario3	2025-05-09 16:40:05
TIME	0.000
SIMULATE	day1_scenario3

TIME	46.791
SIM_END		day1_scenario3	46.791s	295.502m
APPLICATION	CarMaker 14.0.1 - Car_Generic #5 (win64-14.0.1)
COMPILED	jetbrains@05dcd26e64f8 2025-01-28 11:06:46
 
		I/O Configuration: default
SIM_START	day1_scenario3	2025-05-09 16:42:19
TIME	0.000
SIMULATE	day1_scenario3

TIME	37.118
SIM_END		day1_scenario3	37.118s	295.38m
APPLICATION	CarMaker 14.0.1 - Car_Generic #5 (win64-14.0.1)
COMPILED	jetbrains@05dcd26e64f8 2025-01-28 11:06:46
 
		I/O Configuration: default
SIM_START	day1_scenario3	2025-05-09 16:42:32
TIME	0.000
SIMULATE	day1_scenario3

TIME	37.118
SIM_END		day1_scenario3	37.118s	295.38m
APPLICATION	CarMaker 14.0.1 - Car_Generic #5 (win64-14.0.1)
COMPILED	jetbrains@05dcd26e64f8 2025-01-28 11:06:46
 
		I/O Configuration: default
SIM_START	day1_scenario3	2025-05-09 16:43:28
TIME	0.000
SIMULATE	day1_scenario3

TIME	37.118
SIM_END		day1_scenario3	37.118s	295.38m
APPLICATION	CarMaker 14.0.1 - Car_Generic #5 (win64-14.0.1)
COMPILED	jetbrains@05dcd26e64f8 2025-01-28 11:06:46
 
		I/O Configuration: default
SIM_START	day1_scenario3	2025-05-09 16:43:43
TIME	0.000
SIMULATE	day1_scenario3

TIME	37.118
SIM_END		day1_scenario3	37.118s	295.38m
APPLICATION	CarMaker 14.0.1 - Car_Generic #5 (win64-14.0.1)
COMPILED	jetbrains@05dcd26e64f8 2025-01-28 11:06:46
 
		I/O Configuration: default
SIM_START	day1_scenario3	2025-05-09 16:44:01
TIME	0.000
SIMULATE	day1_scenario3

TIME	32.081
SIM_END		day1_scenario3	32.078s	253.393m
APPLICATION	CarMaker 14.0.1 - Car_Generic #5 (win64-14.0.1)
COMPILED	jetbrains@05dcd26e64f8 2025-01-28 11:06:46
 
		I/O Configuration: default
SIM_START	day1_scenario3	2025-05-09 16:44:57
TIME	0.000
SIMULATE	day1_scenario3

TIME	8.230
SIM_END		day1_scenario3	8.227s	53.447m
APPLICATION	CarMaker 14.0.1 - Car_Generic #5 (win64-14.0.1)
COMPILED	jetbrains@05dcd26e64f8 2025-01-28 11:06:46
 
		I/O Configuration: default
SIM_START	day1_scenario3	2025-05-09 16:45:16
TIME	0.000
SIMULATE	day1_scenario3

TIME	8.292
SIM_END		day1_scenario3	8.289s	53.8681m
APPLICATION	CarMaker 14.0.1 - Car_Generic #5 (win64-14.0.1)
COMPILED	jetbrains@05dcd26e64f8 2025-01-28 11:06:46
 
		I/O Configuration: default
SIM_START	day1_scenario3	2025-05-09 16:45:33
TIME	0.000
SIMULATE	day1_scenario3

TIME	37.099
SIM_END		day1_scenario3	37.099s	295.412m
APPLICATION	CarMaker 14.0.1 - Car_Generic #5 (win64-14.0.1)
COMPILED	jetbrains@05dcd26e64f8 2025-01-28 11:06:46
 
		I/O Configuration: default
SIM_START	day1_scenario3	2025-05-09 16:45:49
TIME	0.000
SIMULATE	day1_scenario3

TIME	37.099
SIM_END		day1_scenario3	37.099s	295.412m
APPLICATION	CarMaker 14.0.1 - Car_Generic #5 (win64-14.0.1)
COMPILED	jetbrains@05dcd26e64f8 2025-01-28 11:06:46
 
		I/O Configuration: default
SIM_START	day1_scenario3	2025-05-09 16:46:02
TIME	0.000
SIMULATE	day1_scenario3

TIME	33.883
SIM_END		day1_scenario3	33.88s	268.604m
APPLICATION	CarMaker 14.0.1 - Car_Generic #5 (win64-14.0.1)
COMPILED	jetbrains@05dcd26e64f8 2025-01-28 11:06:46
 
		I/O Configuration: default
SIM_START	day1_scenario3	2025-05-09 16:46:18
TIME	0.000
SIMULATE	day1_scenario3

TIME	37.115
SIM_END		day1_scenario3	37.115s	295.373m
APPLICATION	CarMaker 14.0.1 - Car_Generic #5 (win64-14.0.1)
COMPILED	jetbrains@05dcd26e64f8 2025-01-28 11:06:46
 
		I/O Configuration: default
SIM_START	day1_scenario3	2025-05-09 16:46:36
TIME	0.000
SIMULATE	day1_scenario3

TIME	37.115
SIM_END		day1_scenario3	37.115s	295.373m
APPLICATION	CarMaker 14.0.1 - Car_Generic #5 (win64-14.0.1)
COMPILED	jetbrains@05dcd26e64f8 2025-01-28 11:06:46
 
		I/O Configuration: default
SIM_START	day1_scenario3	2025-05-09 16:46:52
TIME	0.000
SIMULATE	day1_scenario3

TIME	37.115
SIM_END		day1_scenario3	37.115s	295.394m
APPLICATION	CarMaker 14.0.1 - Car_Generic #5 (win64-14.0.1)
COMPILED	jetbrains@05dcd26e64f8 2025-01-28 11:06:46
 
		I/O Configuration: default
SIM_START	day1_scenario3	2025-05-09 16:47:10
TIME	0.000
SIMULATE	day1_scenario3

TIME	37.114
SIM_END		day1_scenario3	37.114s	295.394m
APPLICATION	CarMaker 14.0.1 - Car_Generic #5 (win64-14.0.1)
COMPILED	jetbrains@05dcd26e64f8 2025-01-28 11:06:46
 
		I/O Configuration: default
SIM_START	day1_scenario3	2025-05-09 16:47:27
TIME	0.000
SIMULATE	day1_scenario3

TIME	14.482
SIM_END		day1_scenario3	14.479s	106.861m
APPLICATION	CarMaker 14.0.1 - Car_Generic #5 (win64-14.0.1)
COMPILED	jetbrains@05dcd26e64f8 2025-01-28 11:06:46
 
		I/O Configuration: default
SIM_START	day1_scenario4	2025-05-09 16:48:31
TIME	0.000
SIMULATE	day1_scenario4

TIME	4.237
ERROR		Vehicle leaves road at about x=20.9907, y=3.60624 TireNo=0
SIM_ABORT	day1_scenario4	4.24s	18.8613m
APPLICATION	CarMaker 14.0.1 - Car_Generic #5 (win64-14.0.1)
COMPILED	jetbrains@05dcd26e64f8 2025-01-28 11:06:46
 
		I/O Configuration: default
SIM_START	day1_scenario4	2025-05-09 16:48:50
TIME	0.000
SIMULATE	day1_scenario4

TIME	4.237
ERROR		Vehicle leaves road at about x=20.9907, y=3.60624 TireNo=0
SIM_ABORT	day1_scenario4	4.24s	18.8613m
APPLICATION	CarMaker 14.0.1 - Car_Generic #5 (win64-14.0.1)
COMPILED	jetbrains@05dcd26e64f8 2025-01-28 11:06:46
 
		I/O Configuration: default
SIM_START	day1_scenario4	2025-05-09 16:49:05
TIME	0.000
SIMULATE	day1_scenario4

TIME	4.237
ERROR		Vehicle leaves road at about x=20.9907, y=3.60624 TireNo=0
SIM_ABORT	day1_scenario4	4.24s	18.8613m
APPLICATION	CarMaker 14.0.1 - Car_Generic #5 (win64-14.0.1)
COMPILED	jetbrains@05dcd26e64f8 2025-01-28 11:06:46
 
		I/O Configuration: default
SIM_START	day1_scenario4	2025-05-09 16:49:22
TIME	0.000
SIMULATE	day1_scenario4

TIME	4.237
ERROR		Vehicle leaves road at about x=20.9907, y=3.60624 TireNo=0
SIM_ABORT	day1_scenario4	4.24s	18.8613m
APPLICATION	CarMaker 14.0.1 - Car_Generic #5 (win64-14.0.1)
COMPILED	jetbrains@05dcd26e64f8 2025-01-28 11:06:46
 
		I/O Configuration: default
SIM_START	day1_scenario4	2025-05-09 16:49:40
TIME	0.000
SIMULATE	day1_scenario4

TIME	4.237
ERROR		Vehicle leaves road at about x=20.9907, y=3.60624 TireNo=0
SIM_ABORT	day1_scenario4	4.24s	18.8613m
APPLICATION	CarMaker 14.0.1 - Car_Generic #5 (win64-14.0.1)
COMPILED	jetbrains@05dcd26e64f8 2025-01-28 11:06:46
 
		I/O Configuration: default
SIM_START	day1_scenario4	2025-05-09 16:49:52
TIME	0.000
SIMULATE	day1_scenario4

TIME	4.237
ERROR		Vehicle leaves road at about x=20.9907, y=3.60624 TireNo=0
SIM_ABORT	day1_scenario4	4.24s	18.8613m
APPLICATION	CarMaker 14.0.1 - Car_Generic #5 (win64-14.0.1)
COMPILED	jetbrains@05dcd26e64f8 2025-01-28 11:06:46
 
		I/O Configuration: default
SIM_START	day1_scenario4	2025-05-09 16:50:07
TIME	0.000
SIMULATE	day1_scenario4

TIME	4.237
ERROR		Vehicle leaves road at about x=20.9907, y=3.60624 TireNo=0
SIM_ABORT	day1_scenario4	4.24s	18.8613m
APPLICATION	CarMaker 14.0.1 - Car_Generic #5 (win64-14.0.1)
COMPILED	jetbrains@05dcd26e64f8 2025-01-28 11:06:46
 
		I/O Configuration: default
SIM_START	day1_scenario4	2025-05-09 16:50:21
TIME	0.000
SIMULATE	day1_scenario4

TIME	3.465
ERROR		Vehicle leaves road at about x=32.0313, y=3.66284 TireNo=0
SIM_ABORT	day1_scenario4	3.468s	29.256m
APPLICATION	CarMaker 14.0.1 - Car_Generic #5 (win64-14.0.1)
COMPILED	jetbrains@05dcd26e64f8 2025-01-28 11:06:46
 
		I/O Configuration: default
SIM_START	day1_scenario4	2025-05-09 16:50:34
TIME	0.000
SIMULATE	day1_scenario4

ERROR		Vehicle leaves road at about x=16.6617, y=3.59067 TireNo=0
SIM_ABORT	day1_scenario4	1.839s	15.3835m
APPLICATION	CarMaker 14.0.1 - Car_Generic #5 (win64-14.0.1)
COMPILED	jetbrains@05dcd26e64f8 2025-01-28 11:06:46
 
		I/O Configuration: default
SIM_START	day1_scenario4	2025-05-09 16:50:44
TIME	0.000
SIMULATE	day1_scenario4

TIME	4.237
ERROR		Vehicle leaves road at about x=20.9907, y=3.60624 TireNo=0
SIM_ABORT	day1_scenario4	4.24s	18.8613m
APPLICATION	CarMaker 14.0.1 - Car_Generic #5 (win64-14.0.1)
COMPILED	jetbrains@05dcd26e64f8 2025-01-28 11:06:46
 
		I/O Configuration: default
SIM_START	day1_scenario4	2025-05-09 16:51:25
TIME	0.000
SIMULATE	day1_scenario4

ERROR		Vehicle leaves road at about x=11.1881, y=3.5615 TireNo=0
SIM_ABORT	day1_scenario4	1.607s	10.6451m
APPLICATION	CarMaker 14.0.1 - Car_Generic #5 (win64-14.0.1)
COMPILED	jetbrains@05dcd26e64f8 2025-01-28 11:06:46
 
		I/O Configuration: default
SIM_START	day1_scenario4	2025-05-09 16:51:40
TIME	0.000
SIMULATE	day1_scenario4

ERROR		Vehicle leaves road at about x=11.0958, y=3.55997 TireNo=0
SIM_ABORT	day1_scenario4	1.6s	10.5915m
APPLICATION	CarMaker 14.0.1 - Car_Generic #5 (win64-14.0.1)
COMPILED	jetbrains@05dcd26e64f8 2025-01-28 11:06:46
 
		I/O Configuration: default
SIM_START	day1_scenario4	2025-05-09 16:51:52
TIME	0.000
SIMULATE	day1_scenario4

ERROR		Vehicle leaves road at about x=14.5621, y=3.57865 TireNo=0
SIM_ABORT	day1_scenario4	1.637s	13.4576m
APPLICATION	CarMaker 14.0.1 - Car_Generic #5 (win64-14.0.1)
COMPILED	jetbrains@05dcd26e64f8 2025-01-28 11:06:46
 
		I/O Configuration: default
SIM_START	day1_scenario4	2025-05-09 16:52:06
TIME	0.000
SIMULATE	day1_scenario4

ERROR		Vehicle leaves road at about x=9.88912, y=3.55263 TireNo=0
SIM_ABORT	day1_scenario4	1.259s	9.57447m
APPLICATION	CarMaker 14.0.1 - Car_Generic #5 (win64-14.0.1)
COMPILED	jetbrains@05dcd26e64f8 2025-01-28 11:06:46
 
		I/O Configuration: default
SIM_START	day1_scenario4	2025-05-09 16:52:36
TIME	0.000
SIMULATE	day1_scenario4

TIME	8.310
ERROR		Vehicle leaves road at about x=71.9297, y=3.85997 TireNo=0
SIM_ABORT	day1_scenario4	8.313s	68.4555m
APPLICATION	CarMaker 14.0.1 - Car_Generic #5 (win64-14.0.1)
COMPILED	jetbrains@05dcd26e64f8 2025-01-28 11:06:46
 
		I/O Configuration: default
SIM_START	day1_scenario4	2025-05-09 16:52:50
TIME	0.000
SIMULATE	day1_scenario4

TIME	5.924
ERROR		Vehicle leaves road at about x=52.483, y=3.76278 TireNo=0
SIM_ABORT	day1_scenario4	5.927s	49.1515m
APPLICATION	CarMaker 14.0.1 - Car_Generic #5 (win64-14.0.1)
COMPILED	jetbrains@05dcd26e64f8 2025-01-28 11:06:46
 
		I/O Configuration: default
SIM_START	day1_scenario4	2025-05-09 16:53:08
TIME	0.000
SIMULATE	day1_scenario4

TIME	3.232
ERROR		Vehicle leaves road at about x=29.6186, y=3.64888 TireNo=0
SIM_ABORT	day1_scenario4	3.235s	26.9064m
APPLICATION	CarMaker 14.0.1 - Car_Generic #5 (win64-14.0.1)
COMPILED	jetbrains@05dcd26e64f8 2025-01-28 11:06:46
 
		I/O Configuration: default
SIM_START	day1_scenario4	2025-05-09 16:53:21
TIME	0.000
SIMULATE	day1_scenario4

TIME	2.193
ERROR		Vehicle leaves road at about x=20.2575, y=3.60333 TireNo=0
SIM_ABORT	day1_scenario4	2.196s	18.371m
APPLICATION	CarMaker 14.0.1 - Car_Generic #5 (win64-14.0.1)
COMPILED	jetbrains@05dcd26e64f8 2025-01-28 11:06:46
 
		I/O Configuration: default
SIM_START	day1_scenario4	2025-05-09 16:53:35
TIME	0.000
SIMULATE	day1_scenario4

TIME	3.232
ERROR		Vehicle leaves road at about x=29.6186, y=3.64888 TireNo=0
SIM_ABORT	day1_scenario4	3.235s	26.9064m
APPLICATION	CarMaker 14.0.1 - Car_Generic #5 (win64-14.0.1)
COMPILED	jetbrains@05dcd26e64f8 2025-01-28 11:06:46
 
		I/O Configuration: default
SIM_START	day1_scenario4	2025-05-09 16:54:00
TIME	0.000
SIMULATE	day1_scenario4

TIME	3.041
ERROR		Vehicle leaves road at about x=28.4376, y=3.645 TireNo=0
SIM_ABORT	day1_scenario4	3.044s	25.7778m
APPLICATION	CarMaker 14.0.1 - Car_Generic #5 (win64-14.0.1)
COMPILED	jetbrains@05dcd26e64f8 2025-01-28 11:06:46
 
		I/O Configuration: default
SIM_START	day1_scenario4	2025-05-09 16:55:42
TIME	0.000
SIMULATE	day1_scenario4

ERROR		Embedded FARoadSensor Geo:  xyz (14.45 3.57 -0.54) not found on Road
SIM_ABORT	day1_scenario4	1.607s	13.3675m
APPLICATION	CarMaker 14.0.1 - Car_Generic #5 (win64-14.0.1)
COMPILED	jetbrains@05dcd26e64f8 2025-01-28 11:06:46
 
		I/O Configuration: default
SIM_START	day1_scenario4	2025-05-09 16:55:54
TIME	0.000
SIMULATE	day1_scenario4

ERROR		Vehicle leaves road at about x=16.6563, y=3.58567 TireNo=0
SIM_ABORT	day1_scenario4	1.838s	15.3749m
APPLICATION	CarMaker 14.0.1 - Car_Generic #5 (win64-14.0.1)
COMPILED	jetbrains@05dcd26e64f8 2025-01-28 11:06:46
 
		I/O Configuration: default
SIM_START	day1_scenario4	2025-05-09 16:56:30
TIME	0.000
SIMULATE	day1_scenario4

TIME	3.462
ERROR		Vehicle leaves road at about x=32.0052, y=3.66362 TireNo=0
SIM_ABORT	day1_scenario4	3.465s	29.2316m
APPLICATION	CarMaker 14.0.1 - Car_Generic #5 (win64-14.0.1)
COMPILED	jetbrains@05dcd26e64f8 2025-01-28 11:06:46
 
		I/O Configuration: default
SIM_START	day1_scenario4	2025-05-09 16:56:39
TIME	0.000
SIMULATE	day1_scenario4

TIME	3.198
ERROR		Vehicle leaves road at about x=29.7201, y=3.653 TireNo=0
SIM_ABORT	day1_scenario4	3.201s	27.0629m
APPLICATION	CarMaker 14.0.1 - Car_Generic #5 (win64-14.0.1)
COMPILED	jetbrains@05dcd26e64f8 2025-01-28 11:06:46
 
		I/O Configuration: default
SIM_START	day1_scenario4	2025-05-09 17:19:50
TIME	0.000
SIMULATE	day1_scenario4

SIM_END		day1_scenario4	0s	0.00833333m
APPLICATION	CarMaker 14.0.1 - Car_Generic #5 (win64-14.0.1)
COMPILED	jetbrains@05dcd26e64f8 2025-01-28 11:06:46
 
		I/O Configuration: default
SIM_START	day1_scenario3	2025-05-09 17:20:25
TIME	0.000
SIMULATE	day1_scenario3

SIM_END		day1_scenario3	0s	0.00833333m
APPLICATION	CarMaker 14.0.1 - Car_Generic #5 (win64-14.0.1)
COMPILED	jetbrains@05dcd26e64f8 2025-01-28 11:06:46
 
		I/O Configuration: default
SIM_START	day1_scenario3	2025-05-09 17:20:47
TIME	0.000
SIMULATE	day1_scenario3

SIM_END		day1_scenario3	0s	0.00833333m
APPLICATION	CarMaker 14.0.1 - Car_Generic #5 (win64-14.0.1)
COMPILED	jetbrains@05dcd26e64f8 2025-01-28 11:06:46
 
		I/O Configuration: default
SIM_START	day1_scenario3	2025-05-09 17:21:07
TIME	0.000
SIMULATE	day1_scenario3

SIM_END		day1_scenario3	0s	0.00833333m
APPLICATION	CarMaker 14.0.1 - Car_Generic #5 (win64-14.0.1)
COMPILED	jetbrains@05dcd26e64f8 2025-01-28 11:06:46
 
		I/O Configuration: default
SIM_START	day1_scenario3	2025-05-09 17:23:54
TIME	0.000
SIMULATE	day1_scenario3

SIM_END		day1_scenario3	0s	0.00833333m
APPLICATION	CarMaker 14.0.1 - Car_Generic #5 (win64-14.0.1)
COMPILED	jetbrains@05dcd26e64f8 2025-01-28 11:06:46
 
		I/O Configuration: default
SIM_START	day1_scenario3	2025-05-09 17:37:19
TIME	0.000
SIMULATE	day1_scenario3

ERROR		Vehicle leaves road at about x=10.2906, y=3.55553 TireNo=0
SIM_ABORT	day1_scenario3	1.315s	9.91663m
APPLICATION	CarMaker 14.0.1 - Car_Generic #5 (win64-14.0.1)
COMPILED	jetbrains@05dcd26e64f8 2025-01-28 11:06:46
 
		I/O Configuration: default
SIM_START	day1_scenario3	2025-05-09 17:38:12
TIME	0.000
SIMULATE	day1_scenario3

TIME	37.099
SIM_END		day1_scenario3	37.099s	295.412m
APPLICATION	CarMaker 14.0.1 - Car_Generic #5 (win64-14.0.1)
COMPILED	jetbrains@05dcd26e64f8 2025-01-28 11:06:46
 
		I/O Configuration: default
SIM_START	day1_scenario3	2025-05-09 17:39:25
TIME	0.000
SIMULATE	day1_scenario3

TIME	41.853
SIM_END		day1_scenario3	41.85s	179.659m
APPLICATION	CarMaker 14.0.1 - Car_Generic #5 (win64-14.0.1)
COMPILED	jetbrains@05dcd26e64f8 2025-01-28 11:06:46
 
		I/O Configuration: default
SIM_START	day1_scenario3	2025-05-09 17:39:49
TIME	0.000
SIMULATE	day1_scenario3

TIME	30.244
SIM_END		day1_scenario3	30.241s	238.273m
APPLICATION	CarMaker 14.0.1 - Car_Generic #5 (win64-14.0.1)
COMPILED	jetbrains@05dcd26e64f8 2025-01-28 11:06:46
 
		I/O Configuration: default
SIM_START	day1_scenario3	2025-05-09 17:40:11
TIME	0.000
SIMULATE	day1_scenario3

ERROR		Vehicle leaves road at about x=10.6424, y=3.5579 TireNo=0
SIM_ABORT	day1_scenario3	1.667s	10.3278m
APPLICATION	CarMaker 14.0.1 - Car_Generic #5 (win64-14.0.1)
COMPILED	jetbrains@05dcd26e64f8 2025-01-28 11:06:46
 
		I/O Configuration: default
SIM_START	day1_scenario3	2025-05-09 17:40:42
TIME	0.000
SIMULATE	day1_scenario3

ERROR		Vehicle leaves road at about x=10.6874, y=3.55732 TireNo=0
SIM_ABORT	day1_scenario3	1.99s	10.7816m
APPLICATION	CarMaker 14.0.1 - Car_Generic #5 (win64-14.0.1)
COMPILED	jetbrains@05dcd26e64f8 2025-01-28 11:06:46
 
		I/O Configuration: default
SIM_START	day1_scenario3	2025-05-09 17:40:55
TIME	0.000
SIMULATE	day1_scenario3

ERROR		Vehicle leaves road at about x=10.6874, y=3.55732 TireNo=0
SIM_ABORT	day1_scenario3	1.99s	10.7816m
APPLICATION	CarMaker 14.0.1 - Car_Generic #5 (win64-14.0.1)
COMPILED	jetbrains@05dcd26e64f8 2025-01-28 11:06:46
 
		I/O Configuration: default
SIM_START	day1_scenario3	2025-05-09 17:41:10
TIME	0.000
SIMULATE	day1_scenario3

TIME	17.609
SIM_END		day1_scenario3	17.606s	132.873m
APPLICATION	CarMaker 14.0.1 - Car_Generic #5 (win64-14.0.1)
COMPILED	jetbrains@05dcd26e64f8 2025-01-28 11:06:46
 
		I/O Configuration: default
SIM_START	day1_scenario3	2025-05-09 17:41:39
TIME	0.000
SIMULATE	day1_scenario3

ERROR		Vehicle leaves road at about x=10.6424, y=3.5579 TireNo=0
SIM_ABORT	day1_scenario3	1.667s	10.3278m
APPLICATION	CarMaker 14.0.1 - Car_Generic #5 (win64-14.0.1)
COMPILED	jetbrains@05dcd26e64f8 2025-01-28 11:06:46
 
		I/O Configuration: default
SIM_START	day1_scenario3	2025-05-09 17:41:53
TIME	0.000
SIMULATE	day1_scenario3

ERROR		Vehicle leaves road at about x=10.6424, y=3.5579 TireNo=0
SIM_ABORT	day1_scenario3	1.667s	10.3278m
APPLICATION	CarMaker 14.0.1 - Car_Generic #5 (win64-14.0.1)
COMPILED	jetbrains@05dcd26e64f8 2025-01-28 11:06:46
 
		I/O Configuration: default
SIM_START	day1_scenario3	2025-05-09 17:45:29
TIME	0.000
SIMULATE	day1_scenario3

TIME	36.964
SIM_END		day1_scenario3	36.961s	281.501m
APPLICATION	CarMaker 14.0.1 - Car_Generic #5 (win64-14.0.1)
COMPILED	jetbrains@05dcd26e64f8 2025-01-28 11:06:46
 
		I/O Configuration: default
SIM_START	day1_scenario3	2025-05-09 17:46:16
TIME	0.000
SIMULATE	day1_scenario3

TIME	61.971
SIM_END		day1_scenario3	61.971s	300.244m
APPLICATION	CarMaker 14.0.1 - Car_Generic #5 (win64-14.0.1)
COMPILED	jetbrains@05dcd26e64f8 2025-01-28 11:06:46
 
		I/O Configuration: default
SIM_START	day1_scenario3	2025-05-09 17:46:55
TIME	0.000
SIMULATE	day1_scenario3

ERROR		Vehicle leaves road at about x=10.6424, y=3.5579 TireNo=0
SIM_ABORT	day1_scenario3	1.667s	10.3278m
APPLICATION	CarMaker 14.0.1 - Car_Generic #5 (win64-14.0.1)
COMPILED	jetbrains@05dcd26e64f8 2025-01-28 11:06:46
 
		I/O Configuration: default
SIM_START	day1_scenario3	2025-05-09 17:47:09
TIME	0.000
SIMULATE	day1_scenario3

TIME	4.635
ERROR		Vehicle leaves road at about x=23.9972, y=3.62167 TireNo=0
SIM_ABORT	day1_scenario3	4.638s	21.5066m
APPLICATION	CarMaker 14.0.1 - Car_Generic #5 (win64-14.0.1)
COMPILED	jetbrains@05dcd26e64f8 2025-01-28 11:06:46
 
		I/O Configuration: default
SIM_START	day1_scenario3	2025-05-09 17:47:34
TIME	0.000
SIMULATE	day1_scenario3

TIME	42.803
SIM_END		day1_scenario3	42.8s	198.56m
APPLICATION	CarMaker 14.0.1 - Car_Generic #5 (win64-14.0.1)
COMPILED	jetbrains@05dcd26e64f8 2025-01-28 11:06:46
 
		I/O Configuration: default
SIM_START	day1_scenario3	2025-05-09 17:48:14
TIME	0.000
SIMULATE	day1_scenario3

ERROR		Vehicle leaves road at about x=10.6424, y=3.5579 TireNo=0
SIM_ABORT	day1_scenario3	1.667s	10.3278m
APPLICATION	CarMaker 14.0.1 - Car_Generic #5 (win64-14.0.1)
COMPILED	jetbrains@05dcd26e64f8 2025-01-28 11:06:46
 
		I/O Configuration: default
SIM_START	day1_scenario3	2025-05-09 17:48:30
TIME	0.000
SIMULATE	day1_scenario3

TIME	61.971
SIM_END		day1_scenario3	61.971s	300.244m
APPLICATION	CarMaker 14.0.1 - Car_Generic #5 (win64-14.0.1)
COMPILED	jetbrains@05dcd26e64f8 2025-01-28 11:06:46
 
		I/O Configuration: default
SIM_START	day1_scenario3	2025-05-09 17:55:33
TIME	0.000
SIMULATE	day1_scenario3

ERROR		Vehicle leaves road at about x=10.2906, y=3.55553 TireNo=0
SIM_ABORT	day1_scenario3	1.315s	9.91663m
APPLICATION	CarMaker 14.0.1 - Car_Generic #5 (win64-14.0.1)
COMPILED	jetbrains@05dcd26e64f8 2025-01-28 11:06:46
 
		I/O Configuration: default
SIM_START	day1_scenario3	2025-05-09 17:55:54
TIME	0.000
SIMULATE	day1_scenario3

TIME	35.298
SIM_END		day1_scenario3	35.298s	300.026m
APPLICATION	CarMaker 14.0.1 - Car_Generic #5 (win64-14.0.1)
COMPILED	jetbrains@05dcd26e64f8 2025-01-28 11:06:46
 
		I/O Configuration: default
SIM_START	day1_scenario3	2025-05-09 17:56:24
TIME	0.000
SIMULATE	day1_scenario3

TIME	26.011
SIM_END		day1_scenario3	26.008s	222.564m
APPLICATION	CarMaker 14.0.1 - Car_Generic #5 (win64-14.0.1)
COMPILED	jetbrains@05dcd26e64f8 2025-01-28 11:06:46
 
		I/O Configuration: default
SIM_START	day1_scenario3	2025-05-09 17:56:58
TIME	0.000
SIMULATE	day1_scenario3

ERROR		Vehicle leaves road at about x=10.2906, y=3.55553 TireNo=0
SIM_ABORT	day1_scenario3	1.315s	9.91663m
APPLICATION	CarMaker 14.0.1 - Car_Generic #5 (win64-14.0.1)
COMPILED	jetbrains@05dcd26e64f8 2025-01-28 11:06:46
 
		I/O Configuration: default
SIM_START	day1_scenario3	2025-05-09 17:57:28
TIME	0.000
SIMULATE	day1_scenario3

ERROR		Vehicle leaves road at about x=10.6874, y=3.55732 TireNo=0
SIM_ABORT	day1_scenario3	1.99s	10.7816m
APPLICATION	CarMaker 14.0.1 - Car_Generic #5 (win64-14.0.1)
COMPILED	jetbrains@05dcd26e64f8 2025-01-28 11:06:46
 
		I/O Configuration: default
SIM_START	day1_scenario3	2025-05-09 17:58:04
TIME	0.000
SIMULATE	day1_scenario3

ERROR		Vehicle leaves road at about x=10.6874, y=3.55732 TireNo=0
SIM_ABORT	day1_scenario3	1.99s	10.7816m
APPLICATION	CarMaker 14.0.1 - Car_Generic #5 (win64-14.0.1)
COMPILED	jetbrains@05dcd26e64f8 2025-01-28 11:06:46
 
		I/O Configuration: default
SIM_START	day1_scenario3	2025-05-09 17:58:17
TIME	0.000
SIMULATE	day1_scenario3

ERROR		Vehicle leaves road at about x=10.6874, y=3.55732 TireNo=0
SIM_ABORT	day1_scenario3	1.99s	10.7816m
APPLICATION	CarMaker 14.0.1 - Car_Generic #5 (win64-14.0.1)
COMPILED	jetbrains@05dcd26e64f8 2025-01-28 11:06:46
 
		I/O Configuration: default
SIM_START	day1_scenario3	2025-05-09 17:58:33
TIME	0.000
SIMULATE	day1_scenario3

ERROR		Vehicle leaves road at about x=10.6874, y=3.55732 TireNo=0
SIM_ABORT	day1_scenario3	1.99s	10.7816m
APPLICATION	CarMaker 14.0.1 - Car_Generic #5 (win64-14.0.1)
COMPILED	jetbrains@05dcd26e64f8 2025-01-28 11:06:46
 
		I/O Configuration: default
SIM_START	day1_scenario3	2025-05-09 17:59:01
TIME	0.000
SIMULATE	day1_scenario3

ERROR		Vehicle leaves road at about x=10.6874, y=3.55732 TireNo=0
SIM_ABORT	day1_scenario3	1.99s	10.7816m
APPLICATION	CarMaker 14.0.1 - Car_Generic #5 (win64-14.0.1)
COMPILED	jetbrains@05dcd26e64f8 2025-01-28 11:06:46
 
		I/O Configuration: default
SIM_START	day1_scenario3	2025-05-09 17:59:13
TIME	0.000
SIMULATE	day1_scenario3

TIME	54.317
SIM_END		day1_scenario3	54.317s	302.84m
APPLICATION	CarMaker 14.0.1 - Car_Generic #5 (win64-14.0.1)
COMPILED	jetbrains@05dcd26e64f8 2025-01-28 11:06:46
 
		I/O Configuration: default
SIM_START	day1_scenario3	2025-05-09 17:59:52
TIME	0.000
SIMULATE	day1_scenario3

TIME	4.635
ERROR		Vehicle leaves road at about x=23.9972, y=3.62167 TireNo=0
SIM_ABORT	day1_scenario3	4.638s	21.5066m
APPLICATION	CarMaker 14.0.1 - Car_Generic #5 (win64-14.0.1)
COMPILED	jetbrains@05dcd26e64f8 2025-01-28 11:06:46
 
		I/O Configuration: default
SIM_START	day1_scenario3	2025-05-09 18:00:08
TIME	0.000
SIMULATE	day1_scenario3

TIME	66.155
SIM_END		day1_scenario3	66.155s	323.046m
APPLICATION	CarMaker 14.0.1 - Car_Generic #5 (win64-14.0.1)
COMPILED	jetbrains@05dcd26e64f8 2025-01-28 11:06:46
 
		I/O Configuration: default
SIM_START	day1_scenario3	2025-05-09 18:00:43
TIME	0.000
SIMULATE	day1_scenario3

TIME	47.703
SIM_END		day1_scenario3	47.7s	270.252m
APPLICATION	CarMaker 14.0.1 - Car_Generic #5 (win64-14.0.1)
COMPILED	jetbrains@05dcd26e64f8 2025-01-28 11:06:46
 
		I/O Configuration: default
SIM_START	day1_scenario3	2025-05-09 18:01:18
TIME	0.000
SIMULATE	day1_scenario3

TIME	34.054
SIM_END		day1_scenario3	34.051s	148.876m
APPLICATION	CarMaker 14.0.1 - Car_Generic #5 (win64-14.0.1)
COMPILED	jetbrains@05dcd26e64f8 2025-01-28 11:06:46
 
		I/O Configuration: default
SIM_START	day1_scenario3	2025-05-09 18:01:38
TIME	0.000
SIMULATE	day1_scenario3

TIME	23.364
SIM_END		day1_scenario3	23.361s	50.826m
APPLICATION	CarMaker 14.0.1 - Car_Generic #5 (win64-14.0.1)
COMPILED	jetbrains@05dcd26e64f8 2025-01-28 11:06:46
 
		I/O Configuration: default
SIM_START	day1_scenario3	2025-05-09 18:01:56
TIME	0.000
SIMULATE	day1_scenario3

TIME	21.025
SIM_END		day1_scenario3	21.022s	43.5661m
APPLICATION	CarMaker 14.0.1 - Car_Generic #5 (win64-14.0.1)
COMPILED	jetbrains@05dcd26e64f8 2025-01-28 11:06:46
 
		I/O Configuration: default
SIM_START	day1_scenario3	2025-05-09 18:02:18
TIME	0.000
SIMULATE	day1_scenario3

TIME	2.732
ERROR		Vehicle leaves road at about x=12.4821, y=3.56555 TireNo=0
SIM_ABORT	day1_scenario3	2.735s	12.2507m
APPLICATION	CarMaker 14.0.1 - Car_Generic #5 (win64-14.0.1)
COMPILED	jetbrains@05dcd26e64f8 2025-01-28 11:06:46
 
		I/O Configuration: default
SIM_START	day1_scenario3	2025-05-09 18:02:59
TIME	0.000
SIMULATE	day1_scenario3

ERROR		Vehicle leaves road at about x=10.6874, y=3.55732 TireNo=0
SIM_ABORT	day1_scenario3	1.99s	10.7816m
APPLICATION	CarMaker 14.0.1 - Car_Generic #5 (win64-14.0.1)
COMPILED	jetbrains@05dcd26e64f8 2025-01-28 11:06:46
 
		I/O Configuration: default
SIM_START	day1_scenario3	2025-05-09 18:03:13
TIME	0.000
SIMULATE	day1_scenario3

TIME	9.951
SIM_END		day1_scenario3	9.948s	34.9658m
APPLICATION	CarMaker 14.0.1 - Car_Generic #5 (win64-14.0.1)
COMPILED	jetbrains@05dcd26e64f8 2025-01-28 11:06:46
 
		I/O Configuration: default
SIM_START	day1_scenario3	2025-05-09 18:03:26
TIME	0.000
SIMULATE	day1_scenario3

TIME	39.993
SIM_END		day1_scenario3	39.99s	175.305m
APPLICATION	CarMaker 14.0.1 - Car_Generic #5 (win64-14.0.1)
COMPILED	jetbrains@05dcd26e64f8 2025-01-28 11:06:46
 
		I/O Configuration: default
SIM_START	day1_scenario3	2025-05-09 18:04:12
TIME	0.000
SIMULATE	day1_scenario3

TIME	53.880
SIM_END		day1_scenario3	53.88s	298.17m
APPLICATION	CarMaker 14.0.1 - Car_Generic #5 (win64-14.0.1)
COMPILED	jetbrains@05dcd26e64f8 2025-01-28 11:06:46
 
		I/O Configuration: default
SIM_START	day1_scenario3	2025-05-09 18:07:28
TIME	0.000
SIMULATE	day1_scenario3

TIME	2.732
ERROR		Vehicle leaves road at about x=12.4821, y=3.56555 TireNo=0
SIM_ABORT	day1_scenario3	2.735s	12.2507m
APPLICATION	CarMaker 14.0.1 - Car_Generic #5 (win64-14.0.1)
COMPILED	jetbrains@05dcd26e64f8 2025-01-28 11:06:46
 
		I/O Configuration: default
SIM_START	day1_scenario3	2025-05-09 18:07:40
TIME	0.000
SIMULATE	day1_scenario3

ERROR		Vehicle leaves road at about x=10.6874, y=3.55732 TireNo=0
SIM_ABORT	day1_scenario3	1.99s	10.7816m
APPLICATION	CarMaker 14.0.1 - Car_Generic #5 (win64-14.0.1)
COMPILED	jetbrains@05dcd26e64f8 2025-01-28 11:06:46
 
		I/O Configuration: default
SIM_START	day1_scenario3	2025-05-09 18:08:10
TIME	0.000
SIMULATE	day1_scenario3

TIME	46.028
SIM_END		day1_scenario3	46.028s	301.428m
APPLICATION	CarMaker 14.0.1 - Car_Generic #5 (win64-14.0.1)
COMPILED	jetbrains@05dcd26e64f8 2025-01-28 11:06:46
 
		I/O Configuration: default
SIM_START	day1_scenario3	2025-05-09 18:08:33
TIME	0.000
SIMULATE	day1_scenario3

TIME	27.213
SIM_END		day1_scenario3	27.21s	170.169m
APPLICATION	CarMaker 14.0.1 - Car_Generic #5 (win64-14.0.1)
COMPILED	jetbrains@05dcd26e64f8 2025-01-28 11:06:46
 
		I/O Configuration: default
SIM_START	day1_scenario3	2025-05-09 18:08:55
TIME	0.000
SIMULATE	day1_scenario3

TIME	21.530
SIM_END		day1_scenario3	21.527s	43.5384m
APPLICATION	CarMaker 14.0.1 - Car_Generic #5 (win64-14.0.1)
COMPILED	jetbrains@05dcd26e64f8 2025-01-28 11:06:46
 
		I/O Configuration: default
SIM_START	day1_scenario3	2025-05-09 18:09:16
TIME	0.000
SIMULATE	day1_scenario3

ERROR		Vehicle leaves road at about x=10.6874, y=3.55732 TireNo=0
SIM_ABORT	day1_scenario3	1.99s	10.7816m
APPLICATION	CarMaker 14.0.1 - Car_Generic #5 (win64-14.0.1)
COMPILED	jetbrains@05dcd26e64f8 2025-01-28 11:06:46
 
		I/O Configuration: default
SIM_START	day1_scenario3	2025-05-09 18:09:45
TIME	0.000
SIMULATE	day1_scenario3

TIME	27.370
SIM_END		day1_scenario3	27.367s	34.7104m
APPLICATION	CarMaker 14.0.1 - Car_Generic #5 (win64-14.0.1)
COMPILED	jetbrains@05dcd26e64f8 2025-01-28 11:06:46
 
		I/O Configuration: default
SIM_START	day1_scenario3	2025-05-09 18:10:05
TIME	0.000
SIMULATE	day1_scenario3

ERROR		Vehicle leaves road at about x=10.6874, y=3.55732 TireNo=0
SIM_ABORT	day1_scenario3	1.99s	10.7816m
APPLICATION	CarMaker 14.0.1 - Car_Generic #5 (win64-14.0.1)
COMPILED	jetbrains@05dcd26e64f8 2025-01-28 11:06:46
 
		I/O Configuration: default
SIM_START	day1_scenario3	2025-05-09 18:10:21
TIME	0.000
SIMULATE	day1_scenario3

TIME	34.406
SIM_END		day1_scenario3	34.403s	270.062m
APPLICATION	CarMaker 14.0.1 - Car_Generic #5 (win64-14.0.1)
COMPILED	jetbrains@05dcd26e64f8 2025-01-28 11:06:46
 
		I/O Configuration: default
SIM_START	day1_scenario3	2025-05-09 18:10:48
TIME	0.000
SIMULATE	day1_scenario3

TIME	34.140
SIM_END		day1_scenario3	34.137s	185.983m
APPLICATION	CarMaker 14.0.1 - Car_Generic #5 (win64-14.0.1)
COMPILED	jetbrains@05dcd26e64f8 2025-01-28 11:06:46
 
		I/O Configuration: default
SIM_START	day1_scenario3	2025-05-09 18:11:12
TIME	0.000
SIMULATE	day1_scenario3

TIME	43.158
SIM_END		day1_scenario3	43.155s	137.89m
APPLICATION	CarMaker 14.0.1 - Car_Generic #5 (win64-14.0.1)
COMPILED	jetbrains@05dcd26e64f8 2025-01-28 11:06:46
 
		I/O Configuration: default
SIM_START	day1_scenario3	2025-05-09 18:11:51
TIME	0.000
SIMULATE	day1_scenario3

ERROR		Vehicle leaves road at about x=10.6874, y=3.55732 TireNo=0
SIM_ABORT	day1_scenario3	1.99s	10.7816m
APPLICATION	CarMaker 14.0.1 - Car_Generic #5 (win64-14.0.1)
COMPILED	jetbrains@05dcd26e64f8 2025-01-28 11:06:46
 
		I/O Configuration: default
SIM_START	day1_scenario3	2025-05-09 18:12:03
TIME	0.000
SIMULATE	day1_scenario3

TIME	66.155
SIM_END		day1_scenario3	66.155s	323.046m
APPLICATION	CarMaker 14.0.1 - Car_Generic #5 (win64-14.0.1)
COMPILED	jetbrains@05dcd26e64f8 2025-01-28 11:06:46
 
		I/O Configuration: default
SIM_START	day1_scenario3	2025-05-09 18:12:39
TIME	0.000
SIMULATE	day1_scenario3

ERROR		Vehicle leaves road at about x=10.8992, y=3.55731 TireNo=0
SIM_ABORT	day1_scenario3	1.304s	10.2958m
APPLICATION	CarMaker 14.0.1 - Car_Generic #5 (win64-14.0.1)
COMPILED	jetbrains@05dcd26e64f8 2025-01-28 11:06:46
 
		I/O Configuration: default
SIM_START	day1_scenario3	2025-05-09 18:13:02
TIME	0.000
SIMULATE	day1_scenario3

TIME	35.610
SIM_END		day1_scenario3	35.61s	295.828m
APPLICATION	CarMaker 14.0.1 - Car_Generic #5 (win64-14.0.1)
COMPILED	jetbrains@05dcd26e64f8 2025-01-28 11:06:46
 
		I/O Configuration: default
SIM_START	day1_scenario3	2025-05-09 18:13:22
TIME	0.000
SIMULATE	day1_scenario3

TIME	35.602
SIM_END		day1_scenario3	35.602s	295.495m
APPLICATION	CarMaker 14.0.1 - Car_Generic #5 (win64-14.0.1)
COMPILED	jetbrains@05dcd26e64f8 2025-01-28 11:06:46
 
		I/O Configuration: default
SIM_START	day1_scenario3	2025-05-09 18:13:40
TIME	0.000
SIMULATE	day1_scenario3

TIME	13.751
SIM_END		day1_scenario3	13.748s	113.409m
APPLICATION	CarMaker 14.0.1 - Car_Generic #5 (win64-14.0.1)
COMPILED	jetbrains@05dcd26e64f8 2025-01-28 11:06:46
 
		I/O Configuration: default
SIM_START	day1_scenario3	2025-05-09 18:13:57
TIME	0.000
SIMULATE	day1_scenario3

TIME	7.403
SIM_END		day1_scenario3	7.4s	59.6584m
APPLICATION	CarMaker 14.0.1 - Car_Generic #5 (win64-14.0.1)
COMPILED	jetbrains@05dcd26e64f8 2025-01-28 11:06:46
 
		I/O Configuration: default
SIM_START	day1_scenario3	2025-05-09 18:14:10
TIME	0.000
SIMULATE	day1_scenario3

TIME	35.627
SIM_END		day1_scenario3	35.627s	295.545m
APPLICATION	CarMaker 14.0.1 - Car_Generic #5 (win64-14.0.1)
COMPILED	jetbrains@05dcd26e64f8 2025-01-28 11:06:46
 
		I/O Configuration: default
SIM_START	day1_scenario3	2025-05-09 18:14:50
TIME	0.000
SIMULATE	day1_scenario3

TIME	9.020
SIM_END		day1_scenario3	9.017s	73.7958m
APPLICATION	CarMaker 14.0.1 - Car_Generic #5 (win64-14.0.1)
COMPILED	jetbrains@05dcd26e64f8 2025-01-28 11:06:46
 
		I/O Configuration: default
SIM_START	day1_scenario3	2025-05-09 18:15:04
TIME	0.000
SIMULATE	day1_scenario3

TIME	12.903
SIM_END		day1_scenario3	12.9s	105.756m
APPLICATION	CarMaker 14.0.1 - Car_Generic #5 (win64-14.0.1)
COMPILED	jetbrains@05dcd26e64f8 2025-01-28 11:06:46
 
		I/O Configuration: default
SIM_START	day1_scenario3	2025-05-09 18:15:17
TIME	0.000
SIMULATE	day1_scenario3

TIME	10.603
SIM_END		day1_scenario3	10.6s	87.0417m
APPLICATION	CarMaker 14.0.1 - Car_Generic #5 (win64-14.0.1)
COMPILED	jetbrains@05dcd26e64f8 2025-01-28 11:06:46
 
		I/O Configuration: default
SIM_START	day1_scenario3	2025-05-09 18:15:30
TIME	0.000
SIMULATE	day1_scenario3

TIME	10.662
SIM_END		day1_scenario3	10.659s	87.5193m
APPLICATION	CarMaker 14.0.1 - Car_Generic #5 (win64-14.0.1)
COMPILED	jetbrains@05dcd26e64f8 2025-01-28 11:06:46
 
		I/O Configuration: default
SIM_START	day1_scenario3	2025-05-09 18:15:41
TIME	0.000
SIMULATE	day1_scenario3

TIME	23.475
SIM_END		day1_scenario3	23.472s	194.276m
APPLICATION	CarMaker 14.0.1 - Car_Generic #5 (win64-14.0.1)
COMPILED	jetbrains@05dcd26e64f8 2025-01-28 11:06:46
 
		I/O Configuration: default
SIM_START	day1_scenario3	2025-05-09 18:15:55
TIME	0.000
SIMULATE	day1_scenario3

TIME	20.453
SIM_END		day1_scenario3	20.45s	169.094m
APPLICATION	CarMaker 14.0.1 - Car_Generic #5 (win64-14.0.1)
COMPILED	jetbrains@05dcd26e64f8 2025-01-28 11:06:46
 
		I/O Configuration: default
SIM_START	day1_scenario3	2025-05-09 18:16:21
TIME	0.000
SIMULATE	day1_scenario3

TIME	35.622
SIM_END		day1_scenario3	35.622s	295.504m
APPLICATION	CarMaker 14.0.1 - Car_Generic #5 (win64-14.0.1)
COMPILED	jetbrains@05dcd26e64f8 2025-01-28 11:06:46
 
		I/O Configuration: default
SIM_START	day1_scenario4	2025-05-09 18:19:07
TIME	0.000
SIMULATE	day1_scenario4

TIME	35.850
SIM_END		day1_scenario4	35.85s	295.54m
APPLICATION	CarMaker 14.0.1 - Car_Generic #5 (win64-14.0.1)
COMPILED	jetbrains@05dcd26e64f8 2025-01-28 11:06:46
 
		I/O Configuration: default
SIM_START	day1_scenario4	2025-05-09 18:19:27
TIME	0.000
SIMULATE	day1_scenario4

TIME	35.850
SIM_END		day1_scenario4	35.85s	295.54m
APPLICATION	CarMaker 14.0.1 - Car_Generic #5 (win64-14.0.1)
COMPILED	jetbrains@05dcd26e64f8 2025-01-28 11:06:46
 
		I/O Configuration: default
SIM_START	day1_scenario4	2025-05-09 18:19:49
TIME	0.000
SIMULATE	day1_scenario4

TIME	28.236
SIM_END		day1_scenario4	28.233s	232.074m
