APPLICATION	CarMaker 14.0.1 - Car_Generic #5 (win64-14.0.1)
COMPILED	jetbrains@05dcd26e64f8 2025-01-28 11:06:46
 
		I/O Configuration: default
SIM_START	day2_scenario4	2025-05-12 15:12:29
TIME	0.000
SIMULATE	day2_scenario4

TIME	35.771
SIM_END		day2_scenario4	35.771s	495.584m
APPLICATION	CarMaker 14.0.1 - Car_Generic #5 (win64-14.0.1)
COMPILED	jetbrains@05dcd26e64f8 2025-01-28 11:06:46
 
		I/O Configuration: default
SIM_START	day2_scenario5	2025-05-12 15:13:43
TIME	0.000
SIMULATE	day2_scenario5

TIME	3.180
ERROR		Vehicle leaves road at about x=4.10263, y=38.9447 TireNo=0
SIM_ABORT	day2_scenario5	3.183s	35.1391m
APPLICATION	CarMaker 14.0.1 - Car_Generic #5 (win64-14.0.1)
COMPILED	jetbrains@05dcd26e64f8 2025-01-28 11:06:46
 
		I/O Configuration: default
SIM_START	day2_scenario5	2025-05-12 15:14:20
TIME	0.000
SIMULATE	day2_scenario5

TIME	3.180
ERROR		Vehicle leaves road at about x=4.10263, y=38.9447 TireNo=0
SIM_ABORT	day2_scenario5	3.183s	35.1391m
APPLICATION	CarMaker 14.0.1 - Car_Generic #5 (win64-14.0.1)
COMPILED	jetbrains@05dcd26e64f8 2025-01-28 11:06:46
 
		I/O Configuration: default
SIM_START	day2_scenario5	2025-05-12 15:14:49
TIME	0.000
SIMULATE	day2_scenario5

TIME	3.180
ERROR		Vehicle leaves road at about x=4.10263, y=38.9447 TireNo=0
SIM_ABORT	day2_scenario5	3.183s	35.1391m
APPLICATION	CarMaker 14.0.1 - Car_Generic #5 (win64-14.0.1)
COMPILED	jetbrains@05dcd26e64f8 2025-01-28 11:06:46
 
		I/O Configuration: default
SIM_START	day2_scenario5	2025-05-12 15:15:39
TIME	0.000
SIMULATE	day2_scenario5

ERROR		Vehicle leaves road at about x=17.1785, y=24.9416 TireNo=1
SIM_ABORT	day2_scenario5	1.905s	25.235m
APPLICATION	CarMaker 14.0.1 - Car_Generic #5 (win64-14.0.1)
COMPILED	jetbrains@05dcd26e64f8 2025-01-28 11:06:46
 
		I/O Configuration: default
SIM_START	day2_scenario5	2025-05-12 15:15:51
TIME	0.000
SIMULATE	day2_scenario5

ERROR		Vehicle leaves road at about x=17.1785, y=24.9416 TireNo=1
SIM_ABORT	day2_scenario5	1.905s	25.235m
APPLICATION	CarMaker 14.0.1 - Car_Generic #5 (win64-14.0.1)
COMPILED	jetbrains@05dcd26e64f8 2025-01-28 11:06:46
 
		I/O Configuration: default
SIM_START	day2_scenario5	2025-05-12 15:20:41
TIME	0.000
SIMULATE	day2_scenario5

ERROR		Vehicle leaves road at about x=17.1785, y=24.9416 TireNo=1
SIM_ABORT	day2_scenario5	1.905s	25.235m
APPLICATION	CarMaker 14.0.1 - Car_Generic #5 (win64-14.0.1)
COMPILED	jetbrains@05dcd26e64f8 2025-01-28 11:06:46
 
		I/O Configuration: default
SIM_START	day2_scenario5	2025-05-12 15:20:54
TIME	0.000
SIMULATE	day2_scenario5

ERROR		Vehicle leaves road at about x=17.1785, y=24.9416 TireNo=1
SIM_ABORT	day2_scenario5	1.905s	25.235m
APPLICATION	CarMaker 14.0.1 - Car_Generic #5 (win64-14.0.1)
COMPILED	jetbrains@05dcd26e64f8 2025-01-28 11:06:46
 
		I/O Configuration: default
SIM_START	day2_scenario5	2025-05-12 15:24:32
TIME	0.000
SIMULATE	day2_scenario5

ERROR		Vehicle leaves road at about x=17.1785, y=24.9416 TireNo=1
SIM_ABORT	day2_scenario5	1.905s	25.235m
APPLICATION	CarMaker 14.0.1 - Car_Generic #5 (win64-14.0.1)
COMPILED	jetbrains@05dcd26e64f8 2025-01-28 11:06:46
 
		I/O Configuration: default
SIM_START	day2_scenario5	2025-05-12 15:26:03
TIME	0.000
SIMULATE	day2_scenario5

ERROR		Vehicle leaves road at about x=17.1785, y=24.9416 TireNo=1
SIM_ABORT	day2_scenario5	1.905s	25.235m
APPLICATION	CarMaker 14.0.1 - Car_Generic #5 (win64-14.0.1)
COMPILED	jetbrains@05dcd26e64f8 2025-01-28 11:06:46
 
		I/O Configuration: default
SIM_START	day2_scenario5	2025-05-12 15:26:28
TIME	0.000
SIMULATE	day2_scenario5

ERROR		Vehicle leaves road at about x=17.1785, y=24.9416 TireNo=1
SIM_ABORT	day2_scenario5	1.905s	25.235m
APPLICATION	CarMaker 14.0.1 - Car_Generic #5 (win64-14.0.1)
COMPILED	jetbrains@05dcd26e64f8 2025-01-28 11:06:46
 
		I/O Configuration: default
SIM_START	day2_scenario5	2025-05-12 15:27:18
TIME	0.000
SIMULATE	day2_scenario5

ERROR		Vehicle leaves road at about x=17.1785, y=24.9416 TireNo=1
SIM_ABORT	day2_scenario5	1.905s	25.235m
APPLICATION	CarMaker 14.0.1 - Car_Generic #5 (win64-14.0.1)
COMPILED	jetbrains@05dcd26e64f8 2025-01-28 11:06:46
 
		I/O Configuration: default
SIM_START	day2_scenario5	2025-05-12 15:32:28
TIME	0.000
SIMULATE	day2_scenario5

ERROR		Vehicle leaves road at about x=17.1785, y=24.9416 TireNo=1
SIM_ABORT	day2_scenario5	1.905s	25.235m
APPLICATION	CarMaker 14.0.1 - Car_Generic #5 (win64-14.0.1)
COMPILED	jetbrains@05dcd26e64f8 2025-01-28 11:06:46
 
		I/O Configuration: default
SIM_START	day2_scenario5	2025-05-12 15:32:48
TIME	0.000
SIMULATE	day2_scenario5

TIME	3.180
ERROR		Vehicle leaves road at about x=4.10263, y=38.9447 TireNo=0
SIM_ABORT	day2_scenario5	3.183s	35.1391m
APPLICATION	CarMaker 14.0.1 - Car_Generic #5 (win64-14.0.1)
COMPILED	jetbrains@05dcd26e64f8 2025-01-28 11:06:46
 
		I/O Configuration: default
SIM_START	day2_scenario5	2025-05-12 15:32:57
TIME	0.000
SIMULATE	day2_scenario5

ERROR		Embedded FARoadSensor Geo:  xyz (nan nan nan) not found on Road
SIM_ABORT	day2_scenario5	0.054s	0.717061m
APPLICATION	CarMaker 14.0.1 - Car_Generic #5 (win64-14.0.1)
COMPILED	jetbrains@05dcd26e64f8 2025-01-28 11:06:46
 
		I/O Configuration: default
SIM_START	day2_scenario5	2025-05-12 15:33:09
TIME	0.000
SIMULATE	day2_scenario5

ERROR		Vehicle leaves road at about x=17.1785, y=24.9416 TireNo=1
SIM_ABORT	day2_scenario5	1.905s	25.235m
APPLICATION	CarMaker 14.0.1 - Car_Generic #5 (win64-14.0.1)
COMPILED	jetbrains@05dcd26e64f8 2025-01-28 11:06:46
 
		I/O Configuration: default
SIM_START	day2_scenario5	2025-05-12 15:33:32
TIME	0.000
SIMULATE	day2_scenario5

TIME	2.042
ERROR		Vehicle leaves road at about x=17.7044, y=26.6175 TireNo=1
SIM_ABORT	day2_scenario5	2.045s	27.1252m
APPLICATION	CarMaker 14.0.1 - Car_Generic #5 (win64-14.0.1)
COMPILED	jetbrains@05dcd26e64f8 2025-01-28 11:06:46
 
		I/O Configuration: default
SIM_START	day2_scenario5	2025-05-12 15:37:16
TIME	0.000
SIMULATE	day2_scenario5

TIME	2.042
ERROR		Vehicle leaves road at about x=17.7044, y=26.6175 TireNo=1
SIM_ABORT	day2_scenario5	2.045s	27.1252m
APPLICATION	CarMaker 14.0.1 - Car_Generic #5 (win64-14.0.1)
COMPILED	jetbrains@05dcd26e64f8 2025-01-28 11:06:46
 
		I/O Configuration: default
SIM_START	day2_scenario5	2025-05-12 15:37:29
TIME	0.000
SIMULATE	day2_scenario5

TIME	2.042
ERROR		Vehicle leaves road at about x=17.7044, y=26.6175 TireNo=1
SIM_ABORT	day2_scenario5	2.045s	27.1252m
APPLICATION	CarMaker 14.0.1 - Car_Generic #5 (win64-14.0.1)
COMPILED	jetbrains@05dcd26e64f8 2025-01-28 11:06:46
 
		I/O Configuration: default
SIM_START	day2_scenario4	2025-05-12 15:42:17
TIME	0.000
SIMULATE	day2_scenario4

TIME	28.508
SIM_END		day2_scenario4	28.505s	394.668m
APPLICATION	CarMaker 14.0.1 - Car_Generic #5 (win64-14.0.1)
COMPILED	jetbrains@05dcd26e64f8 2025-01-28 11:06:46
 
		I/O Configuration: default
SIM_START	day2_scenario4	2025-05-12 15:42:40
TIME	0.000
SIMULATE	day2_scenario4

TIME	35.767
SIM_END		day2_scenario4	35.767s	495.491m
APPLICATION	CarMaker 14.0.1 - Car_Generic #5 (win64-14.0.1)
COMPILED	jetbrains@05dcd26e64f8 2025-01-28 11:06:46
 
		I/O Configuration: default
SIM_START	day2_scenario5	2025-05-12 15:43:44
TIME	0.000
SIMULATE	day2_scenario5

TIME	2.042
ERROR		Vehicle leaves road at about x=17.7044, y=26.6175 TireNo=1
SIM_ABORT	day2_scenario5	2.045s	27.1252m
APPLICATION	CarMaker 14.0.1 - Car_Generic #5 (win64-14.0.1)
COMPILED	jetbrains@05dcd26e64f8 2025-01-28 11:06:46
 
		I/O Configuration: default
SIM_START	day2_scenario5	2025-05-12 15:43:52
TIME	0.000
SIMULATE	day2_scenario5

TIME	2.042
ERROR		Vehicle leaves road at about x=17.7044, y=26.6175 TireNo=1
SIM_ABORT	day2_scenario5	2.045s	27.1252m
APPLICATION	CarMaker 14.0.1 - Car_Generic #5 (win64-14.0.1)
COMPILED	jetbrains@05dcd26e64f8 2025-01-28 11:06:46
 
		I/O Configuration: default
SIM_START	day2_scenario5	2025-05-12 15:45:13
TIME	0.000
SIMULATE	day2_scenario5

TIME	2.042
ERROR		Vehicle leaves road at about x=17.7044, y=26.6175 TireNo=1
SIM_ABORT	day2_scenario5	2.045s	27.1252m
APPLICATION	CarMaker 14.0.1 - Car_Generic #5 (win64-14.0.1)
COMPILED	jetbrains@05dcd26e64f8 2025-01-28 11:06:46
 
		I/O Configuration: default
SIM_START	day2_scenario5	2025-05-12 15:45:47
TIME	0.000
SIMULATE	day2_scenario5

TIME	4.860
ERROR		Vehicle leaves road at about x=37.0726, y=59.3481 TireNo=1
SIM_ABORT	day2_scenario5	4.863s	66.077m
APPLICATION	CarMaker 14.0.1 - Car_Generic #5 (win64-14.0.1)
COMPILED	jetbrains@05dcd26e64f8 2025-01-28 11:06:46
 
		I/O Configuration: default
SIM_START	day2_scenario5	2025-05-12 15:46:09
TIME	0.000
SIMULATE	day2_scenario5

TIME	3.133
ERROR		Vehicle leaves road at about x=4.153, y=39.0704 TireNo=0
SIM_ABORT	day2_scenario5	3.136s	35.209m
APPLICATION	CarMaker 14.0.1 - Car_Generic #5 (win64-14.0.1)
COMPILED	jetbrains@05dcd26e64f8 2025-01-28 11:06:46
 
		I/O Configuration: default
SIM_START	day2_scenario5	2025-05-12 15:46:27
TIME	0.000
SIMULATE	day2_scenario5

TIME	3.188
ERROR		Vehicle leaves road at about x=4.00854, y=38.7075 TireNo=0
SIM_ABORT	day2_scenario5	3.191s	34.9069m
APPLICATION	CarMaker 14.0.1 - Car_Generic #5 (win64-14.0.1)
COMPILED	jetbrains@05dcd26e64f8 2025-01-28 11:06:46
 
		I/O Configuration: default
SIM_START	day2_scenario5	2025-05-12 15:46:45
TIME	0.000
SIMULATE	day2_scenario5

TIME	4.860
ERROR		Vehicle leaves road at about x=37.0726, y=59.3481 TireNo=1
SIM_ABORT	day2_scenario5	4.863s	66.077m
APPLICATION	CarMaker 14.0.1 - Car_Generic #5 (win64-14.0.1)
COMPILED	jetbrains@05dcd26e64f8 2025-01-28 11:06:46
 
		I/O Configuration: default
SIM_START	day2_scenario5	2025-05-12 15:46:57
TIME	0.000
SIMULATE	day2_scenario5

TIME	4.588
ERROR		Vehicle leaves road at about x=34.8826, y=56.9353 TireNo=1
SIM_ABORT	day2_scenario5	4.591s	62.4614m
APPLICATION	CarMaker 14.0.1 - Car_Generic #5 (win64-14.0.1)
COMPILED	jetbrains@05dcd26e64f8 2025-01-28 11:06:46
 
		I/O Configuration: default
SIM_START	day2_scenario5	2025-05-12 15:47:47
TIME	0.000
SIMULATE	day2_scenario5

ERROR		Vehicle leaves road at about x=17.1832, y=24.9519 TireNo=1
SIM_ABORT	day2_scenario5	1.906s	25.2471m
APPLICATION	CarMaker 14.0.1 - Car_Generic #5 (win64-14.0.1)
COMPILED	jetbrains@05dcd26e64f8 2025-01-28 11:06:46
 
		I/O Configuration: default
SIM_START	day2_scenario5	2025-05-12 15:50:35
TIME	0.000
SIMULATE	day2_scenario5

TIME	3.180
ERROR		Vehicle leaves road at about x=4.10263, y=38.9447 TireNo=0
SIM_ABORT	day2_scenario5	3.183s	35.1391m
APPLICATION	CarMaker 14.0.1 - Car_Generic #5 (win64-14.0.1)
COMPILED	jetbrains@05dcd26e64f8 2025-01-28 11:06:46
 
		I/O Configuration: default
SIM_START	day2_scenario5	2025-05-12 15:53:29
TIME	0.000
SIMULATE	day2_scenario5

ERROR		Vehicle leaves road at about x=17.1832, y=24.9519 TireNo=1
SIM_ABORT	day2_scenario5	1.906s	25.2471m
APPLICATION	CarMaker 14.0.1 - Car_Generic #5 (win64-14.0.1)
COMPILED	jetbrains@05dcd26e64f8 2025-01-28 11:06:46
 
		I/O Configuration: default
SIM_START	day2_scenario5	2025-05-12 15:53:47
TIME	0.000
SIMULATE	day2_scenario5

ERROR		Vehicle leaves road at about x=16.1864, y=21.3748 TireNo=1
SIM_ABORT	day2_scenario5	1.737s	22.0624m
APPLICATION	CarMaker 14.0.1 - Car_Generic #5 (win64-14.0.1)
COMPILED	jetbrains@05dcd26e64f8 2025-01-28 11:06:46
 
		I/O Configuration: default
SIM_START	day2_scenario5	2025-05-12 15:54:08
TIME	0.000
SIMULATE	day2_scenario5

TIME	2.516
ERROR		Vehicle leaves road at about x=0.826117, y=29.6166 TireNo=0
SIM_ABORT	day2_scenario5	2.519s	26.3776m
APPLICATION	CarMaker 14.0.1 - Car_Generic #5 (win64-14.0.1)
COMPILED	jetbrains@05dcd26e64f8 2025-01-28 11:06:46
 
		I/O Configuration: default
SIM_START	day2_scenario5	2025-05-12 15:54:39
TIME	0.000
SIMULATE	day2_scenario5

TIME	3.119
ERROR		Vehicle leaves road at about x=3.0039, y=36.1155 TireNo=0
SIM_ABORT	day2_scenario5	3.122s	32.3559m
APPLICATION	CarMaker 14.0.1 - Car_Generic #5 (win64-14.0.1)
COMPILED	jetbrains@05dcd26e64f8 2025-01-28 11:06:46
 
		I/O Configuration: default
SIM_START	day2_scenario5	2025-05-12 15:55:08
TIME	0.000
SIMULATE	day2_scenario5

TIME	3.180
ERROR		Vehicle leaves road at about x=4.10263, y=38.9447 TireNo=0
SIM_ABORT	day2_scenario5	3.183s	35.1391m
APPLICATION	CarMaker 14.0.1 - Car_Generic #5 (win64-14.0.1)
COMPILED	jetbrains@05dcd26e64f8 2025-01-28 11:06:46
 
		I/O Configuration: default
SIM_START	day2_scenario5	2025-05-12 16:08:38
TIME	0.000
SIMULATE	day2_scenario5

TIME	3.180
ERROR		Vehicle leaves road at about x=4.10263, y=38.9447 TireNo=0
SIM_ABORT	day2_scenario5	3.183s	35.1391m
APPLICATION	CarMaker 14.0.1 - Car_Generic #5 (win64-14.0.1)
COMPILED	jetbrains@05dcd26e64f8 2025-01-28 11:06:46
 
		I/O Configuration: default
SIM_START	day2_scenario5	2025-05-12 16:12:17
TIME	0.000
SIMULATE	day2_scenario5

TIME	3.180
ERROR		Vehicle leaves road at about x=4.10263, y=38.9447 TireNo=0
SIM_ABORT	day2_scenario5	3.183s	35.1391m
APPLICATION	CarMaker 14.0.1 - Car_Generic #5 (win64-14.0.1)
COMPILED	jetbrains@05dcd26e64f8 2025-01-28 11:06:46
 
		I/O Configuration: default
SIM_START	day2_scenario5	2025-05-12 16:18:16
TIME	0.000
SIMULATE	day2_scenario5

TIME	3.180
ERROR		Vehicle leaves road at about x=4.10263, y=38.9447 TireNo=0
SIM_ABORT	day2_scenario5	3.183s	35.1391m
APPLICATION	CarMaker 14.0.1 - Car_Generic #5 (win64-14.0.1)
COMPILED	jetbrains@05dcd26e64f8 2025-01-28 11:06:46
 
		I/O Configuration: default
SIM_START	day2_scenario5	2025-05-12 16:26:31
TIME	0.000
SIMULATE	day2_scenario5

TIME	3.180
ERROR		Vehicle leaves road at about x=4.10263, y=38.9447 TireNo=0
SIM_ABORT	day2_scenario5	3.183s	35.1391m
APPLICATION	CarMaker 14.0.1 - Car_Generic #5 (win64-14.0.1)
COMPILED	jetbrains@05dcd26e64f8 2025-01-28 11:06:46
 
		I/O Configuration: default
SIM_START	day2_scenario5	2025-05-12 16:26:53
TIME	0.000
SIMULATE	day2_scenario5

TIME	3.180
ERROR		Vehicle leaves road at about x=4.10263, y=38.9447 TireNo=0
SIM_ABORT	day2_scenario5	3.183s	35.1391m
APPLICATION	CarMaker 14.0.1 - Car_Generic #5 (win64-14.0.1)
COMPILED	jetbrains@05dcd26e64f8 2025-01-28 11:06:46
 
		I/O Configuration: default
SIM_START	day2_scenario5	2025-05-12 16:27:31
TIME	0.000
SIMULATE	day2_scenario5

TIME	3.180
ERROR		Vehicle leaves road at about x=4.10263, y=38.9447 TireNo=0
SIM_ABORT	day2_scenario5	3.183s	35.1391m
APPLICATION	CarMaker 14.0.1 - Car_Generic #5 (win64-14.0.1)
COMPILED	jetbrains@05dcd26e64f8 2025-01-28 11:06:46
 
		I/O Configuration: default
SIM_START	day2_scenario5	2025-05-12 16:38:16
TIME	0.000
SIMULATE	day2_scenario5

ERROR		Vehicle leaves road at about x=-1.04658, y=22.427 TireNo=0
SIM_ABORT	day2_scenario5	1.898s	20.2425m
APPLICATION	CarMaker 14.0.1 - Car_Generic #5 (win64-14.0.1)
COMPILED	jetbrains@05dcd26e64f8 2025-01-28 11:06:46
 
		I/O Configuration: default
SIM_START	day2_scenario5	2025-05-12 16:39:21
TIME	0.000
SIMULATE	day2_scenario5

ERROR		Vehicle leaves road at about x=-1.04658, y=22.427 TireNo=0
SIM_ABORT	day2_scenario5	1.898s	20.2425m
APPLICATION	CarMaker 14.0.1 - Car_Generic #5 (win64-14.0.1)
COMPILED	jetbrains@05dcd26e64f8 2025-01-28 11:06:46
 
		I/O Configuration: default
SIM_START	day2_scenario5	2025-05-12 16:39:54
TIME	0.000
SIMULATE	day2_scenario5

TIME	3.053
ERROR		Vehicle leaves road at about x=18.6172, y=29.3027 TireNo=1
SIM_ABORT	day2_scenario5	3.056s	30.2546m
APPLICATION	CarMaker 14.0.1 - Car_Generic #5 (win64-14.0.1)
COMPILED	jetbrains@05dcd26e64f8 2025-01-28 11:06:46
 
		I/O Configuration: default
SIM_START	day2_scenario5	2025-05-12 16:40:21
TIME	0.000
SIMULATE	day2_scenario5

ERROR		Vehicle leaves road at about x=-1.88178, y=18.2823 TireNo=0
SIM_ABORT	day2_scenario5	1.25s	16.6689m
APPLICATION	CarMaker 14.0.1 - Car_Generic #5 (win64-14.0.1)
COMPILED	jetbrains@05dcd26e64f8 2025-01-28 11:06:46
 
		I/O Configuration: default
SIM_START	day2_scenario5	2025-05-12 16:40:54
TIME	0.000
SIMULATE	day2_scenario5

TIME	3.265
ERROR		Vehicle leaves road at about x=5.72352, y=42.7184 TireNo=0
SIM_ABORT	day2_scenario5	3.268s	38.894m
APPLICATION	CarMaker 14.0.1 - Car_Generic #5 (win64-14.0.1)
COMPILED	jetbrains@05dcd26e64f8 2025-01-28 11:06:46
 
		I/O Configuration: default
SIM_START	day2_scenario5	2025-05-12 16:41:15
TIME	0.000
SIMULATE	day2_scenario5

TIME	3.100
ERROR		Vehicle leaves road at about x=4.78762, y=40.585 TireNo=0
SIM_ABORT	day2_scenario5	3.103s	36.7566m
APPLICATION	CarMaker 14.0.1 - Car_Generic #5 (win64-14.0.1)
COMPILED	jetbrains@05dcd26e64f8 2025-01-28 11:06:46
 
		I/O Configuration: default
SIM_START	day2_scenario5	2025-05-12 16:41:30
TIME	0.000
SIMULATE	day2_scenario5

TIME	8.862
ERROR		Vehicle leaves road at about x=72.5103, y=99.7835 TireNo=0
SIM_ABORT	day2_scenario5	8.865s	121.744m
APPLICATION	CarMaker 14.0.1 - Car_Generic #5 (win64-14.0.1)
COMPILED	jetbrains@05dcd26e64f8 2025-01-28 11:06:46
 
		I/O Configuration: default
SIM_START	day2_scenario5	2025-05-12 16:41:55
TIME	0.000
SIMULATE	day2_scenario5

ERROR		Vehicle leaves road at about x=16.855, y=23.8452 TireNo=1
SIM_ABORT	day2_scenario5	1.822s	23.993m
APPLICATION	CarMaker 14.0.1 - Car_Generic #5 (win64-14.0.1)
COMPILED	jetbrains@05dcd26e64f8 2025-01-28 11:06:46
 
		I/O Configuration: default
SIM_START	day2_scenario5	2025-05-12 16:42:34
TIME	0.000
SIMULATE	day2_scenario5

ERROR		Vehicle leaves road at about x=16.855, y=23.8452 TireNo=1
SIM_ABORT	day2_scenario5	1.822s	23.993m
APPLICATION	CarMaker 14.0.1 - Car_Generic #5 (win64-14.0.1)
COMPILED	jetbrains@05dcd26e64f8 2025-01-28 11:06:46
 
		I/O Configuration: default
SIM_START	day2_scenario5	2025-05-12 16:43:04
TIME	0.000
SIMULATE	day2_scenario5

TIME	8.862
ERROR		Vehicle leaves road at about x=72.5103, y=99.7835 TireNo=0
SIM_ABORT	day2_scenario5	8.865s	121.744m
APPLICATION	CarMaker 14.0.1 - Car_Generic #5 (win64-14.0.1)
COMPILED	jetbrains@05dcd26e64f8 2025-01-28 11:06:46
 
		I/O Configuration: default
SIM_START	day2_scenario5	2025-05-12 16:44:14
TIME	0.000
SIMULATE	day2_scenario5

TIME	8.862
ERROR		Vehicle leaves road at about x=72.5103, y=99.7835 TireNo=0
SIM_ABORT	day2_scenario5	8.865s	121.744m
APPLICATION	CarMaker 14.0.1 - Car_Generic #5 (win64-14.0.1)
COMPILED	jetbrains@05dcd26e64f8 2025-01-28 11:06:46
 
		I/O Configuration: default
SIM_START	day2_scenario5	2025-05-12 16:44:57
TIME	0.000
SIMULATE	day2_scenario5

TIME	3.048
ERROR		Vehicle leaves road at about x=4.89091, y=40.8289 TireNo=0
SIM_ABORT	day2_scenario5	3.051s	36.9972m
APPLICATION	CarMaker 14.0.1 - Car_Generic #5 (win64-14.0.1)
COMPILED	jetbrains@05dcd26e64f8 2025-01-28 11:06:46
 
		I/O Configuration: default
SIM_START	day2_scenario5	2025-05-12 16:45:11
TIME	0.000
SIMULATE	day2_scenario5

TIME	3.052
ERROR		Vehicle leaves road at about x=4.90974, y=40.9038 TireNo=0
SIM_ABORT	day2_scenario5	3.055s	37.0462m
APPLICATION	CarMaker 14.0.1 - Car_Generic #5 (win64-14.0.1)
COMPILED	jetbrains@05dcd26e64f8 2025-01-28 11:06:46
 
		I/O Configuration: default
SIM_START	day2_scenario5	2025-05-12 16:45:23
TIME	0.000
SIMULATE	day2_scenario5

TIME	2.862
ERROR		Vehicle leaves road at about x=21.8014, y=36.9664 TireNo=1
SIM_ABORT	day2_scenario5	2.865s	39.0111m
APPLICATION	CarMaker 14.0.1 - Car_Generic #5 (win64-14.0.1)
COMPILED	jetbrains@05dcd26e64f8 2025-01-28 11:06:46
 
		I/O Configuration: default
SIM_START	day2_scenario5	2025-05-12 16:45:30
TIME	0.000
SIMULATE	day2_scenario5

TIME	2.862
ERROR		Vehicle leaves road at about x=21.8014, y=36.9664 TireNo=1
SIM_ABORT	day2_scenario5	2.865s	39.0111m
APPLICATION	CarMaker 14.0.1 - Car_Generic #5 (win64-14.0.1)
COMPILED	jetbrains@05dcd26e64f8 2025-01-28 11:06:46
 
		I/O Configuration: default
SIM_START	day2_scenario5	2025-05-12 16:46:08
TIME	0.000
SIMULATE	day2_scenario5

TIME	2.862
ERROR		Vehicle leaves road at about x=21.8014, y=36.9664 TireNo=1
SIM_ABORT	day2_scenario5	2.865s	39.0111m
APPLICATION	CarMaker 14.0.1 - Car_Generic #5 (win64-14.0.1)
COMPILED	jetbrains@05dcd26e64f8 2025-01-28 11:06:46
 
		I/O Configuration: default
SIM_START	day2_scenario5	2025-05-12 16:49:10
TIME	0.000
SIMULATE	day2_scenario5

ERROR		Vehicle leaves road at about x=-1.14738, y=21.9482 TireNo=0
SIM_ABORT	day2_scenario5	1.738s	19.4967m
APPLICATION	CarMaker 14.0.1 - Car_Generic #5 (win64-14.0.1)
COMPILED	jetbrains@05dcd26e64f8 2025-01-28 11:06:46
 
		I/O Configuration: default
SIM_START	day2_scenario5	2025-05-12 16:49:47
TIME	0.000
SIMULATE	day2_scenario5

TIME	2.893
ERROR		Vehicle leaves road at about x=20.1554, y=33.2671 TireNo=1
SIM_ABORT	day2_scenario5	2.896s	33.8217m
APPLICATION	CarMaker 14.0.1 - Car_Generic #5 (win64-14.0.1)
COMPILED	jetbrains@05dcd26e64f8 2025-01-28 11:06:46
 
		I/O Configuration: default
SIM_START	day2_scenario5	2025-05-12 16:49:56
TIME	0.000
SIMULATE	day2_scenario5

TIME	2.893
ERROR		Vehicle leaves road at about x=20.1554, y=33.2671 TireNo=1
SIM_ABORT	day2_scenario5	2.896s	33.8217m
APPLICATION	CarMaker 14.0.1 - Car_Generic #5 (win64-14.0.1)
COMPILED	jetbrains@05dcd26e64f8 2025-01-28 11:06:46
 
		I/O Configuration: default
SIM_START	day2_scenario5	2025-05-12 16:50:07
TIME	0.000
SIMULATE	day2_scenario5

TIME	2.893
ERROR		Vehicle leaves road at about x=20.1554, y=33.2671 TireNo=1
SIM_ABORT	day2_scenario5	2.896s	33.8217m
APPLICATION	CarMaker 14.0.1 - Car_Generic #5 (win64-14.0.1)
COMPILED	jetbrains@05dcd26e64f8 2025-01-28 11:06:46
 
		I/O Configuration: default
SIM_START	day2_scenario5	2025-05-12 16:50:22
TIME	0.000
SIMULATE	day2_scenario5

TIME	4.186
ERROR		Vehicle leaves road at about x=28.1537, y=48.1682 TireNo=1
SIM_ABORT	day2_scenario5	4.189s	50.959m
APPLICATION	CarMaker 14.0.1 - Car_Generic #5 (win64-14.0.1)
COMPILED	jetbrains@05dcd26e64f8 2025-01-28 11:06:46
 
		I/O Configuration: default
SIM_START	day2_scenario5	2025-05-12 16:50:36
TIME	0.000
SIMULATE	day2_scenario5

TIME	2.748
ERROR		Vehicle leaves road at about x=19.8706, y=32.5773 TireNo=1
SIM_ABORT	day2_scenario5	2.751s	33.1109m
APPLICATION	CarMaker 14.0.1 - Car_Generic #5 (win64-14.0.1)
COMPILED	jetbrains@05dcd26e64f8 2025-01-28 11:06:46
 
		I/O Configuration: default
SIM_START	day2_scenario5	2025-05-12 16:50:59
TIME	0.000
SIMULATE	day2_scenario5

TIME	2.748
ERROR		Vehicle leaves road at about x=19.8706, y=32.5773 TireNo=1
SIM_ABORT	day2_scenario5	2.751s	33.1109m
APPLICATION	CarMaker 14.0.1 - Car_Generic #5 (win64-14.0.1)
COMPILED	jetbrains@05dcd26e64f8 2025-01-28 11:06:46
 
		I/O Configuration: default
SIM_START	day2_scenario5	2025-05-12 16:51:11
TIME	0.000
SIMULATE	day2_scenario5

TIME	2.767
ERROR		Vehicle leaves road at about x=19.9547, y=32.7787 TireNo=1
SIM_ABORT	day2_scenario5	2.77s	33.2931m
APPLICATION	CarMaker 14.0.1 - Car_Generic #5 (win64-14.0.1)
COMPILED	jetbrains@05dcd26e64f8 2025-01-28 11:06:46
 
		I/O Configuration: default
SIM_START	day2_scenario5	2025-05-12 16:51:42
TIME	0.000
SIMULATE	day2_scenario5

TIME	2.439
ERROR		Vehicle leaves road at about x=18.0105, y=27.5606 TireNo=1
SIM_ABORT	day2_scenario5	2.442s	27.9572m
APPLICATION	CarMaker 14.0.1 - Car_Generic #5 (win64-14.0.1)
COMPILED	jetbrains@05dcd26e64f8 2025-01-28 11:06:46
 
		I/O Configuration: default
SIM_START	day2_scenario5	2025-05-12 16:52:40
TIME	0.000
SIMULATE	day2_scenario5

TIME	2.356
ERROR		Vehicle leaves road at about x=17.6891, y=26.5759 TireNo=1
SIM_ABORT	day2_scenario5	2.359s	27.1415m
APPLICATION	CarMaker 14.0.1 - Car_Generic #5 (win64-14.0.1)
COMPILED	jetbrains@05dcd26e64f8 2025-01-28 11:06:46
 
		I/O Configuration: default
SIM_START	day2_scenario5	2025-05-12 16:52:53
TIME	0.000
SIMULATE	day2_scenario5

TIME	2.371
ERROR		Vehicle leaves road at about x=17.7333, y=26.7251 TireNo=1
SIM_ABORT	day2_scenario5	2.374s	27.3073m
APPLICATION	CarMaker 14.0.1 - Car_Generic #5 (win64-14.0.1)
COMPILED	jetbrains@05dcd26e64f8 2025-01-28 11:06:46
 
		I/O Configuration: default
SIM_START	day2_scenario4	2025-05-12 16:55:42
TIME	0.000
SIMULATE	day2_scenario4

ERROR		Vehicle leaves road at about x=19.558, y=3.60016 TireNo=0
SIM_ABORT	day2_scenario4	1.289s	17.4945m
APPLICATION	CarMaker 14.0.1 - Car_Generic #5 (win64-14.0.1)
COMPILED	jetbrains@05dcd26e64f8 2025-01-28 11:06:46
 
		I/O Configuration: default
SIM_START	day2_scenario4	2025-05-12 16:56:19
TIME	0.000
SIMULATE	day2_scenario4

ERROR		Vehicle leaves road at about x=21.3091, y=-13.3961 TireNo=1
SIM_ABORT	day2_scenario4	1.65s	21.3968m
