APPLICATION	CarMaker 14.0.1 - Car_Generic #5 (win64-14.0.1)
COMPILED	jetbrains@05dcd26e64f8 2025-01-28 11:06:46
 
		I/O Configuration: default
SIM_START	day2_scenario4	2025-05-12 20:25:30
TIME	0.000
SIMULATE	day2_scenario4

TIME	3.667
ERROR		Vehicle leaves road at about x=53.3428, y=3.77046 TireNo=0
SIM_ABORT	day2_scenario4	3.67s	50.1798m
APPLICATION	CarMaker 14.0.1 - Car_Generic #5 (win64-14.0.1)
COMPILED	jetbrains@05dcd26e64f8 2025-01-28 11:06:46
 
		I/O Configuration: default
SIM_START	day2_scenario4	2025-05-12 20:26:30
TIME	0.000
SIMULATE	day2_scenario4

TIME	3.667
ERROR		Vehicle leaves road at about x=53.3428, y=3.77046 TireNo=0
SIM_ABORT	day2_scenario4	3.67s	50.1798m
APPLICATION	CarMaker 14.0.1 - Car_Generic #5 (win64-14.0.1)
COMPILED	jetbrains@05dcd26e64f8 2025-01-28 11:06:46
 
		I/O Configuration: default
SIM_START	day2_scenario4	2025-05-12 20:28:46
TIME	0.000
SIMULATE	day2_scenario4

TIME	35.768
SIM_END		day2_scenario4	35.768s	495.508m
APPLICATION	CarMaker 14.0.1 - Car_Generic #5 (win64-14.0.1)
COMPILED	jetbrains@05dcd26e64f8 2025-01-28 11:06:46
 
		I/O Configuration: default
SIM_START	day2_scenario4	2025-05-12 20:29:25
TIME	0.000
SIMULATE	day2_scenario4

TIME	33.353
SIM_END		day2_scenario4	33.35s	461.965m
APPLICATION	CarMaker 14.0.1 - Car_Generic #5 (win64-14.0.1)
COMPILED	jetbrains@05dcd26e64f8 2025-01-28 11:06:46
 
		I/O Configuration: default
SIM_START	day2_scenario4	2025-05-12 20:29:54
TIME	0.000
SIMULATE	day2_scenario4

TIME	35.768
SIM_END		day2_scenario4	35.768s	495.508m
APPLICATION	CarMaker 14.0.1 - Car_Generic #5 (win64-14.0.1)
COMPILED	jetbrains@05dcd26e64f8 2025-01-28 11:06:46
 
		I/O Configuration: default
SIM_START	day2_scenario4	2025-05-12 20:30:34
TIME	0.000
SIMULATE	day2_scenario4

TIME	35.771
SIM_END		day2_scenario4	35.771s	495.551m
APPLICATION	CarMaker 14.0.1 - Car_Generic #5 (win64-14.0.1)
COMPILED	jetbrains@05dcd26e64f8 2025-01-28 11:06:46
 
		I/O Configuration: default
SIM_START	day2_scenario4	2025-05-12 20:31:08
TIME	0.000
SIMULATE	day2_scenario4

TIME	35.767
SIM_END		day2_scenario4	35.767s	495.491m
APPLICATION	CarMaker 14.0.1 - Car_Generic #5 (win64-14.0.1)
COMPILED	jetbrains@05dcd26e64f8 2025-01-28 11:06:46
 
		I/O Configuration: default
SIM_START	day2_scenario4	2025-05-12 20:31:39
TIME	0.000
SIMULATE	day2_scenario4

TIME	35.773
SIM_END		day2_scenario4	35.773s	495.582m
APPLICATION	CarMaker 14.0.1 - Car_Generic #5 (win64-14.0.1)
COMPILED	jetbrains@05dcd26e64f8 2025-01-28 11:06:46
 
		I/O Configuration: default
SIM_START	day2_scenario4	2025-05-12 20:32:11
TIME	0.000
SIMULATE	day2_scenario4

TIME	22.541
SIM_END		day2_scenario4	22.538s	311.801m
APPLICATION	CarMaker 14.0.1 - Car_Generic #5 (win64-14.0.1)
COMPILED	jetbrains@05dcd26e64f8 2025-01-28 11:06:46
 
		I/O Configuration: default
SIM_START	day2_scenario4	2025-05-12 20:32:37
TIME	0.000
SIMULATE	day2_scenario4

TIME	35.773
SIM_END		day2_scenario4	35.773s	495.581m
APPLICATION	CarMaker 14.0.1 - Car_Generic #5 (win64-14.0.1)
COMPILED	jetbrains@05dcd26e64f8 2025-01-28 11:06:46
 
		I/O Configuration: default
SIM_START	day2_scenario4	2025-05-12 20:33:17
TIME	0.000
SIMULATE	day2_scenario4

TIME	35.772
SIM_END		day2_scenario4	35.772s	495.563m
APPLICATION	CarMaker 14.0.1 - Car_Generic #5 (win64-14.0.1)
COMPILED	jetbrains@05dcd26e64f8 2025-01-28 11:06:46
 
		I/O Configuration: default
SIM_START	day2_scenario4	2025-05-12 20:33:47
TIME	0.000
SIMULATE	day2_scenario4

TIME	35.773
SIM_END		day2_scenario4	35.773s	495.581m
APPLICATION	CarMaker 14.0.1 - Car_Generic #5 (win64-14.0.1)
COMPILED	jetbrains@05dcd26e64f8 2025-01-28 11:06:46
 
		I/O Configuration: default
SIM_START	day2_scenario4	2025-05-12 20:34:38
TIME	0.000
SIMULATE	day2_scenario4

TIME	35.763
SIM_END		day2_scenario4	35.763s	495.434m
APPLICATION	CarMaker 14.0.1 - Car_Generic #5 (win64-14.0.1)
COMPILED	jetbrains@05dcd26e64f8 2025-01-28 11:06:46
 
		I/O Configuration: default
SIM_START	day2_scenario4	2025-05-12 20:35:04
TIME	0.000
SIMULATE	day2_scenario4

TIME	35.773
SIM_END		day2_scenario4	35.773s	495.587m
APPLICATION	CarMaker 14.0.1 - Car_Generic #5 (win64-14.0.1)
COMPILED	jetbrains@05dcd26e64f8 2025-01-28 11:06:46
 
		I/O Configuration: default
SIM_START	day2_scenario4	2025-05-12 20:35:36
TIME	0.000
SIMULATE	day2_scenario4

TIME	35.771
SIM_END		day2_scenario4	35.771s	495.557m
APPLICATION	CarMaker 14.0.1 - Car_Generic #5 (win64-14.0.1)
COMPILED	jetbrains@05dcd26e64f8 2025-01-28 11:06:46
 
		I/O Configuration: default
SIM_START	day2_scenario4	2025-05-12 20:36:11
TIME	0.000
SIMULATE	day2_scenario4

TIME	35.765
SIM_END		day2_scenario4	35.765s	495.468m
APPLICATION	CarMaker 14.0.1 - Car_Generic #5 (win64-14.0.1)
COMPILED	jetbrains@05dcd26e64f8 2025-01-28 11:06:46
 
		I/O Configuration: default
SIM_START	day2_scenario4	2025-05-12 20:36:44
TIME	0.000
SIMULATE	day2_scenario4

TIME	35.765
SIM_END		day2_scenario4	35.765s	495.468m
APPLICATION	CarMaker 14.0.1 - Car_Generic #5 (win64-14.0.1)
COMPILED	jetbrains@05dcd26e64f8 2025-01-28 11:06:46
 
		I/O Configuration: default
SIM_START	day2_scenario5	2025-05-12 20:37:53
TIME	0.000
SIMULATE	day2_scenario5

TIME	2.314
ERROR		Vehicle leaves road at about x=-0.0312939, y=26.5745 TireNo=0
SIM_ABORT	day2_scenario5	2.317s	23.5447m
APPLICATION	CarMaker 14.0.1 - Car_Generic #5 (win64-14.0.1)
COMPILED	jetbrains@05dcd26e64f8 2025-01-28 11:06:46
 
		I/O Configuration: default
SIM_START	day2_scenario5	2025-05-12 20:38:23
TIME	0.000
SIMULATE	day2_scenario5

TIME	4.192
ERROR		Vehicle leaves road at about x=22.4351, y=38.2862 TireNo=1
SIM_ABORT	day2_scenario5	4.195s	39.6032m
APPLICATION	CarMaker 14.0.1 - Car_Generic #5 (win64-14.0.1)
COMPILED	jetbrains@05dcd26e64f8 2025-01-28 11:06:46
 
		I/O Configuration: default
SIM_START	day2_scenario5	2025-05-12 20:38:55
TIME	0.000
SIMULATE	day2_scenario5

TIME	7.469
ERROR		Vehicle leaves road at about x=27.6142, y=73.979 TireNo=0
SIM_ABORT	day2_scenario5	7.472s	74.1203m
APPLICATION	CarMaker 14.0.1 - Car_Generic #5 (win64-14.0.1)
COMPILED	jetbrains@05dcd26e64f8 2025-01-28 11:06:46
 
		I/O Configuration: default
SIM_START	day2_scenario5	2025-05-12 20:39:19
TIME	0.000
SIMULATE	day2_scenario5

ERROR		Vehicle leaves road at about x=-1.04658, y=22.427 TireNo=0
SIM_ABORT	day2_scenario5	1.898s	20.2425m
APPLICATION	CarMaker 14.0.1 - Car_Generic #5 (win64-14.0.1)
COMPILED	jetbrains@05dcd26e64f8 2025-01-28 11:06:46
 
		I/O Configuration: default
SIM_START	day2_scenario5	2025-05-12 20:40:23
TIME	0.000
SIMULATE	day2_scenario5

TIME	7.603
ERROR		Vehicle leaves road at about x=28.364, y=74.7037 TireNo=0
SIM_ABORT	day2_scenario5	7.606s	75.054m
APPLICATION	CarMaker 14.0.1 - Car_Generic #5 (win64-14.0.1)
COMPILED	jetbrains@05dcd26e64f8 2025-01-28 11:06:46
 
		I/O Configuration: default
SIM_START	day2_scenario5	2025-05-12 20:40:39
TIME	0.000
SIMULATE	day2_scenario5

TIME	7.603
ERROR		Vehicle leaves road at about x=28.364, y=74.7037 TireNo=0
SIM_ABORT	day2_scenario5	7.606s	75.054m
APPLICATION	CarMaker 14.0.1 - Car_Generic #5 (win64-14.0.1)
COMPILED	jetbrains@05dcd26e64f8 2025-01-28 11:06:46
 
		I/O Configuration: default
SIM_START	day2_scenario5	2025-05-12 20:41:06
TIME	0.000
SIMULATE	day2_scenario5

TIME	4.006
ERROR		Vehicle leaves road at about x=6.44032, y=44.261 TireNo=0
SIM_ABORT	day2_scenario5	4.009s	40.4133m
APPLICATION	CarMaker 14.0.1 - Car_Generic #5 (win64-14.0.1)
COMPILED	jetbrains@05dcd26e64f8 2025-01-28 11:06:46
 
		I/O Configuration: default
SIM_START	day2_scenario5	2025-05-12 20:41:32
TIME	0.000
SIMULATE	day2_scenario5

ERROR		Vehicle leaves road at about x=16.9242, y=24.0897 TireNo=1
SIM_ABORT	day2_scenario5	2s	24.4205m
APPLICATION	CarMaker 14.0.1 - Car_Generic #5 (win64-14.0.1)
COMPILED	jetbrains@05dcd26e64f8 2025-01-28 11:06:46
 
		I/O Configuration: default
SIM_START	day2_scenario5	2025-05-12 20:41:50
TIME	0.000
SIMULATE	day2_scenario5

ERROR		Vehicle leaves road at about x=16.8338, y=23.7758 TireNo=1
SIM_ABORT	day2_scenario5	1.817s	23.9283m
APPLICATION	CarMaker 14.0.1 - Car_Generic #5 (win64-14.0.1)
COMPILED	jetbrains@05dcd26e64f8 2025-01-28 11:06:46
 
		I/O Configuration: default
SIM_START	day2_scenario5	2025-05-12 20:42:00
TIME	0.000
SIMULATE	day2_scenario5

ERROR		Vehicle leaves road at about x=16.8338, y=23.7758 TireNo=1
SIM_ABORT	day2_scenario5	1.817s	23.9283m
APPLICATION	CarMaker 14.0.1 - Car_Generic #5 (win64-14.0.1)
COMPILED	jetbrains@05dcd26e64f8 2025-01-28 11:06:46
 
		I/O Configuration: default
SIM_START	day2_scenario5	2025-05-12 20:53:54
TIME	0.000
SIMULATE	day2_scenario5

TIME	2.822
ERROR		Vehicle leaves road at about x=5.60063, y=42.4456 TireNo=0
SIM_ABORT	day2_scenario5	2.825s	38.5734m
APPLICATION	CarMaker 14.0.1 - Car_Generic #5 (win64-14.0.1)
COMPILED	jetbrains@05dcd26e64f8 2025-01-28 11:06:46
 
		I/O Configuration: default
SIM_START	day2_scenario5	2025-05-12 20:54:14
TIME	0.000
SIMULATE	day2_scenario5

TIME	4.191
ERROR		Vehicle leaves road at about x=15.424, y=59.6594 TireNo=0
SIM_ABORT	day2_scenario5	4.194s	57.3977m
APPLICATION	CarMaker 14.0.1 - Car_Generic #5 (win64-14.0.1)
COMPILED	jetbrains@05dcd26e64f8 2025-01-28 11:06:46
 
		I/O Configuration: default
SIM_START	day2_scenario5	2025-05-12 20:54:43
TIME	0.000
SIMULATE	day2_scenario5

TIME	45.977
ERROR		Vehicle leaves road at about x=413.014, y=-10.5203 TireNo=1
SIM_ABORT	day2_scenario5	45.98s	631.229m
APPLICATION	CarMaker 14.0.1 - Car_Generic #5 (win64-14.0.1)
COMPILED	jetbrains@05dcd26e64f8 2025-01-28 11:06:46
 
		I/O Configuration: default
SIM_START	day2_scenario5	2025-05-12 20:55:09
TIME	0.000
SIMULATE	day2_scenario5

TIME	45.977
ERROR		Vehicle leaves road at about x=413.014, y=-10.5203 TireNo=1
SIM_ABORT	day2_scenario5	45.98s	631.229m
APPLICATION	CarMaker 14.0.1 - Car_Generic #5 (win64-14.0.1)
COMPILED	jetbrains@05dcd26e64f8 2025-01-28 11:06:46
 
		I/O Configuration: default
SIM_START	day2_scenario5	2025-05-12 20:55:33
TIME	0.000
SIMULATE	day2_scenario5

TIME	45.977
ERROR		Vehicle leaves road at about x=413.014, y=-10.5203 TireNo=1
SIM_ABORT	day2_scenario5	45.98s	631.229m
APPLICATION	CarMaker 14.0.1 - Car_Generic #5 (win64-14.0.1)
COMPILED	jetbrains@05dcd26e64f8 2025-01-28 11:06:46
 
		I/O Configuration: default
SIM_START	day2_scenario5	2025-05-12 20:58:13
TIME	0.000
SIMULATE	day2_scenario5

TIME	46.016
ERROR		Vehicle leaves road at about x=412.998, y=-10.6814 TireNo=1
SIM_ABORT	day2_scenario5	46.019s	631.038m
APPLICATION	CarMaker 14.0.1 - Car_Generic #5 (win64-14.0.1)
COMPILED	jetbrains@05dcd26e64f8 2025-01-28 11:06:46
 
		I/O Configuration: default
SIM_START	day2_scenario5	2025-05-12 21:01:43
TIME	0.000
SIMULATE	day2_scenario5

TIME	46.016
ERROR		Vehicle leaves road at about x=412.998, y=-10.6814 TireNo=1
SIM_ABORT	day2_scenario5	46.019s	631.038m
APPLICATION	CarMaker 14.0.1 - Car_Generic #5 (win64-14.0.1)
COMPILED	jetbrains@05dcd26e64f8 2025-01-28 11:06:46
 
		I/O Configuration: default
SIM_START	day2_scenario5	2025-05-12 21:08:20
TIME	0.000
SIMULATE	day2_scenario5

TIME	46.016
ERROR		Vehicle leaves road at about x=412.998, y=-10.6814 TireNo=1
SIM_ABORT	day2_scenario5	46.019s	631.038m
APPLICATION	CarMaker 14.0.1 - Car_Generic #5 (win64-14.0.1)
COMPILED	jetbrains@05dcd26e64f8 2025-01-28 11:06:46
 
		I/O Configuration: default
SIM_START	day2_scenario5	2025-05-12 21:10:01
TIME	0.000
SIMULATE	day2_scenario5

TIME	45.945
ERROR		Vehicle leaves road at about x=412.999, y=-10.6772 TireNo=1
SIM_ABORT	day2_scenario5	45.948s	629.658m
APPLICATION	CarMaker 14.0.1 - Car_Generic #5 (win64-14.0.1)
COMPILED	jetbrains@05dcd26e64f8 2025-01-28 11:06:46
 
		I/O Configuration: default
SIM_START	day2_scenario5	2025-05-12 21:10:43
TIME	0.000
SIMULATE	day2_scenario5

TIME	45.843
ERROR		Vehicle leaves road at about x=413.055, y=-10.0538 TireNo=1
SIM_ABORT	day2_scenario5	45.846s	628.609m
APPLICATION	CarMaker 14.0.1 - Car_Generic #5 (win64-14.0.1)
COMPILED	jetbrains@05dcd26e64f8 2025-01-28 11:06:46
 
		I/O Configuration: default
SIM_START	day2_scenario5	2025-05-12 21:11:26
TIME	0.000
SIMULATE	day2_scenario5

TIME	45.873
ERROR		Vehicle leaves road at about x=413.146, y=-8.99343 TireNo=1
SIM_ABORT	day2_scenario5	45.876s	628.392m
APPLICATION	CarMaker 14.0.1 - Car_Generic #5 (win64-14.0.1)
COMPILED	jetbrains@05dcd26e64f8 2025-01-28 11:06:46
 
		I/O Configuration: default
SIM_START	day2_scenario5	2025-05-12 21:13:11
TIME	0.000
SIMULATE	day2_scenario5

TIME	45.817
ERROR		Vehicle leaves road at about x=413.115, y=-9.35733 TireNo=1
SIM_ABORT	day2_scenario5	45.82s	627.996m
APPLICATION	CarMaker 14.0.1 - Car_Generic #5 (win64-14.0.1)
COMPILED	jetbrains@05dcd26e64f8 2025-01-28 11:06:46
 
		I/O Configuration: default
SIM_START	day2_scenario5	2025-05-12 21:15:06
TIME	0.000
SIMULATE	day2_scenario5

TIME	45.796
ERROR		Vehicle leaves road at about x=413.205, y=-8.19245 TireNo=1
SIM_ABORT	day2_scenario5	45.799s	627.64m
APPLICATION	CarMaker 14.0.1 - Car_Generic #5 (win64-14.0.1)
COMPILED	jetbrains@05dcd26e64f8 2025-01-28 11:06:46
 
		I/O Configuration: default
SIM_START	day2_scenario5	2025-05-12 21:29:51
TIME	0.000
SIMULATE	day2_scenario5

ERROR		Vehicle leaves road at about x=16.345, y=21.9986 TireNo=1
SIM_ABORT	day2_scenario5	1.738s	22.7009m
APPLICATION	CarMaker 14.0.1 - Car_Generic #5 (win64-14.0.1)
COMPILED	jetbrains@05dcd26e64f8 2025-01-28 11:06:46
 
		I/O Configuration: default
SIM_START	day2_scenario5	2025-05-13 10:40:45
TIME	0.000
SIMULATE	day2_scenario5

TIME	45.802
ERROR		Vehicle leaves road at about x=413.231, y=-8.12394 TireNo=1
SIM_ABORT	day2_scenario5	45.805s	627.718m
APPLICATION	CarMaker 14.0.1 - Car_Generic #5 (win64-14.0.1)
COMPILED	jetbrains@05dcd26e64f8 2025-01-28 11:06:46
 
		I/O Configuration: default
SIM_START	day2_scenario5	2025-05-13 10:43:36
TIME	0.000
SIMULATE	day2_scenario5

TIME	2.684
ERROR		Vehicle leaves road at about x=4.76541, y=40.5331 TireNo=0
SIM_ABORT	day2_scenario5	2.687s	36.6875m
APPLICATION	CarMaker 14.0.1 - Car_Generic #5 (win64-14.0.1)
COMPILED	jetbrains@05dcd26e64f8 2025-01-28 11:06:46
 
		I/O Configuration: default
SIM_START	day2_scenario5	2025-05-13 10:45:43
TIME	0.000
SIMULATE	day2_scenario5

TIME	2.684
ERROR		Vehicle leaves road at about x=4.76541, y=40.5331 TireNo=0
SIM_ABORT	day2_scenario5	2.687s	36.6875m
APPLICATION	CarMaker 14.0.1 - Car_Generic #5 (win64-14.0.1)
COMPILED	jetbrains@05dcd26e64f8 2025-01-28 11:06:46
 
		I/O Configuration: default
SIM_START	day2_scenario5	2025-05-13 10:59:44
TIME	0.000
SIMULATE	day2_scenario5

TIME	2.684
ERROR		Vehicle leaves road at about x=4.76541, y=40.5331 TireNo=0
SIM_ABORT	day2_scenario5	2.687s	36.6875m
APPLICATION	CarMaker 14.0.1 - Car_Generic #5 (win64-14.0.1)
COMPILED	jetbrains@05dcd26e64f8 2025-01-28 11:06:46
 
		I/O Configuration: default
SIM_START	day2_scenario5	2025-05-13 11:41:12
TIME	0.000
SIMULATE	day2_scenario5

TIME	2.684
ERROR		Vehicle leaves road at about x=4.76541, y=40.5331 TireNo=0
SIM_ABORT	day2_scenario5	2.687s	36.6875m
APPLICATION	CarMaker 14.0.1 - Car_Generic #5 (win64-14.0.1)
COMPILED	jetbrains@05dcd26e64f8 2025-01-28 11:06:46
 
		I/O Configuration: default
SIM_START	day1_scenario1	2025-05-13 11:42:50
TIME	0.000
SIMULATE	day1_scenario1

TIME	29.801
SIM_END		day1_scenario1	29.801s	495.342m
APPLICATION	CarMaker 14.0.1 - Car_Generic #5 (win64-14.0.1)
COMPILED	jetbrains@05dcd26e64f8 2025-01-28 11:06:46
 
		I/O Configuration: default
SIM_START	day1_scenario1	2025-05-13 11:43:28
TIME	0.000
SIMULATE	day1_scenario1

TIME	29.801
SIM_END		day1_scenario1	29.801s	495.342m
APPLICATION	CarMaker 14.0.1 - Car_Generic #5 (win64-14.0.1)
COMPILED	jetbrains@05dcd26e64f8 2025-01-28 11:06:46
 
		I/O Configuration: default
SIM_START	day1_scenario1	2025-05-13 11:43:52
TIME	0.000
SIMULATE	day1_scenario1

TIME	29.801
SIM_END		day1_scenario1	29.801s	495.342m
APPLICATION	CarMaker 14.0.1 - Car_Generic #5 (win64-14.0.1)
COMPILED	jetbrains@05dcd26e64f8 2025-01-28 11:06:46
 
		I/O Configuration: default
SIM_START	day2_scenario2	2025-05-13 12:07:10
TIME	0.001
		Current random seed value = 1747105630
TIME	0.000
SIMULATE	day2_scenario2

TIME	122.816
SIM_END		day2_scenario2	122.813s	4.64682e-06m
APPLICATION	CarMaker 14.0.1 - Car_Generic #5 (win64-14.0.1)
COMPILED	jetbrains@05dcd26e64f8 2025-01-28 11:06:46
 
		I/O Configuration: default
SIM_START	day2_scenario2	2025-05-13 12:08:11
TIME	0.001
		Current random seed value = 1747105691
TIME	0.000
SIMULATE	day2_scenario2

TIME	25.514
SIM_END		day2_scenario2	25.511s	4.5209e-06m
APPLICATION	CarMaker 14.0.1 - Car_Generic #5 (win64-14.0.1)
COMPILED	jetbrains@05dcd26e64f8 2025-01-28 11:06:46
 
		I/O Configuration: default
SIM_START	day2_scenario2	2025-05-13 12:09:03
TIME	0.001
		Current random seed value = 1747105743
TIME	0.000
SIMULATE	day2_scenario2

TIME	74.063
SIM_END		day2_scenario2	74.06s	484.657m
APPLICATION	CarMaker 14.0.1 - Car_Generic #5 (win64-14.0.1)
COMPILED	jetbrains@05dcd26e64f8 2025-01-28 11:06:46
 
		I/O Configuration: default
SIM_START	day2_scenario2	2025-05-13 12:09:48
TIME	0.001
		Current random seed value = 1747105788
TIME	0.000
SIMULATE	day2_scenario2

TIME	51.936
SIM_END		day2_scenario2	51.933s	445.655m
APPLICATION	CarMaker 14.0.1 - Car_Generic #5 (win64-14.0.1)
COMPILED	jetbrains@05dcd26e64f8 2025-01-28 11:06:46
 
		I/O Configuration: default
SIM_START	day2_scenario2	2025-05-13 12:10:36
TIME	0.001
		Current random seed value = 1747105836
TIME	0.000
SIMULATE	day2_scenario2

TIME	74.590
SIM_END		day2_scenario2	74.587s	495.058m
APPLICATION	CarMaker 14.0.1 - Car_Generic #5 (win64-14.0.1)
COMPILED	jetbrains@05dcd26e64f8 2025-01-28 11:06:46
 
		I/O Configuration: default
SIM_START	day2_scenario2	2025-05-13 12:11:11
TIME	0.001
		Current random seed value = 1747105871
TIME	0.000
SIMULATE	day2_scenario2

TIME	146.369
SIM_END		day2_scenario2	146.366s	494.688m
APPLICATION	CarMaker 14.0.1 - Car_Generic #5 (win64-14.0.1)
COMPILED	jetbrains@05dcd26e64f8 2025-01-28 11:06:46
 
		I/O Configuration: default
SIM_START	day2_scenario2	2025-05-13 12:15:26
TIME	0.001
		Current random seed value = 1747106126
TIME	0.000
SIMULATE	day2_scenario2

TIME	28.833
SIM_END		day2_scenario2	28.833s	495.352m
APPLICATION	CarMaker 14.0.1 - Car_Generic #5 (win64-14.0.1)
COMPILED	jetbrains@05dcd26e64f8 2025-01-28 11:06:46
 
		I/O Configuration: default
SIM_START	day2_scenario2	2025-05-13 12:16:07
TIME	0.001
		Current random seed value = 1747106167
TIME	0.000
SIMULATE	day2_scenario2

TIME	30.447
SIM_END		day2_scenario2	30.447s	495.333m
APPLICATION	CarMaker 14.0.1 - Car_Generic #5 (win64-14.0.1)
COMPILED	jetbrains@05dcd26e64f8 2025-01-28 11:06:46
 
		I/O Configuration: default
SIM_START	day2_scenario2	2025-05-13 12:16:39
TIME	0.001
		Current random seed value = 1747106199
TIME	0.000
SIMULATE	day2_scenario2

TIME	43.903
SIM_END		day2_scenario2	43.903s	495.323m
APPLICATION	CarMaker 14.0.1 - Car_Generic #5 (win64-14.0.1)
COMPILED	jetbrains@05dcd26e64f8 2025-01-28 11:06:46
 
		I/O Configuration: default
SIM_START	day2_scenario2	2025-05-13 12:17:16
TIME	0.001
		Current random seed value = 1747106236
TIME	0.000
SIMULATE	day2_scenario2

TIME	32.172
SIM_END		day2_scenario2	32.172s	495.325m
APPLICATION	CarMaker 14.0.1 - Car_Generic #5 (win64-14.0.1)
COMPILED	jetbrains@05dcd26e64f8 2025-01-28 11:06:46
 
		I/O Configuration: default
SIM_START	day2_scenario2	2025-05-13 12:19:59
TIME	0.001
		Current random seed value = 1747106399
TIME	0.000
SIMULATE	day2_scenario2

TIME	43.452
SIM_END		day2_scenario2	43.449s	358.888m
APPLICATION	CarMaker 14.0.1 - Car_Generic #5 (win64-14.0.1)
COMPILED	jetbrains@05dcd26e64f8 2025-01-28 11:06:46
 
		I/O Configuration: default
SIM_START	day2_scenario2	2025-05-13 12:20:32
TIME	0.001
		Current random seed value = 1747106432
TIME	0.000
SIMULATE	day2_scenario2

TIME	31.101
SIM_END		day2_scenario2	31.098s	137.314m
APPLICATION	CarMaker 14.0.1 - Car_Generic #5 (win64-14.0.1)
COMPILED	jetbrains@05dcd26e64f8 2025-01-28 11:06:46
 
		I/O Configuration: default
SIM_START	day2_scenario2	2025-05-13 12:21:04
TIME	0.001
		Current random seed value = 1747106464
TIME	0.000
SIMULATE	day2_scenario2

TIME	38.148
SIM_END		day2_scenario2	38.145s	341.952m
APPLICATION	CarMaker 14.0.1 - Car_Generic #5 (win64-14.0.1)
COMPILED	jetbrains@05dcd26e64f8 2025-01-28 11:06:46
 
		I/O Configuration: default
SIM_START	day2_scenario2	2025-05-13 12:21:36
TIME	0.001
		Current random seed value = 1747106496
TIME	0.000
SIMULATE	day2_scenario2

TIME	24.055
SIM_END		day2_scenario2	24.052s	205.59m
APPLICATION	CarMaker 14.0.1 - Car_Generic #5 (win64-14.0.1)
COMPILED	jetbrains@05dcd26e64f8 2025-01-28 11:06:46
 
		I/O Configuration: default
SIM_START	day2_scenario2	2025-05-13 12:21:56
TIME	0.001
		Current random seed value = 1747106516
TIME	0.000
SIMULATE	day2_scenario2

TIME	17.885
SIM_END		day2_scenario2	17.882s	145.649m
APPLICATION	CarMaker 14.0.1 - Car_Generic #5 (win64-14.0.1)
COMPILED	jetbrains@05dcd26e64f8 2025-01-28 11:06:46
 
		I/O Configuration: default
SIM_START	day2_scenario2	2025-05-13 12:22:11
TIME	0.001
		Current random seed value = 1747106531
TIME	0.000
SIMULATE	day2_scenario2

TIME	20.297
SIM_END		day2_scenario2	20.294s	262.238m
APPLICATION	CarMaker 14.0.1 - Car_Generic #5 (win64-14.0.1)
COMPILED	jetbrains@05dcd26e64f8 2025-01-28 11:06:46
 
		I/O Configuration: default
SIM_START	day2_scenario2	2025-05-13 12:22:28
TIME	0.001
		Current random seed value = 1747106548
TIME	0.000
SIMULATE	day2_scenario2

TIME	10.833
SIM_END		day2_scenario2	10.83s	93.9094m
APPLICATION	CarMaker 14.0.1 - Car_Generic #5 (win64-14.0.1)
COMPILED	jetbrains@05dcd26e64f8 2025-01-28 11:06:46
 
		I/O Configuration: default
SIM_START	day2_scenario2	2025-05-13 12:22:43
TIME	0.001
		Current random seed value = 1747106563
TIME	0.000
SIMULATE	day2_scenario2

TIME	10.003
SIM_END		day2_scenario2	10s	88.1622m
APPLICATION	CarMaker 14.0.1 - Car_Generic #5 (win64-14.0.1)
COMPILED	jetbrains@05dcd26e64f8 2025-01-28 11:06:46
 
		I/O Configuration: default
SIM_START	day2_scenario2	2025-05-13 12:22:57
TIME	0.001
		Current random seed value = 1747106577
TIME	0.000
SIMULATE	day2_scenario2

TIME	28.776
SIM_END		day2_scenario2	28.773s	237.579m
APPLICATION	CarMaker 14.0.1 - Car_Generic #5 (win64-14.0.1)
COMPILED	jetbrains@05dcd26e64f8 2025-01-28 11:06:46
 
		I/O Configuration: default
SIM_START	day2_scenario2	2025-05-13 12:23:18
TIME	0.001
		Current random seed value = 1747106598
TIME	0.000
SIMULATE	day2_scenario2

TIME	11.670
SIM_END		day2_scenario2	11.667s	96.42m
APPLICATION	CarMaker 14.0.1 - Car_Generic #5 (win64-14.0.1)
COMPILED	jetbrains@05dcd26e64f8 2025-01-28 11:06:46
 
		I/O Configuration: default
SIM_START	day2_scenario2	2025-05-13 12:23:32
TIME	0.001
		Current random seed value = 1747106612
TIME	0.000
SIMULATE	day2_scenario2

TIME	50.133
SIM_END		day2_scenario2	50.13s	436.434m
APPLICATION	CarMaker 14.0.1 - Car_Generic #5 (win64-14.0.1)
COMPILED	jetbrains@05dcd26e64f8 2025-01-28 11:06:46
 
		I/O Configuration: default
SIM_START	day2_scenario2	2025-05-13 12:24:03
TIME	0.001
		Current random seed value = 1747106643
TIME	0.000
SIMULATE	day2_scenario2

TIME	49.806
SIM_END		day2_scenario2	49.803s	423.219m
APPLICATION	CarMaker 14.0.1 - Car_Generic #5 (win64-14.0.1)
COMPILED	jetbrains@05dcd26e64f8 2025-01-28 11:06:46
 
		I/O Configuration: default
SIM_START	day2_scenario2	2025-05-13 12:24:34
TIME	0.001
		Current random seed value = 1747106674
TIME	0.000
SIMULATE	day2_scenario2

TIME	49.004
SIM_END		day2_scenario2	49.001s	420.418m
APPLICATION	CarMaker 14.0.1 - Car_Generic #5 (win64-14.0.1)
COMPILED	jetbrains@05dcd26e64f8 2025-01-28 11:06:46
 
		I/O Configuration: default
SIM_START	day2_scenario2	2025-05-13 12:25:02
TIME	0.001
		Current random seed value = 1747106702
TIME	0.000
SIMULATE	day2_scenario2

TIME	38.274
SIM_END		day2_scenario2	38.271s	340.228m
APPLICATION	CarMaker 14.0.1 - Car_Generic #5 (win64-14.0.1)
COMPILED	jetbrains@05dcd26e64f8 2025-01-28 11:06:46
 
		I/O Configuration: default
SIM_START	day2_scenario2	2025-05-13 12:25:38
TIME	0.001
		Current random seed value = 1747106738
TIME	0.000
SIMULATE	day2_scenario2

TIME	57.791
SIM_END		day2_scenario2	57.791s	495.448m
APPLICATION	CarMaker 14.0.1 - Car_Generic #5 (win64-14.0.1)
COMPILED	jetbrains@05dcd26e64f8 2025-01-28 11:06:46
 
		I/O Configuration: default
SIM_START	day2_scenario2	2025-05-13 12:26:22
TIME	0.001
		Current random seed value = 1747106782
TIME	0.000
SIMULATE	day2_scenario2

TIME	85.407
SIM_END		day2_scenario2	85.404s	493.89m
APPLICATION	CarMaker 14.0.1 - Car_Generic #5 (win64-14.0.1)
COMPILED	jetbrains@05dcd26e64f8 2025-01-28 11:06:46
 
		I/O Configuration: default
SIM_START	day2_scenario2	2025-05-13 12:27:05
TIME	0.001
		Current random seed value = 1747106825
TIME	0.000
SIMULATE	day2_scenario2

TIME	125.607
SIM_END		day2_scenario2	125.604s	487.522m
APPLICATION	CarMaker 14.0.1 - Car_Generic #5 (win64-14.0.1)
COMPILED	jetbrains@05dcd26e64f8 2025-01-28 11:06:46
 
		I/O Configuration: default
SIM_START	day2_scenario2	2025-05-13 12:28:05
TIME	0.001
		Current random seed value = 1747106885
TIME	0.000
SIMULATE	day2_scenario2

TIME	24.053
SIM_END		day2_scenario2	24.05s	217.594m
APPLICATION	CarMaker 14.0.1 - Car_Generic #5 (win64-14.0.1)
COMPILED	jetbrains@05dcd26e64f8 2025-01-28 11:06:46
 
		I/O Configuration: default
SIM_START	day2_scenario2	2025-05-13 12:28:27
TIME	0.001
		Current random seed value = 1747106907
TIME	0.000
SIMULATE	day2_scenario2

TIME	71.048
SIM_END		day2_scenario2	71.045s	488.482m
APPLICATION	CarMaker 14.0.1 - Car_Generic #5 (win64-14.0.1)
COMPILED	jetbrains@05dcd26e64f8 2025-01-28 11:06:46
 
		I/O Configuration: default
SIM_START	day2_scenario2	2025-05-14 11:52:18
TIME	0.001
		Current random seed value = 1747191138
TIME	0.000
SIMULATE	day2_scenario2

TIME	37.063
SIM_END		day2_scenario2	37.06s	2.14647e-05m
APPLICATION	CarMaker 14.0.1 - Car_Generic #5 (win64-14.0.1)
COMPILED	jetbrains@05dcd26e64f8 2025-01-28 11:06:46
 
		I/O Configuration: default
SIM_START	day3_scenario1	2025-05-14 12:26:48
TIME	0.000
SIMULATE	day3_scenario1

TIME	4.305
ERROR		Vehicle leaves road at about x=4.76554, y=40.5346 TireNo=0
SIM_ABORT	day3_scenario1	4.308s	36.6752m
APPLICATION	CarMaker 14.0.1 - Car_Generic #5 (win64-14.0.1)
COMPILED	jetbrains@05dcd26e64f8 2025-01-28 11:06:46
 
		I/O Configuration: default
SIM_START	day2_scenario5	2025-05-14 15:04:49
TIME	0.000
SIMULATE	day2_scenario5

TIME	45.802
ERROR		Vehicle leaves road at about x=413.231, y=-8.12394 TireNo=1
SIM_ABORT	day2_scenario5	45.805s	627.718m
APPLICATION	CarMaker 14.0.1 - Car_Generic #5 (win64-14.0.1)
COMPILED	jetbrains@05dcd26e64f8 2025-01-28 11:06:46
 
		I/O Configuration: default
SIM_START	day3_scenario1	2025-05-14 19:39:33
TIME	0.000
SIMULATE	day3_scenario1

SIM_END		day3_scenario1	0.049s	2.15649e-05m
APPLICATION	CarMaker 14.0.1 - Car_Generic #5 (win64-14.0.1)
COMPILED	jetbrains@05dcd26e64f8 2025-01-28 11:06:46
 
		I/O Configuration: default
SIM_START	day3_scenario1	2025-05-14 19:41:31
TIME	0.000
SIMULATE	day3_scenario1

TIME	6.435
ERROR		Vehicle leaves road at about x=17.3236, y=62.2701 TireNo=0
SIM_ABORT	day3_scenario1	6.438s	59.7874m
APPLICATION	CarMaker 14.0.1 - Car_Generic #5 (win64-14.0.1)
COMPILED	jetbrains@05dcd26e64f8 2025-01-28 11:06:46
 
		I/O Configuration: default
SIM_START	day3_scenario1	2025-05-14 19:42:33
TIME	0.000
SIMULATE	day3_scenario1

TIME	4.900
ERROR		Vehicle leaves road at about x=7.1758, y=45.7901 TireNo=0
SIM_ABORT	day3_scenario1	4.903s	42.0563m
APPLICATION	CarMaker 14.0.1 - Car_Generic #5 (win64-14.0.1)
COMPILED	jetbrains@05dcd26e64f8 2025-01-28 11:06:46
 
		I/O Configuration: default
SIM_START	day3_scenario1	2025-05-14 19:42:44
TIME	0.000
SIMULATE	day3_scenario1

TIME	4.900
ERROR		Vehicle leaves road at about x=7.1758, y=45.7901 TireNo=0
SIM_ABORT	day3_scenario1	4.903s	42.0563m
APPLICATION	CarMaker 14.0.1 - Car_Generic #5 (win64-14.0.1)
COMPILED	jetbrains@05dcd26e64f8 2025-01-28 11:06:46
 
		I/O Configuration: default
SIM_START	day3_scenario1	2025-05-14 19:46:23
TIME	0.000
SIMULATE	day3_scenario1

TIME	46.953
ERROR		Vehicle leaves road at about x=413.237, y=-7.7519 TireNo=1
SIM_ABORT	day3_scenario1	46.956s	620.151m
APPLICATION	CarMaker 14.0.1 - Car_Generic #5 (win64-14.0.1)
COMPILED	jetbrains@05dcd26e64f8 2025-01-28 11:06:46
 
		I/O Configuration: default
SIM_START	day3_scenario1	2025-05-14 19:46:54
TIME	0.000
SIMULATE	day3_scenario1

TIME	46.953
ERROR		Vehicle leaves road at about x=413.237, y=-7.7519 TireNo=1
SIM_ABORT	day3_scenario1	46.956s	620.151m
APPLICATION	CarMaker 14.0.1 - Car_Generic #5 (win64-14.0.1)
COMPILED	jetbrains@05dcd26e64f8 2025-01-28 11:06:46
 
		I/O Configuration: default
SIM_START	day3_scenario1	2025-05-14 19:52:00
TIME	0.000
SIMULATE	day3_scenario1

TIME	46.953
ERROR		Vehicle leaves road at about x=413.237, y=-7.7519 TireNo=1
SIM_ABORT	day3_scenario1	46.956s	620.151m
APPLICATION	CarMaker 14.0.1 - Car_Generic #5 (win64-14.0.1)
COMPILED	jetbrains@05dcd26e64f8 2025-01-28 11:06:46
 
		I/O Configuration: default
SIM_START	day3_scenario1	2025-05-14 19:53:06
TIME	0.000
SIMULATE	day3_scenario1

TIME	46.953
ERROR		Vehicle leaves road at about x=413.237, y=-7.7519 TireNo=1
SIM_ABORT	day3_scenario1	46.956s	620.151m
APPLICATION	CarMaker 14.0.1 - Car_Generic #5 (win64-14.0.1)
COMPILED	jetbrains@05dcd26e64f8 2025-01-28 11:06:46
 
		I/O Configuration: default
SIM_START	day3_scenario1	2025-05-14 19:55:32
TIME	0.000
SIMULATE	day3_scenario1

TIME	44.800
ERROR		Vehicle leaves road at about x=407.302, y=-37.0077 TireNo=1
SIM_ABORT	day3_scenario1	44.803s	592.007m
APPLICATION	CarMaker 14.0.1 - Car_Generic #5 (win64-14.0.1)
COMPILED	jetbrains@05dcd26e64f8 2025-01-28 11:06:46
 
		I/O Configuration: default
SIM_START	day3_scenario1	2025-05-14 19:56:30
TIME	0.000
SIMULATE	day3_scenario1

TIME	34.523
ERROR		Vehicle leaves road at about x=295.85, y=-96.4087 TireNo=0
SIM_ABORT	day3_scenario1	34.526s	457.519m
APPLICATION	CarMaker 14.0.1 - Car_Generic #5 (win64-14.0.1)
COMPILED	jetbrains@05dcd26e64f8 2025-01-28 11:06:46
 
		I/O Configuration: default
SIM_START	day3_scenario1	2025-05-14 19:57:36
TIME	0.000
SIMULATE	day3_scenario1

TIME	46.763
ERROR		Vehicle leaves road at about x=413.284, y=-7.03382 TireNo=1
SIM_ABORT	day3_scenario1	46.766s	619.404m
APPLICATION	CarMaker 14.0.1 - Car_Generic #5 (win64-14.0.1)
COMPILED	jetbrains@05dcd26e64f8 2025-01-28 11:06:46
 
		I/O Configuration: default
SIM_START	day3_scenario1	2025-05-14 20:00:12
TIME	0.000
SIMULATE	day3_scenario1

TIME	47.012
ERROR		Vehicle leaves road at about x=413.22, y=-8.02194 TireNo=1
SIM_ABORT	day3_scenario1	47.015s	620.598m
APPLICATION	CarMaker 14.0.1 - Car_Generic #5 (win64-14.0.1)
COMPILED	jetbrains@05dcd26e64f8 2025-01-28 11:06:46
 
		I/O Configuration: default
SIM_START	day3_scenario1	2025-05-14 20:02:59
TIME	0.000
SIMULATE	day3_scenario1

TIME	47.125
ERROR		Vehicle leaves road at about x=413.208, y=-8.18847 TireNo=1
SIM_ABORT	day3_scenario1	47.128s	619.631m
APPLICATION	CarMaker 14.0.1 - Car_Generic #5 (win64-14.0.1)
COMPILED	jetbrains@05dcd26e64f8 2025-01-28 11:06:46
 
		I/O Configuration: default
SIM_START	day3_scenario1	2025-05-14 20:04:17
TIME	0.000
SIMULATE	day3_scenario1

TIME	47.016
ERROR		Vehicle leaves road at about x=413.232, y=-7.83183 TireNo=1
SIM_ABORT	day3_scenario1	47.019s	619.901m
APPLICATION	CarMaker 14.0.1 - Car_Generic #5 (win64-14.0.1)
COMPILED	jetbrains@05dcd26e64f8 2025-01-28 11:06:46
 
		I/O Configuration: default
SIM_START	day3_scenario1	2025-05-14 20:05:04
TIME	0.000
SIMULATE	day3_scenario1

TIME	47.020
ERROR		Vehicle leaves road at about x=413.221, y=-7.99469 TireNo=1
SIM_ABORT	day3_scenario1	47.023s	619.853m
APPLICATION	CarMaker 14.0.1 - Car_Generic #5 (win64-14.0.1)
COMPILED	jetbrains@05dcd26e64f8 2025-01-28 11:06:46
 
		I/O Configuration: default
SIM_START	day3_scenario1	2025-05-14 20:08:14
TIME	0.000
SIMULATE	day3_scenario1

TIME	4.305
ERROR		Vehicle leaves road at about x=4.76554, y=40.5346 TireNo=0
SIM_ABORT	day3_scenario1	4.308s	36.6752m
APPLICATION	CarMaker 14.0.1 - Car_Generic #5 (win64-14.0.1)
COMPILED	jetbrains@05dcd26e64f8 2025-01-28 11:06:46
 
		I/O Configuration: default
SIM_START	day3_scenario1	2025-05-14 20:09:15
TIME	0.000
SIMULATE	day3_scenario1

TIME	4.305
ERROR		Vehicle leaves road at about x=4.76554, y=40.5346 TireNo=0
SIM_ABORT	day3_scenario1	4.308s	36.6752m
APPLICATION	CarMaker 14.0.1 - Car_Generic #5 (win64-14.0.1)
COMPILED	jetbrains@05dcd26e64f8 2025-01-28 11:06:46
 
		I/O Configuration: default
SIM_START	day3_scenario1	2025-05-14 20:21:15
TIME	0.000
SIMULATE	day3_scenario1

TIME	47.743
ERROR		Vehicle leaves road at about x=413.172, y=-8.65208 TireNo=1
SIM_ABORT	day3_scenario1	47.746s	622.08m
APPLICATION	CarMaker 14.0.1 - Car_Generic #5 (win64-14.0.1)
COMPILED	jetbrains@05dcd26e64f8 2025-01-28 11:06:46
 
		I/O Configuration: default
SIM_START	day3_scenario1	2025-05-14 20:38:34
TIME	0.000
SIMULATE	day3_scenario1

TIME	47.743
ERROR		Vehicle leaves road at about x=413.172, y=-8.65208 TireNo=1
SIM_ABORT	day3_scenario1	47.746s	622.08m
APPLICATION	CarMaker 14.0.1 - Car_Generic #5 (win64-14.0.1)
COMPILED	jetbrains@05dcd26e64f8 2025-01-28 11:06:46
 
		I/O Configuration: default
SIM_START	day3_scenario1	2025-05-14 20:39:36
TIME	0.000
SIMULATE	day3_scenario1

TIME	47.743
ERROR		Vehicle leaves road at about x=413.172, y=-8.65208 TireNo=1
SIM_ABORT	day3_scenario1	47.746s	622.08m
APPLICATION	CarMaker 14.0.1 - Car_Generic #5 (win64-14.0.1)
COMPILED	jetbrains@05dcd26e64f8 2025-01-28 11:06:46
 
		I/O Configuration: default
SIM_START	day3_scenario1	2025-05-14 20:52:17
TIME	0.000
SIMULATE	day3_scenario1

TIME	3.760
ERROR		Vehicle leaves road at about x=1.00561, y=-0.00152729 TireNo=0
SIM_ABORT	day3_scenario1	3.763s	4.79375m
APPLICATION	CarMaker 14.0.1 - Car_Generic #5 (win64-14.0.1)
COMPILED	jetbrains@05dcd26e64f8 2025-01-28 11:06:46
 
		I/O Configuration: default
SIM_START	day3_scenario1	2025-05-14 20:52:28
TIME	0.000
SIMULATE	day3_scenario1

TIME	3.760
ERROR		Vehicle leaves road at about x=1.00561, y=-0.00152729 TireNo=0
SIM_ABORT	day3_scenario1	3.763s	4.79375m
APPLICATION	CarMaker 14.0.1 - Car_Generic #5 (win64-14.0.1)
COMPILED	jetbrains@05dcd26e64f8 2025-01-28 11:06:46
 
		I/O Configuration: default
SIM_START	day3_scenario1	2025-05-14 21:24:15
TIME	0.000
SIMULATE	day3_scenario1

TIME	47.190
ERROR		Vehicle leaves road at about x=413.157, y=-8.85151 TireNo=1
SIM_ABORT	day3_scenario1	47.193s	621.379m
APPLICATION	CarMaker 14.0.1 - Car_Generic #5 (win64-14.0.1)
COMPILED	jetbrains@05dcd26e64f8 2025-01-28 11:06:46
 
		I/O Configuration: default
SIM_START	day3_scenario1	2025-05-14 21:27:06
TIME	0.000
SIMULATE	day3_scenario1

TIME	47.190
ERROR		Vehicle leaves road at about x=413.157, y=-8.85151 TireNo=1
SIM_ABORT	day3_scenario1	47.193s	621.379m
APPLICATION	CarMaker 14.0.1 - Car_Generic #5 (win64-14.0.1)
COMPILED	jetbrains@05dcd26e64f8 2025-01-28 11:06:46
 
		I/O Configuration: default
SIM_START	day3_scenario1	2025-05-14 21:29:25
TIME	0.000
SIMULATE	day3_scenario1

TIME	47.190
ERROR		Vehicle leaves road at about x=413.157, y=-8.85151 TireNo=1
SIM_ABORT	day3_scenario1	47.193s	621.379m
APPLICATION	CarMaker 14.0.1 - Car_Generic #5 (win64-14.0.1)
COMPILED	jetbrains@05dcd26e64f8 2025-01-28 11:06:46
 
		I/O Configuration: default
SIM_START	day3_scenario1	2025-05-14 21:33:46
TIME	0.000
SIMULATE	day3_scenario1

TIME	47.190
ERROR		Vehicle leaves road at about x=413.157, y=-8.85151 TireNo=1
SIM_ABORT	day3_scenario1	47.193s	621.379m
APPLICATION	CarMaker 14.0.1 - Car_Generic #5 (win64-14.0.1)
COMPILED	jetbrains@05dcd26e64f8 2025-01-28 11:06:46
 
		I/O Configuration: default
SIM_START	day3_scenario1	2025-05-14 21:35:27
TIME	0.000
SIMULATE	day3_scenario1

TIME	45.706
ERROR		Vehicle leaves road at about x=391.246, y=-31.3957 TireNo=0
SIM_ABORT	day3_scenario1	45.709s	595.928m
APPLICATION	CarMaker 14.0.1 - Car_Generic #5 (win64-14.0.1)
COMPILED	jetbrains@05dcd26e64f8 2025-01-28 11:06:46
 
		I/O Configuration: default
SIM_START	day3_scenario1	2025-05-14 21:36:52
TIME	0.000
SIMULATE	day3_scenario1

TIME	23.083
ERROR		Vehicle leaves road at about x=186.16, y=7.64185 TireNo=1
SIM_ABORT	day3_scenario1	23.086s	290.613m
APPLICATION	CarMaker 14.0.1 - Car_Generic #5 (win64-14.0.1)
COMPILED	jetbrains@05dcd26e64f8 2025-01-28 11:06:46
 
		I/O Configuration: default
SIM_START	day3_scenario1	2025-05-14 21:38:08
TIME	0.000
SIMULATE	day3_scenario1

TIME	20.327
ERROR		Vehicle leaves road at about x=176.85, y=39.6925 TireNo=1
SIM_ABORT	day3_scenario1	20.33s	255.322m
APPLICATION	CarMaker 14.0.1 - Car_Generic #5 (win64-14.0.1)
COMPILED	jetbrains@05dcd26e64f8 2025-01-28 11:06:46
 
		I/O Configuration: default
SIM_START	day3_scenario1	2025-05-14 21:38:34
TIME	0.000
SIMULATE	day3_scenario1

TIME	49.011
SIM_END		day3_scenario1	49.011s	631.013m
APPLICATION	CarMaker 14.0.1 - Car_Generic #5 (win64-14.0.1)
COMPILED	jetbrains@05dcd26e64f8 2025-01-28 11:06:46
 
		I/O Configuration: default
SIM_START	day3_scenario1	2025-05-14 21:40:58
TIME	0.000
SIMULATE	day3_scenario1

TIME	46.165
ERROR		Vehicle leaves road at about x=411.312, y=-22.1826 TireNo=1
SIM_ABORT	day3_scenario1	46.168s	614.076m
APPLICATION	CarMaker 14.0.1 - Car_Generic #5 (win64-14.0.1)
COMPILED	jetbrains@05dcd26e64f8 2025-01-28 11:06:46
 
		I/O Configuration: default
SIM_START	day3_scenario1	2025-05-14 21:41:21
TIME	0.000
SIMULATE	day3_scenario1

TIME	46.165
ERROR		Vehicle leaves road at about x=411.312, y=-22.1826 TireNo=1
SIM_ABORT	day3_scenario1	46.168s	614.076m
APPLICATION	CarMaker 14.0.1 - Car_Generic #5 (win64-14.0.1)
COMPILED	jetbrains@05dcd26e64f8 2025-01-28 11:06:46
 
		I/O Configuration: default
SIM_START	day3_scenario1	2025-05-14 21:45:20
TIME	0.000
SIMULATE	day3_scenario1

TIME	47.713
ERROR		Vehicle leaves road at about x=412.537, y=-14.7583 TireNo=1
SIM_ABORT	day3_scenario1	47.716s	619.951m
APPLICATION	CarMaker 14.0.1 - Car_Generic #5 (win64-14.0.1)
COMPILED	jetbrains@05dcd26e64f8 2025-01-28 11:06:46
 
		I/O Configuration: default
SIM_START	day3_scenario1	2025-05-14 21:47:01
TIME	0.000
SIMULATE	day3_scenario1

TIME	32.090
ERROR		Vehicle leaves road at about x=254.28, y=-103.887 TireNo=1
SIM_ABORT	day3_scenario1	32.093s	422.829m
APPLICATION	CarMaker 14.0.1 - Car_Generic #5 (win64-14.0.1)
COMPILED	jetbrains@05dcd26e64f8 2025-01-28 11:06:46
 
		I/O Configuration: default
SIM_START	day3_scenario1	2025-05-14 21:47:22
TIME	0.000
SIMULATE	day3_scenario1

TIME	32.090
ERROR		Vehicle leaves road at about x=254.28, y=-103.887 TireNo=1
SIM_ABORT	day3_scenario1	32.093s	422.829m
APPLICATION	CarMaker 14.0.1 - Car_Generic #5 (win64-14.0.1)
COMPILED	jetbrains@05dcd26e64f8 2025-01-28 11:06:46
 
		I/O Configuration: default
SIM_START	day3_scenario1	2025-05-14 21:50:30
TIME	0.000
SIMULATE	day3_scenario1

TIME	47.827
ERROR		Vehicle leaves road at about x=413.147, y=-8.98046 TireNo=1
SIM_ABORT	day3_scenario1	47.83s	623.821m
APPLICATION	CarMaker 14.0.1 - Car_Generic #5 (win64-14.0.1)
COMPILED	jetbrains@05dcd26e64f8 2025-01-28 11:06:46
 
		I/O Configuration: default
SIM_START	day3_scenario1	2025-05-14 21:52:59
TIME	0.000
SIMULATE	day3_scenario1

TIME	46.541
ERROR		Vehicle leaves road at about x=411.516, y=-21.141 TireNo=1
SIM_ABORT	day3_scenario1	46.544s	612.509m
APPLICATION	CarMaker 14.0.1 - Car_Generic #5 (win64-14.0.1)
COMPILED	jetbrains@05dcd26e64f8 2025-01-28 11:06:46
 
		I/O Configuration: default
SIM_START	day3_scenario1	2025-05-14 21:54:44
TIME	0.000
SIMULATE	day3_scenario1

TIME	47.051
ERROR		Vehicle leaves road at about x=412.891, y=-11.7725 TireNo=1
SIM_ABORT	day3_scenario1	47.054s	621.509m
APPLICATION	CarMaker 14.0.1 - Car_Generic #5 (win64-14.0.1)
COMPILED	jetbrains@05dcd26e64f8 2025-01-28 11:06:46
 
		I/O Configuration: default
SIM_START	day3_scenario1	2025-05-14 21:55:29
TIME	0.000
SIMULATE	day3_scenario1

TIME	46.854
ERROR		Vehicle leaves road at about x=411.809, y=-19.5312 TireNo=1
SIM_ABORT	day3_scenario1	46.857s	622.73m
APPLICATION	CarMaker 14.0.1 - Car_Generic #5 (win64-14.0.1)
COMPILED	jetbrains@05dcd26e64f8 2025-01-28 11:06:46
 
		I/O Configuration: default
SIM_START	day3_scenario1	2025-05-14 21:56:41
TIME	0.000
SIMULATE	day3_scenario1

TIME	46.447
ERROR		Vehicle leaves road at about x=411.97, y=-18.6022 TireNo=1
SIM_ABORT	day3_scenario1	46.45s	614.004m
APPLICATION	CarMaker 14.0.1 - Car_Generic #5 (win64-14.0.1)
COMPILED	jetbrains@05dcd26e64f8 2025-01-28 11:06:46
 
		I/O Configuration: default
SIM_START	day3_scenario1	2025-05-14 21:57:26
TIME	0.000
SIMULATE	day3_scenario1

TIME	47.343
ERROR		Vehicle leaves road at about x=413.271, y=-7.21512 TireNo=1
SIM_ABORT	day3_scenario1	47.346s	624.769m
APPLICATION	CarMaker 14.0.1 - Car_Generic #5 (win64-14.0.1)
COMPILED	jetbrains@05dcd26e64f8 2025-01-28 11:06:46
 
		I/O Configuration: default
SIM_START	day3_scenario1	2025-05-14 21:58:11
TIME	0.000
SIMULATE	day3_scenario1

TIME	47.398
ERROR		Vehicle leaves road at about x=413.135, y=-9.14469 TireNo=1
SIM_ABORT	day3_scenario1	47.401s	626.507m
APPLICATION	CarMaker 14.0.1 - Car_Generic #5 (win64-14.0.1)
COMPILED	jetbrains@05dcd26e64f8 2025-01-28 11:06:46
 
		I/O Configuration: default
SIM_START	day3_scenario1	2025-05-14 21:58:46
TIME	0.000
SIMULATE	day3_scenario1

TIME	25.782
ERROR		Vehicle leaves road at about x=189.547, y=-26.1229 TireNo=1
SIM_ABORT	day3_scenario1	25.785s	325.372m
APPLICATION	CarMaker 14.0.1 - Car_Generic #5 (win64-14.0.1)
COMPILED	jetbrains@05dcd26e64f8 2025-01-28 11:06:46
 
		I/O Configuration: default
SIM_START	day3_scenario1	2025-05-14 22:00:47
TIME	0.000
SIMULATE	day3_scenario1

TIME	47.321
ERROR		Vehicle leaves road at about x=413.36, y=-5.66324 TireNo=1
SIM_ABORT	day3_scenario1	47.324s	625.932m
APPLICATION	CarMaker 14.0.1 - Car_Generic #5 (win64-14.0.1)
COMPILED	jetbrains@05dcd26e64f8 2025-01-28 11:06:46
 
		I/O Configuration: default
SIM_START	day3_scenario1	2025-05-14 22:02:25
TIME	0.000
SIMULATE	day3_scenario1

TIME	47.321
ERROR		Vehicle leaves road at about x=413.36, y=-5.66324 TireNo=1
SIM_ABORT	day3_scenario1	47.324s	625.932m
APPLICATION	CarMaker 14.0.1 - Car_Generic #5 (win64-14.0.1)
COMPILED	jetbrains@05dcd26e64f8 2025-01-28 11:06:46
 
		I/O Configuration: default
SIM_START	day3_scenario1	2025-05-14 22:04:29
TIME	0.000
SIMULATE	day3_scenario1

TIME	47.575
ERROR		Vehicle leaves road at about x=413.023, y=-10.4053 TireNo=1
SIM_ABORT	day3_scenario1	47.578s	622.903m
APPLICATION	CarMaker 14.0.1 - Car_Generic #5 (win64-14.0.1)
COMPILED	jetbrains@05dcd26e64f8 2025-01-28 11:06:46
 
		I/O Configuration: default
SIM_START	day3_scenario1	2025-05-14 22:08:30
TIME	0.000
SIMULATE	day3_scenario1

TIME	4.305
ERROR		Vehicle leaves road at about x=4.76554, y=40.5346 TireNo=0
SIM_ABORT	day3_scenario1	4.308s	36.6752m
APPLICATION	CarMaker 14.0.1 - Car_Generic #5 (win64-14.0.1)
COMPILED	jetbrains@05dcd26e64f8 2025-01-28 11:06:46
 
		I/O Configuration: default
SIM_START	day3_scenario1	2025-05-14 22:12:19
TIME	0.000
SIMULATE	day3_scenario1

TIME	47.510
ERROR		Vehicle leaves road at about x=413.057, y=-10.038 TireNo=1
SIM_ABORT	day3_scenario1	47.513s	623.124m
APPLICATION	CarMaker 14.0.1 - Car_Generic #5 (win64-14.0.1)
COMPILED	jetbrains@05dcd26e64f8 2025-01-28 11:06:46
 
		I/O Configuration: default
SIM_START	day3_scenario1	2025-05-14 22:12:44
TIME	0.000
SIMULATE	day3_scenario1

TIME	47.510
ERROR		Vehicle leaves road at about x=413.057, y=-10.038 TireNo=1
SIM_ABORT	day3_scenario1	47.513s	623.124m
APPLICATION	CarMaker 14.0.1 - Car_Generic #5 (win64-14.0.1)
COMPILED	jetbrains@05dcd26e64f8 2025-01-28 11:06:46
 
		I/O Configuration: default
SIM_START	day3_scenario1	2025-05-14 22:13:07
TIME	0.000
SIMULATE	day3_scenario1

TIME	47.510
ERROR		Vehicle leaves road at about x=413.057, y=-10.038 TireNo=1
SIM_ABORT	day3_scenario1	47.513s	623.124m
APPLICATION	CarMaker 14.0.1 - Car_Generic #5 (win64-14.0.1)
COMPILED	jetbrains@05dcd26e64f8 2025-01-28 11:06:46
 
		I/O Configuration: default
SIM_START	day3_scenario1	2025-05-14 22:15:30
TIME	0.000
SIMULATE	day3_scenario1

TIME	47.572
ERROR		Vehicle leaves road at about x=413.143, y=-9.03456 TireNo=1
SIM_ABORT	day3_scenario1	47.575s	623.516m
APPLICATION	CarMaker 14.0.1 - Car_Generic #5 (win64-14.0.1)
COMPILED	jetbrains@05dcd26e64f8 2025-01-28 11:06:46
 
		I/O Configuration: default
SIM_START	day3_scenario1	2025-05-14 22:15:55
TIME	0.000
SIMULATE	day3_scenario1

TIME	47.572
ERROR		Vehicle leaves road at about x=413.143, y=-9.03456 TireNo=1
SIM_ABORT	day3_scenario1	47.575s	623.516m
APPLICATION	CarMaker 14.0.1 - Car_Generic #5 (win64-14.0.1)
COMPILED	jetbrains@05dcd26e64f8 2025-01-28 11:06:46
 
		I/O Configuration: default
SIM_START	day3_scenario1	2025-05-14 22:16:16
TIME	0.000
SIMULATE	day3_scenario1

TIME	47.572
ERROR		Vehicle leaves road at about x=413.143, y=-9.03456 TireNo=1
SIM_ABORT	day3_scenario1	47.575s	623.516m
APPLICATION	CarMaker 14.0.1 - Car_Generic #5 (win64-14.0.1)
COMPILED	jetbrains@05dcd26e64f8 2025-01-28 11:06:46
 
		I/O Configuration: default
SIM_START	day3_scenario1	2025-05-14 22:18:27
TIME	0.000
SIMULATE	day3_scenario1

TIME	47.639
ERROR		Vehicle leaves road at about x=413.242, y=-7.70872 TireNo=1
SIM_ABORT	day3_scenario1	47.642s	624.95m
APPLICATION	CarMaker 14.0.1 - Car_Generic #5 (win64-14.0.1)
COMPILED	jetbrains@05dcd26e64f8 2025-01-28 11:06:46
 
		I/O Configuration: default
SIM_START	day3_scenario1	2025-05-14 22:19:47
TIME	0.000
SIMULATE	day3_scenario1

TIME	42.044
SIM_END		day3_scenario1	42.041s	562.12m
APPLICATION	CarMaker 14.0.1 - Car_Generic #5 (win64-14.0.1)
COMPILED	jetbrains@05dcd26e64f8 2025-01-28 11:06:46
 
		I/O Configuration: default
SIM_START	day3_scenario1	2025-05-14 22:20:31
TIME	0.000
SIMULATE	day3_scenario1

TIME	47.099
SIM_END		day3_scenario1	47.099s	618.116m
APPLICATION	CarMaker 14.0.1 - Car_Generic #5 (win64-14.0.1)
COMPILED	jetbrains@05dcd26e64f8 2025-01-28 11:06:46
 
		I/O Configuration: default
SIM_START	day3_scenario1	2025-05-14 22:21:09
TIME	0.000
SIMULATE	day3_scenario1

TIME	47.664
ERROR		Vehicle leaves road at about x=413.138, y=-9.06276 TireNo=1
SIM_ABORT	day3_scenario1	47.667s	625.737m
APPLICATION	CarMaker 14.0.1 - Car_Generic #5 (win64-14.0.1)
COMPILED	jetbrains@05dcd26e64f8 2025-01-28 11:06:46
 
		I/O Configuration: default
SIM_START	day3_scenario1	2025-05-14 22:22:01
TIME	0.000
SIMULATE	day3_scenario1

TIME	47.681
ERROR		Vehicle leaves road at about x=413.125, y=-9.22951 TireNo=1
SIM_ABORT	day3_scenario1	47.684s	625.567m
APPLICATION	CarMaker 14.0.1 - Car_Generic #5 (win64-14.0.1)
COMPILED	jetbrains@05dcd26e64f8 2025-01-28 11:06:46
 
		I/O Configuration: default
SIM_START	day3_scenario1	2025-05-14 22:22:37
TIME	0.000
SIMULATE	day3_scenario1

TIME	47.630
ERROR		Vehicle leaves road at about x=413.079, y=-9.7987 TireNo=1
SIM_ABORT	day3_scenario1	47.633s	625.151m
APPLICATION	CarMaker 14.0.1 - Car_Generic #5 (win64-14.0.1)
COMPILED	jetbrains@05dcd26e64f8 2025-01-28 11:06:46
 
		I/O Configuration: default
SIM_START	day3_scenario1	2025-05-14 22:23:12
TIME	0.000
SIMULATE	day3_scenario1

TIME	47.137
ERROR		Vehicle leaves road at about x=412.818, y=-12.4557 TireNo=1
SIM_ABORT	day3_scenario1	47.14s	618.41m
APPLICATION	CarMaker 14.0.1 - Car_Generic #5 (win64-14.0.1)
COMPILED	jetbrains@05dcd26e64f8 2025-01-28 11:06:46
 
		I/O Configuration: default
SIM_START	day3_scenario1	2025-05-14 22:24:03
TIME	0.000
SIMULATE	day3_scenario1

TIME	47.137
ERROR		Vehicle leaves road at about x=412.818, y=-12.4557 TireNo=1
SIM_ABORT	day3_scenario1	47.14s	618.41m
APPLICATION	CarMaker 14.0.1 - Car_Generic #5 (win64-14.0.1)
COMPILED	jetbrains@05dcd26e64f8 2025-01-28 11:06:46
 
		I/O Configuration: default
SIM_START	day3_scenario1	2025-05-14 22:24:34
TIME	0.000
SIMULATE	day3_scenario1

TIME	47.137
ERROR		Vehicle leaves road at about x=412.818, y=-12.4557 TireNo=1
SIM_ABORT	day3_scenario1	47.14s	618.41m
APPLICATION	CarMaker 14.0.1 - Car_Generic #5 (win64-14.0.1)
COMPILED	jetbrains@05dcd26e64f8 2025-01-28 11:06:46
 
		I/O Configuration: default
SIM_START	day3_scenario1	2025-05-14 22:26:16
TIME	0.000
SIMULATE	day3_scenario1

TIME	17.578
ERROR		Vehicle leaves road at about x=169.605, y=76.6004 TireNo=0
SIM_ABORT	day3_scenario1	17.581s	221.432m
APPLICATION	CarMaker 14.0.1 - Car_Generic #5 (win64-14.0.1)
COMPILED	jetbrains@05dcd26e64f8 2025-01-28 11:06:46
 
		I/O Configuration: default
SIM_START	day3_scenario1	2025-05-14 22:26:43
TIME	0.000
SIMULATE	day3_scenario1

TIME	47.393
ERROR		Vehicle leaves road at about x=413.152, y=-8.93175 TireNo=1
SIM_ABORT	day3_scenario1	47.396s	621.734m
APPLICATION	CarMaker 14.0.1 - Car_Generic #5 (win64-14.0.1)
COMPILED	jetbrains@05dcd26e64f8 2025-01-28 11:06:46
 
		I/O Configuration: default
SIM_START	day3_scenario1	2025-05-14 22:31:57
TIME	0.000
SIMULATE	day3_scenario1

TIME	16.119
ERROR		Vehicle leaves road at about x=158.306, y=63.8944 TireNo=1
SIM_ABORT	day3_scenario1	16.122s	201.726m
APPLICATION	CarMaker 14.0.1 - Car_Generic #5 (win64-14.0.1)
COMPILED	jetbrains@05dcd26e64f8 2025-01-28 11:06:46
 
		I/O Configuration: default
SIM_START	day3_scenario1	2025-05-14 22:32:58
TIME	0.000
SIMULATE	day3_scenario1

TIME	18.252
ERROR		Vehicle leaves road at about x=174.935, y=43.2074 TireNo=1
SIM_ABORT	day3_scenario1	18.255s	231.393m
APPLICATION	CarMaker 14.0.1 - Car_Generic #5 (win64-14.0.1)
COMPILED	jetbrains@05dcd26e64f8 2025-01-28 11:06:46
 
		I/O Configuration: default
SIM_START	day3_scenario1	2025-05-14 22:33:25
TIME	0.000
SIMULATE	day3_scenario1

TIME	45.049
ERROR		Vehicle leaves road at about x=395.099, y=-16.3469 TireNo=0
SIM_ABORT	day3_scenario1	45.052s	600.802m
APPLICATION	CarMaker 14.0.1 - Car_Generic #5 (win64-14.0.1)
COMPILED	jetbrains@05dcd26e64f8 2025-01-28 11:06:46
 
		I/O Configuration: default
SIM_START	day3_scenario1	2025-05-14 22:33:48
TIME	0.000
SIMULATE	day3_scenario1

TIME	45.049
ERROR		Vehicle leaves road at about x=395.099, y=-16.3469 TireNo=0
SIM_ABORT	day3_scenario1	45.052s	600.802m
APPLICATION	CarMaker 14.0.1 - Car_Generic #5 (win64-14.0.1)
COMPILED	jetbrains@05dcd26e64f8 2025-01-28 11:06:46
 
		I/O Configuration: default
SIM_START	day3_scenario1	2025-05-14 22:34:34
TIME	0.000
SIMULATE	day3_scenario1

TIME	44.959
ERROR		Vehicle leaves road at about x=394.928, y=-17.3385 TireNo=0
SIM_ABORT	day3_scenario1	44.962s	599.71m
APPLICATION	CarMaker 14.0.1 - Car_Generic #5 (win64-14.0.1)
COMPILED	jetbrains@05dcd26e64f8 2025-01-28 11:06:46
 
		I/O Configuration: default
SIM_START	day3_scenario1	2025-05-14 22:36:00
TIME	0.000
SIMULATE	day3_scenario1

TIME	9.868
ERROR		Vehicle leaves road at about x=62.0429, y=96.2892 TireNo=0
SIM_ABORT	day3_scenario1	9.871s	114.888m
APPLICATION	CarMaker 14.0.1 - Car_Generic #5 (win64-14.0.1)
COMPILED	jetbrains@05dcd26e64f8 2025-01-28 11:06:46
 
		I/O Configuration: default
SIM_START	day3_scenario1	2025-05-14 22:36:17
TIME	0.000
SIMULATE	day3_scenario1

TIME	45.049
ERROR		Vehicle leaves road at about x=395.099, y=-16.3469 TireNo=0
SIM_ABORT	day3_scenario1	45.052s	600.802m
APPLICATION	CarMaker 14.0.1 - Car_Generic #5 (win64-14.0.1)
COMPILED	jetbrains@05dcd26e64f8 2025-01-28 11:06:46
 
		I/O Configuration: default
SIM_START	day3_scenario1	2025-05-14 22:36:49
TIME	0.000
SIMULATE	day3_scenario1

TIME	44.965
ERROR		Vehicle leaves road at about x=394.934, y=-17.2734 TireNo=0
SIM_ABORT	day3_scenario1	44.968s	599.796m
APPLICATION	CarMaker 14.0.1 - Car_Generic #5 (win64-14.0.1)
COMPILED	jetbrains@05dcd26e64f8 2025-01-28 11:06:46
 
		I/O Configuration: default
SIM_START	day3_scenario1	2025-05-14 22:39:45
TIME	0.000
SIMULATE	day3_scenario1

TIME	45.135
ERROR		Vehicle leaves road at about x=394.583, y=-19.1288 TireNo=0
SIM_ABORT	day3_scenario1	45.138s	602.157m
APPLICATION	CarMaker 14.0.1 - Car_Generic #5 (win64-14.0.1)
COMPILED	jetbrains@05dcd26e64f8 2025-01-28 11:06:46
 
		I/O Configuration: default
SIM_START	day3_scenario1	2025-05-14 22:40:31
TIME	0.000
SIMULATE	day3_scenario1

TIME	45.135
ERROR		Vehicle leaves road at about x=394.583, y=-19.1288 TireNo=0
SIM_ABORT	day3_scenario1	45.138s	602.157m
APPLICATION	CarMaker 14.0.1 - Car_Generic #5 (win64-14.0.1)
COMPILED	jetbrains@05dcd26e64f8 2025-01-28 11:06:46
 
		I/O Configuration: default
SIM_START	day3_scenario1	2025-05-14 22:40:53
TIME	0.000
SIMULATE	day3_scenario1

TIME	45.135
ERROR		Vehicle leaves road at about x=394.583, y=-19.1288 TireNo=0
SIM_ABORT	day3_scenario1	45.138s	602.157m
APPLICATION	CarMaker 14.0.1 - Car_Generic #5 (win64-14.0.1)
COMPILED	jetbrains@05dcd26e64f8 2025-01-28 11:06:46
 
		I/O Configuration: default
SIM_START	day3_scenario1	2025-05-15 09:14:58
TIME	0.000
SIMULATE	day3_scenario1

TIME	45.135
ERROR		Vehicle leaves road at about x=394.583, y=-19.1288 TireNo=0
SIM_ABORT	day3_scenario1	45.138s	602.157m
APPLICATION	CarMaker 14.0.1 - Car_Generic #5 (win64-14.0.1)
COMPILED	jetbrains@05dcd26e64f8 2025-01-28 11:06:46
 
		I/O Configuration: default
SIM_START	day3_scenario1	2025-05-15 09:18:30
TIME	0.000
SIMULATE	day3_scenario1

TIME	45.135
ERROR		Vehicle leaves road at about x=394.583, y=-19.1288 TireNo=0
SIM_ABORT	day3_scenario1	45.138s	602.157m
APPLICATION	CarMaker 14.0.1 - Car_Generic #5 (win64-14.0.1)
COMPILED	jetbrains@05dcd26e64f8 2025-01-28 11:06:46
 
		I/O Configuration: default
SIM_START	day3_scenario1	2025-05-15 09:47:27
TIME	0.000
SIMULATE	day3_scenario1

TIME	45.135
ERROR		Vehicle leaves road at about x=394.583, y=-19.1288 TireNo=0
SIM_ABORT	day3_scenario1	45.138s	602.157m
APPLICATION	CarMaker 14.0.1 - Car_Generic #5 (win64-14.0.1)
COMPILED	jetbrains@05dcd26e64f8 2025-01-28 11:06:46
 
		I/O Configuration: default
SIM_START	day3_scenario1	2025-05-15 09:52:00
TIME	0.000
SIMULATE	day3_scenario1

TIME	45.135
ERROR		Vehicle leaves road at about x=394.583, y=-19.1288 TireNo=0
SIM_ABORT	day3_scenario1	45.138s	602.157m
APPLICATION	CarMaker 14.0.1 - Car_Generic #5 (win64-14.0.1)
COMPILED	jetbrains@05dcd26e64f8 2025-01-28 11:06:46
 
		I/O Configuration: default
SIM_START	day3_scenario1	2025-05-15 11:05:04
TIME	0.000
SIMULATE	day3_scenario1

TIME	45.135
ERROR		Vehicle leaves road at about x=394.583, y=-19.1288 TireNo=0
SIM_ABORT	day3_scenario1	45.138s	602.157m
APPLICATION	CarMaker 14.0.1 - Car_Generic #5 (win64-14.0.1)
COMPILED	jetbrains@05dcd26e64f8 2025-01-28 11:06:46
 
		I/O Configuration: default
SIM_START	day3_scenario1	2025-05-15 11:13:48
TIME	0.000
SIMULATE	day3_scenario1

TIME	44.957
ERROR		Vehicle leaves road at about x=394.357, y=-20.1999 TireNo=0
SIM_ABORT	day3_scenario1	44.96s	599.818m
APPLICATION	CarMaker 14.0.1 - Car_Generic #5 (win64-14.0.1)
COMPILED	jetbrains@05dcd26e64f8 2025-01-28 11:06:46
 
		I/O Configuration: default
SIM_START	day3_scenario1	2025-05-15 11:14:53
TIME	0.000
SIMULATE	day3_scenario1

TIME	21.841
ERROR		Vehicle leaves road at about x=186.494, y=0.843908 TireNo=1
SIM_ABORT	day3_scenario1	21.844s	280.37m
APPLICATION	CarMaker 14.0.1 - Car_Generic #5 (win64-14.0.1)
COMPILED	jetbrains@05dcd26e64f8 2025-01-28 11:06:46
 
		I/O Configuration: default
SIM_START	day3_scenario1	2025-05-15 11:26:06
TIME	0.000
SIMULATE	day3_scenario1

TIME	21.841
ERROR		Vehicle leaves road at about x=186.494, y=0.843908 TireNo=1
SIM_ABORT	day3_scenario1	21.844s	280.37m
APPLICATION	CarMaker 14.0.1 - Car_Generic #5 (win64-14.0.1)
COMPILED	jetbrains@05dcd26e64f8 2025-01-28 11:06:46
 
		I/O Configuration: default
SIM_START	day3_scenario1	2025-05-15 11:26:34
TIME	0.000
SIMULATE	day3_scenario1

TIME	44.659
ERROR		Vehicle leaves road at about x=394.314, y=-20.3914 TireNo=0
SIM_ABORT	day3_scenario1	44.662s	595.572m
APPLICATION	CarMaker 14.0.1 - Car_Generic #5 (win64-14.0.1)
COMPILED	jetbrains@05dcd26e64f8 2025-01-28 11:06:46
 
		I/O Configuration: default
SIM_START	day3_scenario1	2025-05-15 11:27:04
TIME	0.000
SIMULATE	day3_scenario1

TIME	44.877
ERROR		Vehicle leaves road at about x=394.11, y=-21.3322 TireNo=0
SIM_ABORT	day3_scenario1	44.88s	598.784m
APPLICATION	CarMaker 14.0.1 - Car_Generic #5 (win64-14.0.1)
COMPILED	jetbrains@05dcd26e64f8 2025-01-28 11:06:46
 
		I/O Configuration: default
SIM_START	day3_scenario1	2025-05-15 11:34:22
TIME	0.000
SIMULATE	day3_scenario1

TIME	44.877
ERROR		Vehicle leaves road at about x=394.11, y=-21.3322 TireNo=0
SIM_ABORT	day3_scenario1	44.88s	598.784m
APPLICATION	CarMaker 14.0.1 - Car_Generic #5 (win64-14.0.1)
COMPILED	jetbrains@05dcd26e64f8 2025-01-28 11:06:46
 
		I/O Configuration: default
SIM_START	day3_scenario1	2025-05-15 11:51:25
TIME	0.000
SIMULATE	day3_scenario1

TIME	44.877
ERROR		Vehicle leaves road at about x=394.11, y=-21.3322 TireNo=0
SIM_ABORT	day3_scenario1	44.88s	598.784m
