APPLICATION	CarMaker 14.0.1 - Car_Generic #5 (win64-14.0.1)
COMPILED	jetbrains@05dcd26e64f8 2025-01-28 11:06:46
 
		I/O Configuration: default
SIM_START	day3_scenario1	2025-05-14 15:54:16
TIME	0.000
SIMULATE	day3_scenario1

TIME	4.305
ERROR		Vehicle leaves road at about x=4.76554, y=40.5346 TireNo=0
SIM_ABORT	day3_scenario1	4.308s	36.6752m
APPLICATION	CarMaker 14.0.1 - Car_Generic #5 (win64-14.0.1)
COMPILED	jetbrains@05dcd26e64f8 2025-01-28 11:06:46
 
		I/O Configuration: default
SIM_START	day3_scenario1	2025-05-14 15:55:17
TIME	0.000
SIMULATE	day3_scenario1

TIME	4.305
ERROR		Vehicle leaves road at about x=4.76554, y=40.5346 TireNo=0
SIM_ABORT	day3_scenario1	4.308s	36.6752m
APPLICATION	CarMaker 14.0.1 - Car_Generic #5 (win64-14.0.1)
COMPILED	jetbrains@05dcd26e64f8 2025-01-28 11:06:46
 
		I/O Configuration: default
SIM_START	day3_scenario1	2025-05-14 15:56:02
TIME	0.000
SIMULATE	day3_scenario1

TIME	4.305
ERROR		Vehicle leaves road at about x=4.76554, y=40.5346 TireNo=0
SIM_ABORT	day3_scenario1	4.308s	36.6752m
APPLICATION	CarMaker 14.0.1 - Car_Generic #5 (win64-14.0.1)
COMPILED	jetbrains@05dcd26e64f8 2025-01-28 11:06:46
 
		I/O Configuration: default
SIM_START	day3_scenario1	2025-05-14 18:59:38
TIME	0.000
SIMULATE	day3_scenario1

TIME	4.305
ERROR		Vehicle leaves road at about x=4.76554, y=40.5346 TireNo=0
SIM_ABORT	day3_scenario1	4.308s	36.6752m
APPLICATION	CarMaker 14.0.1 - Car_Generic #5 (win64-14.0.1)
COMPILED	jetbrains@05dcd26e64f8 2025-01-28 11:06:46
 
		I/O Configuration: default
SIM_START	day3_scenario1	2025-05-14 18:59:50
TIME	0.000
SIMULATE	day3_scenario1

TIME	4.305
ERROR		Vehicle leaves road at about x=4.76554, y=40.5346 TireNo=0
SIM_ABORT	day3_scenario1	4.308s	36.6752m
APPLICATION	CarMaker 14.0.1 - Car_Generic #5 (win64-14.0.1)
COMPILED	jetbrains@05dcd26e64f8 2025-01-28 11:06:46
 
		I/O Configuration: default
SIM_START	day3_scenario1	2025-05-14 19:02:06
TIME	0.000
SIMULATE	day3_scenario1

TIME	4.305
ERROR		Vehicle leaves road at about x=4.76554, y=40.5346 TireNo=0
SIM_ABORT	day3_scenario1	4.308s	36.6752m
APPLICATION	CarMaker 14.0.1 - Car_Generic #5 (win64-14.0.1)
COMPILED	jetbrains@05dcd26e64f8 2025-01-28 11:06:46
 
		I/O Configuration: default
SIM_START	day3_scenario1	2025-05-14 19:05:48
TIME	0.000
SIMULATE	day3_scenario1

TIME	4.305
ERROR		Vehicle leaves road at about x=4.76554, y=40.5346 TireNo=0
SIM_ABORT	day3_scenario1	4.308s	36.6752m
APPLICATION	CarMaker 14.0.1 - Car_Generic #5 (win64-14.0.1)
COMPILED	jetbrains@05dcd26e64f8 2025-01-28 11:06:46
 
		I/O Configuration: default
SIM_START	day3_scenario1	2025-05-14 19:06:23
TIME	0.000
SIMULATE	day3_scenario1

TIME	4.305
ERROR		Vehicle leaves road at about x=4.76554, y=40.5346 TireNo=0
SIM_ABORT	day3_scenario1	4.308s	36.6752m
APPLICATION	CarMaker 14.0.1 - Car_Generic #5 (win64-14.0.1)
COMPILED	jetbrains@05dcd26e64f8 2025-01-28 11:06:46
 
		I/O Configuration: default
SIM_START	day3_scenario1	2025-05-14 19:07:40
TIME	0.000
SIMULATE	day3_scenario1

TIME	4.305
ERROR		Vehicle leaves road at about x=4.76554, y=40.5346 TireNo=0
SIM_ABORT	day3_scenario1	4.308s	36.6752m
APPLICATION	CarMaker 14.0.1 - Car_Generic #5 (win64-14.0.1)
COMPILED	jetbrains@05dcd26e64f8 2025-01-28 11:06:46
 
		I/O Configuration: default
SIM_START	day3_scenario1	2025-05-14 19:10:55
TIME	0.000
SIMULATE	day3_scenario1

TIME	4.305
ERROR		Vehicle leaves road at about x=4.76554, y=40.5346 TireNo=0
SIM_ABORT	day3_scenario1	4.308s	36.6752m
APPLICATION	CarMaker 14.0.1 - Car_Generic #5 (win64-14.0.1)
COMPILED	jetbrains@05dcd26e64f8 2025-01-28 11:06:46
 
		I/O Configuration: default
SIM_START	day3_scenario1	2025-05-14 19:11:15
TIME	0.000
SIMULATE	day3_scenario1

TIME	4.305
ERROR		Vehicle leaves road at about x=4.76554, y=40.5346 TireNo=0
SIM_ABORT	day3_scenario1	4.308s	36.6752m
APPLICATION	CarMaker 14.0.1 - Car_Generic #5 (win64-14.0.1)
COMPILED	jetbrains@05dcd26e64f8 2025-01-28 11:06:46
 
		I/O Configuration: default
SIM_START	day3_scenario1	2025-05-14 19:11:40
TIME	0.000
SIMULATE	day3_scenario1

TIME	4.305
ERROR		Vehicle leaves road at about x=4.76554, y=40.5346 TireNo=0
SIM_ABORT	day3_scenario1	4.308s	36.6752m
