APPLICATION	CarMaker 14.0.1 - Car_Generic #5 (win64-14.0.1)
COMPILED	jetbrains@05dcd26e64f8 2025-01-28 11:06:46
 
		I/O Configuration: default
SIM_START	day3_scenario1	2025-05-14 15:23:05
TIME	0.000
SIMULATE	day3_scenario1

TIME	4.305
ERROR		Vehicle leaves road at about x=4.76554, y=40.5346 TireNo=0
SIM_ABORT	day3_scenario1	4.308s	36.6752m
APPLICATION	CarMaker 14.0.1 - Car_Generic #5 (win64-14.0.1)
COMPILED	jetbrains@05dcd26e64f8 2025-01-28 11:06:46
 
		I/O Configuration: default
SIM_START	day3_scenario1	2025-05-14 15:38:13
TIME	0.000
SIMULATE	day3_scenario1

TIME	4.305
ERROR		Vehicle leaves road at about x=4.76554, y=40.5346 TireNo=0
SIM_ABORT	day3_scenario1	4.308s	36.6752m
APPLICATION	CarMaker 14.0.1 - Car_Generic #5 (win64-14.0.1)
COMPILED	jetbrains@05dcd26e64f8 2025-01-28 11:06:46
 
		I/O Configuration: default
SIM_START	day3_scenario1	2025-05-14 15:38:22
TIME	0.000
SIMULATE	day3_scenario1

TIME	4.305
ERROR		Vehicle leaves road at about x=4.76554, y=40.5346 TireNo=0
SIM_ABORT	day3_scenario1	4.308s	36.6752m
APPLICATION	CarMaker 14.0.1 - Car_Generic #5 (win64-14.0.1)
COMPILED	jetbrains@05dcd26e64f8 2025-01-28 11:06:46
 
		I/O Configuration: default
SIM_START	day3_scenario1	2025-05-14 15:39:37
TIME	0.000
SIMULATE	day3_scenario1

TIME	4.305
ERROR		Vehicle leaves road at about x=4.76554, y=40.5346 TireNo=0
SIM_ABORT	day3_scenario1	4.308s	36.6752m
APPLICATION	CarMaker 14.0.1 - Car_Generic #5 (win64-14.0.1)
COMPILED	jetbrains@05dcd26e64f8 2025-01-28 11:06:46
 
		I/O Configuration: default
SIM_START	day3_scenario1	2025-05-14 15:40:17
TIME	0.000
SIMULATE	day3_scenario1

TIME	4.305
ERROR		Vehicle leaves road at about x=4.76554, y=40.5346 TireNo=0
SIM_ABORT	day3_scenario1	4.308s	36.6752m
APPLICATION	CarMaker 14.0.1 - Car_Generic #5 (win64-14.0.1)
COMPILED	jetbrains@05dcd26e64f8 2025-01-28 11:06:46
 
		I/O Configuration: default
SIM_START	day3_scenario1	2025-05-14 15:42:24
TIME	0.000
SIMULATE	day3_scenario1

TIME	4.305
ERROR		Vehicle leaves road at about x=4.76554, y=40.5346 TireNo=0
SIM_ABORT	day3_scenario1	4.308s	36.6752m
APPLICATION	CarMaker 14.0.1 - Car_Generic #5 (win64-14.0.1)
COMPILED	jetbrains@05dcd26e64f8 2025-01-28 11:06:46
 
		I/O Configuration: default
SIM_START	day3_scenario1	2025-05-14 15:42:46
TIME	0.000
SIMULATE	day3_scenario1

TIME	4.305
ERROR		Vehicle leaves road at about x=4.76554, y=40.5346 TireNo=0
SIM_ABORT	day3_scenario1	4.308s	36.6752m
APPLICATION	CarMaker 14.0.1 - Car_Generic #5 (win64-14.0.1)
COMPILED	jetbrains@05dcd26e64f8 2025-01-28 11:06:46
 
		I/O Configuration: default
SIM_START	day3_scenario1	2025-05-14 15:45:31
TIME	0.000
SIMULATE	day3_scenario1

TIME	4.305
ERROR		Vehicle leaves road at about x=4.76554, y=40.5346 TireNo=0
SIM_ABORT	day3_scenario1	4.308s	36.6752m
