APPLICATION	CarMaker 14.0.1 - Car_Generic #5 (win64-14.0.1)
COMPILED	jetbrains@05dcd26e64f8 2025-01-28 11:06:46
 
		I/O Configuration: default
SIM_START	day3_scenario1	2025-05-15 09:26:37
TIME	0.000
SIMULATE	day3_scenario1

TIME	47.109
ERROR		Vehicle leaves road at about x=413.324, y=-6.36088 TireNo=1
SIM_ABORT	day3_scenario1	47.112s	621.378m
APPLICATION	CarMaker 14.0.1 - Car_Generic #5 (win64-14.0.1)
COMPILED	jetbrains@05dcd26e64f8 2025-01-28 11:06:46
 
		I/O Configuration: default
SIM_START	day3_scenario1	2025-05-15 09:27:17
TIME	0.000
SIMULATE	day3_scenario1

TIME	17.380
ERROR		Vehicle leaves road at about x=165.869, y=56.0649 TireNo=1
SIM_ABORT	day3_scenario1	17.383s	215.067m
APPLICATION	CarMaker 14.0.1 - Car_Generic #5 (win64-14.0.1)
COMPILED	jetbrains@05dcd26e64f8 2025-01-28 11:06:46
 
		I/O Configuration: default
SIM_START	day3_scenario1	2025-05-15 09:27:34
TIME	0.000
SIMULATE	day3_scenario1

TIME	46.483
SIM_END		day3_scenario1	46.483s	611.623m
APPLICATION	CarMaker 14.0.1 - Car_Generic #5 (win64-14.0.1)
COMPILED	jetbrains@05dcd26e64f8 2025-01-28 11:06:46
 
		I/O Configuration: default
SIM_START	day3_scenario1	2025-05-15 09:27:58
TIME	0.000
SIMULATE	day3_scenario1

TIME	46.483
SIM_END		day3_scenario1	46.483s	611.623m
APPLICATION	CarMaker 14.0.1 - Car_Generic #5 (win64-14.0.1)
COMPILED	jetbrains@05dcd26e64f8 2025-01-28 11:06:46
 
		I/O Configuration: default
SIM_START	day3_scenario1	2025-05-15 09:40:18
TIME	0.000
SIMULATE	day3_scenario1

TIME	46.942
ERROR		Vehicle leaves road at about x=413.274, y=-7.22044 TireNo=1
SIM_ABORT	day3_scenario1	46.945s	619.754m
APPLICATION	CarMaker 14.0.1 - Car_Generic #5 (win64-14.0.1)
COMPILED	jetbrains@05dcd26e64f8 2025-01-28 11:06:46
 
		I/O Configuration: default
SIM_START	day3_scenario1	2025-05-15 09:40:59
TIME	0.000
SIMULATE	day3_scenario1

TIME	47.064
ERROR		Vehicle leaves road at about x=413.286, y=-7.01929 TireNo=1
SIM_ABORT	day3_scenario1	47.067s	620.129m
APPLICATION	CarMaker 14.0.1 - Car_Generic #5 (win64-14.0.1)
COMPILED	jetbrains@05dcd26e64f8 2025-01-28 11:06:46
 
		I/O Configuration: default
SIM_START	day3_scenario1	2025-05-15 09:45:00
TIME	0.000
SIMULATE	day3_scenario1

TIME	46.942
ERROR		Vehicle leaves road at about x=413.274, y=-7.22044 TireNo=1
SIM_ABORT	day3_scenario1	46.945s	619.754m
APPLICATION	CarMaker 14.0.1 - Car_Generic #5 (win64-14.0.1)
COMPILED	jetbrains@05dcd26e64f8 2025-01-28 11:06:46
 
		I/O Configuration: default
SIM_START	day3_scenario1	2025-05-15 09:45:15
TIME	0.000
SIMULATE	day3_scenario1

TIME	46.942
ERROR		Vehicle leaves road at about x=413.274, y=-7.22044 TireNo=1
SIM_ABORT	day3_scenario1	46.945s	619.754m
APPLICATION	CarMaker 14.0.1 - Car_Generic #5 (win64-14.0.1)
COMPILED	jetbrains@05dcd26e64f8 2025-01-28 11:06:46
 
		I/O Configuration: default
SIM_START	day3_scenario1	2025-05-15 10:04:19
TIME	0.000
SIMULATE	day3_scenario1

TIME	46.756
ERROR		Vehicle leaves road at about x=413.379, y=-5.28101 TireNo=1
SIM_ABORT	day3_scenario1	46.759s	617.214m
APPLICATION	CarMaker 14.0.1 - Car_Generic #5 (win64-14.0.1)
COMPILED	jetbrains@05dcd26e64f8 2025-01-28 11:06:46
 
		I/O Configuration: default
SIM_START	day3_scenario1	2025-05-15 10:11:22
TIME	0.000
SIMULATE	day3_scenario1

TIME	46.756
ERROR		Vehicle leaves road at about x=413.379, y=-5.28101 TireNo=1
SIM_ABORT	day3_scenario1	46.759s	617.214m
APPLICATION	CarMaker 14.0.1 - Car_Generic #5 (win64-14.0.1)
COMPILED	jetbrains@05dcd26e64f8 2025-01-28 11:06:46
 
		I/O Configuration: default
SIM_START	day3_scenario1	2025-05-15 10:16:42
TIME	0.000
SIMULATE	day3_scenario1

TIME	46.756
ERROR		Vehicle leaves road at about x=413.379, y=-5.28101 TireNo=1
SIM_ABORT	day3_scenario1	46.759s	617.214m
APPLICATION	CarMaker 14.0.1 - Car_Generic #5 (win64-14.0.1)
COMPILED	jetbrains@05dcd26e64f8 2025-01-28 11:06:46
 
		I/O Configuration: default
SIM_START	day3_scenario1	2025-05-15 10:18:06
TIME	0.000
SIMULATE	day3_scenario1

TIME	46.756
ERROR		Vehicle leaves road at about x=413.379, y=-5.28101 TireNo=1
SIM_ABORT	day3_scenario1	46.759s	617.214m
APPLICATION	CarMaker 14.0.1 - Car_Generic #5 (win64-14.0.1)
COMPILED	jetbrains@05dcd26e64f8 2025-01-28 11:06:46
 
		I/O Configuration: default
SIM_START	day3_scenario1	2025-05-15 10:20:09
TIME	0.000
SIMULATE	day3_scenario1

TIME	46.624
ERROR		Vehicle leaves road at about x=413.396, y=-4.94037 TireNo=1
SIM_ABORT	day3_scenario1	46.627s	617.827m
APPLICATION	CarMaker 14.0.1 - Car_Generic #5 (win64-14.0.1)
COMPILED	jetbrains@05dcd26e64f8 2025-01-28 11:06:46
 
		I/O Configuration: default
SIM_START	day3_scenario1	2025-05-15 10:32:13
TIME	0.000
SIMULATE	day3_scenario1

TIME	21.664
ERROR		Vehicle leaves road at about x=193.053, y=45.3231 TireNo=0
SIM_ABORT	day3_scenario1	21.667s	257.819m
APPLICATION	CarMaker 14.0.1 - Car_Generic #5 (win64-14.0.1)
COMPILED	jetbrains@05dcd26e64f8 2025-01-28 11:06:46
 
		I/O Configuration: default
SIM_START	day3_scenario1	2025-05-15 10:32:49
TIME	0.000
SIMULATE	day3_scenario1

TIME	21.664
ERROR		Vehicle leaves road at about x=193.053, y=45.3231 TireNo=0
SIM_ABORT	day3_scenario1	21.667s	257.819m
APPLICATION	CarMaker 14.0.1 - Car_Generic #5 (win64-14.0.1)
COMPILED	jetbrains@05dcd26e64f8 2025-01-28 11:06:46
 
		I/O Configuration: default
SIM_START	day3_scenario1	2025-05-15 10:35:30
TIME	0.000
SIMULATE	day3_scenario1

TIME	27.291
ERROR		Vehicle leaves road at about x=203.572, y=-3.58026 TireNo=1
SIM_ABORT	day3_scenario1	27.294s	308.588m
APPLICATION	CarMaker 14.0.1 - Car_Generic #5 (win64-14.0.1)
COMPILED	jetbrains@05dcd26e64f8 2025-01-28 11:06:46
 
		I/O Configuration: default
SIM_START	day3_scenario1	2025-05-15 10:37:38
TIME	0.000
SIMULATE	day3_scenario1

TIME	27.291
ERROR		Vehicle leaves road at about x=203.572, y=-3.58026 TireNo=1
SIM_ABORT	day3_scenario1	27.294s	308.588m
APPLICATION	CarMaker 14.0.1 - Car_Generic #5 (win64-14.0.1)
COMPILED	jetbrains@05dcd26e64f8 2025-01-28 11:06:46
 
		I/O Configuration: default
SIM_START	day3_scenario1	2025-05-15 10:40:15
TIME	0.000
SIMULATE	day3_scenario1

TIME	20.920
ERROR		Vehicle leaves road at about x=190.695, y=49.8729 TireNo=0
SIM_ABORT	day3_scenario1	20.923s	257.305m
APPLICATION	CarMaker 14.0.1 - Car_Generic #5 (win64-14.0.1)
COMPILED	jetbrains@05dcd26e64f8 2025-01-28 11:06:46
 
		I/O Configuration: default
SIM_START	day3_scenario1	2025-05-15 10:43:13
TIME	0.000
SIMULATE	day3_scenario1

TIME	4.496
ERROR		Vehicle leaves road at about x=6.00441, y=43.3274 TireNo=0
SIM_ABORT	day3_scenario1	4.499s	39.441m
APPLICATION	CarMaker 14.0.1 - Car_Generic #5 (win64-14.0.1)
COMPILED	jetbrains@05dcd26e64f8 2025-01-28 11:06:46
 
		I/O Configuration: default
SIM_START	day3_scenario1	2025-05-15 10:43:31
TIME	0.000
SIMULATE	day3_scenario1

TIME	4.885
ERROR		Vehicle leaves road at about x=8.70285, y=48.7567 TireNo=0
SIM_ABORT	day3_scenario1	4.888s	45.0698m
APPLICATION	CarMaker 14.0.1 - Car_Generic #5 (win64-14.0.1)
COMPILED	jetbrains@05dcd26e64f8 2025-01-28 11:06:46
 
		I/O Configuration: default
SIM_START	day3_scenario1	2025-05-15 10:43:48
TIME	0.000
SIMULATE	day3_scenario1

TIME	20.293
ERROR		Vehicle leaves road at about x=176.515, y=40.3359 TireNo=1
SIM_ABORT	day3_scenario1	20.296s	254.915m
APPLICATION	CarMaker 14.0.1 - Car_Generic #5 (win64-14.0.1)
COMPILED	jetbrains@05dcd26e64f8 2025-01-28 11:06:46
 
		I/O Configuration: default
SIM_START	day3_scenario1	2025-05-15 10:44:03
TIME	0.000
SIMULATE	day3_scenario1

TIME	21.638
ERROR		Vehicle leaves road at about x=197.328, y=35.2152 TireNo=0
SIM_ABORT	day3_scenario1	21.641s	268.65m
APPLICATION	CarMaker 14.0.1 - Car_Generic #5 (win64-14.0.1)
COMPILED	jetbrains@05dcd26e64f8 2025-01-28 11:06:46
 
		I/O Configuration: default
SIM_START	day3_scenario1	2025-05-15 10:45:00
TIME	0.000
SIMULATE	day3_scenario1

TIME	47.109
ERROR		Vehicle leaves road at about x=413.324, y=-6.36088 TireNo=1
SIM_ABORT	day3_scenario1	47.112s	621.378m
APPLICATION	CarMaker 14.0.1 - Car_Generic #5 (win64-14.0.1)
COMPILED	jetbrains@05dcd26e64f8 2025-01-28 11:06:46
 
		I/O Configuration: default
SIM_START	day3_scenario1	2025-05-15 10:45:17
TIME	0.000
SIMULATE	day3_scenario1

TIME	47.109
ERROR		Vehicle leaves road at about x=413.324, y=-6.36088 TireNo=1
SIM_ABORT	day3_scenario1	47.112s	621.378m
APPLICATION	CarMaker 14.0.1 - Car_Generic #5 (win64-14.0.1)
COMPILED	jetbrains@05dcd26e64f8 2025-01-28 11:06:46
 
		I/O Configuration: default
SIM_START	day3_scenario1	2025-05-15 10:45:40
TIME	0.000
SIMULATE	day3_scenario1

TIME	47.778
ERROR		Vehicle leaves road at about x=413.477, y=-2.40379 TireNo=1
SIM_ABORT	day3_scenario1	47.781s	625.642m
APPLICATION	CarMaker 14.0.1 - Car_Generic #5 (win64-14.0.1)
COMPILED	jetbrains@05dcd26e64f8 2025-01-28 11:06:46
 
		I/O Configuration: default
SIM_START	day3_scenario1	2025-05-15 10:45:56
TIME	0.000
SIMULATE	day3_scenario1

TIME	47.778
ERROR		Vehicle leaves road at about x=413.477, y=-2.40379 TireNo=1
SIM_ABORT	day3_scenario1	47.781s	625.642m
APPLICATION	CarMaker 14.0.1 - Car_Generic #5 (win64-14.0.1)
COMPILED	jetbrains@05dcd26e64f8 2025-01-28 11:06:46
 
		I/O Configuration: default
SIM_START	day3_scenario1	2025-05-15 10:46:27
TIME	0.000
SIMULATE	day3_scenario1

TIME	47.341
ERROR		Vehicle leaves road at about x=413.431, y=-3.9808 TireNo=1
SIM_ABORT	day3_scenario1	47.344s	624.685m
APPLICATION	CarMaker 14.0.1 - Car_Generic #5 (win64-14.0.1)
COMPILED	jetbrains@05dcd26e64f8 2025-01-28 11:06:46
 
		I/O Configuration: default
SIM_START	day3_scenario1	2025-05-15 10:46:52
TIME	0.000
SIMULATE	day3_scenario1

TIME	25.218
ERROR		Vehicle leaves road at about x=205.167, y=-17.8416 TireNo=0
SIM_ABORT	day3_scenario1	25.221s	320.753m
APPLICATION	CarMaker 14.0.1 - Car_Generic #5 (win64-14.0.1)
COMPILED	jetbrains@05dcd26e64f8 2025-01-28 11:06:46
 
		I/O Configuration: default
SIM_START	day3_scenario1	2025-05-15 10:47:05
TIME	0.000
SIMULATE	day3_scenario1

TIME	25.218
ERROR		Vehicle leaves road at about x=205.167, y=-17.8416 TireNo=0
SIM_ABORT	day3_scenario1	25.221s	320.753m
APPLICATION	CarMaker 14.0.1 - Car_Generic #5 (win64-14.0.1)
COMPILED	jetbrains@05dcd26e64f8 2025-01-28 11:06:46
 
		I/O Configuration: default
SIM_START	day3_scenario1	2025-05-15 10:48:24
TIME	0.000
SIMULATE	day3_scenario1

TIME	22.303
ERROR		Vehicle leaves road at about x=186.581, y=56.7118 TireNo=1
SIM_ABORT	day3_scenario1	22.306s	251.286m
APPLICATION	CarMaker 14.0.1 - Car_Generic #5 (win64-14.0.1)
COMPILED	jetbrains@05dcd26e64f8 2025-01-28 11:06:46
 
		I/O Configuration: default
SIM_START	day3_scenario1	2025-05-15 10:48:37
TIME	0.000
SIMULATE	day3_scenario1

TIME	22.303
ERROR		Vehicle leaves road at about x=186.581, y=56.7118 TireNo=1
SIM_ABORT	day3_scenario1	22.306s	251.286m
APPLICATION	CarMaker 14.0.1 - Car_Generic #5 (win64-14.0.1)
COMPILED	jetbrains@05dcd26e64f8 2025-01-28 11:06:46
 
		I/O Configuration: default
SIM_START	day3_scenario1	2025-05-15 10:48:55
TIME	0.000
SIMULATE	day3_scenario1

TIME	18.350
ERROR		Vehicle leaves road at about x=175.003, y=71.3225 TireNo=0
SIM_ABORT	day3_scenario1	18.353s	224.844m
APPLICATION	CarMaker 14.0.1 - Car_Generic #5 (win64-14.0.1)
COMPILED	jetbrains@05dcd26e64f8 2025-01-28 11:06:46
 
		I/O Configuration: default
SIM_START	day3_scenario1	2025-05-15 10:49:11
TIME	0.000
SIMULATE	day3_scenario1

TIME	20.928
ERROR		Vehicle leaves road at about x=179.517, y=34.0304 TireNo=1
SIM_ABORT	day3_scenario1	20.931s	259.392m
APPLICATION	CarMaker 14.0.1 - Car_Generic #5 (win64-14.0.1)
COMPILED	jetbrains@05dcd26e64f8 2025-01-28 11:06:46
 
		I/O Configuration: default
SIM_START	day3_scenario1	2025-05-15 10:49:48
TIME	0.000
SIMULATE	day3_scenario1

TIME	21.863
ERROR		Vehicle leaves road at about x=183.9, y=21.0371 TireNo=1
SIM_ABORT	day3_scenario1	21.866s	274.907m
APPLICATION	CarMaker 14.0.1 - Car_Generic #5 (win64-14.0.1)
COMPILED	jetbrains@05dcd26e64f8 2025-01-28 11:06:46
 
		I/O Configuration: default
SIM_START	day3_scenario1	2025-05-15 10:50:02
TIME	0.000
SIMULATE	day3_scenario1

TIME	25.088
ERROR		Vehicle leaves road at about x=204.943, y=-16.5933 TireNo=0
SIM_ABORT	day3_scenario1	25.091s	314.036m
APPLICATION	CarMaker 14.0.1 - Car_Generic #5 (win64-14.0.1)
COMPILED	jetbrains@05dcd26e64f8 2025-01-28 11:06:46
 
		I/O Configuration: default
SIM_START	day3_scenario1	2025-05-15 11:22:03
TIME	0.000
SIMULATE	day3_scenario1

TIME	24.213
ERROR		Vehicle leaves road at about x=201.562, y=19.9493 TireNo=0
SIM_ABORT	day3_scenario1	24.216s	283.1m
APPLICATION	CarMaker 14.0.1 - Car_Generic #5 (win64-14.0.1)
COMPILED	jetbrains@05dcd26e64f8 2025-01-28 11:06:46
 
		I/O Configuration: default
SIM_START	day3_scenario1	2025-05-15 11:24:17
TIME	0.000
SIMULATE	day3_scenario1

TIME	46.915
ERROR		Vehicle leaves road at about x=413.24, y=-7.70791 TireNo=1
SIM_ABORT	day3_scenario1	46.918s	620.288m
APPLICATION	CarMaker 14.0.1 - Car_Generic #5 (win64-14.0.1)
COMPILED	jetbrains@05dcd26e64f8 2025-01-28 11:06:46
 
		I/O Configuration: default
SIM_START	day3_scenario1	2025-05-15 11:43:30
TIME	0.000
SIMULATE	day3_scenario1

TIME	46.915
ERROR		Vehicle leaves road at about x=413.24, y=-7.70791 TireNo=1
SIM_ABORT	day3_scenario1	46.918s	620.288m
APPLICATION	CarMaker 14.0.1 - Car_Generic #5 (win64-14.0.1)
COMPILED	jetbrains@05dcd26e64f8 2025-01-28 11:06:46
 
		I/O Configuration: default
SIM_START	day3_scenario1	2025-05-15 11:43:56
TIME	0.000
SIMULATE	day3_scenario1

TIME	46.915
ERROR		Vehicle leaves road at about x=413.24, y=-7.70791 TireNo=1
SIM_ABORT	day3_scenario1	46.918s	620.288m
APPLICATION	CarMaker 14.0.1 - Car_Generic #5 (win64-14.0.1)
COMPILED	jetbrains@05dcd26e64f8 2025-01-28 11:06:46
 
		I/O Configuration: default
SIM_START	day3_scenario1	2025-05-15 12:14:48
TIME	0.000
SIMULATE	day3_scenario1

TIME	46.922
ERROR		Vehicle leaves road at about x=413.222, y=-7.9519 TireNo=1
SIM_ABORT	day3_scenario1	46.925s	620.79m
APPLICATION	CarMaker 14.0.1 - Car_Generic #5 (win64-14.0.1)
COMPILED	jetbrains@05dcd26e64f8 2025-01-28 11:06:46
 
		I/O Configuration: default
SIM_START	day3_scenario1	2025-05-15 12:15:42
TIME	0.000
SIMULATE	day3_scenario1

TIME	46.922
ERROR		Vehicle leaves road at about x=413.222, y=-7.9519 TireNo=1
SIM_ABORT	day3_scenario1	46.925s	620.79m
APPLICATION	CarMaker 14.0.1 - Car_Generic #5 (win64-14.0.1)
COMPILED	jetbrains@05dcd26e64f8 2025-01-28 11:06:46
 
		I/O Configuration: default
SIM_START	day3_scenario1	2025-05-15 12:16:03
TIME	0.000
SIMULATE	day3_scenario1

TIME	46.866
ERROR		Vehicle leaves road at about x=413.167, y=-8.70317 TireNo=1
SIM_ABORT	day3_scenario1	46.869s	619.771m
APPLICATION	CarMaker 14.0.1 - Car_Generic #5 (win64-14.0.1)
COMPILED	jetbrains@05dcd26e64f8 2025-01-28 11:06:46
 
		I/O Configuration: default
SIM_START	day3_scenario1	2025-05-15 12:16:25
TIME	0.000
SIMULATE	day3_scenario1

TIME	46.856
ERROR		Vehicle leaves road at about x=413.154, y=-8.86796 TireNo=1
SIM_ABORT	day3_scenario1	46.859s	619.742m
APPLICATION	CarMaker 14.0.1 - Car_Generic #5 (win64-14.0.1)
COMPILED	jetbrains@05dcd26e64f8 2025-01-28 11:06:46
 
		I/O Configuration: default
SIM_START	day3_scenario1	2025-05-15 12:19:38
TIME	0.000
SIMULATE	day3_scenario1

TIME	46.241
ERROR		Vehicle leaves road at about x=412.901, y=-11.672 TireNo=1
SIM_ABORT	day3_scenario1	46.244s	617.257m
APPLICATION	CarMaker 14.0.1 - Car_Generic #5 (win64-14.0.1)
COMPILED	jetbrains@05dcd26e64f8 2025-01-28 11:06:46
 
		I/O Configuration: default
SIM_START	day3_scenario1	2025-05-15 12:21:42
TIME	0.000
SIMULATE	day3_scenario1

TIME	5.499
ERROR		Vehicle leaves road at about x=13.412, y=56.7058 TireNo=0
SIM_ABORT	day3_scenario1	5.502s	53.6014m
APPLICATION	CarMaker 14.0.1 - Car_Generic #5 (win64-14.0.1)
COMPILED	jetbrains@05dcd26e64f8 2025-01-28 11:06:46
 
		I/O Configuration: default
SIM_START	day3_scenario1	2025-05-15 12:21:57
TIME	0.000
SIMULATE	day3_scenario1

TIME	5.473
ERROR		Vehicle leaves road at about x=13.1582, y=56.3133 TireNo=0
SIM_ABORT	day3_scenario1	5.476s	53.1669m
APPLICATION	CarMaker 14.0.1 - Car_Generic #5 (win64-14.0.1)
COMPILED	jetbrains@05dcd26e64f8 2025-01-28 11:06:46
 
		I/O Configuration: default
SIM_START	day3_scenario1	2025-05-15 12:22:10
TIME	0.000
SIMULATE	day3_scenario1

TIME	46.391
ERROR		Vehicle leaves road at about x=412.993, y=-10.7623 TireNo=1
SIM_ABORT	day3_scenario1	46.394s	619.564m
APPLICATION	CarMaker 14.0.1 - Car_Generic #5 (win64-14.0.1)
COMPILED	jetbrains@05dcd26e64f8 2025-01-28 11:06:46
 
		I/O Configuration: default
SIM_START	day3_scenario1	2025-05-15 12:22:27
TIME	0.000
SIMULATE	day3_scenario1

TIME	46.391
ERROR		Vehicle leaves road at about x=412.993, y=-10.7623 TireNo=1
SIM_ABORT	day3_scenario1	46.394s	619.564m
APPLICATION	CarMaker 14.0.1 - Car_Generic #5 (win64-14.0.1)
COMPILED	jetbrains@05dcd26e64f8 2025-01-28 11:06:46
 
		I/O Configuration: default
SIM_START	day3_scenario1	2025-05-15 12:22:52
TIME	0.000
SIMULATE	day3_scenario1

TIME	7.615
ERROR		Vehicle leaves road at about x=34.5035, y=80.1426 TireNo=0
SIM_ABORT	day3_scenario1	7.618s	83.3293m
APPLICATION	CarMaker 14.0.1 - Car_Generic #5 (win64-14.0.1)
COMPILED	jetbrains@05dcd26e64f8 2025-01-28 11:06:46
 
		I/O Configuration: default
SIM_START	day3_scenario1	2025-05-15 12:23:09
TIME	0.000
SIMULATE	day3_scenario1

TIME	46.840
ERROR		Vehicle leaves road at about x=413.03, y=-10.3459 TireNo=1
SIM_ABORT	day3_scenario1	46.843s	625.52m
APPLICATION	CarMaker 14.0.1 - Car_Generic #5 (win64-14.0.1)
COMPILED	jetbrains@05dcd26e64f8 2025-01-28 11:06:46
 
		I/O Configuration: default
SIM_START	day3_scenario1	2025-05-15 12:24:17
TIME	0.000
SIMULATE	day3_scenario1

TIME	46.840
ERROR		Vehicle leaves road at about x=413.03, y=-10.3459 TireNo=1
SIM_ABORT	day3_scenario1	46.843s	625.52m
APPLICATION	CarMaker 14.0.1 - Car_Generic #5 (win64-14.0.1)
COMPILED	jetbrains@05dcd26e64f8 2025-01-28 11:06:46
 
		I/O Configuration: default
SIM_START	day3_scenario1	2025-05-15 12:25:20
TIME	0.000
SIMULATE	day3_scenario1

TIME	46.840
ERROR		Vehicle leaves road at about x=413.03, y=-10.3459 TireNo=1
SIM_ABORT	day3_scenario1	46.843s	625.52m
APPLICATION	CarMaker 14.0.1 - Car_Generic #5 (win64-14.0.1)
COMPILED	jetbrains@05dcd26e64f8 2025-01-28 11:06:46
 
		I/O Configuration: default
SIM_START	day3_scenario1	2025-05-15 12:29:56
TIME	0.000
SIMULATE	day3_scenario1

TIME	46.577
SIM_END		day3_scenario1	46.577s	617.267m
APPLICATION	CarMaker 14.0.1 - Car_Generic #5 (win64-14.0.1)
COMPILED	jetbrains@05dcd26e64f8 2025-01-28 11:06:46
 
		I/O Configuration: default
SIM_START	day3_scenario1	2025-05-15 12:30:17
TIME	0.000
SIMULATE	day3_scenario1

TIME	46.577
SIM_END		day3_scenario1	46.577s	617.267m
APPLICATION	CarMaker 14.0.1 - Car_Generic #5 (win64-14.0.1)
COMPILED	jetbrains@05dcd26e64f8 2025-01-28 11:06:46
 
		I/O Configuration: default
SIM_START	day3_scenario1	2025-05-15 12:33:08
TIME	0.000
SIMULATE	day3_scenario1

TIME	46.577
SIM_END		day3_scenario1	46.577s	617.267m
APPLICATION	CarMaker 14.0.1 - Car_Generic #5 (win64-14.0.1)
COMPILED	jetbrains@05dcd26e64f8 2025-01-28 11:06:46
 
		I/O Configuration: default
SIM_START	day3_scenario1	2025-05-15 12:44:36
TIME	0.000
SIMULATE	day3_scenario1

TIME	4.742
ERROR		Vehicle leaves road at about x=7.68599, y=46.8087 TireNo=0
SIM_ABORT	day3_scenario1	4.745s	43.0096m
APPLICATION	CarMaker 14.0.1 - Car_Generic #5 (win64-14.0.1)
COMPILED	jetbrains@05dcd26e64f8 2025-01-28 11:06:46
 
		I/O Configuration: default
SIM_START	day3_scenario1	2025-05-15 12:45:28
TIME	0.000
SIMULATE	day3_scenario1

TIME	46.577
SIM_END		day3_scenario1	46.577s	617.267m
APPLICATION	CarMaker 14.0.1 - Car_Generic #5 (win64-14.0.1)
COMPILED	jetbrains@05dcd26e64f8 2025-01-28 11:06:46
 
		I/O Configuration: default
SIM_START	day3_scenario1	2025-05-15 12:46:33
TIME	0.000
SIMULATE	day3_scenario1

TIME	46.062
SIM_END		day3_scenario1	46.062s	617.793m
APPLICATION	CarMaker 14.0.1 - Car_Generic #5 (win64-14.0.1)
COMPILED	jetbrains@05dcd26e64f8 2025-01-28 11:06:46
 
		I/O Configuration: default
SIM_START	day3_scenario1	2025-05-15 12:47:03
TIME	0.000
SIMULATE	day3_scenario1

TIME	46.062
SIM_END		day3_scenario1	46.062s	617.793m
APPLICATION	CarMaker 14.0.1 - Car_Generic #5 (win64-14.0.1)
COMPILED	jetbrains@05dcd26e64f8 2025-01-28 11:06:46
 
		I/O Configuration: default
SIM_START	day3_scenario1	2025-05-15 12:47:24
TIME	0.000
SIMULATE	day3_scenario1

TIME	46.259
SIM_END		day3_scenario1	46.259s	620.636m
APPLICATION	CarMaker 14.0.1 - Car_Generic #5 (win64-14.0.1)
COMPILED	jetbrains@05dcd26e64f8 2025-01-28 11:06:46
 
		I/O Configuration: default
SIM_START	day3_scenario1	2025-05-15 13:53:12
TIME	0.000
SIMULATE	day3_scenario1

TIME	46.259
SIM_END		day3_scenario1	46.259s	620.636m
APPLICATION	CarMaker 14.0.1 - Car_Generic #5 (win64-14.0.1)
COMPILED	jetbrains@05dcd26e64f8 2025-01-28 11:06:46
 
		I/O Configuration: default
SIM_START	day3_scenario1	2025-05-15 13:53:37
TIME	0.000
SIMULATE	day3_scenario1

TIME	46.259
SIM_END		day3_scenario1	46.259s	620.636m
APPLICATION	CarMaker 14.0.1 - Car_Generic #5 (win64-14.0.1)
COMPILED	jetbrains@05dcd26e64f8 2025-01-28 11:06:46
 
		I/O Configuration: default
SIM_START	day4_5_scenario1	2025-05-15 16:04:16
TIME	0.000
SIMULATE	day4_5_scenario1

TIME	59.643
SIM_END		day4_5_scenario1	59.64s	4.19826e-05m
APPLICATION	CarMaker 14.0.1 - Car_Generic #5 (win64-14.0.1)
COMPILED	jetbrains@05dcd26e64f8 2025-01-28 11:06:46
 
		I/O Configuration: default
SIM_START	day4_5_scenario1	2025-05-15 16:08:43
TIME	0.000
SIMULATE	day4_5_scenario1

TIME	18.149
SIM_END		day4_5_scenario1	18.146s	9.99625e-06m
APPLICATION	CarMaker 14.0.1 - Car_Generic #5 (win64-14.0.1)
COMPILED	jetbrains@05dcd26e64f8 2025-01-28 11:06:46
 
		I/O Configuration: default
SIM_START	day4_5_scenario1	2025-05-15 16:11:47
TIME	0.000
SIMULATE	day4_5_scenario1

TIME	26.692
SIM_END		day4_5_scenario1	26.689s	1.44996e-05m
APPLICATION	CarMaker 14.0.1 - Car_Generic #5 (win64-14.0.1)
COMPILED	jetbrains@05dcd26e64f8 2025-01-28 11:06:46
 
		I/O Configuration: default
SIM_START	day4_5_scenario1	2025-05-15 16:18:25
TIME	0.000
SIMULATE	day4_5_scenario1

SIM_END		day4_5_scenario1	0s	0m
APPLICATION	CarMaker 14.0.1 - Car_Generic #5 (win64-14.0.1)
COMPILED	jetbrains@05dcd26e64f8 2025-01-28 11:06:46
 
		I/O Configuration: default
SIM_START	day4_5_scenario1	2025-05-15 16:23:09
TIME	0.000
SIMULATE	day4_5_scenario1

SIM_END		day4_5_scenario1	0s	0m
APPLICATION	CarMaker 14.0.1 - Car_Generic #5 (win64-14.0.1)
COMPILED	jetbrains@05dcd26e64f8 2025-01-28 11:06:46
 
		I/O Configuration: default
SIM_START	day4_5_scenario1	2025-05-15 16:23:32
TIME	0.000
SIMULATE	day4_5_scenario1

TIME	8.803
SIM_END		day4_5_scenario1	8.8s	6.39005e-06m
APPLICATION	CarMaker 14.0.1 - Car_Generic #5 (win64-14.0.1)
COMPILED	jetbrains@05dcd26e64f8 2025-01-28 11:06:46
 
		I/O Configuration: default
SIM_START	day4_5_scenario1	2025-05-15 16:30:12
TIME	0.000
SIMULATE	day4_5_scenario1

TIME	7.340
SIM_END		day4_5_scenario1	7.337s	5.95275e-06m
APPLICATION	CarMaker 14.0.1 - Car_Generic #5 (win64-14.0.1)
COMPILED	jetbrains@05dcd26e64f8 2025-01-28 11:06:46
 
		I/O Configuration: default
SIM_START	day4_5_scenario1	2025-05-15 16:33:56
TIME	0.000
SIMULATE	day4_5_scenario1

TIME	13.824
SIM_END		day4_5_scenario1	13.821s	8.15369e-06m
APPLICATION	CarMaker 14.0.1 - Car_Generic #5 (win64-14.0.1)
COMPILED	jetbrains@05dcd26e64f8 2025-01-28 11:06:46
 
		I/O Configuration: default
SIM_START	day4_5_scenario1	2025-05-15 16:38:07
TIME	0.000
SIMULATE	day4_5_scenario1

TIME	3.067
SIM_END		day4_5_scenario1	3.064s	4.8749e-06m
APPLICATION	CarMaker 14.0.1 - Car_Generic #5 (win64-14.0.1)
COMPILED	jetbrains@05dcd26e64f8 2025-01-28 11:06:46
 
		I/O Configuration: default
SIM_START	day4_5_scenario1	2025-05-15 17:43:37
TIME	0.000
SIMULATE	day4_5_scenario1

TIME	5.717
SIM_END		day4_5_scenario1	5.714s	5.50831e-06m
APPLICATION	CarMaker 14.0.1 - Car_Generic #5 (win64-14.0.1)
COMPILED	jetbrains@05dcd26e64f8 2025-01-28 11:06:46
 
		I/O Configuration: default
SIM_START	day4_5_scenario1	2025-05-15 17:45:13
TIME	0.000
SIMULATE	day4_5_scenario1

TIME	2.523
SIM_END		day4_5_scenario1	2.52s	4.75907e-06m
APPLICATION	CarMaker 14.0.1 - Car_Generic #5 (win64-14.0.1)
COMPILED	jetbrains@05dcd26e64f8 2025-01-28 11:06:46
 
		I/O Configuration: default
SIM_START	day4_5_scenario1	2025-05-15 17:57:08
TIME	0.000
SIMULATE	day4_5_scenario1

TIME	2.649
SIM_END		day4_5_scenario1	2.646s	4.78547e-06m
APPLICATION	CarMaker 14.0.1 - Car_Generic #5 (win64-14.0.1)
COMPILED	jetbrains@05dcd26e64f8 2025-01-28 11:06:46
 
		I/O Configuration: default
SIM_START	day4_5_scenario1	2025-05-15 17:59:41
TIME	0.000
SIMULATE	day4_5_scenario1

TIME	10.643
SIM_END		day4_5_scenario1	10.64s	6.98922e-06m
