

SYSTEM_START	-	DESKTOP-JF22MNE	DESKTOP-JF22MNE	2025-05-16 11:41:29


SYSTEM_INFO	CarMaker 14.0.1 - Car_Generic #5	jetbrains@05dcd26e64f8 2025-01-28 11:06:46	(14.0.1 jetbrains@05dcd26e64f8 2025-01-28 10:45:59)
SIM	1747363290	DESKTOP-JF22MNE	User	day3_scenario1	1	44.88	598.784


SYSTEM_START	-	DESKTOP-JF22MNE	DESKTOP-JF22MNE	2025-05-16 11:42:07


SYSTEM_INFO	CarMaker 14.0.1 - Car_Generic #5	jetbrains@05dcd26e64f8 2025-01-28 11:06:46	(14.0.1 jetbrains@05dcd26e64f8 2025-01-28 10:45:59)
SIM	1747363327	DESKTOP-JF22MNE	User	day3_scenario1	0	23.695	0.00663632


SYSTEM_START	-	DESKTOP-JF22MNE	DESKTOP-JF22MNE	2025-05-16 11:42:15


SYSTEM_INFO	CarMaker 14.0.1 - Car_Generic #5	jetbrains@05dcd26e64f8 2025-01-28 11:06:46	(14.0.1 jetbrains@05dcd26e64f8 2025-01-28 10:45:59)
SIM	1747363336	DESKTOP-JF22MNE	User	day3_scenario2	0	19.599	2.13601


SYSTEM_START	-	DESKTOP-JF22MNE	DESKTOP-JF22MNE	2025-05-16 11:42:23


SYSTEM_INFO	CarMaker 14.0.1 - Car_Generic #5	jetbrains@05dcd26e64f8 2025-01-28 11:06:46	(14.0.1 jetbrains@05dcd26e64f8 2025-01-28 10:45:59)
SIM	1747363343	DESKTOP-JF22MNE	User	day3_scenario2	0	23.579	2.13669


SYSTEM_START	-	DESKTOP-JF22MNE	DESKTOP-JF22MNE	2025-05-16 13:47:51


SYSTEM_INFO	CarMaker 14.0.1 - Car_Generic #5	jetbrains@05dcd26e64f8 2025-01-28 11:06:46	(14.0.1 jetbrains@05dcd26e64f8 2025-01-28 10:45:59)
SIM	1747370872	DESKTOP-JF22MNE	User	day4_5_scenario1	0	0	0


SYSTEM_START	-	DESKTOP-JF22MNE	DESKTOP-JF22MNE	2025-05-16 13:51:19


SYSTEM_INFO	CarMaker 14.0.1 - Car_Generic #5	jetbrains@05dcd26e64f8 2025-01-28 11:06:46	(14.0.1 jetbrains@05dcd26e64f8 2025-01-28 10:45:59)
SIM	1747371079	DESKTOP-JF22MNE	User	day4_5_scenario1	0	0	0


SYSTEM_START	-	DESKTOP-JF22MNE	DESKTOP-JF22MNE	2025-05-16 13:52:33


SYSTEM_INFO	CarMaker 14.0.1 - Car_Generic #5	jetbrains@05dcd26e64f8 2025-01-28 11:06:46	(14.0.1 jetbrains@05dcd26e64f8 2025-01-28 10:45:59)
SIM	1747371153	DESKTOP-JF22MNE	User	day6_scenario1	1	3.943	34.1098


SYSTEM_START	-	DESKTOP-JF22MNE	DESKTOP-JF22MNE	2025-05-16 13:52:50


SYSTEM_INFO	CarMaker 14.0.1 - Car_Generic #5	jetbrains@05dcd26e64f8 2025-01-28 11:06:46	(14.0.1 jetbrains@05dcd26e64f8 2025-01-28 10:45:59)
SIM	1747371170	DESKTOP-JF22MNE	User	day6_scenario1	1	3.943	34.1098


SYSTEM_START	-	DESKTOP-JF22MNE	DESKTOP-JF22MNE	2025-05-16 13:54:14


SYSTEM_INFO	CarMaker 14.0.1 - Car_Generic #5	jetbrains@05dcd26e64f8 2025-01-28 11:06:46	(14.0.1 jetbrains@05dcd26e64f8 2025-01-28 10:45:59)
SIM	1747371254	DESKTOP-JF22MNE	User	day6_scenario1	1	3.98	34.92


SYSTEM_START	-	DESKTOP-JF22MNE	DESKTOP-JF22MNE	2025-05-16 13:54:27


SYSTEM_INFO	CarMaker 14.0.1 - Car_Generic #5	jetbrains@05dcd26e64f8 2025-01-28 11:06:46	(14.0.1 jetbrains@05dcd26e64f8 2025-01-28 10:45:59)
SIM	1747371267	DESKTOP-JF22MNE	User	day6_scenario1	0	23.633	1.27588e-05


SYSTEM_START	-	DESKTOP-JF22MNE	DESKTOP-JF22MNE	2025-05-16 13:54:41


SYSTEM_INFO	CarMaker 14.0.1 - Car_Generic #5	jetbrains@05dcd26e64f8 2025-01-28 11:06:46	(14.0.1 jetbrains@05dcd26e64f8 2025-01-28 10:45:59)
SIM	1747371281	DESKTOP-JF22MNE	User	day6_scenario1	1	11.524	248.294


SYSTEM_START	-	DESKTOP-JF22MNE	DESKTOP-JF22MNE	2025-05-16 13:55:01


SYSTEM_INFO	CarMaker 14.0.1 - Car_Generic #5	jetbrains@05dcd26e64f8 2025-01-28 11:06:46	(14.0.1 jetbrains@05dcd26e64f8 2025-01-28 10:45:59)
SIM	1747371301	DESKTOP-JF22MNE	User	day6_scenario1	1	25.061	248.3


SYSTEM_START	-	DESKTOP-JF22MNE	DESKTOP-JF22MNE	2025-05-16 13:55:19


SYSTEM_INFO	CarMaker 14.0.1 - Car_Generic #5	jetbrains@05dcd26e64f8 2025-01-28 11:06:46	(14.0.1 jetbrains@05dcd26e64f8 2025-01-28 10:45:59)
SIM	1747371319	DESKTOP-JF22MNE	User	day6_scenario1	1	11.589	248.312


SYSTEM_START	-	DESKTOP-JF22MNE	DESKTOP-JF22MNE	2025-05-16 13:59:53


SYSTEM_INFO	CarMaker 14.0.1 - Car_Generic #5	jetbrains@05dcd26e64f8 2025-01-28 11:06:46	(14.0.1 jetbrains@05dcd26e64f8 2025-01-28 10:45:59)
SIM	1747371594	DESKTOP-JF22MNE	User	day6_scenario1	1	11.589	248.312


SYSTEM_START	-	DESKTOP-JF22MNE	DESKTOP-JF22MNE	2025-05-16 14:02:46


SYSTEM_INFO	CarMaker 14.0.1 - Car_Generic #5	jetbrains@05dcd26e64f8 2025-01-28 11:06:46	(14.0.1 jetbrains@05dcd26e64f8 2025-01-28 10:45:59)
SIM	1747371766	DESKTOP-JF22MNE	User	day6_scenario1	1	4.044	34.9154


SYSTEM_START	-	DESKTOP-JF22MNE	DESKTOP-JF22MNE	2025-05-16 14:03:19


SYSTEM_INFO	CarMaker 14.0.1 - Car_Generic #5	jetbrains@05dcd26e64f8 2025-01-28 11:06:46	(14.0.1 jetbrains@05dcd26e64f8 2025-01-28 10:45:59)
SIM	1747371799	DESKTOP-JF22MNE	User	day6_scenario1	1	5.735	73.6822


SYSTEM_START	-	DESKTOP-JF22MNE	DESKTOP-JF22MNE	2025-05-16 14:45:23


SYSTEM_INFO	CarMaker 14.0.1 - Car_Generic #5	jetbrains@05dcd26e64f8 2025-01-28 11:06:46	(14.0.1 jetbrains@05dcd26e64f8 2025-01-28 10:45:59)
SIM	1747374323	DESKTOP-JF22MNE	User	day6_scenario1	1	6.732	61.2669


SYSTEM_START	-	DESKTOP-JF22MNE	DESKTOP-JF22MNE	2025-05-16 14:45:39


SYSTEM_INFO	CarMaker 14.0.1 - Car_Generic #5	jetbrains@05dcd26e64f8 2025-01-28 11:06:46	(14.0.1 jetbrains@05dcd26e64f8 2025-01-28 10:45:59)
SIM	1747374339	DESKTOP-JF22MNE	User	day6_scenario1	1	6.732	61.2669


SYSTEM_START	-	DESKTOP-JF22MNE	DESKTOP-JF22MNE	2025-05-16 14:45:59


SYSTEM_INFO	CarMaker 14.0.1 - Car_Generic #5	jetbrains@05dcd26e64f8 2025-01-28 11:06:46	(14.0.1 jetbrains@05dcd26e64f8 2025-01-28 10:45:59)
SIM	1747374359	DESKTOP-JF22MNE	User	day6_scenario1	1	6.732	61.2669


SYSTEM_START	-	DESKTOP-JF22MNE	DESKTOP-JF22MNE	2025-05-16 15:14:35


SYSTEM_INFO	CarMaker 14.0.1 - Car_Generic #5	jetbrains@05dcd26e64f8 2025-01-28 11:06:46	(14.0.1 jetbrains@05dcd26e64f8 2025-01-28 10:45:59)
SIM	1747376075	DESKTOP-JF22MNE	User	day6_scenario1	1	32.822	317.778


SYSTEM_START	-	DESKTOP-JF22MNE	DESKTOP-JF22MNE	2025-05-16 15:16:22


SYSTEM_INFO	CarMaker 14.0.1 - Car_Generic #5	jetbrains@05dcd26e64f8 2025-01-28 11:06:46	(14.0.1 jetbrains@05dcd26e64f8 2025-01-28 10:45:59)
SIM	1747376182	DESKTOP-JF22MNE	User	day6_scenario1	1	15.575	253.522


SYSTEM_START	-	DESKTOP-JF22MNE	DESKTOP-JF22MNE	2025-05-16 15:16:52


SYSTEM_INFO	CarMaker 14.0.1 - Car_Generic #5	jetbrains@05dcd26e64f8 2025-01-28 11:06:46	(14.0.1 jetbrains@05dcd26e64f8 2025-01-28 10:45:59)
SIM	1747376212	DESKTOP-JF22MNE	User	day6_scenario1	1	58.537	646.324


SYSTEM_START	-	DESKTOP-JF22MNE	DESKTOP-JF22MNE	2025-05-16 15:17:23


SYSTEM_INFO	CarMaker 14.0.1 - Car_Generic #5	jetbrains@05dcd26e64f8 2025-01-28 11:06:46	(14.0.1 jetbrains@05dcd26e64f8 2025-01-28 10:45:59)
SIM	1747376243	DESKTOP-JF22MNE	User	day6_scenario1	1	69.381	748.544


SYSTEM_START	-	DESKTOP-JF22MNE	DESKTOP-JF22MNE	2025-05-16 15:17:53


SYSTEM_INFO	CarMaker 14.0.1 - Car_Generic #5	jetbrains@05dcd26e64f8 2025-01-28 11:06:46	(14.0.1 jetbrains@05dcd26e64f8 2025-01-28 10:45:59)
SIM	1747376274	DESKTOP-JF22MNE	User	day6_scenario1	1	74.613	786.662


SYSTEM_START	-	DESKTOP-JF22MNE	DESKTOP-JF22MNE	2025-05-16 15:22:48


SYSTEM_INFO	CarMaker 14.0.1 - Car_Generic #5	jetbrains@05dcd26e64f8 2025-01-28 11:06:46	(14.0.1 jetbrains@05dcd26e64f8 2025-01-28 10:45:59)
SIM	1747376568	DESKTOP-JF22MNE	User	day6_scenario1	1	40.385	426.4


SYSTEM_START	-	DESKTOP-JF22MNE	DESKTOP-JF22MNE	2025-05-16 15:23:20


SYSTEM_INFO	CarMaker 14.0.1 - Car_Generic #5	jetbrains@05dcd26e64f8 2025-01-28 11:06:46	(14.0.1 jetbrains@05dcd26e64f8 2025-01-28 10:45:59)
SIM	1747376600	DESKTOP-JF22MNE	User	day6_scenario1	1	77.395	828.617


SYSTEM_START	-	DESKTOP-JF22MNE	DESKTOP-JF22MNE	2025-05-16 15:24:40


SYSTEM_INFO	CarMaker 14.0.1 - Car_Generic #5	jetbrains@05dcd26e64f8 2025-01-28 11:06:46	(14.0.1 jetbrains@05dcd26e64f8 2025-01-28 10:45:59)
SIM	1747376681	DESKTOP-JF22MNE	User	day6_scenario1	1	59.265	632.166


SYSTEM_START	-	DESKTOP-JF22MNE	DESKTOP-JF22MNE	2025-05-16 15:25:40


SYSTEM_INFO	CarMaker 14.0.1 - Car_Generic #5	jetbrains@05dcd26e64f8 2025-01-28 11:06:46	(14.0.1 jetbrains@05dcd26e64f8 2025-01-28 10:45:59)
SIM	1747376740	DESKTOP-JF22MNE	User	day6_scenario1	1	33.711	373.641


SYSTEM_START	-	DESKTOP-JF22MNE	DESKTOP-JF22MNE	2025-05-16 15:26:10


SYSTEM_INFO	CarMaker 14.0.1 - Car_Generic #5	jetbrains@05dcd26e64f8 2025-01-28 11:06:46	(14.0.1 jetbrains@05dcd26e64f8 2025-01-28 10:45:59)
SIM	1747376770	DESKTOP-JF22MNE	User	day6_scenario1	1	39.906	430.764


SYSTEM_START	-	DESKTOP-JF22MNE	DESKTOP-JF22MNE	2025-05-16 15:26:28


SYSTEM_INFO	CarMaker 14.0.1 - Car_Generic #5	jetbrains@05dcd26e64f8 2025-01-28 11:06:46	(14.0.1 jetbrains@05dcd26e64f8 2025-01-28 10:45:59)
SIM	1747376788	DESKTOP-JF22MNE	User	day6_scenario1	1	69.995	750.963


SYSTEM_START	-	DESKTOP-JF22MNE	DESKTOP-JF22MNE	2025-05-16 15:27:37


SYSTEM_INFO	CarMaker 14.0.1 - Car_Generic #5	jetbrains@05dcd26e64f8 2025-01-28 11:06:46	(14.0.1 jetbrains@05dcd26e64f8 2025-01-28 10:45:59)
SIM	1747376857	DESKTOP-JF22MNE	User	day6_scenario1	1	62.288	646.662


SYSTEM_START	-	DESKTOP-JF22MNE	DESKTOP-JF22MNE	2025-05-16 15:29:52


SYSTEM_INFO	CarMaker 14.0.1 - Car_Generic #5	jetbrains@05dcd26e64f8 2025-01-28 11:06:46	(14.0.1 jetbrains@05dcd26e64f8 2025-01-28 10:45:59)
SIM	1747376992	DESKTOP-JF22MNE	User	day6_scenario1	1	25.807	271.6


SYSTEM_START	-	DESKTOP-JF22MNE	DESKTOP-JF22MNE	2025-05-16 15:30:13


SYSTEM_INFO	CarMaker 14.0.1 - Car_Generic #5	jetbrains@05dcd26e64f8 2025-01-28 11:06:46	(14.0.1 jetbrains@05dcd26e64f8 2025-01-28 10:45:59)
SIM	1747377013	DESKTOP-JF22MNE	User	day6_scenario1	1	107.595	1138.35


SYSTEM_START	-	DESKTOP-JF22MNE	DESKTOP-JF22MNE	2025-05-17 11:37:50


SYSTEM_INFO	CarMaker 14.0.1 - Car_Generic #5	jetbrains@05dcd26e64f8 2025-01-28 11:06:46	(14.0.1 jetbrains@05dcd26e64f8 2025-01-28 10:45:59)
SIM	1747449471	DESKTOP-JF22MNE	User	day6_scenario1	1	69.224	757.589


SYSTEM_START	-	DESKTOP-JF22MNE	DESKTOP-JF22MNE	2025-05-17 22:23:50


SYSTEM_INFO	CarMaker 14.0.1 - Car_Generic #5	jetbrains@05dcd26e64f8 2025-01-28 11:06:46	(14.0.1 jetbrains@05dcd26e64f8 2025-01-28 10:45:59)
SIM	1747488231	DESKTOP-JF22MNE	User	day6_scenario1	1	14.444	250.066


SYSTEM_START	-	DESKTOP-JF22MNE	DESKTOP-JF22MNE	2025-05-17 22:24:31


SYSTEM_INFO	CarMaker 14.0.1 - Car_Generic #5	jetbrains@05dcd26e64f8 2025-01-28 11:06:46	(14.0.1 jetbrains@05dcd26e64f8 2025-01-28 10:45:59)
SIM	1747488271	DESKTOP-JF22MNE	User	day6_scenario1	1	14.441	250.006


SYSTEM_START	-	DESKTOP-JF22MNE	DESKTOP-JF22MNE	2025-05-17 22:28:39


SYSTEM_INFO	CarMaker 14.0.1 - Car_Generic #5	jetbrains@05dcd26e64f8 2025-01-28 11:06:46	(14.0.1 jetbrains@05dcd26e64f8 2025-01-28 10:45:59)
SIM	1747488519	DESKTOP-JF22MNE	User	day6_scenario1	1	14.441	250.006


SYSTEM_START	-	DESKTOP-JF22MNE	DESKTOP-JF22MNE	2025-05-17 22:29:26


SYSTEM_INFO	CarMaker 14.0.1 - Car_Generic #5	jetbrains@05dcd26e64f8 2025-01-28 11:06:46	(14.0.1 jetbrains@05dcd26e64f8 2025-01-28 10:45:59)
SIM	1747488566	DESKTOP-JF22MNE	User	day6_scenario1	1	14.442	250.026


SYSTEM_START	-	DESKTOP-JF22MNE	DESKTOP-JF22MNE	2025-05-17 22:37:03


SYSTEM_INFO	CarMaker 14.0.1 - Car_Generic #5	jetbrains@05dcd26e64f8 2025-01-28 11:06:46	(14.0.1 jetbrains@05dcd26e64f8 2025-01-28 10:45:59)
SIM	1747489023	DESKTOP-JF22MNE	User	day6_scenario1	1	14.443	250.046


SYSTEM_START	-	DESKTOP-JF22MNE	DESKTOP-JF22MNE	2025-05-17 22:42:20


SYSTEM_INFO	CarMaker 14.0.1 - Car_Generic #5	jetbrains@05dcd26e64f8 2025-01-28 11:06:46	(14.0.1 jetbrains@05dcd26e64f8 2025-01-28 10:45:59)
SIM	1747489340	DESKTOP-JF22MNE	User	day6_scenario1	1	14.442	250.026


SYSTEM_START	-	DESKTOP-JF22MNE	DESKTOP-JF22MNE	2025-05-17 22:43:41


SYSTEM_INFO	CarMaker 14.0.1 - Car_Generic #5	jetbrains@05dcd26e64f8 2025-01-28 11:06:46	(14.0.1 jetbrains@05dcd26e64f8 2025-01-28 10:45:59)
SIM	1747489421	DESKTOP-JF22MNE	User	day6_scenario1	1	14.443	250.046


SYSTEM_START	-	DESKTOP-JF22MNE	DESKTOP-JF22MNE	2025-05-17 23:13:24


SYSTEM_INFO	CarMaker 14.0.1 - Car_Generic #5	jetbrains@05dcd26e64f8 2025-01-28 11:06:46	(14.0.1 jetbrains@05dcd26e64f8 2025-01-28 10:45:59)
SIM	1747491204	DESKTOP-JF22MNE	User	day6_scenario1	0	223	0.000342159


SYSTEM_START	-	DESKTOP-JF22MNE	DESKTOP-JF22MNE	2025-05-17 23:51:37


SYSTEM_INFO	CarMaker 14.0.1 - Car_Generic #5	jetbrains@05dcd26e64f8 2025-01-28 11:06:46	(14.0.1 jetbrains@05dcd26e64f8 2025-01-28 10:45:59)
SIM	1747493497	DESKTOP-JF22MNE	User	day6_scenario1	0	32.119	331.945


SYSTEM_START	-	DESKTOP-JF22MNE	DESKTOP-JF22MNE	2025-05-17 23:53:46


SYSTEM_INFO	CarMaker 14.0.1 - Car_Generic #5	jetbrains@05dcd26e64f8 2025-01-28 11:06:46	(14.0.1 jetbrains@05dcd26e64f8 2025-01-28 10:45:59)
SIM	1747493626	DESKTOP-JF22MNE	User	day6_scenario1	1	75.107	789.935


SYSTEM_START	-	DESKTOP-JF22MNE	DESKTOP-JF22MNE	2025-05-18 00:11:54


SYSTEM_INFO	CarMaker 14.0.1 - Car_Generic #5	jetbrains@05dcd26e64f8 2025-01-28 11:06:46	(14.0.1 jetbrains@05dcd26e64f8 2025-01-28 10:45:59)
SIM	1747494714	DESKTOP-JF22MNE	User	day6_scenario1	0	24.162	241.129


SYSTEM_START	-	DESKTOP-JF22MNE	DESKTOP-JF22MNE	2025-05-18 00:12:24


SYSTEM_INFO	CarMaker 14.0.1 - Car_Generic #5	jetbrains@05dcd26e64f8 2025-01-28 11:06:46	(14.0.1 jetbrains@05dcd26e64f8 2025-01-28 10:45:59)
SIM	1747494744	DESKTOP-JF22MNE	User	day6_scenario1	0	33.859	351.135


SYSTEM_START	-	DESKTOP-JF22MNE	DESKTOP-JF22MNE	2025-05-18 00:49:59


SYSTEM_INFO	CarMaker 14.0.1 - Car_Generic #5	jetbrains@05dcd26e64f8 2025-01-28 11:06:46	(14.0.1 jetbrains@05dcd26e64f8 2025-01-28 10:45:59)
SIM	1747496999	DESKTOP-JF22MNE	User	day6_scenario1	1	4.99	60.8766


SYSTEM_START	-	DESKTOP-JF22MNE	DESKTOP-JF22MNE	2025-05-18 01:03:31


SYSTEM_INFO	CarMaker 14.0.1 - Car_Generic #5	jetbrains@05dcd26e64f8 2025-01-28 11:06:46	(14.0.1 jetbrains@05dcd26e64f8 2025-01-28 10:45:59)
SIM	1747497811	DESKTOP-JF22MNE	User	day6_scenario1	1	4.996	60.9976


SYSTEM_START	-	DESKTOP-JF22MNE	DESKTOP-JF22MNE	2025-05-18 01:05:35


SYSTEM_INFO	CarMaker 14.0.1 - Car_Generic #5	jetbrains@05dcd26e64f8 2025-01-28 11:06:46	(14.0.1 jetbrains@05dcd26e64f8 2025-01-28 10:45:59)
SIM	1747497936	DESKTOP-JF22MNE	User	day6_scenario1	1	5.942	79.7854


SYSTEM_START	-	DESKTOP-JF22MNE	DESKTOP-JF22MNE	2025-05-18 01:09:32


SYSTEM_INFO	CarMaker 14.0.1 - Car_Generic #5	jetbrains@05dcd26e64f8 2025-01-28 11:06:46	(14.0.1 jetbrains@05dcd26e64f8 2025-01-28 10:45:59)
SIM	1747498172	DESKTOP-JF22MNE	User	day6_scenario1	1	6.073	82.4438


SYSTEM_START	-	DESKTOP-JF22MNE	DESKTOP-JF22MNE	2025-05-18 01:15:02


SYSTEM_INFO	CarMaker 14.0.1 - Car_Generic #5	jetbrains@05dcd26e64f8 2025-01-28 11:06:46	(14.0.1 jetbrains@05dcd26e64f8 2025-01-28 10:45:59)
SIM	1747498502	DESKTOP-JF22MNE	User	day6_scenario1	1	6.036	81.7013


SYSTEM_START	-	DESKTOP-JF22MNE	DESKTOP-JF22MNE	2025-05-18 01:15:58


SYSTEM_INFO	CarMaker 14.0.1 - Car_Generic #5	jetbrains@05dcd26e64f8 2025-01-28 11:06:46	(14.0.1 jetbrains@05dcd26e64f8 2025-01-28 10:45:59)
SIM	1747498558	DESKTOP-JF22MNE	User	day6_scenario1	1	5.993	80.8285


SYSTEM_START	-	DESKTOP-JF22MNE	DESKTOP-JF22MNE	2025-05-18 01:19:27


SYSTEM_INFO	CarMaker 14.0.1 - Car_Generic #5	jetbrains@05dcd26e64f8 2025-01-28 11:06:46	(14.0.1 jetbrains@05dcd26e64f8 2025-01-28 10:45:59)
SIM	1747498767	DESKTOP-JF22MNE	User	day6_scenario1	0	23.63	256.258


SYSTEM_START	-	DESKTOP-JF22MNE	DESKTOP-JF22MNE	2025-05-18 01:50:56


SYSTEM_INFO	CarMaker 14.0.1 - Car_Generic #5	jetbrains@05dcd26e64f8 2025-01-28 11:06:46	(14.0.1 jetbrains@05dcd26e64f8 2025-01-28 10:45:59)
SIM	1747500657	DESKTOP-JF22MNE	User	day6_scenario1	0	0	0


SYSTEM_START	-	DESKTOP-JF22MNE	DESKTOP-JF22MNE	2025-05-18 01:58:57


SYSTEM_INFO	CarMaker 14.0.1 - Car_Generic #5	jetbrains@05dcd26e64f8 2025-01-28 11:06:46	(14.0.1 jetbrains@05dcd26e64f8 2025-01-28 10:45:59)
SIM	1747501137	DESKTOP-JF22MNE	User	day6_scenario1	1	3.761	19.367


SYSTEM_START	-	DESKTOP-JF22MNE	DESKTOP-JF22MNE	2025-05-18 02:05:01


SYSTEM_INFO	CarMaker 14.0.1 - Car_Generic #5	jetbrains@05dcd26e64f8 2025-01-28 11:06:46	(14.0.1 jetbrains@05dcd26e64f8 2025-01-28 10:45:59)
SIM	1747501502	DESKTOP-JF22MNE	User	day6_scenario1	1	3.761	19.367


SYSTEM_START	-	DESKTOP-JF22MNE	DESKTOP-JF22MNE	2025-05-18 02:09:15


SYSTEM_INFO	CarMaker 14.0.1 - Car_Generic #5	jetbrains@05dcd26e64f8 2025-01-28 11:06:46	(14.0.1 jetbrains@05dcd26e64f8 2025-01-28 10:45:59)
SIM	1747501755	DESKTOP-JF22MNE	User	day6_scenario1	1	6.072	82.4238


SYSTEM_START	-	DESKTOP-JF22MNE	DESKTOP-JF22MNE	2025-05-18 02:26:09


SYSTEM_INFO	CarMaker 14.0.1 - Car_Generic #5	jetbrains@05dcd26e64f8 2025-01-28 11:06:46	(14.0.1 jetbrains@05dcd26e64f8 2025-01-28 10:45:59)
SIM	1747502770	DESKTOP-JF22MNE	User	day6_scenario1	1	3.827	20.7243


SYSTEM_START	-	DESKTOP-JF22MNE	DESKTOP-JF22MNE	2025-05-18 17:15:53


SYSTEM_INFO	CarMaker 14.0.1 - Car_Generic #5	jetbrains@05dcd26e64f8 2025-01-28 11:06:46	(14.0.1 jetbrains@05dcd26e64f8 2025-01-28 10:45:59)
SIM	1747556154	DESKTOP-JF22MNE	User	day6_scenario1	1	3.827	20.7243


SYSTEM_START	-	DESKTOP-JF22MNE	DESKTOP-JF22MNE	2025-05-18 17:16:13


SYSTEM_INFO	CarMaker 14.0.1 - Car_Generic #5	jetbrains@05dcd26e64f8 2025-01-28 11:06:46	(14.0.1 jetbrains@05dcd26e64f8 2025-01-28 10:45:59)
SIM	1747556173	DESKTOP-JF22MNE	User	day6_scenario1	1	3.827	20.7243


SYSTEM_START	-	DESKTOP-JF22MNE	DESKTOP-JF22MNE	2025-05-18 17:16:34


SYSTEM_INFO	CarMaker 14.0.1 - Car_Generic #5	jetbrains@05dcd26e64f8 2025-01-28 11:06:46	(14.0.1 jetbrains@05dcd26e64f8 2025-01-28 10:45:59)
SIM	1747556194	DESKTOP-JF22MNE	User	day6_scenario1	1	3.827	20.7243


SYSTEM_START	-	DESKTOP-JF22MNE	DESKTOP-JF22MNE	2025-05-18 17:17:31


SYSTEM_INFO	CarMaker 14.0.1 - Car_Generic #5	jetbrains@05dcd26e64f8 2025-01-28 11:06:46	(14.0.1 jetbrains@05dcd26e64f8 2025-01-28 10:45:59)
SIM	1747556251	DESKTOP-JF22MNE	User	day6_scenario1	1	3.827	20.7243


SYSTEM_START	-	DESKTOP-JF22MNE	DESKTOP-JF22MNE	2025-05-18 17:18:09


SYSTEM_INFO	CarMaker 14.0.1 - Car_Generic #5	jetbrains@05dcd26e64f8 2025-01-28 11:06:46	(14.0.1 jetbrains@05dcd26e64f8 2025-01-28 10:45:59)
SIM	1747556289	DESKTOP-JF22MNE	User	day6_scenario1	1	6.007	81.1147


SYSTEM_START	-	DESKTOP-JF22MNE	DESKTOP-JF22MNE	2025-05-18 17:18:22


SYSTEM_INFO	CarMaker 14.0.1 - Car_Generic #5	jetbrains@05dcd26e64f8 2025-01-28 11:06:46	(14.0.1 jetbrains@05dcd26e64f8 2025-01-28 10:45:59)
SIM	1747556302	DESKTOP-JF22MNE	User	day6_scenario1	1	6.035	81.6812


SYSTEM_START	-	DESKTOP-JF22MNE	DESKTOP-JF22MNE	2025-05-18 17:27:53


SYSTEM_INFO	CarMaker 14.0.1 - Car_Generic #5	jetbrains@05dcd26e64f8 2025-01-28 11:06:46	(14.0.1 jetbrains@05dcd26e64f8 2025-01-28 10:45:59)
SIM	1747556873	DESKTOP-JF22MNE	User	day6_scenario1	0	22.448	1.21221e-05


SYSTEM_START	-	DESKTOP-JF22MNE	DESKTOP-JF22MNE	2025-05-18 17:28:17


SYSTEM_INFO	CarMaker 14.0.1 - Car_Generic #5	jetbrains@05dcd26e64f8 2025-01-28 11:06:46	(14.0.1 jetbrains@05dcd26e64f8 2025-01-28 10:45:59)
SIM	1747556897	DESKTOP-JF22MNE	User	day6_scenario1	0	30.75	1.70347e-05


SYSTEM_START	-	DESKTOP-JF22MNE	DESKTOP-JF22MNE	2025-05-18 17:34:27


SYSTEM_INFO	CarMaker 14.0.1 - Car_Generic #5	jetbrains@05dcd26e64f8 2025-01-28 11:06:46	(14.0.1 jetbrains@05dcd26e64f8 2025-01-28 10:45:59)
SIM	1747557268	DESKTOP-JF22MNE	User	day6_scenario1	0	150.239	0.000182928


SYSTEM_START	-	DESKTOP-JF22MNE	DESKTOP-JF22MNE	2025-05-18 17:36:11


SYSTEM_INFO	CarMaker 14.0.1 - Car_Generic #5	jetbrains@05dcd26e64f8 2025-01-28 11:06:46	(14.0.1 jetbrains@05dcd26e64f8 2025-01-28 10:45:59)
SIM	1747557371	DESKTOP-JF22MNE	User	day6_scenario1	0	27.086	1.47364e-05


SYSTEM_START	-	DESKTOP-JF22MNE	DESKTOP-JF22MNE	2025-05-18 17:39:51


SYSTEM_INFO	CarMaker 14.0.1 - Car_Generic #5	jetbrains@05dcd26e64f8 2025-01-28 11:06:46	(14.0.1 jetbrains@05dcd26e64f8 2025-01-28 10:45:59)
SIM	1747557591	DESKTOP-JF22MNE	User	day6_scenario1	0	30.811	1.70746e-05


SYSTEM_START	-	DESKTOP-JF22MNE	DESKTOP-JF22MNE	2025-05-18 17:48:30


SYSTEM_INFO	CarMaker 14.0.1 - Car_Generic #5	jetbrains@05dcd26e64f8 2025-01-28 11:06:46	(14.0.1 jetbrains@05dcd26e64f8 2025-01-28 10:45:59)
SIM	1747558110	DESKTOP-JF22MNE	User	day6_scenario1	0	403.437	0.000851034


SYSTEM_START	-	DESKTOP-JF22MNE	DESKTOP-JF22MNE	2025-05-18 17:52:25


SYSTEM_INFO	CarMaker 14.0.1 - Car_Generic #5	jetbrains@05dcd26e64f8 2025-01-28 11:06:46	(14.0.1 jetbrains@05dcd26e64f8 2025-01-28 10:45:59)
SIM	1747558345	DESKTOP-JF22MNE	User	day6_scenario1	0	52.301	3.45411e-05


SYSTEM_START	-	DESKTOP-JF22MNE	DESKTOP-JF22MNE	2025-05-18 18:20:52


SYSTEM_INFO	CarMaker 14.0.1 - Car_Generic #5	jetbrains@05dcd26e64f8 2025-01-28 11:06:46	(14.0.1 jetbrains@05dcd26e64f8 2025-01-28 10:45:59)
SIM	1747560052	DESKTOP-JF22MNE	User	day6_scenario1	1	6.081	18.1768


SYSTEM_START	-	DESKTOP-JF22MNE	DESKTOP-JF22MNE	2025-05-18 18:21:09


SYSTEM_INFO	CarMaker 14.0.1 - Car_Generic #5	jetbrains@05dcd26e64f8 2025-01-28 11:06:46	(14.0.1 jetbrains@05dcd26e64f8 2025-01-28 10:45:59)
SIM	1747560069	DESKTOP-JF22MNE	User	day6_scenario1	1	11.749	248.3


SYSTEM_START	-	DESKTOP-JF22MNE	DESKTOP-JF22MNE	2025-05-18 18:21:21


SYSTEM_INFO	CarMaker 14.0.1 - Car_Generic #5	jetbrains@05dcd26e64f8 2025-01-28 11:06:46	(14.0.1 jetbrains@05dcd26e64f8 2025-01-28 10:45:59)
SIM	1747560081	DESKTOP-JF22MNE	User	day6_scenario1	1	6.081	18.1768


SYSTEM_START	-	DESKTOP-JF22MNE	DESKTOP-JF22MNE	2025-05-18 18:21:54


SYSTEM_INFO	CarMaker 14.0.1 - Car_Generic #5	jetbrains@05dcd26e64f8 2025-01-28 11:06:46	(14.0.1 jetbrains@05dcd26e64f8 2025-01-28 10:45:59)
SIM	1747560114	DESKTOP-JF22MNE	User	day6_scenario1	1	4.054	42.3171


SYSTEM_START	-	DESKTOP-JF22MNE	DESKTOP-JF22MNE	2025-05-18 18:22:12


SYSTEM_INFO	CarMaker 14.0.1 - Car_Generic #5	jetbrains@05dcd26e64f8 2025-01-28 11:06:46	(14.0.1 jetbrains@05dcd26e64f8 2025-01-28 10:45:59)
SIM	1747560132	DESKTOP-JF22MNE	User	day6_scenario1	1	4.054	42.3171


SYSTEM_START	-	DESKTOP-JF22MNE	DESKTOP-JF22MNE	2025-05-18 18:22:52


SYSTEM_INFO	CarMaker 14.0.1 - Car_Generic #5	jetbrains@05dcd26e64f8 2025-01-28 11:06:46	(14.0.1 jetbrains@05dcd26e64f8 2025-01-28 10:45:59)
SIM	1747560172	DESKTOP-JF22MNE	User	day6_scenario1	1	4.054	42.3171


SYSTEM_START	-	DESKTOP-JF22MNE	DESKTOP-JF22MNE	2025-05-18 18:24:51


SYSTEM_INFO	CarMaker 14.0.1 - Car_Generic #5	jetbrains@05dcd26e64f8 2025-01-28 11:06:46	(14.0.1 jetbrains@05dcd26e64f8 2025-01-28 10:45:59)
SIM	1747560292	DESKTOP-JF22MNE	User	day6_scenario1	1	11.752	248.303


SYSTEM_START	-	DESKTOP-JF22MNE	DESKTOP-JF22MNE	2025-05-18 18:26:00


SYSTEM_INFO	CarMaker 14.0.1 - Car_Generic #5	jetbrains@05dcd26e64f8 2025-01-28 11:06:46	(14.0.1 jetbrains@05dcd26e64f8 2025-01-28 10:45:59)
SIM	1747560361	DESKTOP-JF22MNE	User	day6_scenario1	1	27.844	248.285


SYSTEM_START	-	DESKTOP-JF22MNE	DESKTOP-JF22MNE	2025-05-18 18:26:14


SYSTEM_INFO	CarMaker 14.0.1 - Car_Generic #5	jetbrains@05dcd26e64f8 2025-01-28 11:06:46	(14.0.1 jetbrains@05dcd26e64f8 2025-01-28 10:45:59)
SIM	1747560374	DESKTOP-JF22MNE	User	day6_scenario1	1	4.989	38.05


SYSTEM_START	-	DESKTOP-JF22MNE	DESKTOP-JF22MNE	2025-05-18 18:27:03


SYSTEM_INFO	CarMaker 14.0.1 - Car_Generic #5	jetbrains@05dcd26e64f8 2025-01-28 11:06:46	(14.0.1 jetbrains@05dcd26e64f8 2025-01-28 10:45:59)
SIM	1747560423	DESKTOP-JF22MNE	User	day6_scenario1	1	4.989	38.05


SYSTEM_START	-	DESKTOP-JF22MNE	DESKTOP-JF22MNE	2025-05-18 18:30:35


SYSTEM_INFO	CarMaker 14.0.1 - Car_Generic #5	jetbrains@05dcd26e64f8 2025-01-28 11:06:46	(14.0.1 jetbrains@05dcd26e64f8 2025-01-28 10:45:59)
SIM	1747560635	DESKTOP-JF22MNE	User	day6_scenario1	1	4.989	38.05


SYSTEM_START	-	DESKTOP-JF22MNE	DESKTOP-JF22MNE	2025-05-18 18:31:39


SYSTEM_INFO	CarMaker 14.0.1 - Car_Generic #5	jetbrains@05dcd26e64f8 2025-01-28 11:06:46	(14.0.1 jetbrains@05dcd26e64f8 2025-01-28 10:45:59)
SIM	1747560699	DESKTOP-JF22MNE	User	day6_scenario1	1	4.989	38.0499


SYSTEM_START	-	DESKTOP-JF22MNE	DESKTOP-JF22MNE	2025-05-18 22:02:21


SYSTEM_INFO	CarMaker 14.0.1 - Car_Generic #5	jetbrains@05dcd26e64f8 2025-01-28 11:06:46	(14.0.1 jetbrains@05dcd26e64f8 2025-01-28 10:45:59)
SIM	1747573343	DESKTOP-JF22MNE	User	day6_scenario1	1	4.989	38.05


SYSTEM_START	-	DESKTOP-JF22MNE	DESKTOP-JF22MNE	2025-05-18 22:02:52


SYSTEM_INFO	CarMaker 14.0.1 - Car_Generic #5	jetbrains@05dcd26e64f8 2025-01-28 11:06:46	(14.0.1 jetbrains@05dcd26e64f8 2025-01-28 10:45:59)
SIM	1747573372	DESKTOP-JF22MNE	User	day6_scenario1	1	4.989	38.0499


SYSTEM_START	-	DESKTOP-JF22MNE	DESKTOP-JF22MNE	2025-05-18 23:19:08


SYSTEM_INFO	CarMaker 14.0.1 - Car_Generic #5	jetbrains@05dcd26e64f8 2025-01-28 11:06:46	(14.0.1 jetbrains@05dcd26e64f8 2025-01-28 10:45:59)
SIM	1747577948	DESKTOP-JF22MNE	User	day6_scenario1	1	10.762	72.7959


SYSTEM_START	-	DESKTOP-JF22MNE	DESKTOP-JF22MNE	2025-05-18 23:20:11


SYSTEM_INFO	CarMaker 14.0.1 - Car_Generic #5	jetbrains@05dcd26e64f8 2025-01-28 11:06:46	(14.0.1 jetbrains@05dcd26e64f8 2025-01-28 10:45:59)
SIM	1747578011	DESKTOP-JF22MNE	User	day6_scenario1	0	159.121	32.6392


SYSTEM_START	-	DESKTOP-JF22MNE	DESKTOP-JF22MNE	2025-05-18 23:22:27


SYSTEM_INFO	CarMaker 14.0.1 - Car_Generic #5	jetbrains@05dcd26e64f8 2025-01-28 11:06:46	(14.0.1 jetbrains@05dcd26e64f8 2025-01-28 10:45:59)
SIM	1747578147	DESKTOP-JF22MNE	User	day6_scenario1	0	32.096	32.2947


SYSTEM_START	-	DESKTOP-JF22MNE	DESKTOP-JF22MNE	2025-05-18 23:23:08


SYSTEM_INFO	CarMaker 14.0.1 - Car_Generic #5	jetbrains@05dcd26e64f8 2025-01-28 11:06:46	(14.0.1 jetbrains@05dcd26e64f8 2025-01-28 10:45:59)
SIM	1747578188	DESKTOP-JF22MNE	User	day6_scenario1	0	56.584	32.4134


SYSTEM_START	-	DESKTOP-JF22MNE	DESKTOP-JF22MNE	2025-05-18 23:26:09


SYSTEM_INFO	CarMaker 14.0.1 - Car_Generic #5	jetbrains@05dcd26e64f8 2025-01-28 11:06:46	(14.0.1 jetbrains@05dcd26e64f8 2025-01-28 10:45:59)
SIM	1747578369	DESKTOP-JF22MNE	User	day6_scenario1	1	16.608	181.287


SYSTEM_START	-	DESKTOP-JF22MNE	DESKTOP-JF22MNE	2025-05-18 23:27:53


SYSTEM_INFO	CarMaker 14.0.1 - Car_Generic #5	jetbrains@05dcd26e64f8 2025-01-28 11:06:46	(14.0.1 jetbrains@05dcd26e64f8 2025-01-28 10:45:59)
SIM	1747578473	DESKTOP-JF22MNE	User	day6_scenario1	1	16.608	181.287


SYSTEM_START	-	DESKTOP-JF22MNE	DESKTOP-JF22MNE	2025-05-18 23:28:29


SYSTEM_INFO	CarMaker 14.0.1 - Car_Generic #5	jetbrains@05dcd26e64f8 2025-01-28 11:06:46	(14.0.1 jetbrains@05dcd26e64f8 2025-01-28 10:45:59)
SIM	1747578509	DESKTOP-JF22MNE	User	day6_scenario1	1	16.997	183.42


SYSTEM_START	-	DESKTOP-JF22MNE	DESKTOP-JF22MNE	2025-05-18 23:29:00


SYSTEM_INFO	CarMaker 14.0.1 - Car_Generic #5	jetbrains@05dcd26e64f8 2025-01-28 11:06:46	(14.0.1 jetbrains@05dcd26e64f8 2025-01-28 10:45:59)
SIM	1747578541	DESKTOP-JF22MNE	User	day6_scenario1	1	32.42	434.472


SYSTEM_START	-	DESKTOP-JF22MNE	DESKTOP-JF22MNE	2025-05-18 23:35:47


SYSTEM_INFO	CarMaker 14.0.1 - Car_Generic #5	jetbrains@05dcd26e64f8 2025-01-28 11:06:46	(14.0.1 jetbrains@05dcd26e64f8 2025-01-28 10:45:59)
SIM	1747578947	DESKTOP-JF22MNE	User	day6_scenario1	1	16.608	181.287


SYSTEM_START	-	DESKTOP-JF22MNE	DESKTOP-JF22MNE	2025-05-18 23:36:12


SYSTEM_INFO	CarMaker 14.0.1 - Car_Generic #5	jetbrains@05dcd26e64f8 2025-01-28 11:06:46	(14.0.1 jetbrains@05dcd26e64f8 2025-01-28 10:45:59)
SIM	1747578972	DESKTOP-JF22MNE	User	day6_scenario1	1	16.95	183.19


SYSTEM_START	-	DESKTOP-JF22MNE	DESKTOP-JF22MNE	2025-05-18 23:36:45


SYSTEM_INFO	CarMaker 14.0.1 - Car_Generic #5	jetbrains@05dcd26e64f8 2025-01-28 11:06:46	(14.0.1 jetbrains@05dcd26e64f8 2025-01-28 10:45:59)
SIM	1747579005	DESKTOP-JF22MNE	User	day6_scenario1	1	16.95	183.19


SYSTEM_START	-	DESKTOP-JF22MNE	DESKTOP-JF22MNE	2025-05-18 23:37:08


SYSTEM_INFO	CarMaker 14.0.1 - Car_Generic #5	jetbrains@05dcd26e64f8 2025-01-28 11:06:46	(14.0.1 jetbrains@05dcd26e64f8 2025-01-28 10:45:59)
SIM	1747579028	DESKTOP-JF22MNE	User	day6_scenario1	1	16.997	183.42


SYSTEM_START	-	DESKTOP-JF22MNE	DESKTOP-JF22MNE	2025-05-19 02:27:21


SYSTEM_INFO	CarMaker 14.0.1 - Car_Generic #5	jetbrains@05dcd26e64f8 2025-01-28 11:06:46	(14.0.1 jetbrains@05dcd26e64f8 2025-01-28 10:45:59)
SIM	1747589241	DESKTOP-JF22MNE	User	day6_scenario1	1	16.997	183.42


SYSTEM_START	-	DESKTOP-JF22MNE	DESKTOP-JF22MNE	2025-05-19 02:33:30


SYSTEM_INFO	CarMaker 14.0.1 - Car_Generic #5	jetbrains@05dcd26e64f8 2025-01-28 11:06:46	(14.0.1 jetbrains@05dcd26e64f8 2025-01-28 10:45:59)
SIM	1747589610	DESKTOP-JF22MNE	User	day6_scenario1	1	16.95	183.19


SYSTEM_START	-	DESKTOP-JF22MNE	DESKTOP-JF22MNE	2025-05-19 02:36:30


SYSTEM_INFO	CarMaker 14.0.1 - Car_Generic #5	jetbrains@05dcd26e64f8 2025-01-28 11:06:46	(14.0.1 jetbrains@05dcd26e64f8 2025-01-28 10:45:59)
SIM	1747589790	DESKTOP-JF22MNE	User	day6_scenario1	1	16.95	183.19


SYSTEM_START	-	DESKTOP-JF22MNE	DESKTOP-JF22MNE	2025-05-19 02:37:48


SYSTEM_INFO	CarMaker 14.0.1 - Car_Generic #5	jetbrains@05dcd26e64f8 2025-01-28 11:06:46	(14.0.1 jetbrains@05dcd26e64f8 2025-01-28 10:45:59)
SIM	1747589868	DESKTOP-JF22MNE	User	day6_scenario1	1	16.95	183.19


SYSTEM_START	-	DESKTOP-JF22MNE	DESKTOP-JF22MNE	2025-05-19 02:43:06


SYSTEM_INFO	CarMaker 14.0.1 - Car_Generic #5	jetbrains@05dcd26e64f8 2025-01-28 11:06:46	(14.0.1 jetbrains@05dcd26e64f8 2025-01-28 10:45:59)
SIM	1747590187	DESKTOP-JF22MNE	User	day6_scenario1	1	16.95	183.19


SYSTEM_START	-	DESKTOP-JF22MNE	DESKTOP-JF22MNE	2025-05-19 02:47:29


SYSTEM_INFO	CarMaker 14.0.1 - Car_Generic #5	jetbrains@05dcd26e64f8 2025-01-28 11:06:46	(14.0.1 jetbrains@05dcd26e64f8 2025-01-28 10:45:59)
SIM	1747590449	DESKTOP-JF22MNE	User	day6_scenario1	0	8.752	47.3285


SYSTEM_START	-	DESKTOP-JF22MNE	DESKTOP-JF22MNE	2025-05-19 02:47:53


SYSTEM_INFO	CarMaker 14.0.1 - Car_Generic #5	jetbrains@05dcd26e64f8 2025-01-28 11:06:46	(14.0.1 jetbrains@05dcd26e64f8 2025-01-28 10:45:59)
SIM	1747590473	DESKTOP-JF22MNE	User	day6_scenario1	0	16.072	167.11


SYSTEM_START	-	DESKTOP-JF22MNE	DESKTOP-JF22MNE	2025-05-19 03:25:12


SYSTEM_INFO	CarMaker 14.0.1 - Car_Generic #5	jetbrains@05dcd26e64f8 2025-01-28 11:06:46	(14.0.1 jetbrains@05dcd26e64f8 2025-01-28 10:45:59)
SIM	1747592712	DESKTOP-JF22MNE	User	day6_scenario1	0	0	0


SYSTEM_START	-	DESKTOP-JF22MNE	DESKTOP-JF22MNE	2025-05-19 03:26:09


SYSTEM_INFO	CarMaker 14.0.1 - Car_Generic #5	jetbrains@05dcd26e64f8 2025-01-28 11:06:46	(14.0.1 jetbrains@05dcd26e64f8 2025-01-28 10:45:59)
SIM	1747592769	DESKTOP-JF22MNE	User	day6_scenario1	0	0	0


SYSTEM_START	-	DESKTOP-JF22MNE	DESKTOP-JF22MNE	2025-05-19 03:27:10


SYSTEM_INFO	CarMaker 14.0.1 - Car_Generic #5	jetbrains@05dcd26e64f8 2025-01-28 11:06:46	(14.0.1 jetbrains@05dcd26e64f8 2025-01-28 10:45:59)
SIM	1747592830	DESKTOP-JF22MNE	User	day6_scenario1	0	0	0


SYSTEM_START	-	DESKTOP-JF22MNE	DESKTOP-JF22MNE	2025-05-19 03:27:47


SYSTEM_INFO	CarMaker 14.0.1 - Car_Generic #5	jetbrains@05dcd26e64f8 2025-01-28 11:06:46	(14.0.1 jetbrains@05dcd26e64f8 2025-01-28 10:45:59)
SIM	1747592868	DESKTOP-JF22MNE	User	day6_scenario1	0	0	0


SYSTEM_START	-	DESKTOP-JF22MNE	DESKTOP-JF22MNE	2025-05-19 03:31:39


SYSTEM_INFO	CarMaker 14.0.1 - Car_Generic #5	jetbrains@05dcd26e64f8 2025-01-28 11:06:46	(14.0.1 jetbrains@05dcd26e64f8 2025-01-28 10:45:59)
SIM	1747593099	DESKTOP-JF22MNE	User	day6_scenario1	0	0	0


SYSTEM_START	-	DESKTOP-JF22MNE	DESKTOP-JF22MNE	2025-05-19 03:32:29


SYSTEM_INFO	CarMaker 14.0.1 - Car_Generic #5	jetbrains@05dcd26e64f8 2025-01-28 11:06:46	(14.0.1 jetbrains@05dcd26e64f8 2025-01-28 10:45:59)
SIM	1747593149	DESKTOP-JF22MNE	User	day6_scenario1	1	16.95	183.19


SYSTEM_START	-	DESKTOP-JF22MNE	DESKTOP-JF22MNE	2025-05-19 03:33:16


SYSTEM_INFO	CarMaker 14.0.1 - Car_Generic #5	jetbrains@05dcd26e64f8 2025-01-28 11:06:46	(14.0.1 jetbrains@05dcd26e64f8 2025-01-28 10:45:59)
SIM	1747593197	DESKTOP-JF22MNE	User	day6_scenario1	1	16.95	183.19


SYSTEM_START	-	DESKTOP-JF22MNE	DESKTOP-JF22MNE	2025-05-19 03:46:17


SYSTEM_INFO	CarMaker 14.0.1 - Car_Generic #5	jetbrains@05dcd26e64f8 2025-01-28 11:06:46	(14.0.1 jetbrains@05dcd26e64f8 2025-01-28 10:45:59)
SIM	1747593978	DESKTOP-JF22MNE	User	day6_scenario1	1	16.95	183.19


SYSTEM_START	-	DESKTOP-JF22MNE	DESKTOP-JF22MNE	2025-05-19 03:48:18


SYSTEM_INFO	CarMaker 14.0.1 - Car_Generic #5	jetbrains@05dcd26e64f8 2025-01-28 11:06:46	(14.0.1 jetbrains@05dcd26e64f8 2025-01-28 10:45:59)
SIM	1747594098	DESKTOP-JF22MNE	User	day6_scenario1	1	16.229	192.739


SYSTEM_START	-	DESKTOP-JF22MNE	DESKTOP-JF22MNE	2025-05-19 11:21:22


SYSTEM_INFO	CarMaker 14.0.1 - Car_Generic #5	jetbrains@05dcd26e64f8 2025-01-28 11:06:46	(14.0.1 jetbrains@05dcd26e64f8 2025-01-28 10:45:59)
SIM	1747621283	DESKTOP-JF22MNE	User	day6_scenario1	1	16.229	192.739


SYSTEM_START	-	DESKTOP-JF22MNE	DESKTOP-JF22MNE	2025-05-19 11:21:41


SYSTEM_INFO	CarMaker 14.0.1 - Car_Generic #5	jetbrains@05dcd26e64f8 2025-01-28 11:06:46	(14.0.1 jetbrains@05dcd26e64f8 2025-01-28 10:45:59)
SIM	1747621301	DESKTOP-JF22MNE	User	day6_scenario1	1	16.229	192.739


SYSTEM_START	-	DESKTOP-JF22MNE	DESKTOP-JF22MNE	2025-05-19 11:22:48


SYSTEM_INFO	CarMaker 14.0.1 - Car_Generic #5	jetbrains@05dcd26e64f8 2025-01-28 11:06:46	(14.0.1 jetbrains@05dcd26e64f8 2025-01-28 10:45:59)
SIM	1747621368	DESKTOP-JF22MNE	User	day6_scenario1	1	3.827	20.7243


SYSTEM_START	-	DESKTOP-JF22MNE	DESKTOP-JF22MNE	2025-05-19 11:23:30


SYSTEM_INFO	CarMaker 14.0.1 - Car_Generic #5	jetbrains@05dcd26e64f8 2025-01-28 11:06:46	(14.0.1 jetbrains@05dcd26e64f8 2025-01-28 10:45:59)
SIM	1747621410	DESKTOP-JF22MNE	User	day6_scenario1	1	4.989	38.05


SYSTEM_START	-	DESKTOP-JF22MNE	DESKTOP-JF22MNE	2025-05-19 11:23:48


SYSTEM_INFO	CarMaker 14.0.1 - Car_Generic #5	jetbrains@05dcd26e64f8 2025-01-28 11:06:46	(14.0.1 jetbrains@05dcd26e64f8 2025-01-28 10:45:59)
SIM	1747621428	DESKTOP-JF22MNE	User	day6_scenario1	1	27.844	248.284


SYSTEM_START	-	DESKTOP-JF22MNE	DESKTOP-JF22MNE	2025-05-19 11:24:15


SYSTEM_INFO	CarMaker 14.0.1 - Car_Generic #5	jetbrains@05dcd26e64f8 2025-01-28 11:06:46	(14.0.1 jetbrains@05dcd26e64f8 2025-01-28 10:45:59)
SIM	1747621455	DESKTOP-JF22MNE	User	day6_scenario1	1	4.989	38.05


SYSTEM_START	-	DESKTOP-JF22MNE	DESKTOP-JF22MNE	2025-05-19 11:24:29


SYSTEM_INFO	CarMaker 14.0.1 - Car_Generic #5	jetbrains@05dcd26e64f8 2025-01-28 11:06:46	(14.0.1 jetbrains@05dcd26e64f8 2025-01-28 10:45:59)
SIM	1747621469	DESKTOP-JF22MNE	User	day6_scenario1	1	27.844	248.285


SYSTEM_START	-	DESKTOP-JF22MNE	DESKTOP-JF22MNE	2025-05-19 11:34:30


SYSTEM_INFO	CarMaker 14.0.1 - Car_Generic #5	jetbrains@05dcd26e64f8 2025-01-28 11:06:46	(14.0.1 jetbrains@05dcd26e64f8 2025-01-28 10:45:59)
SIM	1747622070	DESKTOP-JF22MNE	User	day6_scenario1	1	13.573	250.653


SYSTEM_START	-	DESKTOP-JF22MNE	DESKTOP-JF22MNE	2025-05-19 11:35:02


SYSTEM_INFO	CarMaker 14.0.1 - Car_Generic #5	jetbrains@05dcd26e64f8 2025-01-28 11:06:46	(14.0.1 jetbrains@05dcd26e64f8 2025-01-28 10:45:59)
SIM	1747622102	DESKTOP-JF22MNE	User	day6_scenario1	1	13.573	250.653


SYSTEM_START	-	DESKTOP-JF22MNE	DESKTOP-JF22MNE	2025-05-19 11:36:20


SYSTEM_INFO	CarMaker 14.0.1 - Car_Generic #5	jetbrains@05dcd26e64f8 2025-01-28 11:06:46	(14.0.1 jetbrains@05dcd26e64f8 2025-01-28 10:45:59)
SIM	1747622180	DESKTOP-JF22MNE	User	day6_scenario1	1	13.573	250.653


SYSTEM_START	-	DESKTOP-JF22MNE	DESKTOP-JF22MNE	2025-05-19 12:10:31


SYSTEM_INFO	CarMaker 14.0.1 - Car_Generic #5	jetbrains@05dcd26e64f8 2025-01-28 11:06:46	(14.0.1 jetbrains@05dcd26e64f8 2025-01-28 10:45:59)
SIM	1747624231	DESKTOP-JF22MNE	User	day6_scenario1	1	109.365	1126.08


SYSTEM_START	-	DESKTOP-JF22MNE	DESKTOP-JF22MNE	2025-05-19 13:53:54


SYSTEM_INFO	CarMaker 14.0.1 - Car_Generic #5	jetbrains@05dcd26e64f8 2025-01-28 11:06:46	(14.0.1 jetbrains@05dcd26e64f8 2025-01-28 10:45:59)
SIM	1747630434	DESKTOP-JF22MNE	User	day6_scenario1	1	58.351	628.201


SYSTEM_START	-	DESKTOP-JF22MNE	DESKTOP-JF22MNE	2025-05-19 14:49:03


SYSTEM_INFO	CarMaker 14.0.1 - Car_Generic #5	jetbrains@05dcd26e64f8 2025-01-28 11:06:46	(14.0.1 jetbrains@05dcd26e64f8 2025-01-28 10:45:59)
SIM	1747633744	DESKTOP-JF22MNE	User	day6_scenario1	1	2.961	7.92504


SYSTEM_START	-	DESKTOP-JF22MNE	DESKTOP-JF22MNE	2025-05-19 14:55:06


SYSTEM_INFO	CarMaker 14.0.1 - Car_Generic #5	jetbrains@05dcd26e64f8 2025-01-28 11:06:46	(14.0.1 jetbrains@05dcd26e64f8 2025-01-28 10:45:59)
SIM	1747634106	DESKTOP-JF22MNE	User	day6_scenario1	1	2.961	7.92504


SYSTEM_START	-	DESKTOP-JF22MNE	DESKTOP-JF22MNE	2025-05-19 14:57:47


SYSTEM_INFO	CarMaker 14.0.1 - Car_Generic #5	jetbrains@05dcd26e64f8 2025-01-28 11:06:46	(14.0.1 jetbrains@05dcd26e64f8 2025-01-28 10:45:59)
SIM	1747634267	DESKTOP-JF22MNE	User	day6_scenario1	0	12.635	7.70052e-06


SYSTEM_START	-	DESKTOP-JF22MNE	DESKTOP-JF22MNE	2025-05-19 14:58:08


SYSTEM_INFO	CarMaker 14.0.1 - Car_Generic #5	jetbrains@05dcd26e64f8 2025-01-28 11:06:46	(14.0.1 jetbrains@05dcd26e64f8 2025-01-28 10:45:59)
SIM	1747634288	DESKTOP-JF22MNE	User	day6_scenario1	1	2.961	7.92504


SYSTEM_START	-	DESKTOP-JF22MNE	DESKTOP-JF22MNE	2025-05-19 15:00:05


SYSTEM_INFO	CarMaker 14.0.1 - Car_Generic #5	jetbrains@05dcd26e64f8 2025-01-28 11:06:46	(14.0.1 jetbrains@05dcd26e64f8 2025-01-28 10:45:59)
SIM	1747634405	DESKTOP-JF22MNE	User	day6_scenario1	1	2.961	7.92504


SYSTEM_START	-	DESKTOP-JF22MNE	DESKTOP-JF22MNE	2025-05-19 15:00:39


SYSTEM_INFO	CarMaker 14.0.1 - Car_Generic #5	jetbrains@05dcd26e64f8 2025-01-28 11:06:46	(14.0.1 jetbrains@05dcd26e64f8 2025-01-28 10:45:59)
SIM	1747634439	DESKTOP-JF22MNE	User	day6_scenario1	1	3.012	8.19793


SYSTEM_START	-	DESKTOP-JF22MNE	DESKTOP-JF22MNE	2025-05-19 15:01:30


SYSTEM_INFO	CarMaker 14.0.1 - Car_Generic #5	jetbrains@05dcd26e64f8 2025-01-28 11:06:46	(14.0.1 jetbrains@05dcd26e64f8 2025-01-28 10:45:59)
SIM	1747634490	DESKTOP-JF22MNE	User	day6_scenario1	0	48.703	242.58


SYSTEM_START	-	DESKTOP-JF22MNE	DESKTOP-JF22MNE	2025-05-19 15:02:10


SYSTEM_INFO	CarMaker 14.0.1 - Car_Generic #5	jetbrains@05dcd26e64f8 2025-01-28 11:06:46	(14.0.1 jetbrains@05dcd26e64f8 2025-01-28 10:45:59)
SIM	1747634530	DESKTOP-JF22MNE	User	day6_scenario1	0	324.115	244.256


SYSTEM_START	-	DESKTOP-JF22MNE	DESKTOP-JF22MNE	2025-05-19 15:03:26


SYSTEM_INFO	CarMaker 14.0.1 - Car_Generic #5	jetbrains@05dcd26e64f8 2025-01-28 11:06:46	(14.0.1 jetbrains@05dcd26e64f8 2025-01-28 10:45:59)
SIM	1747634606	DESKTOP-JF22MNE	User	day6_scenario1	0	27.254	241.727


SYSTEM_START	-	DESKTOP-JF22MNE	DESKTOP-JF22MNE	2025-05-19 15:05:46


SYSTEM_INFO	CarMaker 14.0.1 - Car_Generic #5	jetbrains@05dcd26e64f8 2025-01-28 11:06:46	(14.0.1 jetbrains@05dcd26e64f8 2025-01-28 10:45:59)
SIM	1747634746	DESKTOP-JF22MNE	User	day6_scenario1	0	122.246	242.027


SYSTEM_START	-	DESKTOP-JF22MNE	DESKTOP-JF22MNE	2025-05-19 15:06:46


SYSTEM_INFO	CarMaker 14.0.1 - Car_Generic #5	jetbrains@05dcd26e64f8 2025-01-28 11:06:46	(14.0.1 jetbrains@05dcd26e64f8 2025-01-28 10:45:59)
SIM	1747634806	DESKTOP-JF22MNE	User	day6_scenario1	0	30.979	242.699


SYSTEM_START	-	DESKTOP-JF22MNE	DESKTOP-JF22MNE	2025-05-19 15:11:12


SYSTEM_INFO	CarMaker 14.0.1 - Car_Generic #5	jetbrains@05dcd26e64f8 2025-01-28 11:06:46	(14.0.1 jetbrains@05dcd26e64f8 2025-01-28 10:45:59)
SIM	1747635072	DESKTOP-JF22MNE	User	day6_scenario1	0	97.216	243.526


SYSTEM_START	-	DESKTOP-JF22MNE	DESKTOP-JF22MNE	2025-05-19 15:14:00


SYSTEM_INFO	CarMaker 14.0.1 - Car_Generic #5	jetbrains@05dcd26e64f8 2025-01-28 11:06:46	(14.0.1 jetbrains@05dcd26e64f8 2025-01-28 10:45:59)
SIM	1747635241	DESKTOP-JF22MNE	User	day6_scenario1	0	44.655	242.616


SYSTEM_START	-	DESKTOP-JF22MNE	DESKTOP-JF22MNE	2025-05-19 15:16:58


SYSTEM_INFO	CarMaker 14.0.1 - Car_Generic #5	jetbrains@05dcd26e64f8 2025-01-28 11:06:46	(14.0.1 jetbrains@05dcd26e64f8 2025-01-28 10:45:59)
SIM	1747635419	DESKTOP-JF22MNE	User	day6_scenario1	1	13.937	168.739


SYSTEM_START	-	DESKTOP-JF22MNE	DESKTOP-JF22MNE	2025-05-19 15:18:35


SYSTEM_INFO	CarMaker 14.0.1 - Car_Generic #5	jetbrains@05dcd26e64f8 2025-01-28 11:06:46	(14.0.1 jetbrains@05dcd26e64f8 2025-01-28 10:45:59)
SIM	1747635515	DESKTOP-JF22MNE	User	day6_scenario1	0	90.355	23.7059


SYSTEM_START	-	DESKTOP-JF22MNE	DESKTOP-JF22MNE	2025-05-19 15:19:40


SYSTEM_INFO	CarMaker 14.0.1 - Car_Generic #5	jetbrains@05dcd26e64f8 2025-01-28 11:06:46	(14.0.1 jetbrains@05dcd26e64f8 2025-01-28 10:45:59)
SIM	1747635581	DESKTOP-JF22MNE	User	day6_scenario1	1	13.848	165.802


SYSTEM_START	-	DESKTOP-JF22MNE	DESKTOP-JF22MNE	2025-05-19 15:22:13


SYSTEM_INFO	CarMaker 14.0.1 - Car_Generic #5	jetbrains@05dcd26e64f8 2025-01-28 11:06:46	(14.0.1 jetbrains@05dcd26e64f8 2025-01-28 10:45:59)
SIM	1747635733	DESKTOP-JF22MNE	User	day6_scenario1	1	13.902	167.953


SYSTEM_START	-	DESKTOP-JF22MNE	DESKTOP-JF22MNE	2025-05-19 15:22:32


SYSTEM_INFO	CarMaker 14.0.1 - Car_Generic #5	jetbrains@05dcd26e64f8 2025-01-28 11:06:46	(14.0.1 jetbrains@05dcd26e64f8 2025-01-28 10:45:59)
SIM	1747635752	DESKTOP-JF22MNE	User	day6_scenario1	1	2.429	3.96263


SYSTEM_START	-	DESKTOP-JF22MNE	DESKTOP-JF22MNE	2025-05-19 15:22:50


SYSTEM_INFO	CarMaker 14.0.1 - Car_Generic #5	jetbrains@05dcd26e64f8 2025-01-28 11:06:46	(14.0.1 jetbrains@05dcd26e64f8 2025-01-28 10:45:59)
SIM	1747635770	DESKTOP-JF22MNE	User	day6_scenario1	0	12.215	141.171


SYSTEM_START	-	DESKTOP-JF22MNE	DESKTOP-JF22MNE	2025-05-19 15:23:02


SYSTEM_INFO	CarMaker 14.0.1 - Car_Generic #5	jetbrains@05dcd26e64f8 2025-01-28 11:06:46	(14.0.1 jetbrains@05dcd26e64f8 2025-01-28 10:45:59)
SIM	1747635782	DESKTOP-JF22MNE	User	day6_scenario1	0	12.072	137.524


SYSTEM_START	-	DESKTOP-JF22MNE	DESKTOP-JF22MNE	2025-05-19 15:24:00


SYSTEM_INFO	CarMaker 14.0.1 - Car_Generic #5	jetbrains@05dcd26e64f8 2025-01-28 11:06:46	(14.0.1 jetbrains@05dcd26e64f8 2025-01-28 10:45:59)
SIM	1747635841	DESKTOP-JF22MNE	User	day6_scenario1	0	8.583	70.3386


SYSTEM_START	-	DESKTOP-JF22MNE	DESKTOP-JF22MNE	2025-05-19 15:24:19


SYSTEM_INFO	CarMaker 14.0.1 - Car_Generic #5	jetbrains@05dcd26e64f8 2025-01-28 11:06:46	(14.0.1 jetbrains@05dcd26e64f8 2025-01-28 10:45:59)
SIM	1747635859	DESKTOP-JF22MNE	User	day6_scenario1	1	13.713	160.24


SYSTEM_START	-	DESKTOP-JF22MNE	DESKTOP-JF22MNE	2025-05-19 15:25:55


SYSTEM_INFO	CarMaker 14.0.1 - Car_Generic #5	jetbrains@05dcd26e64f8 2025-01-28 11:06:46	(14.0.1 jetbrains@05dcd26e64f8 2025-01-28 10:45:59)
SIM	1747635955	DESKTOP-JF22MNE	User	day6_scenario1	0	54.387	23.89


SYSTEM_START	-	DESKTOP-JF22MNE	DESKTOP-JF22MNE	2025-05-19 15:26:39


SYSTEM_INFO	CarMaker 14.0.1 - Car_Generic #5	jetbrains@05dcd26e64f8 2025-01-28 11:06:46	(14.0.1 jetbrains@05dcd26e64f8 2025-01-28 10:45:59)
SIM	1747635999	DESKTOP-JF22MNE	User	day6_scenario1	0	29.8	22.677


SYSTEM_START	-	DESKTOP-JF22MNE	DESKTOP-JF22MNE	2025-05-19 15:28:46


SYSTEM_INFO	CarMaker 14.0.1 - Car_Generic #5	jetbrains@05dcd26e64f8 2025-01-28 11:06:46	(14.0.1 jetbrains@05dcd26e64f8 2025-01-28 10:45:59)
SIM	1747636126	DESKTOP-JF22MNE	User	day6_scenario1	0	13.493	20.5938


SYSTEM_START	-	DESKTOP-JF22MNE	DESKTOP-JF22MNE	2025-05-19 15:28:58


SYSTEM_INFO	CarMaker 14.0.1 - Car_Generic #5	jetbrains@05dcd26e64f8 2025-01-28 11:06:46	(14.0.1 jetbrains@05dcd26e64f8 2025-01-28 10:45:59)
SIM	1747636138	DESKTOP-JF22MNE	User	day6_scenario1	1	17.027	187.823


SYSTEM_START	-	DESKTOP-JF22MNE	DESKTOP-JF22MNE	2025-05-19 15:31:10


SYSTEM_INFO	CarMaker 14.0.1 - Car_Generic #5	jetbrains@05dcd26e64f8 2025-01-28 11:06:46	(14.0.1 jetbrains@05dcd26e64f8 2025-01-28 10:45:59)
SIM	1747636270	DESKTOP-JF22MNE	User	day6_scenario1	0	45.271	269.504


SYSTEM_START	-	DESKTOP-JF22MNE	DESKTOP-JF22MNE	2025-05-19 15:32:30


SYSTEM_INFO	CarMaker 14.0.1 - Car_Generic #5	jetbrains@05dcd26e64f8 2025-01-28 11:06:46	(14.0.1 jetbrains@05dcd26e64f8 2025-01-28 10:45:59)
SIM	1747636351	DESKTOP-JF22MNE	User	day6_scenario1	1	13.687	160.453


SYSTEM_START	-	DESKTOP-JF22MNE	DESKTOP-JF22MNE	2025-05-19 15:36:30


SYSTEM_INFO	CarMaker 14.0.1 - Car_Generic #5	jetbrains@05dcd26e64f8 2025-01-28 11:06:46	(14.0.1 jetbrains@05dcd26e64f8 2025-01-28 10:45:59)
SIM	1747636590	DESKTOP-JF22MNE	User	day6_scenario1	1	8.824	69.3741


SYSTEM_START	-	DESKTOP-JF22MNE	DESKTOP-JF22MNE	2025-05-19 15:38:03


SYSTEM_INFO	CarMaker 14.0.1 - Car_Generic #5	jetbrains@05dcd26e64f8 2025-01-28 11:06:46	(14.0.1 jetbrains@05dcd26e64f8 2025-01-28 10:45:59)
SIM	1747636683	DESKTOP-JF22MNE	User	day6_scenario1	1	13.85	165.371


SYSTEM_START	-	DESKTOP-JF22MNE	DESKTOP-JF22MNE	2025-05-19 15:38:27


SYSTEM_INFO	CarMaker 14.0.1 - Car_Generic #5	jetbrains@05dcd26e64f8 2025-01-28 11:06:46	(14.0.1 jetbrains@05dcd26e64f8 2025-01-28 10:45:59)
SIM	1747636708	DESKTOP-JF22MNE	User	day6_scenario1	0	88.397	220.883


SYSTEM_START	-	DESKTOP-JF22MNE	DESKTOP-JF22MNE	2025-05-19 15:40:42


SYSTEM_INFO	CarMaker 14.0.1 - Car_Generic #5	jetbrains@05dcd26e64f8 2025-01-28 11:06:46	(14.0.1 jetbrains@05dcd26e64f8 2025-01-28 10:45:59)
SIM	1747636842	DESKTOP-JF22MNE	User	day6_scenario1	1	13.831	165.441


SYSTEM_START	-	DESKTOP-JF22MNE	DESKTOP-JF22MNE	2025-05-19 15:41:15


SYSTEM_INFO	CarMaker 14.0.1 - Car_Generic #5	jetbrains@05dcd26e64f8 2025-01-28 11:06:46	(14.0.1 jetbrains@05dcd26e64f8 2025-01-28 10:45:59)
SIM	1747636875	DESKTOP-JF22MNE	User	day6_scenario1	1	13.923	166.738


SYSTEM_START	-	DESKTOP-JF22MNE	DESKTOP-JF22MNE	2025-05-19 15:42:27


SYSTEM_INFO	CarMaker 14.0.1 - Car_Generic #5	jetbrains@05dcd26e64f8 2025-01-28 11:06:46	(14.0.1 jetbrains@05dcd26e64f8 2025-01-28 10:45:59)
SIM	1747636947	DESKTOP-JF22MNE	User	day6_scenario1	1	8.811	40.8752


SYSTEM_START	-	DESKTOP-JF22MNE	DESKTOP-JF22MNE	2025-05-19 15:43:48


SYSTEM_INFO	CarMaker 14.0.1 - Car_Generic #5	jetbrains@05dcd26e64f8 2025-01-28 11:06:46	(14.0.1 jetbrains@05dcd26e64f8 2025-01-28 10:45:59)
SIM	1747637028	DESKTOP-JF22MNE	User	day6_scenario1	0	84.835	82.1146


SYSTEM_START	-	DESKTOP-JF22MNE	DESKTOP-JF22MNE	2025-05-19 15:45:48


SYSTEM_INFO	CarMaker 14.0.1 - Car_Generic #5	jetbrains@05dcd26e64f8 2025-01-28 11:06:46	(14.0.1 jetbrains@05dcd26e64f8 2025-01-28 10:45:59)
SIM	1747637148	DESKTOP-JF22MNE	User	day6_scenario1	1	14.095	169.453


SYSTEM_START	-	DESKTOP-JF22MNE	DESKTOP-JF22MNE	2025-05-19 15:46:19


SYSTEM_INFO	CarMaker 14.0.1 - Car_Generic #5	jetbrains@05dcd26e64f8 2025-01-28 11:06:46	(14.0.1 jetbrains@05dcd26e64f8 2025-01-28 10:45:59)
SIM	1747637179	DESKTOP-JF22MNE	User	day6_scenario1	0	36.986	81.273


SYSTEM_START	-	DESKTOP-JF22MNE	DESKTOP-JF22MNE	2025-05-19 15:46:57


SYSTEM_INFO	CarMaker 14.0.1 - Car_Generic #5	jetbrains@05dcd26e64f8 2025-01-28 11:06:46	(14.0.1 jetbrains@05dcd26e64f8 2025-01-28 10:45:59)
SIM	1747637217	DESKTOP-JF22MNE	User	day6_scenario1	0	22.749	71.5829


SYSTEM_START	-	DESKTOP-JF22MNE	DESKTOP-JF22MNE	2025-05-19 15:47:19


SYSTEM_INFO	CarMaker 14.0.1 - Car_Generic #5	jetbrains@05dcd26e64f8 2025-01-28 11:06:46	(14.0.1 jetbrains@05dcd26e64f8 2025-01-28 10:45:59)
SIM	1747637239	DESKTOP-JF22MNE	User	day6_scenario1	1	13.797	164.378


SYSTEM_START	-	DESKTOP-JF22MNE	DESKTOP-JF22MNE	2025-05-19 15:48:01


SYSTEM_INFO	CarMaker 14.0.1 - Car_Generic #5	jetbrains@05dcd26e64f8 2025-01-28 11:06:46	(14.0.1 jetbrains@05dcd26e64f8 2025-01-28 10:45:59)
SIM	1747637282	DESKTOP-JF22MNE	User	day6_scenario1	1	13.927	163.959


SYSTEM_START	-	DESKTOP-JF22MNE	DESKTOP-JF22MNE	2025-05-19 15:48:21


SYSTEM_INFO	CarMaker 14.0.1 - Car_Generic #5	jetbrains@05dcd26e64f8 2025-01-28 11:06:46	(14.0.1 jetbrains@05dcd26e64f8 2025-01-28 10:45:59)
SIM	1747637301	DESKTOP-JF22MNE	User	day6_scenario1	1	2.429	3.96263


SYSTEM_START	-	DESKTOP-JF22MNE	DESKTOP-JF22MNE	2025-05-19 15:48:47


SYSTEM_INFO	CarMaker 14.0.1 - Car_Generic #5	jetbrains@05dcd26e64f8 2025-01-28 11:06:46	(14.0.1 jetbrains@05dcd26e64f8 2025-01-28 10:45:59)
SIM	1747637328	DESKTOP-JF22MNE	User	day6_scenario1	1	6.597	17.6067


SYSTEM_START	-	DESKTOP-JF22MNE	DESKTOP-JF22MNE	2025-05-19 15:49:31


SYSTEM_INFO	CarMaker 14.0.1 - Car_Generic #5	jetbrains@05dcd26e64f8 2025-01-28 11:06:46	(14.0.1 jetbrains@05dcd26e64f8 2025-01-28 10:45:59)
SIM	1747637372	DESKTOP-JF22MNE	User	day6_scenario1	0	40.728	242.245


SYSTEM_START	-	DESKTOP-JF22MNE	DESKTOP-JF22MNE	2025-05-19 16:09:45


SYSTEM_INFO	CarMaker 14.0.1 - Car_Generic #5	jetbrains@05dcd26e64f8 2025-01-28 11:06:46	(14.0.1 jetbrains@05dcd26e64f8 2025-01-28 10:45:59)
SIM	1747638585	DESKTOP-JF22MNE	User	day6_scenario1	0	30.974	241.242


SYSTEM_START	-	DESKTOP-JF22MNE	DESKTOP-JF22MNE	2025-05-19 16:12:03


SYSTEM_INFO	CarMaker 14.0.1 - Car_Generic #5	jetbrains@05dcd26e64f8 2025-01-28 11:06:46	(14.0.1 jetbrains@05dcd26e64f8 2025-01-28 10:45:59)
SIM	1747638723	DESKTOP-JF22MNE	User	day6_scenario1	1	2.379	4.99515


SYSTEM_START	-	DESKTOP-JF22MNE	DESKTOP-JF22MNE	2025-05-19 16:15:08


SYSTEM_INFO	CarMaker 14.0.1 - Car_Generic #5	jetbrains@05dcd26e64f8 2025-01-28 11:06:46	(14.0.1 jetbrains@05dcd26e64f8 2025-01-28 10:45:59)
SIM	1747638908	DESKTOP-JF22MNE	User	day6_scenario1	1	2.379	4.99515


SYSTEM_START	-	DESKTOP-JF22MNE	DESKTOP-JF22MNE	2025-05-19 16:15:23


SYSTEM_INFO	CarMaker 14.0.1 - Car_Generic #5	jetbrains@05dcd26e64f8 2025-01-28 11:06:46	(14.0.1 jetbrains@05dcd26e64f8 2025-01-28 10:45:59)
SIM	1747638923	DESKTOP-JF22MNE	User	day6_scenario1	1	2.379	4.99515


SYSTEM_START	-	DESKTOP-JF22MNE	DESKTOP-JF22MNE	2025-05-19 17:12:12


SYSTEM_INFO	CarMaker 14.0.1 - Car_Generic #5	jetbrains@05dcd26e64f8 2025-01-28 11:06:46	(14.0.1 jetbrains@05dcd26e64f8 2025-01-28 10:45:59)
SIM	1747642333	DESKTOP-JF22MNE	User	day6_scenario1	1	13.573	250.653


SYSTEM_START	-	DESKTOP-JF22MNE	DESKTOP-JF22MNE	2025-05-19 17:17:59


SYSTEM_INFO	CarMaker 14.0.1 - Car_Generic #5	jetbrains@05dcd26e64f8 2025-01-28 11:06:46	(14.0.1 jetbrains@05dcd26e64f8 2025-01-28 10:45:59)
SIM	1747642679	DESKTOP-JF22MNE	User	day6_scenario1	1	64.385	678.17


SYSTEM_START	-	DESKTOP-JF22MNE	DESKTOP-JF22MNE	2025-05-19 17:18:31


SYSTEM_INFO	CarMaker 14.0.1 - Car_Generic #5	jetbrains@05dcd26e64f8 2025-01-28 11:06:46	(14.0.1 jetbrains@05dcd26e64f8 2025-01-28 10:45:59)
SIM	1747642711	DESKTOP-JF22MNE	User	day6_scenario1	1	115.751	1185.94


SYSTEM_START	-	DESKTOP-JF22MNE	DESKTOP-JF22MNE	2025-05-19 17:19:30


SYSTEM_INFO	CarMaker 14.0.1 - Car_Generic #5	jetbrains@05dcd26e64f8 2025-01-28 11:06:46	(14.0.1 jetbrains@05dcd26e64f8 2025-01-28 10:45:59)
SIM	1747642771	DESKTOP-JF22MNE	User	day6_scenario1	1	15.114	252.729


SYSTEM_START	-	DESKTOP-JF22MNE	DESKTOP-JF22MNE	2025-05-19 17:19:45


SYSTEM_INFO	CarMaker 14.0.1 - Car_Generic #5	jetbrains@05dcd26e64f8 2025-01-28 11:06:46	(14.0.1 jetbrains@05dcd26e64f8 2025-01-28 10:45:59)
SIM	1747642785	DESKTOP-JF22MNE	User	day6_scenario1	1	62.298	689.058


SYSTEM_START	-	DESKTOP-JF22MNE	DESKTOP-JF22MNE	2025-05-19 17:21:19


SYSTEM_INFO	CarMaker 14.0.1 - Car_Generic #5	jetbrains@05dcd26e64f8 2025-01-28 11:06:46	(14.0.1 jetbrains@05dcd26e64f8 2025-01-28 10:45:59)
SIM	1747642880	DESKTOP-JF22MNE	User	day6_scenario1	0	59.556	573.551


SYSTEM_START	-	DESKTOP-JF22MNE	DESKTOP-JF22MNE	2025-05-19 17:21:39


SYSTEM_INFO	CarMaker 14.0.1 - Car_Generic #5	jetbrains@05dcd26e64f8 2025-01-28 11:06:46	(14.0.1 jetbrains@05dcd26e64f8 2025-01-28 10:45:59)
SIM	1747642899	DESKTOP-JF22MNE	User	day6_scenario1	1	106.705	1137.69


SYSTEM_START	-	DESKTOP-JF22MNE	DESKTOP-JF22MNE	2025-05-19 17:22:18


SYSTEM_INFO	CarMaker 14.0.1 - Car_Generic #5	jetbrains@05dcd26e64f8 2025-01-28 11:06:46	(14.0.1 jetbrains@05dcd26e64f8 2025-01-28 10:45:59)
SIM	1747642938	DESKTOP-JF22MNE	User	day6_scenario1	1	136.09	1425.06


SYSTEM_START	-	DESKTOP-JF22MNE	DESKTOP-JF22MNE	2025-05-19 17:22:57


SYSTEM_INFO	CarMaker 14.0.1 - Car_Generic #5	jetbrains@05dcd26e64f8 2025-01-28 11:06:46	(14.0.1 jetbrains@05dcd26e64f8 2025-01-28 10:45:59)
SIM	1747642977	DESKTOP-JF22MNE	User	day6_scenario1	0	69.654	731.12


SYSTEM_START	-	DESKTOP-JF22MNE	DESKTOP-JF22MNE	2025-05-19 17:23:19


SYSTEM_INFO	CarMaker 14.0.1 - Car_Generic #5	jetbrains@05dcd26e64f8 2025-01-28 11:06:46	(14.0.1 jetbrains@05dcd26e64f8 2025-01-28 10:45:59)
SIM	1747642999	DESKTOP-JF22MNE	User	day6_scenario1	1	36.849	415.031


SYSTEM_START	-	DESKTOP-JF22MNE	DESKTOP-JF22MNE	2025-05-19 17:23:35


SYSTEM_INFO	CarMaker 14.0.1 - Car_Generic #5	jetbrains@05dcd26e64f8 2025-01-28 11:06:46	(14.0.1 jetbrains@05dcd26e64f8 2025-01-28 10:45:59)
SIM	1747643015	DESKTOP-JF22MNE	User	day6_scenario1	1	129.533	1388.87


SYSTEM_START	-	DESKTOP-JF22MNE	DESKTOP-JF22MNE	2025-05-19 17:36:23


SYSTEM_INFO	CarMaker 14.0.1 - Car_Generic #5	jetbrains@05dcd26e64f8 2025-01-28 11:06:46	(14.0.1 jetbrains@05dcd26e64f8 2025-01-28 10:45:59)
SIM	1747643783	DESKTOP-JF22MNE	User	day6_scenario1	0	28.385	1.55278e-05


SYSTEM_START	-	DESKTOP-JF22MNE	DESKTOP-JF22MNE	2025-05-19 17:39:15


SYSTEM_INFO	CarMaker 14.0.1 - Car_Generic #5	jetbrains@05dcd26e64f8 2025-01-28 11:06:46	(14.0.1 jetbrains@05dcd26e64f8 2025-01-28 10:45:59)
SIM	1747643956	DESKTOP-JF22MNE	User	day6_scenario1	1	6.588	91.1964


SYSTEM_START	-	DESKTOP-JF22MNE	DESKTOP-JF22MNE	2025-05-19 17:39:44


SYSTEM_INFO	CarMaker 14.0.1 - Car_Generic #5	jetbrains@05dcd26e64f8 2025-01-28 11:06:46	(14.0.1 jetbrains@05dcd26e64f8 2025-01-28 10:45:59)
SIM	1747643984	DESKTOP-JF22MNE	User	day6_scenario1	1	6.302	83.1892


SYSTEM_START	-	DESKTOP-JF22MNE	DESKTOP-JF22MNE	2025-05-19 17:42:06


SYSTEM_INFO	CarMaker 14.0.1 - Car_Generic #5	jetbrains@05dcd26e64f8 2025-01-28 11:06:46	(14.0.1 jetbrains@05dcd26e64f8 2025-01-28 10:45:59)
SIM	1747644127	DESKTOP-JF22MNE	User	day6_scenario1	1	6.051	79.0666


SYSTEM_START	-	DESKTOP-JF22MNE	DESKTOP-JF22MNE	2025-05-19 17:43:36


SYSTEM_INFO	CarMaker 14.0.1 - Car_Generic #5	jetbrains@05dcd26e64f8 2025-01-28 11:06:46	(14.0.1 jetbrains@05dcd26e64f8 2025-01-28 10:45:59)
SIM	1747644217	DESKTOP-JF22MNE	User	day6_scenario1	1	3.567	5.06036


SYSTEM_START	-	DESKTOP-JF22MNE	DESKTOP-JF22MNE	2025-05-19 17:46:23


SYSTEM_INFO	CarMaker 14.0.1 - Car_Generic #5	jetbrains@05dcd26e64f8 2025-01-28 11:06:46	(14.0.1 jetbrains@05dcd26e64f8 2025-01-28 10:45:59)
SIM	1747644383	DESKTOP-JF22MNE	User	day6_scenario1	1	6.051	79.0666


SYSTEM_START	-	DESKTOP-JF22MNE	DESKTOP-JF22MNE	2025-05-19 17:48:21


SYSTEM_INFO	CarMaker 14.0.1 - Car_Generic #5	jetbrains@05dcd26e64f8 2025-01-28 11:06:46	(14.0.1 jetbrains@05dcd26e64f8 2025-01-28 10:45:59)
SIM	1747644502	DESKTOP-JF22MNE	User	day6_scenario1	1	6.051	79.0666


SYSTEM_START	-	DESKTOP-JF22MNE	DESKTOP-JF22MNE	2025-05-19 18:14:52


SYSTEM_INFO	CarMaker 14.0.1 - Car_Generic #5	jetbrains@05dcd26e64f8 2025-01-28 11:06:46	(14.0.1 jetbrains@05dcd26e64f8 2025-01-28 10:45:59)
SIM	1747646093	DESKTOP-JF22MNE	User	day6_scenario1	1	6.745	91.9581


SYSTEM_START	-	DESKTOP-JF22MNE	DESKTOP-JF22MNE	2025-05-19 18:17:42


SYSTEM_INFO	CarMaker 14.0.1 - Car_Generic #5	jetbrains@05dcd26e64f8 2025-01-28 11:06:46	(14.0.1 jetbrains@05dcd26e64f8 2025-01-28 10:45:59)
SIM	1747646262	DESKTOP-JF22MNE	User	day6_scenario1	1	6.554	93.4302


SYSTEM_START	-	DESKTOP-JF22MNE	DESKTOP-JF22MNE	2025-05-19 18:18:27


SYSTEM_INFO	CarMaker 14.0.1 - Car_Generic #5	jetbrains@05dcd26e64f8 2025-01-28 11:06:46	(14.0.1 jetbrains@05dcd26e64f8 2025-01-28 10:45:59)
SIM	1747646307	DESKTOP-JF22MNE	User	day6_scenario1	1	6.917	86.8078


SYSTEM_START	-	DESKTOP-JF22MNE	DESKTOP-JF22MNE	2025-05-19 18:19:00


SYSTEM_INFO	CarMaker 14.0.1 - Car_Generic #5	jetbrains@05dcd26e64f8 2025-01-28 11:06:46	(14.0.1 jetbrains@05dcd26e64f8 2025-01-28 10:45:59)
SIM	1747646340	DESKTOP-JF22MNE	User	day6_scenario1	1	6.554	93.4302


SYSTEM_START	-	DESKTOP-JF22MNE	DESKTOP-JF22MNE	2025-05-19 18:21:40


SYSTEM_INFO	CarMaker 14.0.1 - Car_Generic #5	jetbrains@05dcd26e64f8 2025-01-28 11:06:46	(14.0.1 jetbrains@05dcd26e64f8 2025-01-28 10:45:59)
SIM	1747646500	DESKTOP-JF22MNE	User	day6_scenario1	1	6.554	93.4302


SYSTEM_START	-	DESKTOP-JF22MNE	DESKTOP-JF22MNE	2025-05-19 18:22:32


SYSTEM_INFO	CarMaker 14.0.1 - Car_Generic #5	jetbrains@05dcd26e64f8 2025-01-28 11:06:46	(14.0.1 jetbrains@05dcd26e64f8 2025-01-28 10:45:59)
SIM	1747646552	DESKTOP-JF22MNE	User	day6_scenario1	1	6.554	93.4302


SYSTEM_START	-	DESKTOP-JF22MNE	DESKTOP-JF22MNE	2025-05-19 18:23:53


SYSTEM_INFO	CarMaker 14.0.1 - Car_Generic #5	jetbrains@05dcd26e64f8 2025-01-28 11:06:46	(14.0.1 jetbrains@05dcd26e64f8 2025-01-28 10:45:59)
SIM	1747646634	DESKTOP-JF22MNE	User	day6_scenario1	1	6.554	93.4302


SYSTEM_START	-	DESKTOP-JF22MNE	DESKTOP-JF22MNE	2025-05-19 18:24:38


SYSTEM_INFO	CarMaker 14.0.1 - Car_Generic #5	jetbrains@05dcd26e64f8 2025-01-28 11:06:46	(14.0.1 jetbrains@05dcd26e64f8 2025-01-28 10:45:59)
SIM	1747646678	DESKTOP-JF22MNE	User	day6_scenario1	1	6.554	93.4302


SYSTEM_START	-	DESKTOP-JF22MNE	DESKTOP-JF22MNE	2025-05-19 18:24:56


SYSTEM_INFO	CarMaker 14.0.1 - Car_Generic #5	jetbrains@05dcd26e64f8 2025-01-28 11:06:46	(14.0.1 jetbrains@05dcd26e64f8 2025-01-28 10:45:59)
SIM	1747646697	DESKTOP-JF22MNE	User	day6_scenario1	1	6.554	93.4302


SYSTEM_START	-	DESKTOP-JF22MNE	DESKTOP-JF22MNE	2025-05-19 18:28:22


SYSTEM_INFO	CarMaker 14.0.1 - Car_Generic #5	jetbrains@05dcd26e64f8 2025-01-28 11:06:46	(14.0.1 jetbrains@05dcd26e64f8 2025-01-28 10:45:59)
SIM	1747646902	DESKTOP-JF22MNE	User	day6_scenario1	1	6.554	93.4302


SYSTEM_START	-	DESKTOP-JF22MNE	DESKTOP-JF22MNE	2025-05-19 18:38:12


SYSTEM_INFO	CarMaker 14.0.1 - Car_Generic #5	jetbrains@05dcd26e64f8 2025-01-28 11:06:46	(14.0.1 jetbrains@05dcd26e64f8 2025-01-28 10:45:59)
SIM	1747647492	DESKTOP-JF22MNE	User	day6_scenario1	1	6.554	93.4302


SYSTEM_START	-	DESKTOP-JF22MNE	DESKTOP-JF22MNE	2025-05-19 19:23:24


SYSTEM_INFO	CarMaker 14.0.1 - Car_Generic #5	jetbrains@05dcd26e64f8 2025-01-28 11:06:46	(14.0.1 jetbrains@05dcd26e64f8 2025-01-28 10:45:59)
SIM	1747650205	DESKTOP-JF22MNE	User	day6_scenario1	1	6.554	93.4302


SYSTEM_START	-	DESKTOP-JF22MNE	DESKTOP-JF22MNE	2025-05-19 19:29:50


SYSTEM_INFO	CarMaker 14.0.1 - Car_Generic #5	jetbrains@05dcd26e64f8 2025-01-28 11:06:46	(14.0.1 jetbrains@05dcd26e64f8 2025-01-28 10:45:59)
SIM	1747650590	DESKTOP-JF22MNE	User	day6_scenario1	1	6.554	93.4302


SYSTEM_START	-	DESKTOP-JF22MNE	DESKTOP-JF22MNE	2025-05-19 19:44:16


SYSTEM_INFO	CarMaker 14.0.1 - Car_Generic #5	jetbrains@05dcd26e64f8 2025-01-28 11:06:46	(14.0.1 jetbrains@05dcd26e64f8 2025-01-28 10:45:59)
SIM	1747651457	DESKTOP-JF22MNE	User	day6_scenario1	1	6.554	93.4302


SYSTEM_START	-	DESKTOP-JF22MNE	DESKTOP-JF22MNE	2025-05-19 19:45:45


SYSTEM_INFO	CarMaker 14.0.1 - Car_Generic #5	jetbrains@05dcd26e64f8 2025-01-28 11:06:46	(14.0.1 jetbrains@05dcd26e64f8 2025-01-28 10:45:59)
SIM	1747651545	DESKTOP-JF22MNE	User	day6_scenario1	1	12.378	231.328


SYSTEM_START	-	DESKTOP-JF22MNE	DESKTOP-JF22MNE	2025-05-19 19:46:45


SYSTEM_INFO	CarMaker 14.0.1 - Car_Generic #5	jetbrains@05dcd26e64f8 2025-01-28 11:06:46	(14.0.1 jetbrains@05dcd26e64f8 2025-01-28 10:45:59)
SIM	1747651606	DESKTOP-JF22MNE	User	day6_scenario1	1	12.378	231.328


SYSTEM_START	-	DESKTOP-JF22MNE	DESKTOP-JF22MNE	2025-05-19 19:48:50


SYSTEM_INFO	CarMaker 14.0.1 - Car_Generic #5	jetbrains@05dcd26e64f8 2025-01-28 11:06:46	(14.0.1 jetbrains@05dcd26e64f8 2025-01-28 10:45:59)
SIM	1747651730	DESKTOP-JF22MNE	User	day6_scenario1	1	19.903	229.325


SYSTEM_START	-	DESKTOP-JF22MNE	DESKTOP-JF22MNE	2025-05-19 19:50:59


SYSTEM_INFO	CarMaker 14.0.1 - Car_Generic #5	jetbrains@05dcd26e64f8 2025-01-28 11:06:46	(14.0.1 jetbrains@05dcd26e64f8 2025-01-28 10:45:59)
SIM	1747651860	DESKTOP-JF22MNE	User	day6_scenario1	1	19.903	229.325


SYSTEM_START	-	DESKTOP-JF22MNE	DESKTOP-JF22MNE	2025-05-19 19:51:17


SYSTEM_INFO	CarMaker 14.0.1 - Car_Generic #5	jetbrains@05dcd26e64f8 2025-01-28 11:06:46	(14.0.1 jetbrains@05dcd26e64f8 2025-01-28 10:45:59)
SIM	1747651877	DESKTOP-JF22MNE	User	day6_scenario1	1	43.619	213.846


SYSTEM_START	-	DESKTOP-JF22MNE	DESKTOP-JF22MNE	2025-05-19 19:52:27


SYSTEM_INFO	CarMaker 14.0.1 - Car_Generic #5	jetbrains@05dcd26e64f8 2025-01-28 11:06:46	(14.0.1 jetbrains@05dcd26e64f8 2025-01-28 10:45:59)
SIM	1747651947	DESKTOP-JF22MNE	User	day6_scenario1	0	57.371	6.34173


SYSTEM_START	-	DESKTOP-JF22MNE	DESKTOP-JF22MNE	2025-05-19 19:53:05


SYSTEM_INFO	CarMaker 14.0.1 - Car_Generic #5	jetbrains@05dcd26e64f8 2025-01-28 11:06:46	(14.0.1 jetbrains@05dcd26e64f8 2025-01-28 10:45:59)
SIM	1747651986	DESKTOP-JF22MNE	User	day6_scenario1	0	25.416	6.26651


SYSTEM_START	-	DESKTOP-JF22MNE	DESKTOP-JF22MNE	2025-05-19 19:53:32


SYSTEM_INFO	CarMaker 14.0.1 - Car_Generic #5	jetbrains@05dcd26e64f8 2025-01-28 11:06:46	(14.0.1 jetbrains@05dcd26e64f8 2025-01-28 10:45:59)
SIM	1747652012	DESKTOP-JF22MNE	User	day6_scenario1	0	36.534	28.6178


SYSTEM_START	-	DESKTOP-JF22MNE	DESKTOP-JF22MNE	2025-05-19 19:53:57


SYSTEM_INFO	CarMaker 14.0.1 - Car_Generic #5	jetbrains@05dcd26e64f8 2025-01-28 11:06:46	(14.0.1 jetbrains@05dcd26e64f8 2025-01-28 10:45:59)
SIM	1747652037	DESKTOP-JF22MNE	User	day6_scenario1	0	17.824	50.8541


SYSTEM_START	-	DESKTOP-JF22MNE	DESKTOP-JF22MNE	2025-05-19 19:54:15


SYSTEM_INFO	CarMaker 14.0.1 - Car_Generic #5	jetbrains@05dcd26e64f8 2025-01-28 11:06:46	(14.0.1 jetbrains@05dcd26e64f8 2025-01-28 10:45:59)
SIM	1747652055	DESKTOP-JF22MNE	User	day6_scenario1	1	147.521	737.383


SYSTEM_START	-	DESKTOP-JF22MNE	DESKTOP-JF22MNE	2025-05-19 19:55:05


SYSTEM_INFO	CarMaker 14.0.1 - Car_Generic #5	jetbrains@05dcd26e64f8 2025-01-28 11:06:46	(14.0.1 jetbrains@05dcd26e64f8 2025-01-28 10:45:59)
SIM	1747652105	DESKTOP-JF22MNE	User	day6_scenario1	1	147.58	737.748


SYSTEM_START	-	DESKTOP-JF22MNE	DESKTOP-JF22MNE	2025-05-19 19:56:30


SYSTEM_INFO	CarMaker 14.0.1 - Car_Generic #5	jetbrains@05dcd26e64f8 2025-01-28 11:06:46	(14.0.1 jetbrains@05dcd26e64f8 2025-01-28 10:45:59)
SIM	1747652191	DESKTOP-JF22MNE	User	day6_scenario1	1	74.12	739.592


SYSTEM_START	-	DESKTOP-JF22MNE	DESKTOP-JF22MNE	2025-05-19 20:27:38


SYSTEM_INFO	CarMaker 14.0.1 - Car_Generic #5	jetbrains@05dcd26e64f8 2025-01-28 11:06:46	(14.0.1 jetbrains@05dcd26e64f8 2025-01-28 10:45:59)
SIM	1747654058	DESKTOP-JF22MNE	User	day6_scenario1	1	74.12	739.592


SYSTEM_START	-	DESKTOP-JF22MNE	DESKTOP-JF22MNE	2025-05-19 20:30:26


SYSTEM_INFO	CarMaker 14.0.1 - Car_Generic #5	jetbrains@05dcd26e64f8 2025-01-28 11:06:46	(14.0.1 jetbrains@05dcd26e64f8 2025-01-28 10:45:59)
SIM	1747654227	DESKTOP-JF22MNE	User	day6_scenario1	1	74.034	739.57


SYSTEM_START	-	DESKTOP-JF22MNE	DESKTOP-JF22MNE	2025-05-19 20:41:42


SYSTEM_INFO	CarMaker 14.0.1 - Car_Generic #5	jetbrains@05dcd26e64f8 2025-01-28 11:06:46	(14.0.1 jetbrains@05dcd26e64f8 2025-01-28 10:45:59)
SIM	1747654902	DESKTOP-JF22MNE	User	day6_scenario1	1	76.306	763.9


SYSTEM_START	-	DESKTOP-JF22MNE	DESKTOP-JF22MNE	2025-05-19 20:44:16


SYSTEM_INFO	CarMaker 14.0.1 - Car_Generic #5	jetbrains@05dcd26e64f8 2025-01-28 11:06:46	(14.0.1 jetbrains@05dcd26e64f8 2025-01-28 10:45:59)
SIM	1747655056	DESKTOP-JF22MNE	User	day6_scenario1	1	76.306	763.9


SYSTEM_START	-	DESKTOP-JF22MNE	DESKTOP-JF22MNE	2025-05-19 20:45:38


SYSTEM_INFO	CarMaker 14.0.1 - Car_Generic #5	jetbrains@05dcd26e64f8 2025-01-28 11:06:46	(14.0.1 jetbrains@05dcd26e64f8 2025-01-28 10:45:59)
SIM	1747655138	DESKTOP-JF22MNE	User	day6_scenario1	1	79.434	794.133


SYSTEM_START	-	DESKTOP-JF22MNE	DESKTOP-JF22MNE	2025-05-19 20:46:20


SYSTEM_INFO	CarMaker 14.0.1 - Car_Generic #5	jetbrains@05dcd26e64f8 2025-01-28 11:06:46	(14.0.1 jetbrains@05dcd26e64f8 2025-01-28 10:45:59)
SIM	1747655180	DESKTOP-JF22MNE	User	day6_scenario1	1	75.75	758.065


SYSTEM_START	-	DESKTOP-JF22MNE	DESKTOP-JF22MNE	2025-05-19 20:47:29


SYSTEM_INFO	CarMaker 14.0.1 - Car_Generic #5	jetbrains@05dcd26e64f8 2025-01-28 11:06:46	(14.0.1 jetbrains@05dcd26e64f8 2025-01-28 10:45:59)
SIM	1747655250	DESKTOP-JF22MNE	User	day6_scenario1	1	75.789	758.475


SYSTEM_START	-	DESKTOP-JF22MNE	DESKTOP-JF22MNE	2025-05-19 20:48:11


SYSTEM_INFO	CarMaker 14.0.1 - Car_Generic #5	jetbrains@05dcd26e64f8 2025-01-28 11:06:46	(14.0.1 jetbrains@05dcd26e64f8 2025-01-28 10:45:59)
SIM	1747655291	DESKTOP-JF22MNE	User	day6_scenario1	1	75.564	756.237


SYSTEM_START	-	DESKTOP-JF22MNE	DESKTOP-JF22MNE	2025-05-19 20:48:49


SYSTEM_INFO	CarMaker 14.0.1 - Car_Generic #5	jetbrains@05dcd26e64f8 2025-01-28 11:06:46	(14.0.1 jetbrains@05dcd26e64f8 2025-01-28 10:45:59)
SIM	1747655329	DESKTOP-JF22MNE	User	day6_scenario1	0	179.854	1799


SYSTEM_START	-	DESKTOP-JF22MNE	DESKTOP-JF22MNE	2025-05-19 20:49:47


SYSTEM_INFO	CarMaker 14.0.1 - Car_Generic #5	jetbrains@05dcd26e64f8 2025-01-28 11:06:46	(14.0.1 jetbrains@05dcd26e64f8 2025-01-28 10:45:59)
SIM	1747655387	DESKTOP-JF22MNE	User	day6_scenario1	0	128.444	1284.53


SYSTEM_START	-	DESKTOP-JF22MNE	DESKTOP-JF22MNE	2025-05-19 20:50:22


SYSTEM_INFO	CarMaker 14.0.1 - Car_Generic #5	jetbrains@05dcd26e64f8 2025-01-28 11:06:46	(14.0.1 jetbrains@05dcd26e64f8 2025-01-28 10:45:59)
SIM	1747655422	DESKTOP-JF22MNE	User	day6_scenario1	1	75.789	758.475


SYSTEM_START	-	DESKTOP-JF22MNE	DESKTOP-JF22MNE	2025-05-19 20:51:02


SYSTEM_INFO	CarMaker 14.0.1 - Car_Generic #5	jetbrains@05dcd26e64f8 2025-01-28 11:06:46	(14.0.1 jetbrains@05dcd26e64f8 2025-01-28 10:45:59)
SIM	1747655462	DESKTOP-JF22MNE	User	day6_scenario1	1	29.81	298.552


SYSTEM_START	-	DESKTOP-JF22MNE	DESKTOP-JF22MNE	2025-05-19 20:51:30


SYSTEM_INFO	CarMaker 14.0.1 - Car_Generic #5	jetbrains@05dcd26e64f8 2025-01-28 11:06:46	(14.0.1 jetbrains@05dcd26e64f8 2025-01-28 10:45:59)
SIM	1747655490	DESKTOP-JF22MNE	User	day6_scenario1	1	29.734	297.777


SYSTEM_START	-	DESKTOP-JF22MNE	DESKTOP-JF22MNE	2025-05-19 20:51:58


SYSTEM_INFO	CarMaker 14.0.1 - Car_Generic #5	jetbrains@05dcd26e64f8 2025-01-28 11:06:46	(14.0.1 jetbrains@05dcd26e64f8 2025-01-28 10:45:59)
SIM	1747655518	DESKTOP-JF22MNE	User	day6_scenario1	1	29.471	295.127


SYSTEM_START	-	DESKTOP-JF22MNE	DESKTOP-JF22MNE	2025-05-19 20:52:24


SYSTEM_INFO	CarMaker 14.0.1 - Car_Generic #5	jetbrains@05dcd26e64f8 2025-01-28 11:06:46	(14.0.1 jetbrains@05dcd26e64f8 2025-01-28 10:45:59)
SIM	1747655544	DESKTOP-JF22MNE	User	day6_scenario1	1	75.978	760.458


SYSTEM_START	-	DESKTOP-JF22MNE	DESKTOP-JF22MNE	2025-05-19 20:52:50


SYSTEM_INFO	CarMaker 14.0.1 - Car_Generic #5	jetbrains@05dcd26e64f8 2025-01-28 11:06:46	(14.0.1 jetbrains@05dcd26e64f8 2025-01-28 10:45:59)
SIM	1747655571	DESKTOP-JF22MNE	User	day6_scenario1	0	93.033	930.51


SYSTEM_START	-	DESKTOP-JF22MNE	DESKTOP-JF22MNE	2025-05-19 20:53:28


SYSTEM_INFO	CarMaker 14.0.1 - Car_Generic #5	jetbrains@05dcd26e64f8 2025-01-28 11:06:46	(14.0.1 jetbrains@05dcd26e64f8 2025-01-28 10:45:59)
SIM	1747655608	DESKTOP-JF22MNE	User	day6_scenario1	1	76.148	762.187


SYSTEM_START	-	DESKTOP-JF22MNE	DESKTOP-JF22MNE	2025-05-19 20:54:04


SYSTEM_INFO	CarMaker 14.0.1 - Car_Generic #5	jetbrains@05dcd26e64f8 2025-01-28 11:06:46	(14.0.1 jetbrains@05dcd26e64f8 2025-01-28 10:45:59)
SIM	1747655644	DESKTOP-JF22MNE	User	day6_scenario1	0	167.589	1676.15


SYSTEM_START	-	DESKTOP-JF22MNE	DESKTOP-JF22MNE	2025-05-19 20:54:51


SYSTEM_INFO	CarMaker 14.0.1 - Car_Generic #5	jetbrains@05dcd26e64f8 2025-01-28 11:06:46	(14.0.1 jetbrains@05dcd26e64f8 2025-01-28 10:45:59)
SIM	1747655692	DESKTOP-JF22MNE	User	day6_scenario1	0	186.872	1868.92


SYSTEM_START	-	DESKTOP-JF22MNE	DESKTOP-JF22MNE	2025-05-19 21:05:52


SYSTEM_INFO	CarMaker 14.0.1 - Car_Generic #5	jetbrains@05dcd26e64f8 2025-01-28 11:06:46	(14.0.1 jetbrains@05dcd26e64f8 2025-01-28 10:45:59)
SIM	1747656352	DESKTOP-JF22MNE	User	day6_scenario1	0	25.3	253.078


SYSTEM_START	-	DESKTOP-JF22MNE	DESKTOP-JF22MNE	2025-05-19 21:13:36


SYSTEM_INFO	CarMaker 14.0.1 - Car_Generic #5	jetbrains@05dcd26e64f8 2025-01-28 11:06:46	(14.0.1 jetbrains@05dcd26e64f8 2025-01-28 10:45:59)
SIM	1747656816	DESKTOP-JF22MNE	User	day6_scenario1	0	24.181	241.792


SYSTEM_START	-	DESKTOP-JF22MNE	DESKTOP-JF22MNE	2025-05-19 21:26:31


SYSTEM_INFO	CarMaker 14.0.1 - Car_Generic #5	jetbrains@05dcd26e64f8 2025-01-28 11:06:46	(14.0.1 jetbrains@05dcd26e64f8 2025-01-28 10:45:59)
SIM	1747657591	DESKTOP-JF22MNE	User	day6_scenario1	1	21.68	216.933


SYSTEM_START	-	DESKTOP-JF22MNE	DESKTOP-JF22MNE	2025-05-19 21:26:42


SYSTEM_INFO	CarMaker 14.0.1 - Car_Generic #5	jetbrains@05dcd26e64f8 2025-01-28 11:06:46	(14.0.1 jetbrains@05dcd26e64f8 2025-01-28 10:45:59)
SIM	1747657602	DESKTOP-JF22MNE	User	day6_scenario1	1	21.68	216.933


SYSTEM_START	-	DESKTOP-JF22MNE	DESKTOP-JF22MNE	2025-05-19 21:27:09


SYSTEM_INFO	CarMaker 14.0.1 - Car_Generic #5	jetbrains@05dcd26e64f8 2025-01-28 11:06:46	(14.0.1 jetbrains@05dcd26e64f8 2025-01-28 10:45:59)
SIM	1747657629	DESKTOP-JF22MNE	User	day6_scenario1	1	16.709	166.949


SYSTEM_START	-	DESKTOP-JF22MNE	DESKTOP-JF22MNE	2025-05-19 21:28:11


SYSTEM_INFO	CarMaker 14.0.1 - Car_Generic #5	jetbrains@05dcd26e64f8 2025-01-28 11:06:46	(14.0.1 jetbrains@05dcd26e64f8 2025-01-28 10:45:59)
SIM	1747657692	DESKTOP-JF22MNE	User	day6_scenario1	1	65.275	653.562


SYSTEM_START	-	DESKTOP-JF22MNE	DESKTOP-JF22MNE	2025-05-19 21:28:55


SYSTEM_INFO	CarMaker 14.0.1 - Car_Generic #5	jetbrains@05dcd26e64f8 2025-01-28 11:06:46	(14.0.1 jetbrains@05dcd26e64f8 2025-01-28 10:45:59)
SIM	1747657735	DESKTOP-JF22MNE	User	day6_scenario1	1	83.131	831.903


SYSTEM_START	-	DESKTOP-JF22MNE	DESKTOP-JF22MNE	2025-05-19 21:29:40


SYSTEM_INFO	CarMaker 14.0.1 - Car_Generic #5	jetbrains@05dcd26e64f8 2025-01-28 11:06:46	(14.0.1 jetbrains@05dcd26e64f8 2025-01-28 10:45:59)
SIM	1747657780	DESKTOP-JF22MNE	User	day6_scenario1	1	24.412	244.054


SYSTEM_START	-	DESKTOP-JF22MNE	DESKTOP-JF22MNE	2025-05-19 21:30:34


SYSTEM_INFO	CarMaker 14.0.1 - Car_Generic #5	jetbrains@05dcd26e64f8 2025-01-28 11:06:46	(14.0.1 jetbrains@05dcd26e64f8 2025-01-28 10:45:59)
SIM	1747657834	DESKTOP-JF22MNE	User	day6_scenario1	1	82.468	825.452


SYSTEM_START	-	DESKTOP-JF22MNE	DESKTOP-JF22MNE	2025-05-19 21:31:08


SYSTEM_INFO	CarMaker 14.0.1 - Car_Generic #5	jetbrains@05dcd26e64f8 2025-01-28 11:06:46	(14.0.1 jetbrains@05dcd26e64f8 2025-01-28 10:45:59)
SIM	1747657868	DESKTOP-JF22MNE	User	day6_scenario1	1	41.649	416.964


SYSTEM_START	-	DESKTOP-JF22MNE	DESKTOP-JF22MNE	2025-05-19 21:31:41


SYSTEM_INFO	CarMaker 14.0.1 - Car_Generic #5	jetbrains@05dcd26e64f8 2025-01-28 11:06:46	(14.0.1 jetbrains@05dcd26e64f8 2025-01-28 10:45:59)
SIM	1747657901	DESKTOP-JF22MNE	User	day6_scenario1	0	33.82	338.469


SYSTEM_START	-	DESKTOP-JF22MNE	DESKTOP-JF22MNE	2025-05-19 21:32:11


SYSTEM_INFO	CarMaker 14.0.1 - Car_Generic #5	jetbrains@05dcd26e64f8 2025-01-28 11:06:46	(14.0.1 jetbrains@05dcd26e64f8 2025-01-28 10:45:59)
SIM	1747657931	DESKTOP-JF22MNE	User	day6_scenario1	1	82.518	825.966


SYSTEM_START	-	DESKTOP-JF22MNE	DESKTOP-JF22MNE	2025-05-19 21:33:31


SYSTEM_INFO	CarMaker 14.0.1 - Car_Generic #5	jetbrains@05dcd26e64f8 2025-01-28 11:06:46	(14.0.1 jetbrains@05dcd26e64f8 2025-01-28 10:45:59)
SIM	1747658011	DESKTOP-JF22MNE	User	day6_scenario1	0	26.208	262.656


SYSTEM_START	-	DESKTOP-JF22MNE	DESKTOP-JF22MNE	2025-05-19 21:34:03


SYSTEM_INFO	CarMaker 14.0.1 - Car_Generic #5	jetbrains@05dcd26e64f8 2025-01-28 11:06:46	(14.0.1 jetbrains@05dcd26e64f8 2025-01-28 10:45:59)
SIM	1747658043	DESKTOP-JF22MNE	User	day6_scenario1	0	27.849	279.17


SYSTEM_START	-	DESKTOP-JF22MNE	DESKTOP-JF22MNE	2025-05-19 21:34:29


SYSTEM_INFO	CarMaker 14.0.1 - Car_Generic #5	jetbrains@05dcd26e64f8 2025-01-28 11:06:46	(14.0.1 jetbrains@05dcd26e64f8 2025-01-28 10:45:59)
SIM	1747658069	DESKTOP-JF22MNE	User	day6_scenario1	0	24.593	246.387


SYSTEM_START	-	DESKTOP-JF22MNE	DESKTOP-JF22MNE	2025-05-19 21:36:12


SYSTEM_INFO	CarMaker 14.0.1 - Car_Generic #5	jetbrains@05dcd26e64f8 2025-01-28 11:06:46	(14.0.1 jetbrains@05dcd26e64f8 2025-01-28 10:45:59)
SIM	1747658173	DESKTOP-JF22MNE	User	day6_scenario1	0	24.288	243.316


SYSTEM_START	-	DESKTOP-JF22MNE	DESKTOP-JF22MNE	2025-05-19 21:36:45


SYSTEM_INFO	CarMaker 14.0.1 - Car_Generic #5	jetbrains@05dcd26e64f8 2025-01-28 11:06:46	(14.0.1 jetbrains@05dcd26e64f8 2025-01-28 10:45:59)
SIM	1747658205	DESKTOP-JF22MNE	User	day6_scenario1	1	32.27	323.187


SYSTEM_START	-	DESKTOP-JF22MNE	DESKTOP-JF22MNE	2025-05-19 21:37:29


SYSTEM_INFO	CarMaker 14.0.1 - Car_Generic #5	jetbrains@05dcd26e64f8 2025-01-28 11:06:46	(14.0.1 jetbrains@05dcd26e64f8 2025-01-28 10:45:59)
SIM	1747658249	DESKTOP-JF22MNE	User	day6_scenario1	1	32.336	323.837


SYSTEM_START	-	DESKTOP-JF22MNE	DESKTOP-JF22MNE	2025-05-19 21:38:05


SYSTEM_INFO	CarMaker 14.0.1 - Car_Generic #5	jetbrains@05dcd26e64f8 2025-01-28 11:06:46	(14.0.1 jetbrains@05dcd26e64f8 2025-01-28 10:45:59)
SIM	1747658285	DESKTOP-JF22MNE	User	day6_scenario1	0	29.145	292.089


SYSTEM_START	-	DESKTOP-JF22MNE	DESKTOP-JF22MNE	2025-05-19 21:38:39


SYSTEM_INFO	CarMaker 14.0.1 - Car_Generic #5	jetbrains@05dcd26e64f8 2025-01-28 11:06:46	(14.0.1 jetbrains@05dcd26e64f8 2025-01-28 10:45:59)
SIM	1747658319	DESKTOP-JF22MNE	User	day6_scenario1	1	31.83	318.922


SYSTEM_START	-	DESKTOP-JF22MNE	DESKTOP-JF22MNE	2025-05-19 21:39:49


SYSTEM_INFO	CarMaker 14.0.1 - Car_Generic #5	jetbrains@05dcd26e64f8 2025-01-28 11:06:46	(14.0.1 jetbrains@05dcd26e64f8 2025-01-28 10:45:59)
SIM	1747658389	DESKTOP-JF22MNE	User	day6_scenario1	0	27.592	276.472


SYSTEM_START	-	DESKTOP-JF22MNE	DESKTOP-JF22MNE	2025-05-19 21:40:34


SYSTEM_INFO	CarMaker 14.0.1 - Car_Generic #5	jetbrains@05dcd26e64f8 2025-01-28 11:06:46	(14.0.1 jetbrains@05dcd26e64f8 2025-01-28 10:45:59)
SIM	1747658434	DESKTOP-JF22MNE	User	day6_scenario1	1	31.947	319.961


SYSTEM_START	-	DESKTOP-JF22MNE	DESKTOP-JF22MNE	2025-05-19 21:41:16


SYSTEM_INFO	CarMaker 14.0.1 - Car_Generic #5	jetbrains@05dcd26e64f8 2025-01-28 11:06:46	(14.0.1 jetbrains@05dcd26e64f8 2025-01-28 10:45:59)
SIM	1747658476	DESKTOP-JF22MNE	User	day6_scenario1	1	31.972	320.174


SYSTEM_START	-	DESKTOP-JF22MNE	DESKTOP-JF22MNE	2025-05-19 21:41:47


SYSTEM_INFO	CarMaker 14.0.1 - Car_Generic #5	jetbrains@05dcd26e64f8 2025-01-28 11:06:46	(14.0.1 jetbrains@05dcd26e64f8 2025-01-28 10:45:59)
SIM	1747658507	DESKTOP-JF22MNE	User	day6_scenario1	1	32.029	321.68


SYSTEM_START	-	DESKTOP-JF22MNE	DESKTOP-JF22MNE	2025-05-19 21:42:21


SYSTEM_INFO	CarMaker 14.0.1 - Car_Generic #5	jetbrains@05dcd26e64f8 2025-01-28 11:06:46	(14.0.1 jetbrains@05dcd26e64f8 2025-01-28 10:45:59)
SIM	1747658541	DESKTOP-JF22MNE	User	day6_scenario1	1	32.361	324.544


SYSTEM_START	-	DESKTOP-JF22MNE	DESKTOP-JF22MNE	2025-05-19 21:42:54


SYSTEM_INFO	CarMaker 14.0.1 - Car_Generic #5	jetbrains@05dcd26e64f8 2025-01-28 11:06:46	(14.0.1 jetbrains@05dcd26e64f8 2025-01-28 10:45:59)
SIM	1747658574	DESKTOP-JF22MNE	User	day6_scenario1	1	33.215	333.031


SYSTEM_START	-	DESKTOP-JF22MNE	DESKTOP-JF22MNE	2025-05-19 21:43:29


SYSTEM_INFO	CarMaker 14.0.1 - Car_Generic #5	jetbrains@05dcd26e64f8 2025-01-28 11:06:46	(14.0.1 jetbrains@05dcd26e64f8 2025-01-28 10:45:59)
SIM	1747658609	DESKTOP-JF22MNE	User	day6_scenario1	1	31.838	319.508


SYSTEM_START	-	DESKTOP-JF22MNE	DESKTOP-JF22MNE	2025-05-19 21:48:58


SYSTEM_INFO	CarMaker 14.0.1 - Car_Generic #5	jetbrains@05dcd26e64f8 2025-01-28 11:06:46	(14.0.1 jetbrains@05dcd26e64f8 2025-01-28 10:45:59)
SIM	1747658938	DESKTOP-JF22MNE	User	day6_scenario1	1	38.986	391.035


SYSTEM_START	-	DESKTOP-JF22MNE	DESKTOP-JF22MNE	2025-05-19 21:49:45


SYSTEM_INFO	CarMaker 14.0.1 - Car_Generic #5	jetbrains@05dcd26e64f8 2025-01-28 11:06:46	(14.0.1 jetbrains@05dcd26e64f8 2025-01-28 10:45:59)
SIM	1747658986	DESKTOP-JF22MNE	User	day6_scenario1	1	32.157	323.101


SYSTEM_START	-	DESKTOP-JF22MNE	DESKTOP-JF22MNE	2025-05-19 21:51:54


SYSTEM_INFO	CarMaker 14.0.1 - Car_Generic #5	jetbrains@05dcd26e64f8 2025-01-28 11:06:46	(14.0.1 jetbrains@05dcd26e64f8 2025-01-28 10:45:59)
SIM	1747659114	DESKTOP-JF22MNE	User	day6_scenario1	0	27.451	276.249


SYSTEM_START	-	DESKTOP-JF22MNE	DESKTOP-JF22MNE	2025-05-19 21:52:27


SYSTEM_INFO	CarMaker 14.0.1 - Car_Generic #5	jetbrains@05dcd26e64f8 2025-01-28 11:06:46	(14.0.1 jetbrains@05dcd26e64f8 2025-01-28 10:45:59)
SIM	1747659147	DESKTOP-JF22MNE	User	day6_scenario1	1	25.895	260.708


SYSTEM_START	-	DESKTOP-JF22MNE	DESKTOP-JF22MNE	2025-05-19 21:53:03


SYSTEM_INFO	CarMaker 14.0.1 - Car_Generic #5	jetbrains@05dcd26e64f8 2025-01-28 11:06:46	(14.0.1 jetbrains@05dcd26e64f8 2025-01-28 10:45:59)
SIM	1747659183	DESKTOP-JF22MNE	User	day6_scenario1	1	31.445	316.316


SYSTEM_START	-	DESKTOP-JF22MNE	DESKTOP-JF22MNE	2025-05-19 21:54:50


SYSTEM_INFO	CarMaker 14.0.1 - Car_Generic #5	jetbrains@05dcd26e64f8 2025-01-28 11:06:46	(14.0.1 jetbrains@05dcd26e64f8 2025-01-28 10:45:59)
SIM	1747659290	DESKTOP-JF22MNE	User	day6_scenario1	0	17.638	177.198


SYSTEM_START	-	DESKTOP-JF22MNE	DESKTOP-JF22MNE	2025-05-19 21:55:05


SYSTEM_INFO	CarMaker 14.0.1 - Car_Generic #5	jetbrains@05dcd26e64f8 2025-01-28 11:06:46	(14.0.1 jetbrains@05dcd26e64f8 2025-01-28 10:45:59)
SIM	1747659305	DESKTOP-JF22MNE	User	day6_scenario1	1	38.986	391.035


SYSTEM_START	-	DESKTOP-JF22MNE	DESKTOP-JF22MNE	2025-05-19 21:55:40


SYSTEM_INFO	CarMaker 14.0.1 - Car_Generic #5	jetbrains@05dcd26e64f8 2025-01-28 11:06:46	(14.0.1 jetbrains@05dcd26e64f8 2025-01-28 10:45:59)
SIM	1747659341	DESKTOP-JF22MNE	User	day6_scenario1	1	36.364	365.026


SYSTEM_START	-	DESKTOP-JF22MNE	DESKTOP-JF22MNE	2025-05-19 21:56:17


SYSTEM_INFO	CarMaker 14.0.1 - Car_Generic #5	jetbrains@05dcd26e64f8 2025-01-28 11:06:46	(14.0.1 jetbrains@05dcd26e64f8 2025-01-28 10:45:59)
SIM	1747659377	DESKTOP-JF22MNE	User	day6_scenario1	1	32.408	325.191


SYSTEM_START	-	DESKTOP-JF22MNE	DESKTOP-JF22MNE	2025-05-19 21:57:03


SYSTEM_INFO	CarMaker 14.0.1 - Car_Generic #5	jetbrains@05dcd26e64f8 2025-01-28 11:06:46	(14.0.1 jetbrains@05dcd26e64f8 2025-01-28 10:45:59)
SIM	1747659424	DESKTOP-JF22MNE	User	day6_scenario1	1	32.475	325.861


SYSTEM_START	-	DESKTOP-JF22MNE	DESKTOP-JF22MNE	2025-05-19 21:57:36


SYSTEM_INFO	CarMaker 14.0.1 - Car_Generic #5	jetbrains@05dcd26e64f8 2025-01-28 11:06:46	(14.0.1 jetbrains@05dcd26e64f8 2025-01-28 10:45:59)
SIM	1747659457	DESKTOP-JF22MNE	User	day6_scenario1	1	32.255	323.799


SYSTEM_START	-	DESKTOP-JF22MNE	DESKTOP-JF22MNE	2025-05-19 21:58:06


SYSTEM_INFO	CarMaker 14.0.1 - Car_Generic #5	jetbrains@05dcd26e64f8 2025-01-28 11:06:46	(14.0.1 jetbrains@05dcd26e64f8 2025-01-28 10:45:59)
SIM	1747659486	DESKTOP-JF22MNE	User	day6_scenario1	1	29.936	300.608


SYSTEM_START	-	DESKTOP-JF22MNE	DESKTOP-JF22MNE	2025-05-19 21:58:37


SYSTEM_INFO	CarMaker 14.0.1 - Car_Generic #5	jetbrains@05dcd26e64f8 2025-01-28 11:06:46	(14.0.1 jetbrains@05dcd26e64f8 2025-01-28 10:45:59)
SIM	1747659517	DESKTOP-JF22MNE	User	day6_scenario1	0	29.761	298.87


SYSTEM_START	-	DESKTOP-JF22MNE	DESKTOP-JF22MNE	2025-05-19 22:04:05


SYSTEM_INFO	CarMaker 14.0.1 - Car_Generic #5	jetbrains@05dcd26e64f8 2025-01-28 11:06:46	(14.0.1 jetbrains@05dcd26e64f8 2025-01-28 10:45:59)
SIM	1747659845	DESKTOP-JF22MNE	User	day6_scenario1	1	32.427	325.628


SYSTEM_START	-	DESKTOP-JF22MNE	DESKTOP-JF22MNE	2025-05-19 22:05:10


SYSTEM_INFO	CarMaker 14.0.1 - Car_Generic #5	jetbrains@05dcd26e64f8 2025-01-28 11:06:46	(14.0.1 jetbrains@05dcd26e64f8 2025-01-28 10:45:59)
SIM	1747659910	DESKTOP-JF22MNE	User	day6_scenario1	1	77.879	779.662


SYSTEM_START	-	DESKTOP-JF22MNE	DESKTOP-JF22MNE	2025-05-19 22:05:58


SYSTEM_INFO	CarMaker 14.0.1 - Car_Generic #5	jetbrains@05dcd26e64f8 2025-01-28 11:06:46	(14.0.1 jetbrains@05dcd26e64f8 2025-01-28 10:45:59)
SIM	1747659958	DESKTOP-JF22MNE	User	day6_scenario1	1	31.928	320.07


SYSTEM_START	-	DESKTOP-JF22MNE	DESKTOP-JF22MNE	2025-05-19 22:06:34


SYSTEM_INFO	CarMaker 14.0.1 - Car_Generic #5	jetbrains@05dcd26e64f8 2025-01-28 11:06:46	(14.0.1 jetbrains@05dcd26e64f8 2025-01-28 10:45:59)
SIM	1747659994	DESKTOP-JF22MNE	User	day6_scenario1	1	31.868	319.886


SYSTEM_START	-	DESKTOP-JF22MNE	DESKTOP-JF22MNE	2025-05-19 22:07:02


SYSTEM_INFO	CarMaker 14.0.1 - Car_Generic #5	jetbrains@05dcd26e64f8 2025-01-28 11:06:46	(14.0.1 jetbrains@05dcd26e64f8 2025-01-28 10:45:59)
SIM	1747660022	DESKTOP-JF22MNE	User	day6_scenario1	1	77.879	779.662


SYSTEM_START	-	DESKTOP-JF22MNE	DESKTOP-JF22MNE	2025-05-19 22:07:48


SYSTEM_INFO	CarMaker 14.0.1 - Car_Generic #5	jetbrains@05dcd26e64f8 2025-01-28 11:06:46	(14.0.1 jetbrains@05dcd26e64f8 2025-01-28 10:45:59)
SIM	1747660069	DESKTOP-JF22MNE	User	day6_scenario1	1	34.331	344.796


SYSTEM_START	-	DESKTOP-JF22MNE	DESKTOP-JF22MNE	2025-05-19 22:08:30


SYSTEM_INFO	CarMaker 14.0.1 - Car_Generic #5	jetbrains@05dcd26e64f8 2025-01-28 11:06:46	(14.0.1 jetbrains@05dcd26e64f8 2025-01-28 10:45:59)
SIM	1747660110	DESKTOP-JF22MNE	User	day6_scenario1	1	31.906	319.393


SYSTEM_START	-	DESKTOP-JF22MNE	DESKTOP-JF22MNE	2025-05-19 22:08:57


SYSTEM_INFO	CarMaker 14.0.1 - Car_Generic #5	jetbrains@05dcd26e64f8 2025-01-28 11:06:46	(14.0.1 jetbrains@05dcd26e64f8 2025-01-28 10:45:59)
SIM	1747660137	DESKTOP-JF22MNE	User	day6_scenario1	1	31.663	253.882


SYSTEM_START	-	DESKTOP-JF22MNE	DESKTOP-JF22MNE	2025-05-19 22:09:35


SYSTEM_INFO	CarMaker 14.0.1 - Car_Generic #5	jetbrains@05dcd26e64f8 2025-01-28 11:06:46	(14.0.1 jetbrains@05dcd26e64f8 2025-01-28 10:45:59)
SIM	1747660175	DESKTOP-JF22MNE	User	day6_scenario1	1	24.725	199.46


SYSTEM_START	-	DESKTOP-JF22MNE	DESKTOP-JF22MNE	2025-05-19 22:10:04


SYSTEM_INFO	CarMaker 14.0.1 - Car_Generic #5	jetbrains@05dcd26e64f8 2025-01-28 11:06:46	(14.0.1 jetbrains@05dcd26e64f8 2025-01-28 10:45:59)
SIM	1747660204	DESKTOP-JF22MNE	User	day6_scenario1	1	31.772	254.769


SYSTEM_START	-	DESKTOP-JF22MNE	DESKTOP-JF22MNE	2025-05-19 22:10:37


SYSTEM_INFO	CarMaker 14.0.1 - Car_Generic #5	jetbrains@05dcd26e64f8 2025-01-28 11:06:46	(14.0.1 jetbrains@05dcd26e64f8 2025-01-28 10:45:59)
SIM	1747660237	DESKTOP-JF22MNE	User	day6_scenario1	1	31.662	253.886


SYSTEM_START	-	DESKTOP-JF22MNE	DESKTOP-JF22MNE	2025-05-19 22:14:24


SYSTEM_INFO	CarMaker 14.0.1 - Car_Generic #5	jetbrains@05dcd26e64f8 2025-01-28 11:06:46	(14.0.1 jetbrains@05dcd26e64f8 2025-01-28 10:45:59)
SIM	1747660464	DESKTOP-JF22MNE	User	day6_scenario1	1	31.906	319.395


SYSTEM_START	-	DESKTOP-JF22MNE	DESKTOP-JF22MNE	2025-05-19 22:14:42


SYSTEM_INFO	CarMaker 14.0.1 - Car_Generic #5	jetbrains@05dcd26e64f8 2025-01-28 11:06:46	(14.0.1 jetbrains@05dcd26e64f8 2025-01-28 10:45:59)
SIM	1747660482	DESKTOP-JF22MNE	User	day6_scenario1	1	31.269	376.093


SYSTEM_START	-	DESKTOP-JF22MNE	DESKTOP-JF22MNE	2025-05-19 22:15:18


SYSTEM_INFO	CarMaker 14.0.1 - Car_Generic #5	jetbrains@05dcd26e64f8 2025-01-28 11:06:46	(14.0.1 jetbrains@05dcd26e64f8 2025-01-28 10:45:59)
SIM	1747660518	DESKTOP-JF22MNE	User	day6_scenario1	1	31.81	318.503


SYSTEM_START	-	DESKTOP-JF22MNE	DESKTOP-JF22MNE	2025-05-19 22:15:57


SYSTEM_INFO	CarMaker 14.0.1 - Car_Generic #5	jetbrains@05dcd26e64f8 2025-01-28 11:06:46	(14.0.1 jetbrains@05dcd26e64f8 2025-01-28 10:45:59)
SIM	1747660557	DESKTOP-JF22MNE	User	day6_scenario1	1	31.919	319.593


SYSTEM_START	-	DESKTOP-JF22MNE	DESKTOP-JF22MNE	2025-05-19 22:16:33


SYSTEM_INFO	CarMaker 14.0.1 - Car_Generic #5	jetbrains@05dcd26e64f8 2025-01-28 11:06:46	(14.0.1 jetbrains@05dcd26e64f8 2025-01-28 10:45:59)
SIM	1747660593	DESKTOP-JF22MNE	User	day6_scenario1	1	31.866	319.067


SYSTEM_START	-	DESKTOP-JF22MNE	DESKTOP-JF22MNE	2025-05-19 22:17:04


SYSTEM_INFO	CarMaker 14.0.1 - Car_Generic #5	jetbrains@05dcd26e64f8 2025-01-28 11:06:46	(14.0.1 jetbrains@05dcd26e64f8 2025-01-28 10:45:59)
SIM	1747660624	DESKTOP-JF22MNE	User	day6_scenario1	1	122.079	1221.15


SYSTEM_START	-	DESKTOP-JF22MNE	DESKTOP-JF22MNE	2025-05-19 22:18:06


SYSTEM_INFO	CarMaker 14.0.1 - Car_Generic #5	jetbrains@05dcd26e64f8 2025-01-28 11:06:46	(14.0.1 jetbrains@05dcd26e64f8 2025-01-28 10:45:59)
SIM	1747660686	DESKTOP-JF22MNE	User	day6_scenario1	1	122.22	1222.58


SYSTEM_START	-	DESKTOP-JF22MNE	DESKTOP-JF22MNE	2025-05-19 22:19:08


SYSTEM_INFO	CarMaker 14.0.1 - Car_Generic #5	jetbrains@05dcd26e64f8 2025-01-28 11:06:46	(14.0.1 jetbrains@05dcd26e64f8 2025-01-28 10:45:59)
SIM	1747660748	DESKTOP-JF22MNE	User	day6_scenario1	1	122.082	1221.18


SYSTEM_START	-	DESKTOP-JF22MNE	DESKTOP-JF22MNE	2025-05-19 22:20:17


SYSTEM_INFO	CarMaker 14.0.1 - Car_Generic #5	jetbrains@05dcd26e64f8 2025-01-28 11:06:46	(14.0.1 jetbrains@05dcd26e64f8 2025-01-28 10:45:59)
SIM	1747660817	DESKTOP-JF22MNE	User	day6_scenario1	1	122.215	1222.53


SYSTEM_START	-	DESKTOP-JF22MNE	DESKTOP-JF22MNE	2025-05-19 22:21:16


SYSTEM_INFO	CarMaker 14.0.1 - Car_Generic #5	jetbrains@05dcd26e64f8 2025-01-28 11:06:46	(14.0.1 jetbrains@05dcd26e64f8 2025-01-28 10:45:59)
SIM	1747660877	DESKTOP-JF22MNE	User	day6_scenario1	1	26.583	265.877


SYSTEM_START	-	DESKTOP-JF22MNE	DESKTOP-JF22MNE	2025-05-19 22:21:43


SYSTEM_INFO	CarMaker 14.0.1 - Car_Generic #5	jetbrains@05dcd26e64f8 2025-01-28 11:06:46	(14.0.1 jetbrains@05dcd26e64f8 2025-01-28 10:45:59)
SIM	1747660903	DESKTOP-JF22MNE	User	day6_scenario1	1	26.565	265.695


SYSTEM_START	-	DESKTOP-JF22MNE	DESKTOP-JF22MNE	2025-05-19 22:22:11


SYSTEM_INFO	CarMaker 14.0.1 - Car_Generic #5	jetbrains@05dcd26e64f8 2025-01-28 11:06:46	(14.0.1 jetbrains@05dcd26e64f8 2025-01-28 10:45:59)
SIM	1747660931	DESKTOP-JF22MNE	User	day6_scenario1	1	122.098	1221.34


SYSTEM_START	-	DESKTOP-JF22MNE	DESKTOP-JF22MNE	2025-05-19 22:22:56


SYSTEM_INFO	CarMaker 14.0.1 - Car_Generic #5	jetbrains@05dcd26e64f8 2025-01-28 11:06:46	(14.0.1 jetbrains@05dcd26e64f8 2025-01-28 10:45:59)
SIM	1747660976	DESKTOP-JF22MNE	User	day6_scenario1	1	122.099	1221.35


SYSTEM_START	-	DESKTOP-JF22MNE	DESKTOP-JF22MNE	2025-05-19 22:23:47


SYSTEM_INFO	CarMaker 14.0.1 - Car_Generic #5	jetbrains@05dcd26e64f8 2025-01-28 11:06:46	(14.0.1 jetbrains@05dcd26e64f8 2025-01-28 10:45:59)
SIM	1747661027	DESKTOP-JF22MNE	User	day6_scenario1	1	122.1	1221.36


SYSTEM_START	-	DESKTOP-JF22MNE	DESKTOP-JF22MNE	2025-05-19 22:24:40


SYSTEM_INFO	CarMaker 14.0.1 - Car_Generic #5	jetbrains@05dcd26e64f8 2025-01-28 11:06:46	(14.0.1 jetbrains@05dcd26e64f8 2025-01-28 10:45:59)
SIM	1747661080	DESKTOP-JF22MNE	User	day6_scenario1	1	122.33	1223.61


SYSTEM_START	-	DESKTOP-JF22MNE	DESKTOP-JF22MNE	2025-05-19 22:26:46


SYSTEM_INFO	CarMaker 14.0.1 - Car_Generic #5	jetbrains@05dcd26e64f8 2025-01-28 11:06:46	(14.0.1 jetbrains@05dcd26e64f8 2025-01-28 10:45:59)
SIM	1747661206	DESKTOP-JF22MNE	User	day6_scenario1	1	32.044	320.866


SYSTEM_START	-	DESKTOP-JF22MNE	DESKTOP-JF22MNE	2025-05-19 22:27:15


SYSTEM_INFO	CarMaker 14.0.1 - Car_Generic #5	jetbrains@05dcd26e64f8 2025-01-28 11:06:46	(14.0.1 jetbrains@05dcd26e64f8 2025-01-28 10:45:59)
SIM	1747661235	DESKTOP-JF22MNE	User	day6_scenario1	1	122.124	1221.71


SYSTEM_START	-	DESKTOP-JF22MNE	DESKTOP-JF22MNE	2025-05-20 09:36:24


SYSTEM_INFO	CarMaker 14.0.1 - Car_Generic #5	jetbrains@05dcd26e64f8 2025-01-28 11:06:46	(14.0.1 jetbrains@05dcd26e64f8 2025-01-28 10:45:59)
SIM	1747701386	DESKTOP-JF22MNE	User	day6_scenario1	1	122.124	1221.71


SYSTEM_START	-	DESKTOP-JF22MNE	DESKTOP-JF22MNE	2025-05-20 11:26:00


SYSTEM_INFO	CarMaker 14.0.1 - Car_Generic #5	jetbrains@05dcd26e64f8 2025-01-28 11:06:46	(14.0.1 jetbrains@05dcd26e64f8 2025-01-28 10:45:59)
SIM	1747707960	DESKTOP-JF22MNE	User	day7_final	0	59.081	4.13906e-05


SYSTEM_START	-	DESKTOP-JF22MNE	DESKTOP-JF22MNE	2025-05-20 14:17:26


SYSTEM_INFO	CarMaker 14.0.1 - Car_Generic #5	jetbrains@05dcd26e64f8 2025-01-28 11:06:46	(14.0.1 jetbrains@05dcd26e64f8 2025-01-28 10:45:59)
SIM	1747718247	DESKTOP-JF22MNE	User	day7_final	0	0	0


SYSTEM_START	-	DESKTOP-JF22MNE	DESKTOP-JF22MNE	2025-05-20 14:18:08


SYSTEM_INFO	CarMaker 14.0.1 - Car_Generic #5	jetbrains@05dcd26e64f8 2025-01-28 11:06:46	(14.0.1 jetbrains@05dcd26e64f8 2025-01-28 10:45:59)
SIM	1747718288	DESKTOP-JF22MNE	User	day7_final	0	86.115	7.44732e-05


SYSTEM_START	-	DESKTOP-JF22MNE	DESKTOP-JF22MNE	2025-05-20 14:24:44


SYSTEM_INFO	CarMaker 14.0.1 - Car_Generic #5	jetbrains@05dcd26e64f8 2025-01-28 11:06:46	(14.0.1 jetbrains@05dcd26e64f8 2025-01-28 10:45:59)
SIM	1747718684	DESKTOP-JF22MNE	User	day7_final	0	61.826	4.43368e-05


SYSTEM_START	-	DESKTOP-JF22MNE	DESKTOP-JF22MNE	2025-05-20 14:34:02


SYSTEM_INFO	CarMaker 14.0.1 - Car_Generic #5	jetbrains@05dcd26e64f8 2025-01-28 11:06:46	(14.0.1 jetbrains@05dcd26e64f8 2025-01-28 10:45:59)
SIM	1747719242	DESKTOP-JF22MNE	User	day7_final	0	33.547	1.89253e-05


SYSTEM_START	-	DESKTOP-JF22MNE	DESKTOP-JF22MNE	2025-05-20 14:35:43


SYSTEM_INFO	CarMaker 14.0.1 - Car_Generic #5	jetbrains@05dcd26e64f8 2025-01-28 11:06:46	(14.0.1 jetbrains@05dcd26e64f8 2025-01-28 10:45:59)
SIM	1747719343	DESKTOP-JF22MNE	User	day7_final	0	14.333	8.35627e-06


SYSTEM_START	-	DESKTOP-JF22MNE	DESKTOP-JF22MNE	2025-05-20 15:39:34


SYSTEM_INFO	CarMaker 14.0.1 - Car_Generic #5	jetbrains@05dcd26e64f8 2025-01-28 11:06:46	(14.0.1 jetbrains@05dcd26e64f8 2025-01-28 10:45:59)
SIM	1747723176	DESKTOP-JF22MNE	User	day7_final	0	10.419	6.91436e-06


SYSTEM_START	-	DESKTOP-JF22MNE	DESKTOP-JF22MNE	2025-05-20 15:40:16


SYSTEM_INFO	CarMaker 14.0.1 - Car_Generic #5	jetbrains@05dcd26e64f8 2025-01-28 11:06:46	(14.0.1 jetbrains@05dcd26e64f8 2025-01-28 10:45:59)
SIM	1747723216	DESKTOP-JF22MNE	User	day7_final	0	24.84	1.34289e-05


SYSTEM_START	-	DESKTOP-JF22MNE	DESKTOP-JF22MNE	2025-05-20 15:40:39


SYSTEM_INFO	CarMaker 14.0.1 - Car_Generic #5	jetbrains@05dcd26e64f8 2025-01-28 11:06:46	(14.0.1 jetbrains@05dcd26e64f8 2025-01-28 10:45:59)
SIM	1747723239	DESKTOP-JF22MNE	User	day7_final	0	39.834	2.3598e-05


SYSTEM_START	-	DESKTOP-JF22MNE	DESKTOP-JF22MNE	2025-05-20 15:42:07


SYSTEM_INFO	CarMaker 14.0.1 - Car_Generic #5	jetbrains@05dcd26e64f8 2025-01-28 11:06:46	(14.0.1 jetbrains@05dcd26e64f8 2025-01-28 10:45:59)
SIM	1747723327	DESKTOP-JF22MNE	User	day7_final	0	21.899	1.18347e-05


SYSTEM_START	-	DESKTOP-JF22MNE	DESKTOP-JF22MNE	2025-05-20 15:43:37


SYSTEM_INFO	CarMaker 14.0.1 - Car_Generic #5	jetbrains@05dcd26e64f8 2025-01-28 11:06:46	(14.0.1 jetbrains@05dcd26e64f8 2025-01-28 10:45:59)
SIM	1747723417	DESKTOP-JF22MNE	User	day7_final	0	14.26	8.32713e-06


SYSTEM_START	-	DESKTOP-JF22MNE	DESKTOP-JF22MNE	2025-05-20 15:44:53


SYSTEM_INFO	CarMaker 14.0.1 - Car_Generic #5	jetbrains@05dcd26e64f8 2025-01-28 11:06:46	(14.0.1 jetbrains@05dcd26e64f8 2025-01-28 10:45:59)
SIM	1747723493	DESKTOP-JF22MNE	User	day7_final	0	27.037	1.4707e-05


SYSTEM_START	-	DESKTOP-JF22MNE	DESKTOP-JF22MNE	2025-05-20 15:49:29


SYSTEM_INFO	CarMaker 14.0.1 - Car_Generic #5	jetbrains@05dcd26e64f8 2025-01-28 11:06:46	(14.0.1 jetbrains@05dcd26e64f8 2025-01-28 10:45:59)
SIM	1747723769	DESKTOP-JF22MNE	User	day7_final	1	7.565	39.9968


SYSTEM_START	-	DESKTOP-JF22MNE	DESKTOP-JF22MNE	2025-05-20 15:49:59


SYSTEM_INFO	CarMaker 14.0.1 - Car_Generic #5	jetbrains@05dcd26e64f8 2025-01-28 11:06:46	(14.0.1 jetbrains@05dcd26e64f8 2025-01-28 10:45:59)
SIM	1747723799	DESKTOP-JF22MNE	User	day7_final	1	3.065	17.591


SYSTEM_START	-	DESKTOP-JF22MNE	DESKTOP-JF22MNE	2025-05-20 15:50:12


SYSTEM_INFO	CarMaker 14.0.1 - Car_Generic #5	jetbrains@05dcd26e64f8 2025-01-28 11:06:46	(14.0.1 jetbrains@05dcd26e64f8 2025-01-28 10:45:59)
SIM	1747723813	DESKTOP-JF22MNE	User	day7_final	1	28.211	134.71


SYSTEM_START	-	DESKTOP-JF22MNE	DESKTOP-JF22MNE	2025-05-20 15:50:42


SYSTEM_INFO	CarMaker 14.0.1 - Car_Generic #5	jetbrains@05dcd26e64f8 2025-01-28 11:06:46	(14.0.1 jetbrains@05dcd26e64f8 2025-01-28 10:45:59)
SIM	1747723842	DESKTOP-JF22MNE	User	day7_final	1	16.113	76.4289


SYSTEM_START	-	DESKTOP-JF22MNE	DESKTOP-JF22MNE	2025-05-20 15:51:01


SYSTEM_INFO	CarMaker 14.0.1 - Car_Generic #5	jetbrains@05dcd26e64f8 2025-01-28 11:06:46	(14.0.1 jetbrains@05dcd26e64f8 2025-01-28 10:45:59)
SIM	1747723861	DESKTOP-JF22MNE	User	day7_final	1	28.187	123.353


SYSTEM_START	-	DESKTOP-JF22MNE	DESKTOP-JF22MNE	2025-05-20 15:51:27


SYSTEM_INFO	CarMaker 14.0.1 - Car_Generic #5	jetbrains@05dcd26e64f8 2025-01-28 11:06:46	(14.0.1 jetbrains@05dcd26e64f8 2025-01-28 10:45:59)
SIM	1747723888	DESKTOP-JF22MNE	User	day7_final	1	9.775	44.5297


SYSTEM_START	-	DESKTOP-JF22MNE	DESKTOP-JF22MNE	2025-05-20 15:51:41


SYSTEM_INFO	CarMaker 14.0.1 - Car_Generic #5	jetbrains@05dcd26e64f8 2025-01-28 11:06:46	(14.0.1 jetbrains@05dcd26e64f8 2025-01-28 10:45:59)
SIM	1747723902	DESKTOP-JF22MNE	User	day7_final	0	5.22	27.0342


SYSTEM_START	-	DESKTOP-JF22MNE	DESKTOP-JF22MNE	2025-05-20 15:51:53


SYSTEM_INFO	CarMaker 14.0.1 - Car_Generic #5	jetbrains@05dcd26e64f8 2025-01-28 11:06:46	(14.0.1 jetbrains@05dcd26e64f8 2025-01-28 10:45:59)
SIM	1747723914	DESKTOP-JF22MNE	User	day7_final	0	21.017	88.5352


SYSTEM_START	-	DESKTOP-JF22MNE	DESKTOP-JF22MNE	2025-05-20 15:52:09


SYSTEM_INFO	CarMaker 14.0.1 - Car_Generic #5	jetbrains@05dcd26e64f8 2025-01-28 11:06:46	(14.0.1 jetbrains@05dcd26e64f8 2025-01-28 10:45:59)
SIM	1747723930	DESKTOP-JF22MNE	User	day7_final	1	28.267	123.387


SYSTEM_START	-	DESKTOP-JF22MNE	DESKTOP-JF22MNE	2025-05-20 15:52:54


SYSTEM_INFO	CarMaker 14.0.1 - Car_Generic #5	jetbrains@05dcd26e64f8 2025-01-28 11:06:46	(14.0.1 jetbrains@05dcd26e64f8 2025-01-28 10:45:59)
SIM	1747723974	DESKTOP-JF22MNE	User	day7_final	1	27.934	123.318


SYSTEM_START	-	DESKTOP-JF22MNE	DESKTOP-JF22MNE	2025-05-20 15:53:17


SYSTEM_INFO	CarMaker 14.0.1 - Car_Generic #5	jetbrains@05dcd26e64f8 2025-01-28 11:06:46	(14.0.1 jetbrains@05dcd26e64f8 2025-01-28 10:45:59)
SIM	1747723997	DESKTOP-JF22MNE	User	day7_final	1	18.016	97.5624


SYSTEM_START	-	DESKTOP-JF22MNE	DESKTOP-JF22MNE	2025-05-20 15:53:36


SYSTEM_INFO	CarMaker 14.0.1 - Car_Generic #5	jetbrains@05dcd26e64f8 2025-01-28 11:06:46	(14.0.1 jetbrains@05dcd26e64f8 2025-01-28 10:45:59)
SIM	1747724016	DESKTOP-JF22MNE	User	day7_final	1	13.938	68.1719


SYSTEM_START	-	DESKTOP-JF22MNE	DESKTOP-JF22MNE	2025-05-20 15:53:55


SYSTEM_INFO	CarMaker 14.0.1 - Car_Generic #5	jetbrains@05dcd26e64f8 2025-01-28 11:06:46	(14.0.1 jetbrains@05dcd26e64f8 2025-01-28 10:45:59)
SIM	1747724035	DESKTOP-JF22MNE	User	day7_final	1	9.125	45.0016


SYSTEM_START	-	DESKTOP-JF22MNE	DESKTOP-JF22MNE	2025-05-20 15:55:00


SYSTEM_INFO	CarMaker 14.0.1 - Car_Generic #5	jetbrains@05dcd26e64f8 2025-01-28 11:06:46	(14.0.1 jetbrains@05dcd26e64f8 2025-01-28 10:45:59)
SIM	1747724101	DESKTOP-JF22MNE	User	day7_final	1	9.16	44.9046


SYSTEM_START	-	DESKTOP-JF22MNE	DESKTOP-JF22MNE	2025-05-20 15:59:43


SYSTEM_INFO	CarMaker 14.0.1 - Car_Generic #5	jetbrains@05dcd26e64f8 2025-01-28 11:06:46	(14.0.1 jetbrains@05dcd26e64f8 2025-01-28 10:45:59)
SIM	1747724383	DESKTOP-JF22MNE	User	day7_final	1	9.142	44.8546


SYSTEM_START	-	DESKTOP-JF22MNE	DESKTOP-JF22MNE	2025-05-20 16:00:56


SYSTEM_INFO	CarMaker 14.0.1 - Car_Generic #5	jetbrains@05dcd26e64f8 2025-01-28 11:06:46	(14.0.1 jetbrains@05dcd26e64f8 2025-01-28 10:45:59)
SIM	1747724457	DESKTOP-JF22MNE	User	day7_final	1	9.104	44.5513


SYSTEM_START	-	DESKTOP-JF22MNE	DESKTOP-JF22MNE	2025-05-20 16:01:21


SYSTEM_INFO	CarMaker 14.0.1 - Car_Generic #5	jetbrains@05dcd26e64f8 2025-01-28 11:06:46	(14.0.1 jetbrains@05dcd26e64f8 2025-01-28 10:45:59)
SIM	1747724481	DESKTOP-JF22MNE	User	day7_final	1	9.948	45.7971


SYSTEM_START	-	DESKTOP-JF22MNE	DESKTOP-JF22MNE	2025-05-20 16:01:38


SYSTEM_INFO	CarMaker 14.0.1 - Car_Generic #5	jetbrains@05dcd26e64f8 2025-01-28 11:06:46	(14.0.1 jetbrains@05dcd26e64f8 2025-01-28 10:45:59)
SIM	1747724498	DESKTOP-JF22MNE	User	day7_final	1	60.25	258.278


SYSTEM_START	-	DESKTOP-JF22MNE	DESKTOP-JF22MNE	2025-05-20 16:03:33


SYSTEM_INFO	CarMaker 14.0.1 - Car_Generic #5	jetbrains@05dcd26e64f8 2025-01-28 11:06:46	(14.0.1 jetbrains@05dcd26e64f8 2025-01-28 10:45:59)
SIM	1747724613	DESKTOP-JF22MNE	User	day7_final	0	50.854	251.407


SYSTEM_START	-	DESKTOP-JF22MNE	DESKTOP-JF22MNE	2025-05-20 16:04:00


SYSTEM_INFO	CarMaker 14.0.1 - Car_Generic #5	jetbrains@05dcd26e64f8 2025-01-28 11:06:46	(14.0.1 jetbrains@05dcd26e64f8 2025-01-28 10:45:59)
SIM	1747724640	DESKTOP-JF22MNE	User	day7_final	1	38.81	218.897


SYSTEM_START	-	DESKTOP-JF22MNE	DESKTOP-JF22MNE	2025-05-20 16:04:21


SYSTEM_INFO	CarMaker 14.0.1 - Car_Generic #5	jetbrains@05dcd26e64f8 2025-01-28 11:06:46	(14.0.1 jetbrains@05dcd26e64f8 2025-01-28 10:45:59)
SIM	1747724662	DESKTOP-JF22MNE	User	day7_final	0	16.733	114.431


SYSTEM_START	-	DESKTOP-JF22MNE	DESKTOP-JF22MNE	2025-05-20 16:04:45


SYSTEM_INFO	CarMaker 14.0.1 - Car_Generic #5	jetbrains@05dcd26e64f8 2025-01-28 11:06:46	(14.0.1 jetbrains@05dcd26e64f8 2025-01-28 10:45:59)
SIM	1747724685	DESKTOP-JF22MNE	User	day7_final	1	29.019	175.607


SYSTEM_START	-	DESKTOP-JF22MNE	DESKTOP-JF22MNE	2025-05-20 16:10:44


SYSTEM_INFO	CarMaker 14.0.1 - Car_Generic #5	jetbrains@05dcd26e64f8 2025-01-28 11:06:46	(14.0.1 jetbrains@05dcd26e64f8 2025-01-28 10:45:59)
SIM	1747725044	DESKTOP-JF22MNE	User	day7_final	1	6.613	45.7242


SYSTEM_START	-	DESKTOP-JF22MNE	DESKTOP-JF22MNE	2025-05-20 16:10:57


SYSTEM_INFO	CarMaker 14.0.1 - Car_Generic #5	jetbrains@05dcd26e64f8 2025-01-28 11:06:46	(14.0.1 jetbrains@05dcd26e64f8 2025-01-28 10:45:59)
SIM	1747725057	DESKTOP-JF22MNE	User	day7_final	1	52.898	258.377


SYSTEM_START	-	DESKTOP-JF22MNE	DESKTOP-JF22MNE	2025-05-20 16:44:28


SYSTEM_INFO	CarMaker 14.0.1 - Car_Generic #5	jetbrains@05dcd26e64f8 2025-01-28 11:06:46	(14.0.1 jetbrains@05dcd26e64f8 2025-01-28 10:45:59)
SIM	1747727069	DESKTOP-JF22MNE	User	day7_final	1	4.896	43.9793


SYSTEM_START	-	DESKTOP-JF22MNE	DESKTOP-JF22MNE	2025-05-20 16:46:00


SYSTEM_INFO	CarMaker 14.0.1 - Car_Generic #5	jetbrains@05dcd26e64f8 2025-01-28 11:06:46	(14.0.1 jetbrains@05dcd26e64f8 2025-01-28 10:45:59)
SIM	1747727160	DESKTOP-JF22MNE	User	day7_final	1	4.897	43.9719


SYSTEM_START	-	DESKTOP-JF22MNE	DESKTOP-JF22MNE	2025-05-20 16:47:21


SYSTEM_INFO	CarMaker 14.0.1 - Car_Generic #5	jetbrains@05dcd26e64f8 2025-01-28 11:06:46	(14.0.1 jetbrains@05dcd26e64f8 2025-01-28 10:45:59)
SIM	1747727241	DESKTOP-JF22MNE	User	day7_final	1	4.897	43.9719


SYSTEM_START	-	DESKTOP-JF22MNE	DESKTOP-JF22MNE	2025-05-20 16:49:28


SYSTEM_INFO	CarMaker 14.0.1 - Car_Generic #5	jetbrains@05dcd26e64f8 2025-01-28 11:06:46	(14.0.1 jetbrains@05dcd26e64f8 2025-01-28 10:45:59)
SIM	1747727369	DESKTOP-JF22MNE	User	day7_final	1	4.897	43.9719


SYSTEM_START	-	DESKTOP-JF22MNE	DESKTOP-JF22MNE	2025-05-20 16:50:50


SYSTEM_INFO	CarMaker 14.0.1 - Car_Generic #5	jetbrains@05dcd26e64f8 2025-01-28 11:06:46	(14.0.1 jetbrains@05dcd26e64f8 2025-01-28 10:45:59)
SIM	1747727450	DESKTOP-JF22MNE	User	day7_final	1	22.584	179.914


SYSTEM_START	-	DESKTOP-JF22MNE	DESKTOP-JF22MNE	2025-05-20 16:52:44


SYSTEM_INFO	CarMaker 14.0.1 - Car_Generic #5	jetbrains@05dcd26e64f8 2025-01-28 11:06:46	(14.0.1 jetbrains@05dcd26e64f8 2025-01-28 10:45:59)
SIM	1747727564	DESKTOP-JF22MNE	User	day7_final	1	19.903	180.601


SYSTEM_START	-	DESKTOP-JF22MNE	DESKTOP-JF22MNE	2025-05-20 16:53:57


SYSTEM_INFO	CarMaker 14.0.1 - Car_Generic #5	jetbrains@05dcd26e64f8 2025-01-28 11:06:46	(14.0.1 jetbrains@05dcd26e64f8 2025-01-28 10:45:59)
SIM	1747727637	DESKTOP-JF22MNE	User	day7_final	1	4.238	33.8842


SYSTEM_START	-	DESKTOP-JF22MNE	DESKTOP-JF22MNE	2025-05-20 16:54:10


SYSTEM_INFO	CarMaker 14.0.1 - Car_Generic #5	jetbrains@05dcd26e64f8 2025-01-28 11:06:46	(14.0.1 jetbrains@05dcd26e64f8 2025-01-28 10:45:59)
SIM	1747727650	DESKTOP-JF22MNE	User	day7_final	1	4.301	34.436


SYSTEM_START	-	DESKTOP-JF22MNE	DESKTOP-JF22MNE	2025-05-20 16:54:22


SYSTEM_INFO	CarMaker 14.0.1 - Car_Generic #5	jetbrains@05dcd26e64f8 2025-01-28 11:06:46	(14.0.1 jetbrains@05dcd26e64f8 2025-01-28 10:45:59)
SIM	1747727662	DESKTOP-JF22MNE	User	day7_final	1	4.302	34.4459


SYSTEM_START	-	DESKTOP-JF22MNE	DESKTOP-JF22MNE	2025-05-20 16:54:48


SYSTEM_INFO	CarMaker 14.0.1 - Car_Generic #5	jetbrains@05dcd26e64f8 2025-01-28 11:06:46	(14.0.1 jetbrains@05dcd26e64f8 2025-01-28 10:45:59)
SIM	1747727688	DESKTOP-JF22MNE	User	day7_final	1	4.302	34.4447


SYSTEM_START	-	DESKTOP-JF22MNE	DESKTOP-JF22MNE	2025-05-20 16:55:11


SYSTEM_INFO	CarMaker 14.0.1 - Car_Generic #5	jetbrains@05dcd26e64f8 2025-01-28 11:06:46	(14.0.1 jetbrains@05dcd26e64f8 2025-01-28 10:45:59)
SIM	1747727711	DESKTOP-JF22MNE	User	day7_final	1	41.606	259.226


SYSTEM_START	-	DESKTOP-JF22MNE	DESKTOP-JF22MNE	2025-05-20 16:55:37


SYSTEM_INFO	CarMaker 14.0.1 - Car_Generic #5	jetbrains@05dcd26e64f8 2025-01-28 11:06:46	(14.0.1 jetbrains@05dcd26e64f8 2025-01-28 10:45:59)
SIM	1747727737	DESKTOP-JF22MNE	User	day7_final	1	37.335	260.22


SYSTEM_START	-	DESKTOP-JF22MNE	DESKTOP-JF22MNE	2025-05-20 16:56:09


SYSTEM_INFO	CarMaker 14.0.1 - Car_Generic #5	jetbrains@05dcd26e64f8 2025-01-28 11:06:46	(14.0.1 jetbrains@05dcd26e64f8 2025-01-28 10:45:59)
SIM	1747727769	DESKTOP-JF22MNE	User	day7_final	1	35.496	260.254


SYSTEM_START	-	DESKTOP-JF22MNE	DESKTOP-JF22MNE	2025-05-21 01:19:51


SYSTEM_INFO	CarMaker 14.0.1 - Car_Generic #5	jetbrains@05dcd26e64f8 2025-01-28 11:06:46	(14.0.1 jetbrains@05dcd26e64f8 2025-01-28 10:45:59)
SIM	1747757996	DESKTOP-JF22MNE	User	day7_final	0	0	0


SYSTEM_START	-	DESKTOP-JF22MNE	DESKTOP-JF22MNE	2025-05-21 01:30:08


SYSTEM_INFO	CarMaker 14.0.1 - Car_Generic #5	jetbrains@05dcd26e64f8 2025-01-28 11:06:46	(14.0.1 jetbrains@05dcd26e64f8 2025-01-28 10:45:59)
SIM	1747758608	DESKTOP-JF22MNE	User	day7_final	1	4.905	43.9798


SYSTEM_START	-	DESKTOP-JF22MNE	DESKTOP-JF22MNE	2025-05-21 01:31:20


SYSTEM_INFO	CarMaker 14.0.1 - Car_Generic #5	jetbrains@05dcd26e64f8 2025-01-28 11:06:46	(14.0.1 jetbrains@05dcd26e64f8 2025-01-28 10:45:59)
SIM	1747758680	DESKTOP-JF22MNE	User	day7_final	1	4.892	43.9803
