APPLICATION	CarMaker 14.0.1 - Car_Generic #5 (win64-14.0.1)
COMPILED	jetbrains@05dcd26e64f8 2025-01-28 11:06:46
 
		I/O Configuration: default
SIM_START	day4_5_scenario1	2025-05-18 16:54:24
TIME	0.000
SIMULATE	day4_5_scenario1

TIME	176.316
SIM_END		day4_5_scenario1	176.313s	167.299m
APPLICATION	CarMaker 14.0.1 - Car_Generic #5 (win64-14.0.1)
COMPILED	jetbrains@05dcd26e64f8 2025-01-28 11:06:46
 
		I/O Configuration: default
SIM_START	day4_5_scenario1	2025-05-18 16:55:43
TIME	0.000
SIMULATE	day4_5_scenario1

TIME	119.619
SIM_END		day4_5_scenario1	119.616s	173.921m
APPLICATION	CarMaker 14.0.1 - Car_Generic #5 (win64-14.0.1)
COMPILED	jetbrains@05dcd26e64f8 2025-01-28 11:06:46
 
		I/O Configuration: default
SIM_START	day4_5_scenario1	2025-05-18 16:57:22
TIME	0.000
SIMULATE	day4_5_scenario1

TIME	92.918
SIM_END		day4_5_scenario1	92.915s	171.949m
APPLICATION	CarMaker 14.0.1 - Car_Generic #5 (win64-14.0.1)
COMPILED	jetbrains@05dcd26e64f8 2025-01-28 11:06:46
 
		I/O Configuration: default
SIM_START	day4_5_scenario1	2025-05-18 16:57:58
TIME	0.000
SIMULATE	day4_5_scenario1

TIME	97.789
SIM_END		day4_5_scenario1	97.786s	171.95m
APPLICATION	CarMaker 14.0.1 - Car_Generic #5 (win64-14.0.1)
COMPILED	jetbrains@05dcd26e64f8 2025-01-28 11:06:46
 
		I/O Configuration: default
SIM_START	day4_5_scenario1	2025-05-18 16:58:37
TIME	0.000
SIMULATE	day4_5_scenario1

TIME	502.832
SIM_END		day4_5_scenario1	502.829s	171.954m
APPLICATION	CarMaker 14.0.1 - Car_Generic #5 (win64-14.0.1)
COMPILED	jetbrains@05dcd26e64f8 2025-01-28 11:06:46
 
		I/O Configuration: default
SIM_START	day4_5_scenario1	2025-05-18 17:05:56
TIME	0.000
SIMULATE	day4_5_scenario1

TIME	71.150
SIM_END		day4_5_scenario1	71.147s	151.592m
APPLICATION	CarMaker 14.0.1 - Car_Generic #5 (win64-14.0.1)
COMPILED	jetbrains@05dcd26e64f8 2025-01-28 11:06:46
 
		I/O Configuration: default
SIM_START	day4_5_scenario1	2025-05-18 17:06:24
TIME	0.000
SIMULATE	day4_5_scenario1

TIME	105.259
SIM_END		day4_5_scenario1	105.256s	171.951m
APPLICATION	CarMaker 14.0.1 - Car_Generic #5 (win64-14.0.1)
COMPILED	jetbrains@05dcd26e64f8 2025-01-28 11:06:46
 
		I/O Configuration: default
SIM_START	day4_5_scenario1	2025-05-18 17:15:07
TIME	0.000
SIMULATE	day4_5_scenario1

TIME	105.942
SIM_END		day4_5_scenario1	105.939s	171.951m
APPLICATION	CarMaker 14.0.1 - Car_Generic #5 (win64-14.0.1)
COMPILED	jetbrains@05dcd26e64f8 2025-01-28 11:06:46
 
		I/O Configuration: default
SIM_START	day4_5_scenario1	2025-05-18 17:32:51
TIME	0.000
SIMULATE	day4_5_scenario1

TIME	121.990
SIM_END		day4_5_scenario1	121.987s	171.953m
APPLICATION	CarMaker 14.0.1 - Car_Generic #5 (win64-14.0.1)
COMPILED	jetbrains@05dcd26e64f8 2025-01-28 11:06:46
 
		I/O Configuration: default
SIM_START	day4_5_scenario1	2025-05-18 17:34:06
TIME	0.000
SIMULATE	day4_5_scenario1

TIME	100.057
SIM_END		day4_5_scenario1	100.054s	171.95m
APPLICATION	CarMaker 14.0.1 - Car_Generic #5 (win64-14.0.1)
COMPILED	jetbrains@05dcd26e64f8 2025-01-28 11:06:46
 
		I/O Configuration: default
SIM_START	day4_5_scenario1	2025-05-18 17:37:15
TIME	0.000
SIMULATE	day4_5_scenario1

TIME	10.779
SIM_END		day4_5_scenario1	10.776s	24.5574m
APPLICATION	CarMaker 14.0.1 - Car_Generic #5 (win64-14.0.1)
COMPILED	jetbrains@05dcd26e64f8 2025-01-28 11:06:46
 
		I/O Configuration: default
SIM_START	day4_5_scenario1	2025-05-18 17:37:42
TIME	0.000
SIMULATE	day4_5_scenario1

TIME	66.503
SIM_END		day4_5_scenario1	66.5s	143.868m
APPLICATION	CarMaker 14.0.1 - Car_Generic #5 (win64-14.0.1)
COMPILED	jetbrains@05dcd26e64f8 2025-01-28 11:06:46
 
		I/O Configuration: default
SIM_START	day4_5_scenario1	2025-05-18 17:38:49
TIME	0.000
SIMULATE	day4_5_scenario1

TIME	50.003
SIM_END		day4_5_scenario1	50s	109.116m
APPLICATION	CarMaker 14.0.1 - Car_Generic #5 (win64-14.0.1)
COMPILED	jetbrains@05dcd26e64f8 2025-01-28 11:06:46
 
		I/O Configuration: default
SIM_START	day4_5_scenario1	2025-05-18 17:48:08
TIME	0.000
SIMULATE	day4_5_scenario1

TIME	100.380
SIM_END		day4_5_scenario1	100.377s	171.95m
APPLICATION	CarMaker 14.0.1 - Car_Generic #5 (win64-14.0.1)
COMPILED	jetbrains@05dcd26e64f8 2025-01-28 11:06:46
 
		I/O Configuration: default
SIM_START	day4_5_scenario1	2025-05-18 18:01:16
TIME	0.000
SIMULATE	day4_5_scenario1

TIME	9.464
ERROR		Vehicle leaves road at about x=40.9894, y=-102.507 TireNo=3
SIM_ABORT	day4_5_scenario1	9.467s	106.148m
APPLICATION	CarMaker 14.0.1 - Car_Generic #5 (win64-14.0.1)
COMPILED	jetbrains@05dcd26e64f8 2025-01-28 11:06:46
 
		I/O Configuration: default
SIM_START	day4_5_scenario1	2025-05-18 18:01:29
TIME	0.000
SIMULATE	day4_5_scenario1

TIME	35.952
ERROR		Vehicle leaves road at about x=81.0076, y=2.50071 TireNo=0
SIM_ABORT	day4_5_scenario1	35.955s	178.07m
APPLICATION	CarMaker 14.0.1 - Car_Generic #5 (win64-14.0.1)
COMPILED	jetbrains@05dcd26e64f8 2025-01-28 11:06:46
 
		I/O Configuration: default
SIM_START	day4_5_scenario1	2025-05-18 18:02:08
TIME	0.000
SIMULATE	day4_5_scenario1

TIME	17.964
SIM_END		day4_5_scenario1	17.961s	35.5968m
APPLICATION	CarMaker 14.0.1 - Car_Generic #5 (win64-14.0.1)
COMPILED	jetbrains@05dcd26e64f8 2025-01-28 11:06:46
 
		I/O Configuration: default
SIM_START	day4_5_scenario1	2025-05-18 18:02:25
TIME	0.000
SIMULATE	day4_5_scenario1

TIME	17.752
SIM_END		day4_5_scenario1	17.749s	69.6433m
APPLICATION	CarMaker 14.0.1 - Car_Generic #5 (win64-14.0.1)
COMPILED	jetbrains@05dcd26e64f8 2025-01-28 11:06:46
 
		I/O Configuration: default
SIM_START	day4_5_scenario1	2025-05-18 18:02:37
TIME	0.000
SIMULATE	day4_5_scenario1

TIME	44.703
ERROR		Vehicle leaves road at about x=79.9351, y=2.50391 TireNo=0
SIM_ABORT	day4_5_scenario1	44.706s	177.531m
APPLICATION	CarMaker 14.0.1 - Car_Generic #5 (win64-14.0.1)
COMPILED	jetbrains@05dcd26e64f8 2025-01-28 11:06:46
 
		I/O Configuration: default
SIM_START	day4_5_scenario1	2025-05-18 18:05:50
TIME	0.000
SIMULATE	day4_5_scenario1

TIME	44.703
ERROR		Vehicle leaves road at about x=79.9351, y=2.50391 TireNo=0
SIM_ABORT	day4_5_scenario1	44.706s	177.531m
APPLICATION	CarMaker 14.0.1 - Car_Generic #5 (win64-14.0.1)
COMPILED	jetbrains@05dcd26e64f8 2025-01-28 11:06:46
 
		I/O Configuration: default
SIM_START	day4_5_scenario1	2025-05-18 18:08:26
TIME	0.000
SIMULATE	day4_5_scenario1

TIME	31.344
ERROR		Vehicle leaves road at about x=81.1057, y=2.50343 TireNo=0
SIM_ABORT	day4_5_scenario1	31.347s	185.142m
APPLICATION	CarMaker 14.0.1 - Car_Generic #5 (win64-14.0.1)
COMPILED	jetbrains@05dcd26e64f8 2025-01-28 11:06:46
 
		I/O Configuration: default
SIM_START	day4_5_scenario1	2025-05-18 18:10:43
TIME	0.000
SIMULATE	day4_5_scenario1

TIME	31.344
ERROR		Vehicle leaves road at about x=81.1057, y=2.50343 TireNo=0
SIM_ABORT	day4_5_scenario1	31.347s	185.142m
