APPLICATION	CarMaker 14.0.1 - Car_Generic #5 (win64-14.0.1)
COMPILED	jetbrains@05dcd26e64f8 2025-01-28 11:06:46
 
		I/O Configuration: default
SIM_START	day7_final	2025-05-22 11:39:17
TIME	0.001
		Current random seed value = 1747881557
TIME	0.000
SIMULATE	day7_final

TIME	24.303
SIM_END		day7_final	24.3s	35.8036m
APPLICATION	CarMaker 14.0.1 - Car_Generic #5 (win64-14.0.1)
COMPILED	jetbrains@05dcd26e64f8 2025-01-28 11:06:46
 
		I/O Configuration: default
SIM_START	day7_final	2025-05-22 11:40:04
TIME	0.001
		Current random seed value = 1747881604
TIME	0.000
SIMULATE	day7_final

TIME	23.453
SIM_END		day7_final	23.45s	34.3039m
APPLICATION	CarMaker 14.0.1 - Car_Generic #5 (win64-14.0.1)
COMPILED	jetbrains@05dcd26e64f8 2025-01-28 11:06:46
 
		I/O Configuration: default
SIM_START	day7_final	2025-05-22 11:41:35
TIME	0.001
		Current random seed value = 1747881695
TIME	0.000
SIMULATE	day7_final

TIME	34.753
SIM_END		day7_final	34.75s	40.6154m
APPLICATION	CarMaker 14.0.1 - Car_Generic #5 (win64-14.0.1)
COMPILED	jetbrains@05dcd26e64f8 2025-01-28 11:06:46
 
		I/O Configuration: default
SIM_START	day7_final	2025-05-22 11:52:29
TIME	0.001
		Current random seed value = 1747882349
TIME	0.000
SIMULATE	day7_final

TIME	27.397
SIM_END		day7_final	27.394s	40.1276m
APPLICATION	CarMaker 14.0.1 - Car_Generic #5 (win64-14.0.1)
COMPILED	jetbrains@05dcd26e64f8 2025-01-28 11:06:46
 
		I/O Configuration: default
SIM_START	day7_final	2025-05-22 11:55:42
TIME	0.001
		Current random seed value = 1747882542
TIME	0.000
SIMULATE	day7_final

TIME	28.803
SIM_END		day7_final	28.8s	40.1519m
APPLICATION	CarMaker 14.0.1 - Car_Generic #5 (win64-14.0.1)
COMPILED	jetbrains@05dcd26e64f8 2025-01-28 11:06:46
 
		I/O Configuration: default
SIM_START	day7_final	2025-05-22 11:59:01
TIME	0.001
		Current random seed value = 1747882741
TIME	0.000
SIMULATE	day7_final

TIME	30.853
SIM_END		day7_final	30.85s	42.033m
APPLICATION	CarMaker 14.0.1 - Car_Generic #5 (win64-14.0.1)
COMPILED	jetbrains@05dcd26e64f8 2025-01-28 11:06:46
 
		I/O Configuration: default
SIM_START	day7_final	2025-05-22 12:00:20
TIME	0.001
		Current random seed value = 1747882820
TIME	0.000
SIMULATE	day7_final

TIME	26.403
SIM_END		day7_final	26.4s	42.5328m
APPLICATION	CarMaker 14.0.1 - Car_Generic #5 (win64-14.0.1)
COMPILED	jetbrains@05dcd26e64f8 2025-01-28 11:06:46
 
		I/O Configuration: default
SIM_START	day7_final	2025-05-22 12:10:47
TIME	0.001
		Current random seed value = 1747883447
TIME	0.000
SIMULATE	day7_final

TIME	25.403
SIM_END		day7_final	25.4s	42.5708m
APPLICATION	CarMaker 14.0.1 - Car_Generic #5 (win64-14.0.1)
COMPILED	jetbrains@05dcd26e64f8 2025-01-28 11:06:46
 
		I/O Configuration: default
SIM_START	day7_final	2025-05-22 12:11:27
TIME	0.001
		Current random seed value = 1747883487
TIME	0.000
SIMULATE	day7_final

TIME	25.453
SIM_END		day7_final	25.45s	42.5708m
APPLICATION	CarMaker 14.0.1 - Car_Generic #5 (win64-14.0.1)
COMPILED	jetbrains@05dcd26e64f8 2025-01-28 11:06:46
 
		I/O Configuration: default
SIM_START	day7_final	2025-05-22 12:12:03
TIME	0.001
		Current random seed value = 1747883523
TIME	0.000
SIMULATE	day7_final

TIME	33.582
SIM_END		day7_final	33.579s	42.5355m
APPLICATION	CarMaker 14.0.1 - Car_Generic #5 (win64-14.0.1)
COMPILED	jetbrains@05dcd26e64f8 2025-01-28 11:06:46
 
		I/O Configuration: default
SIM_START	day7_final	2025-05-22 12:12:40
TIME	0.001
		Current random seed value = 1747883560
TIME	0.000
SIMULATE	day7_final

TIME	28.363
SIM_END		day7_final	28.36s	42.2573m
APPLICATION	CarMaker 14.0.1 - Car_Generic #5 (win64-14.0.1)
COMPILED	jetbrains@05dcd26e64f8 2025-01-28 11:06:46
 
		I/O Configuration: default
SIM_START	day7_final	2025-05-22 12:13:13
TIME	0.001
		Current random seed value = 1747883593
TIME	0.000
SIMULATE	day7_final

TIME	42.353
SIM_END		day7_final	42.35s	42.3065m
APPLICATION	CarMaker 14.0.1 - Car_Generic #5 (win64-14.0.1)
COMPILED	jetbrains@05dcd26e64f8 2025-01-28 11:06:46
 
		I/O Configuration: default
SIM_START	day7_final	2025-05-22 12:14:02
TIME	0.001
		Current random seed value = 1747883642
TIME	0.000
SIMULATE	day7_final

TIME	26.103
SIM_END		day7_final	26.1s	40.5094m
APPLICATION	CarMaker 14.0.1 - Car_Generic #5 (win64-14.0.1)
COMPILED	jetbrains@05dcd26e64f8 2025-01-28 11:06:46
 
		I/O Configuration: default
SIM_START	day7_final	2025-05-22 12:14:32
TIME	0.001
		Current random seed value = 1747883672
TIME	0.000
SIMULATE	day7_final

TIME	30.103
SIM_END		day7_final	30.1s	40.991m
APPLICATION	CarMaker 14.0.1 - Car_Generic #5 (win64-14.0.1)
COMPILED	jetbrains@05dcd26e64f8 2025-01-28 11:06:46
 
		I/O Configuration: default
SIM_START	day7_final	2025-05-22 12:16:00
TIME	0.001
		Current random seed value = 1747883760
TIME	0.000
SIMULATE	day7_final

TIME	27.903
SIM_END		day7_final	27.9s	40.9843m
APPLICATION	CarMaker 14.0.1 - Car_Generic #5 (win64-14.0.1)
COMPILED	jetbrains@05dcd26e64f8 2025-01-28 11:06:46
 
		I/O Configuration: default
SIM_START	day7_final	2025-05-22 12:16:39
TIME	0.001
		Current random seed value = 1747883799
TIME	0.000
SIMULATE	day7_final

TIME	5.053
SIM_END		day7_final	5.05s	5.33884e-06m
APPLICATION	CarMaker 14.0.1 - Car_Generic #5 (win64-14.0.1)
COMPILED	jetbrains@05dcd26e64f8 2025-01-28 11:06:46
 
		I/O Configuration: default
SIM_START	day7_final	2025-05-22 12:16:53
TIME	0.001
		Current random seed value = 1747883813
TIME	0.000
SIMULATE	day7_final

TIME	25.453
SIM_END		day7_final	25.45s	40.9832m
APPLICATION	CarMaker 14.0.1 - Car_Generic #5 (win64-14.0.1)
COMPILED	jetbrains@05dcd26e64f8 2025-01-28 11:06:46
 
		I/O Configuration: default
SIM_START	day7_final	2025-05-22 12:22:55
TIME	0.001
		Current random seed value = 1747884175
TIME	0.000
SIMULATE	day7_final

TIME	18.703
SIM_END		day7_final	18.7s	24.596m
APPLICATION	CarMaker 14.0.1 - Car_Generic #5 (win64-14.0.1)
COMPILED	jetbrains@05dcd26e64f8 2025-01-28 11:06:46
 
		I/O Configuration: default
SIM_START	day7_final	2025-05-22 12:23:28
TIME	0.001
		Current random seed value = 1747884208
TIME	0.000
SIMULATE	day7_final

TIME	9.254
SIM_END		day7_final	9.251s	18.4413m
APPLICATION	CarMaker 14.0.1 - Car_Generic #5 (win64-14.0.1)
COMPILED	jetbrains@05dcd26e64f8 2025-01-28 11:06:46
 
		I/O Configuration: default
SIM_START	day7_final	2025-05-22 12:23:51
TIME	0.001
		Current random seed value = 1747884231
TIME	0.000
SIMULATE	day7_final

TIME	17.853
SIM_END		day7_final	17.85s	25.4801m
APPLICATION	CarMaker 14.0.1 - Car_Generic #5 (win64-14.0.1)
COMPILED	jetbrains@05dcd26e64f8 2025-01-28 11:06:46
 
		I/O Configuration: default
SIM_START	day7_final	2025-05-22 12:24:20
TIME	0.001
		Current random seed value = 1747884260
TIME	0.000
SIMULATE	day7_final

TIME	20.103
SIM_END		day7_final	20.1s	24.9835m
APPLICATION	CarMaker 14.0.1 - Car_Generic #5 (win64-14.0.1)
COMPILED	jetbrains@05dcd26e64f8 2025-01-28 11:06:46
 
		I/O Configuration: default
SIM_START	day7_final	2025-05-22 12:24:55
TIME	0.001
		Current random seed value = 1747884295
TIME	0.000
SIMULATE	day7_final

TIME	21.803
SIM_END		day7_final	21.8s	29.349m
APPLICATION	CarMaker 14.0.1 - Car_Generic #5 (win64-14.0.1)
COMPILED	jetbrains@05dcd26e64f8 2025-01-28 11:06:46
 
		I/O Configuration: default
SIM_START	day7_final	2025-05-22 12:25:49
TIME	0.001
		Current random seed value = 1747884349
TIME	0.000
SIMULATE	day7_final

TIME	21.753
SIM_END		day7_final	21.75s	35.3668m
APPLICATION	CarMaker 14.0.1 - Car_Generic #5 (win64-14.0.1)
COMPILED	jetbrains@05dcd26e64f8 2025-01-28 11:06:46
 
		I/O Configuration: default
SIM_START	day7_final	2025-05-22 12:26:16
TIME	0.001
		Current random seed value = 1747884376
TIME	0.000
SIMULATE	day7_final

TIME	19.453
SIM_END		day7_final	19.45s	27.4737m
APPLICATION	CarMaker 14.0.1 - Car_Generic #5 (win64-14.0.1)
COMPILED	jetbrains@05dcd26e64f8 2025-01-28 11:06:46
 
		I/O Configuration: default
SIM_START	day7_final	2025-05-22 13:04:00
TIME	0.001
		Current random seed value = 1747886640
TIME	0.000
SIMULATE	day7_final

TIME	2.553
SIM_END		day7_final	2.55s	4.76534e-06m
APPLICATION	CarMaker 14.0.1 - Car_Generic #5 (win64-14.0.1)
COMPILED	jetbrains@05dcd26e64f8 2025-01-28 11:06:46
 
		I/O Configuration: default
SIM_START	day7_final	2025-05-22 13:04:19
TIME	0.001
		Current random seed value = 1747886659
TIME	0.000
SIMULATE	day7_final

TIME	14.053
SIM_END		day7_final	14.05s	20.7669m
APPLICATION	CarMaker 14.0.1 - Car_Generic #5 (win64-14.0.1)
COMPILED	jetbrains@05dcd26e64f8 2025-01-28 11:06:46
 
		I/O Configuration: default
SIM_START	day7_final	2025-05-22 13:40:43
TIME	0.001
		Current random seed value = 1747888843
TIME	0.000
SIMULATE	day7_final

TIME	15.803
SIM_END		day7_final	15.8s	20.9034m
APPLICATION	CarMaker 14.0.1 - Car_Generic #5 (win64-14.0.1)
COMPILED	jetbrains@05dcd26e64f8 2025-01-28 11:06:46
 
		I/O Configuration: default
SIM_START	day7_final	2025-05-22 13:51:19
TIME	0.001
		Current random seed value = 1747889479
TIME	0.000
SIMULATE	day7_final

TIME	15.403
SIM_END		day7_final	15.4s	20.7676m
APPLICATION	CarMaker 14.0.1 - Car_Generic #5 (win64-14.0.1)
COMPILED	jetbrains@05dcd26e64f8 2025-01-28 11:06:46
 
		I/O Configuration: default
SIM_START	day7_final	2025-05-22 14:00:52
TIME	0.001
		Current random seed value = 1747890052
TIME	0.000
SIMULATE	day7_final

TIME	17.077
SIM_END		day7_final	17.074s	20.7685m
APPLICATION	CarMaker 14.0.1 - Car_Generic #5 (win64-14.0.1)
COMPILED	jetbrains@05dcd26e64f8 2025-01-28 11:06:46
 
		I/O Configuration: default
SIM_START	day7_final	2025-05-22 14:04:30
TIME	0.001
		Current random seed value = 1747890270
TIME	0.000
SIMULATE	day7_final

TIME	18.703
SIM_END		day7_final	18.7s	20.769m
