

SYSTEM_START	-	desktop-jf22mne	일 5 11 22:08:55 2025


SYSTEM_INFO	Movie NX pro 14.0.1 2025-01-27
Creating engine cache path: C:/Users/User/AppData/Local/cache/MovieNX/cache_140
[Warning] Invalid configuration file for Creator "MovieNX". Perhaps the file was not yet created? Path: C:/Users/User/MovieNX/data/View/ViewSettings.cfg)
APO: Successfully connected to: CarMaker 14.0.1 - Car_Generic @ DESKTOP-JF22MNE(127.0.0.1):20456
Using RenderSettingsProfile: RenderSettings_high.cfg -> template_high.render
Loading Installed scripts...
Loading User scripts...
ApoConnection: Disconnecting...
Loading Test Run from path D:/IVS_3/28. 자율주행 ADAS motion planning and control/플젝/Practice_sample/Data/TestRun/.tmp_preview
ApoConnection: Disconnecting...
APO: Successfully connected to: CarMaker 14.0.1 - Car_Generic @ DESKTOP-JF22MNE(127.0.0.1):20456
[Warning] Could not find Test Run. ()
Loaded Path Mapping with 0 mapped directories. Set CarMaker home dir to 'C:/IPG/carmaker/win64-14.0.1'
Loading Test Run from path D:/IVS_3/28. 자율주행 ADAS motion planning and control/플젝/Practice_sample/Data/TestRun/.tmp_DESKTOP-JF22MNE_User.0
Loaded Path Mapping with 0 mapped directories. Set CarMaker home dir to 'C:/IPG/carmaker/win64-14.0.1'
Loading Test Run from path D:/IVS_3/28. 자율주행 ADAS motion planning and control/플젝/Practice_sample/Data/TestRun/.tmp_DESKTOP-JF22MNE_User.1
Loaded Path Mapping with 0 mapped directories. Set CarMaker home dir to 'C:/IPG/carmaker/win64-14.0.1'
Loading Test Run from path D:/IVS_3/28. 자율주행 ADAS motion planning and control/플젝/Practice_sample/Data/TestRun/.tmp_DESKTOP-JF22MNE_User.0
Loaded Path Mapping with 0 mapped directories. Set CarMaker home dir to 'C:/IPG/carmaker/win64-14.0.1'
Loading Test Run from path D:/IVS_3/28. 자율주행 ADAS motion planning and control/플젝/Practice_sample/Data/TestRun/.tmp_DESKTOP-JF22MNE_User.1
Loaded Path Mapping with 0 mapped directories. Set CarMaker home dir to 'C:/IPG/carmaker/win64-14.0.1'
Loading Test Run from path D:/IVS_3/28. 자율주행 ADAS motion planning and control/플젝/Practice_sample/Data/TestRun/.tmp_DESKTOP-JF22MNE_User.0
Loaded Path Mapping with 0 mapped directories. Set CarMaker home dir to 'C:/IPG/carmaker/win64-14.0.1'
Loading Test Run from path D:/IVS_3/28. 자율주행 ADAS motion planning and control/플젝/Practice_sample/Data/TestRun/.tmp_DESKTOP-JF22MNE_User.1
Loaded Path Mapping with 0 mapped directories. Set CarMaker home dir to 'C:/IPG/carmaker/win64-14.0.1'
Loading Test Run from path D:/IVS_3/28. 자율주행 ADAS motion planning and control/플젝/Practice_sample/Data/TestRun/.tmp_DESKTOP-JF22MNE_User.0
Loaded Path Mapping with 0 mapped directories. Set CarMaker home dir to 'C:/IPG/carmaker/win64-14.0.1'
Loading Test Run from path D:/IVS_3/28. 자율주행 ADAS motion planning and control/플젝/Practice_sample/Data/TestRun/.tmp_DESKTOP-JF22MNE_User.1
Loaded Path Mapping with 0 mapped directories. Set CarMaker home dir to 'C:/IPG/carmaker/win64-14.0.1'
Loading Test Run from path D:/IVS_3/28. 자율주행 ADAS motion planning and control/플젝/Practice_sample/Data/TestRun/.tmp_DESKTOP-JF22MNE_User.0
Loaded Path Mapping with 0 mapped directories. Set CarMaker home dir to 'C:/IPG/carmaker/win64-14.0.1'
Loading Test Run from path D:/IVS_3/28. 자율주행 ADAS motion planning and control/플젝/Practice_sample/Data/TestRun/.tmp_DESKTOP-JF22MNE_User.1
Loaded Path Mapping with 0 mapped directories. Set CarMaker home dir to 'C:/IPG/carmaker/win64-14.0.1'
Loading Test Run from path D:/IVS_3/28. 자율주행 ADAS motion planning and control/플젝/Practice_sample/Data/TestRun/.tmp_DESKTOP-JF22MNE_User.0
Loaded Path Mapping with 0 mapped directories. Set CarMaker home dir to 'C:/IPG/carmaker/win64-14.0.1'
Loading Test Run from path D:/IVS_3/28. 자율주행 ADAS motion planning and control/플젝/Practice_sample/Data/TestRun/.tmp_DESKTOP-JF22MNE_User.1
Loaded Path Mapping with 0 mapped directories. Set CarMaker home dir to 'C:/IPG/carmaker/win64-14.0.1'
Loading Test Run from path D:/IVS_3/28. 자율주행 ADAS motion planning and control/플젝/Practice_sample/Data/TestRun/.tmp_DESKTOP-JF22MNE_User.0
ApoConnection: Disconnecting...
