

SYSTEM_START	-	desktop-jf22mne	월 5 12 00:18:30 2025


SYSTEM_INFO	Movie NX pro 14.0.1 2025-01-27
APO: Successfully connected to: CarMaker 14.0.1 - Car_Generic @ DESKTOP-JF22MNE(127.0.0.1):20456
Using RenderSettingsProfile: RenderSettings_high.cfg -> template_high.render
Loading Installed scripts...
Loading User scripts...
ApoConnection: Disconnecting...
Loading Test Run from path D:/IVS_3/28. 자율주행 ADAS motion planning and control/플젝/Practice_sample/Data/TestRun/.tmp_preview
ApoConnection: Disconnecting...
APO: Successfully connected to: CarMaker 14.0.1 - Car_Generic @ DESKTOP-JF22MNE(127.0.0.1):20456
Loaded Path Mapping with 0 mapped directories. Set CarMaker home dir to 'C:/IPG/carmaker/win64-14.0.1'
Loading Test Run from path D:/IVS_3/28. 자율주행 ADAS motion planning and control/플젝/Practice_sample/Data/TestRun/day2_scenario5
Loaded Path Mapping with 0 mapped directories. Set CarMaker home dir to 'C:/IPG/carmaker/win64-14.0.1'
Loading Test Run from path D:/IVS_3/28. 자율주행 ADAS motion planning and control/플젝/Practice_sample/Data/TestRun/day2_scenario5
Loaded Path Mapping with 0 mapped directories. Set CarMaker home dir to 'C:/IPG/carmaker/win64-14.0.1'
Loading Test Run from path D:/IVS_3/28. 자율주행 ADAS motion planning and control/플젝/Practice_sample/Data/TestRun/day2_scenario5
[Warning] Timeout while waiting for initial simulation data
Loaded Path Mapping with 0 mapped directories. Set CarMaker home dir to 'C:/IPG/carmaker/win64-14.0.1'
Loading Test Run from path D:/IVS_3/28. 자율주행 ADAS motion planning and control/플젝/Practice_sample/Data/TestRun/day2_scenario5
Loaded Path Mapping with 0 mapped directories. Set CarMaker home dir to 'C:/IPG/carmaker/win64-14.0.1'
Loading Test Run from path D:/IVS_3/28. 자율주행 ADAS motion planning and control/플젝/Practice_sample/Data/TestRun/day2_scenario5
Loaded Path Mapping with 0 mapped directories. Set CarMaker home dir to 'C:/IPG/carmaker/win64-14.0.1'
Loading Test Run from path D:/IVS_3/28. 자율주행 ADAS motion planning and control/플젝/Practice_sample/Data/TestRun/day2_scenario5
Loaded Path Mapping with 0 mapped directories. Set CarMaker home dir to 'C:/IPG/carmaker/win64-14.0.1'
Loading Test Run from path D:/IVS_3/28. 자율주행 ADAS motion planning and control/플젝/Practice_sample/Data/TestRun/day2_scenario5
Loaded Path Mapping with 0 mapped directories. Set CarMaker home dir to 'C:/IPG/carmaker/win64-14.0.1'
Loading Test Run from path D:/IVS_3/28. 자율주행 ADAS motion planning and control/플젝/Practice_sample/Data/TestRun/day2_scenario5
ApoConnection: Disconnecting...
Loading Test Run from path D:/IVS_3/28. 자율주행 ADAS motion planning and control/플젝/Practice_sample/Data/TestRun/.tmp_preview
ApoConnection: Disconnecting...
APO: Successfully connected to: CarMaker 14.0.1 - Car_Generic @ DESKTOP-JF22MNE(127.0.0.1):20456
Loading Test Run from path D:/IVS_3/28. 자율주행 ADAS motion planning and control/플젝/Practice_sample/Data/TestRun/day2_scenario5
ApoConnection: Disconnecting...
Loading Test Run from path D:/IVS_3/28. 자율주행 ADAS motion planning and control/플젝/Practice_sample/Data/TestRun/.tmp_preview
ApoConnection: Disconnecting...
APO: Successfully connected to: CarMaker 14.0.1 - Car_Generic @ DESKTOP-JF22MNE(127.0.0.1):20456
[Warning] Timeout while waiting for initial simulation data
ApoConnection: Disconnecting...
