APPLICATION	CarMaker 14.0.1 - Car_Generic #5 (win64-14.0.1)
COMPILED	jetbrains@05dcd26e64f8 2025-01-28 11:06:46
 
		I/O Configuration: default
SIM_START	day3_scenario2	2025-05-15 09:09:20
TIME	0.001
		Current random seed value = 1747267760
TIME	0.000
SIMULATE	day3_scenario2

TIME	77.948
SIM_END		day3_scenario2	77.945s	2.13935m
APPLICATION	CarMaker 14.0.1 - Car_Generic #5 (win64-14.0.1)
COMPILED	jetbrains@05dcd26e64f8 2025-01-28 11:06:46
 
		I/O Configuration: default
SIM_START	day3_scenario2	2025-05-15 09:35:26
TIME	0.001
		Current random seed value = 1747269326
TIME	0.000
SIMULATE	day3_scenario2

TIME	75.687
SIM_END		day3_scenario2	75.684s	159.167m
APPLICATION	CarMaker 14.0.1 - Car_Generic #5 (win64-14.0.1)
COMPILED	jetbrains@05dcd26e64f8 2025-01-28 11:06:46
 
		I/O Configuration: default
SIM_START	day3_scenario2	2025-05-15 09:35:58
TIME	0.001
		Current random seed value = 1747269358
TIME	0.000
SIMULATE	day3_scenario2

TIME	733.460
SIM_END		day3_scenario2	733.457s	1019.38m
APPLICATION	CarMaker 14.0.1 - Car_Generic #5 (win64-14.0.1)
COMPILED	jetbrains@05dcd26e64f8 2025-01-28 11:06:46
 
		I/O Configuration: default
SIM_START	day3_scenario2	2025-05-15 09:44:50
TIME	0.001
		Current random seed value = 1747269890
TIME	0.000
SIMULATE	day3_scenario2

TIME	53.802
SIM_END		day3_scenario2	53.799s	124.773m
APPLICATION	CarMaker 14.0.1 - Car_Generic #5 (win64-14.0.1)
COMPILED	jetbrains@05dcd26e64f8 2025-01-28 11:06:46
 
		I/O Configuration: default
SIM_START	day3_scenario2	2025-05-15 10:08:33
TIME	0.001
		Current random seed value = 1747271313
TIME	0.000
SIMULATE	day3_scenario2

TIME	52.133
ERROR		Vehicle leaves road at about x=87.356, y=2.50072 TireNo=0
SIM_ABORT	day3_scenario2	52.136s	157.808m
APPLICATION	CarMaker 14.0.1 - Car_Generic #5 (win64-14.0.1)
COMPILED	jetbrains@05dcd26e64f8 2025-01-28 11:06:46
 
		I/O Configuration: default
SIM_START	day3_scenario2	2025-05-15 10:11:25
TIME	0.001
		Current random seed value = 1747271485
TIME	0.000
SIMULATE	day3_scenario2

TIME	302.461
SIM_END		day3_scenario2	302.458s	303.947m
APPLICATION	CarMaker 14.0.1 - Car_Generic #5 (win64-14.0.1)
COMPILED	jetbrains@05dcd26e64f8 2025-01-28 11:06:46
 
		I/O Configuration: default
SIM_START	day3_scenario2	2025-05-15 10:15:11
TIME	0.001
		Current random seed value = 1747271711
TIME	0.000
SIMULATE	day3_scenario2

TIME	78.206
ERROR		Vehicle leaves road at about x=93.1844, y=2.50412 TireNo=0
SIM_ABORT	day3_scenario2	78.209s	160.252m
APPLICATION	CarMaker 14.0.1 - Car_Generic #5 (win64-14.0.1)
COMPILED	jetbrains@05dcd26e64f8 2025-01-28 11:06:46
 
		I/O Configuration: default
SIM_START	day3_scenario2	2025-05-15 10:17:16
TIME	0.001
		Current random seed value = 1747271836
TIME	0.000
SIMULATE	day3_scenario2

TIME	78.561
ERROR		Vehicle leaves road at about x=93.0839, y=2.50744 TireNo=0
SIM_ABORT	day3_scenario2	78.564s	160.151m
APPLICATION	CarMaker 14.0.1 - Car_Generic #5 (win64-14.0.1)
COMPILED	jetbrains@05dcd26e64f8 2025-01-28 11:06:46
 
		I/O Configuration: default
SIM_START	day3_scenario2	2025-05-15 10:20:42
TIME	0.001
		Current random seed value = 1747272042
TIME	0.000
SIMULATE	day3_scenario2

TIME	78.319
ERROR		Vehicle leaves road at about x=93.181, y=2.50401 TireNo=0
SIM_ABORT	day3_scenario2	78.322s	160.346m
APPLICATION	CarMaker 14.0.1 - Car_Generic #5 (win64-14.0.1)
COMPILED	jetbrains@05dcd26e64f8 2025-01-28 11:06:46
 
		I/O Configuration: default
SIM_START	day3_scenario2	2025-05-15 10:23:41
TIME	0.001
		Current random seed value = 1747272221
TIME	0.000
SIMULATE	day3_scenario2

TIME	365.156
SIM_END		day3_scenario2	365.153s	525.689m
APPLICATION	CarMaker 14.0.1 - Car_Generic #5 (win64-14.0.1)
COMPILED	jetbrains@05dcd26e64f8 2025-01-28 11:06:46
 
		I/O Configuration: default
SIM_START	day3_scenario2	2025-05-15 10:29:07
TIME	0.001
		Current random seed value = 1747272547
TIME	0.000
SIMULATE	day3_scenario2

TIME	8.152
ERROR		Vehicle leaves road at about x=15.9559, y=2.50258 TireNo=1
SIM_ABORT	day3_scenario2	8.155s	132.642m
APPLICATION	CarMaker 14.0.1 - Car_Generic #5 (win64-14.0.1)
COMPILED	jetbrains@05dcd26e64f8 2025-01-28 11:06:46
 
		I/O Configuration: default
SIM_START	day3_scenario2	2025-05-15 10:29:24
TIME	0.001
		Current random seed value = 1747272564
TIME	0.000
SIMULATE	day3_scenario2

TIME	83.084
SIM_END		day3_scenario2	83.081s	161.631m
APPLICATION	CarMaker 14.0.1 - Car_Generic #5 (win64-14.0.1)
COMPILED	jetbrains@05dcd26e64f8 2025-01-28 11:06:46
 
		I/O Configuration: default
SIM_START	day3_scenario2	2025-05-15 10:30:23
TIME	0.001
		Current random seed value = 1747272623
TIME	0.000
SIMULATE	day3_scenario2

TIME	58.255
SIM_END		day3_scenario2	58.252s	130.114m
APPLICATION	CarMaker 14.0.1 - Car_Generic #5 (win64-14.0.1)
COMPILED	jetbrains@05dcd26e64f8 2025-01-28 11:06:46
 
		I/O Configuration: default
SIM_START	day3_scenario2	2025-05-15 10:30:57
TIME	0.001
		Current random seed value = 1747272657
TIME	0.000
SIMULATE	day3_scenario2

TIME	275.988
SIM_END		day3_scenario2	275.985s	411.878m
APPLICATION	CarMaker 14.0.1 - Car_Generic #5 (win64-14.0.1)
COMPILED	jetbrains@05dcd26e64f8 2025-01-28 11:06:46
 
		I/O Configuration: default
SIM_START	day3_scenario2	2025-05-15 10:32:43
TIME	0.001
		Current random seed value = 1747272763
TIME	0.000
SIMULATE	day3_scenario2

TIME	78.315
ERROR		Vehicle leaves road at about x=93.2098, y=2.51185 TireNo=0
SIM_ABORT	day3_scenario2	78.318s	160.392m
APPLICATION	CarMaker 14.0.1 - Car_Generic #5 (win64-14.0.1)
COMPILED	jetbrains@05dcd26e64f8 2025-01-28 11:06:46
 
		I/O Configuration: default
SIM_START	day3_scenario2	2025-05-15 10:33:44
TIME	0.001
		Current random seed value = 1747272824
TIME	0.000
SIMULATE	day3_scenario2

TIME	105.386
SIM_END		day3_scenario2	105.383s	122.976m
APPLICATION	CarMaker 14.0.1 - Car_Generic #5 (win64-14.0.1)
COMPILED	jetbrains@05dcd26e64f8 2025-01-28 11:06:46
 
		I/O Configuration: default
SIM_START	day3_scenario1	2025-05-15 11:46:09
TIME	0.000
SIMULATE	day3_scenario1

TIME	47.523
ERROR		Vehicle leaves road at about x=413.457, y=-3.23779 TireNo=1
SIM_ABORT	day3_scenario1	47.526s	628.935m
APPLICATION	CarMaker 14.0.1 - Car_Generic #5 (win64-14.0.1)
COMPILED	jetbrains@05dcd26e64f8 2025-01-28 11:06:46
 
		I/O Configuration: default
SIM_START	day3_scenario1	2025-05-15 11:46:41
TIME	0.000
SIMULATE	day3_scenario1

TIME	47.523
ERROR		Vehicle leaves road at about x=413.457, y=-3.23779 TireNo=1
SIM_ABORT	day3_scenario1	47.526s	628.935m
APPLICATION	CarMaker 14.0.1 - Car_Generic #5 (win64-14.0.1)
COMPILED	jetbrains@05dcd26e64f8 2025-01-28 11:06:46
 
		I/O Configuration: default
SIM_START	day3_scenario1	2025-05-15 11:57:54
TIME	0.000
SIMULATE	day3_scenario1

TIME	47.523
ERROR		Vehicle leaves road at about x=413.457, y=-3.23779 TireNo=1
SIM_ABORT	day3_scenario1	47.526s	628.935m
APPLICATION	CarMaker 14.0.1 - Car_Generic #5 (win64-14.0.1)
COMPILED	jetbrains@05dcd26e64f8 2025-01-28 11:06:46
 
		I/O Configuration: default
SIM_START	day3_scenario1	2025-05-15 12:37:40
TIME	0.000
SIMULATE	day3_scenario1

TIME	47.030
SIM_END		day3_scenario1	47.03s	630.251m
APPLICATION	CarMaker 14.0.1 - Car_Generic #5 (win64-14.0.1)
COMPILED	jetbrains@05dcd26e64f8 2025-01-28 11:06:46
 
		I/O Configuration: default
SIM_START	day3_scenario1	2025-05-15 12:40:08
TIME	0.000
SIMULATE	day3_scenario1

TIME	47.432
SIM_END		day3_scenario1	47.432s	636.908m
APPLICATION	CarMaker 14.0.1 - Car_Generic #5 (win64-14.0.1)
COMPILED	jetbrains@05dcd26e64f8 2025-01-28 11:06:46
 
		I/O Configuration: default
SIM_START	day3_scenario1	2025-05-15 14:34:00
TIME	0.000
SIMULATE	day3_scenario1

TIME	46.765
SIM_END		day3_scenario1	46.765s	623.978m
