

SYSTEM_START	-	DESKTOP-JF22MNE	DESKTOP-JF22MNE	2025-05-09 12:18:03


SYSTEM_INFO	CarMaker 14.0.1 - Car_Generic #5	jetbrains@05dcd26e64f8 2025-01-28 11:06:46	(14.0.1 jetbrains@05dcd26e64f8 2025-01-28 10:45:59)
SIM	1746760686	DESKTOP-JF22MNE	User	day1_scenario1	0	28.174	495.341


SYSTEM_START	-	DESKTOP-JF22MNE	DESKTOP-JF22MNE	2025-05-09 12:19:00


SYSTEM_INFO	CarMaker 14.0.1 - Car_Generic #5	jetbrains@05dcd26e64f8 2025-01-28 11:06:46	(14.0.1 jetbrains@05dcd26e64f8 2025-01-28 10:45:59)
SIM	1746760741	DESKTOP-JF22MNE	User	day1_scenario1	0	28.174	495.341


SYSTEM_START	-	DESKTOP-JF22MNE	DESKTOP-JF22MNE	2025-05-09 12:19:16


SYSTEM_INFO	CarMaker 14.0.1 - Car_Generic #5	jetbrains@05dcd26e64f8 2025-01-28 11:06:46	(14.0.1 jetbrains@05dcd26e64f8 2025-01-28 10:45:59)
SIM	1746760756	DESKTOP-JF22MNE	User	day1_scenario1	0	28.174	495.341


SYSTEM_START	-	DESKTOP-JF22MNE	DESKTOP-JF22MNE	2025-05-09 12:23:56


SYSTEM_INFO	CarMaker 14.0.1 - Car_Generic #5	jetbrains@05dcd26e64f8 2025-01-28 11:06:46	(14.0.1 jetbrains@05dcd26e64f8 2025-01-28 10:45:59)
SIM	1746761037	DESKTOP-JF22MNE	User	day1_scenario2	0	28.174	495.341


SYSTEM_START	-	DESKTOP-JF22MNE	DESKTOP-JF22MNE	2025-05-09 12:24:27


SYSTEM_INFO	CarMaker 14.0.1 - Car_Generic #5	jetbrains@05dcd26e64f8 2025-01-28 11:06:46	(14.0.1 jetbrains@05dcd26e64f8 2025-01-28 10:45:59)
SIM	1746761067	DESKTOP-JF22MNE	User	day1_scenario2	0	28.174	495.341


SYSTEM_START	-	DESKTOP-JF22MNE	DESKTOP-JF22MNE	2025-05-09 12:25:17


SYSTEM_INFO	CarMaker 14.0.1 - Car_Generic #5	jetbrains@05dcd26e64f8 2025-01-28 11:06:46	(14.0.1 jetbrains@05dcd26e64f8 2025-01-28 10:45:59)
SIM	1746761117	DESKTOP-JF22MNE	User	day1_scenario2	0	28.174	495.341


SYSTEM_START	-	DESKTOP-JF22MNE	DESKTOP-JF22MNE	2025-05-12 13:51:17


SYSTEM_INFO	CarMaker 14.0.1 - Car_Generic #5	jetbrains@05dcd26e64f8 2025-01-28 11:06:46	(14.0.1 jetbrains@05dcd26e64f8 2025-01-28 10:45:59)
SIM	1747025479	DESKTOP-JF22MNE	User	day1_scenario3	0	35.622	295.504


SYSTEM_START	-	DESKTOP-JF22MNE	DESKTOP-JF22MNE	2025-05-12 13:51:36


SYSTEM_INFO	CarMaker 14.0.1 - Car_Generic #5	jetbrains@05dcd26e64f8 2025-01-28 11:06:46	(14.0.1 jetbrains@05dcd26e64f8 2025-01-28 10:45:59)
SIM	1747025497	DESKTOP-JF22MNE	User	day1_scenario3	0	35.622	295.504


SYSTEM_START	-	DESKTOP-JF22MNE	DESKTOP-JF22MNE	2025-05-12 14:00:33


SYSTEM_INFO	CarMaker 14.0.1 - Car_Generic #5	jetbrains@05dcd26e64f8 2025-01-28 11:06:46	(14.0.1 jetbrains@05dcd26e64f8 2025-01-28 10:45:59)
SIM	1747026033	DESKTOP-JF22MNE	User	day1_scenario3	0	16.927	139.728


SYSTEM_START	-	DESKTOP-JF22MNE	DESKTOP-JF22MNE	2025-05-12 14:01:12


SYSTEM_INFO	CarMaker 14.0.1 - Car_Generic #5	jetbrains@05dcd26e64f8 2025-01-28 11:06:46	(14.0.1 jetbrains@05dcd26e64f8 2025-01-28 10:45:59)
SIM	1747026072	DESKTOP-JF22MNE	User	day1_scenario3	0	15.596	128.634


SYSTEM_START	-	DESKTOP-JF22MNE	DESKTOP-JF22MNE	2025-05-12 14:25:23


SYSTEM_INFO	CarMaker 14.0.1 - Car_Generic #5	jetbrains@05dcd26e64f8 2025-01-28 11:06:46	(14.0.1 jetbrains@05dcd26e64f8 2025-01-28 10:45:59)
SIM	1747027523	DESKTOP-JF22MNE	User	day1_scenario3	0	15.085	295.343


SYSTEM_START	-	DESKTOP-JF22MNE	DESKTOP-JF22MNE	2025-05-12 14:29:32


SYSTEM_INFO	CarMaker 14.0.1 - Car_Generic #5	jetbrains@05dcd26e64f8 2025-01-28 11:06:46	(14.0.1 jetbrains@05dcd26e64f8 2025-01-28 10:45:59)
SIM	1747027772	DESKTOP-JF22MNE	User	day1_scenario3	0	15.085	295.343


SYSTEM_START	-	DESKTOP-JF22MNE	DESKTOP-JF22MNE	2025-05-12 14:31:09


SYSTEM_INFO	CarMaker 14.0.1 - Car_Generic #5	jetbrains@05dcd26e64f8 2025-01-28 11:06:46	(14.0.1 jetbrains@05dcd26e64f8 2025-01-28 10:45:59)
SIM	1747027869	DESKTOP-JF22MNE	User	day2_scenario1	0	16.3	294.595


SYSTEM_START	-	DESKTOP-JF22MNE	DESKTOP-JF22MNE	2025-05-12 14:31:29


SYSTEM_INFO	CarMaker 14.0.1 - Car_Generic #5	jetbrains@05dcd26e64f8 2025-01-28 11:06:46	(14.0.1 jetbrains@05dcd26e64f8 2025-01-28 10:45:59)
SIM	1747027889	DESKTOP-JF22MNE	User	day2_scenario1	0	25.346	495.323


SYSTEM_START	-	DESKTOP-JF22MNE	DESKTOP-JF22MNE	2025-05-12 14:32:16


SYSTEM_INFO	CarMaker 14.0.1 - Car_Generic #5	jetbrains@05dcd26e64f8 2025-01-28 11:06:46	(14.0.1 jetbrains@05dcd26e64f8 2025-01-28 10:45:59)
SIM	1747027936	DESKTOP-JF22MNE	User	day2_scenario1	0	25.346	495.323


SYSTEM_START	-	DESKTOP-JF22MNE	DESKTOP-JF22MNE	2025-05-12 14:33:25


SYSTEM_INFO	CarMaker 14.0.1 - Car_Generic #5	jetbrains@05dcd26e64f8 2025-01-28 11:06:46	(14.0.1 jetbrains@05dcd26e64f8 2025-01-28 10:45:59)
SIM	1747028006	DESKTOP-JF22MNE	User	day2_scenario1	0	13.834	240.116


SYSTEM_START	-	DESKTOP-JF22MNE	DESKTOP-JF22MNE	2025-05-12 14:33:56


SYSTEM_INFO	CarMaker 14.0.1 - Car_Generic #5	jetbrains@05dcd26e64f8 2025-01-28 11:06:46	(14.0.1 jetbrains@05dcd26e64f8 2025-01-28 10:45:59)
SIM	1747028036	DESKTOP-JF22MNE	User	day2_scenario1	0	25.346	495.323


SYSTEM_START	-	DESKTOP-JF22MNE	DESKTOP-JF22MNE	2025-05-12 15:01:08


SYSTEM_INFO	CarMaker 14.0.1 - Car_Generic #5	jetbrains@05dcd26e64f8 2025-01-28 11:06:46	(14.0.1 jetbrains@05dcd26e64f8 2025-01-28 10:45:59)
SIM	1747029668	DESKTOP-JF22MNE	User	day2_scenario1	0	129.565	20.7872


SYSTEM_START	-	DESKTOP-JF22MNE	DESKTOP-JF22MNE	2025-05-12 15:03:31


SYSTEM_INFO	CarMaker 14.0.1 - Car_Generic #5	jetbrains@05dcd26e64f8 2025-01-28 11:06:46	(14.0.1 jetbrains@05dcd26e64f8 2025-01-28 10:45:59)
SIM	1747029811	DESKTOP-JF22MNE	User	day2_scenario2	0	60.724	4.58083e-06


SYSTEM_START	-	DESKTOP-JF22MNE	DESKTOP-JF22MNE	2025-05-12 15:04:49


SYSTEM_INFO	CarMaker 14.0.1 - Car_Generic #5	jetbrains@05dcd26e64f8 2025-01-28 11:06:46	(14.0.1 jetbrains@05dcd26e64f8 2025-01-28 10:45:59)
SIM	1747029890	DESKTOP-JF22MNE	User	day2_scenario2	0	27.9	4.5298e-06


SYSTEM_START	-	DESKTOP-JF22MNE	DESKTOP-JF22MNE	2025-05-12 15:06:34


SYSTEM_INFO	CarMaker 14.0.1 - Car_Generic #5	jetbrains@05dcd26e64f8 2025-01-28 11:06:46	(14.0.1 jetbrains@05dcd26e64f8 2025-01-28 10:45:59)
SIM	1747029994	DESKTOP-JF22MNE	User	day2_scenario2	0	4.681	4.39983e-06


SYSTEM_START	-	DESKTOP-JF22MNE	DESKTOP-JF22MNE	2025-05-12 15:06:43


SYSTEM_INFO	CarMaker 14.0.1 - Car_Generic #5	jetbrains@05dcd26e64f8 2025-01-28 11:06:46	(14.0.1 jetbrains@05dcd26e64f8 2025-01-28 10:45:59)
SIM	1747030003	DESKTOP-JF22MNE	User	day2_scenario2	0	19.75	4.50113e-06


SYSTEM_START	-	DESKTOP-JF22MNE	DESKTOP-JF22MNE	2025-05-12 15:08:01


SYSTEM_INFO	CarMaker 14.0.1 - Car_Generic #5	jetbrains@05dcd26e64f8 2025-01-28 11:06:46	(14.0.1 jetbrains@05dcd26e64f8 2025-01-28 10:45:59)
SIM	1747030081	DESKTOP-JF22MNE	User	day2_scenario2	0	19.299	4.49917e-06


SYSTEM_START	-	DESKTOP-JF22MNE	DESKTOP-JF22MNE	2025-05-12 15:09:35


SYSTEM_INFO	CarMaker 14.0.1 - Car_Generic #5	jetbrains@05dcd26e64f8 2025-01-28 11:06:46	(14.0.1 jetbrains@05dcd26e64f8 2025-01-28 10:45:59)
SIM	1747030175	DESKTOP-JF22MNE	User	day2_scenario2	0	14.849	4.47679e-06


SYSTEM_START	-	DESKTOP-JF22MNE	DESKTOP-JF22MNE	2025-05-12 15:13:40


SYSTEM_INFO	CarMaker 14.0.1 - Car_Generic #5	jetbrains@05dcd26e64f8 2025-01-28 11:06:46	(14.0.1 jetbrains@05dcd26e64f8 2025-01-28 10:45:59)
SIM	1747030420	DESKTOP-JF22MNE	User	day2_scenario2	0	11.388	4.46256e-06


SYSTEM_START	-	DESKTOP-JF22MNE	DESKTOP-JF22MNE	2025-05-12 15:14:55


SYSTEM_INFO	CarMaker 14.0.1 - Car_Generic #5	jetbrains@05dcd26e64f8 2025-01-28 11:06:46	(14.0.1 jetbrains@05dcd26e64f8 2025-01-28 10:45:59)
SIM	1747030495	DESKTOP-JF22MNE	User	day2_scenario2	0	6.325	4.42788e-06


SYSTEM_START	-	DESKTOP-JF22MNE	DESKTOP-JF22MNE	2025-05-12 15:15:13


SYSTEM_INFO	CarMaker 14.0.1 - Car_Generic #5	jetbrains@05dcd26e64f8 2025-01-28 11:06:46	(14.0.1 jetbrains@05dcd26e64f8 2025-01-28 10:45:59)
SIM	1747030513	DESKTOP-JF22MNE	User	day2_scenario2	0	42.695	4.5531e-06


SYSTEM_START	-	DESKTOP-JF22MNE	DESKTOP-JF22MNE	2025-05-12 15:18:20


SYSTEM_INFO	CarMaker 14.0.1 - Car_Generic #5	jetbrains@05dcd26e64f8 2025-01-28 11:06:46	(14.0.1 jetbrains@05dcd26e64f8 2025-01-28 10:45:59)
SIM	1747030701	DESKTOP-JF22MNE	User	day2_scenario2	0	0.05	3.85947e-07


SYSTEM_START	-	DESKTOP-JF22MNE	DESKTOP-JF22MNE	2025-05-12 15:19:41


SYSTEM_INFO	CarMaker 14.0.1 - Car_Generic #5	jetbrains@05dcd26e64f8 2025-01-28 11:06:46	(14.0.1 jetbrains@05dcd26e64f8 2025-01-28 10:45:59)
SIM	1747030781	DESKTOP-JF22MNE	User	day2_scenario2	0	0	0


SYSTEM_START	-	DESKTOP-JF22MNE	DESKTOP-JF22MNE	2025-05-12 15:38:02


SYSTEM_INFO	CarMaker 14.0.1 - Car_Generic #5	jetbrains@05dcd26e64f8 2025-01-28 11:06:46	(14.0.1 jetbrains@05dcd26e64f8 2025-01-28 10:45:59)
SIM	1747031883	DESKTOP-JF22MNE	User	day2_scenario2	0	19.966	0.000646913


SYSTEM_START	-	DESKTOP-JF22MNE	DESKTOP-JF22MNE	2025-05-12 15:40:05


SYSTEM_INFO	CarMaker 14.0.1 - Car_Generic #5	jetbrains@05dcd26e64f8 2025-01-28 11:06:46	(14.0.1 jetbrains@05dcd26e64f8 2025-01-28 10:45:59)
SIM	1747032005	DESKTOP-JF22MNE	User	day2_scenario2	0	48.348	0.000650708


SYSTEM_START	-	DESKTOP-JF22MNE	DESKTOP-JF22MNE	2025-05-12 15:41:09


SYSTEM_INFO	CarMaker 14.0.1 - Car_Generic #5	jetbrains@05dcd26e64f8 2025-01-28 11:06:46	(14.0.1 jetbrains@05dcd26e64f8 2025-01-28 10:45:59)
SIM	1747032069	DESKTOP-JF22MNE	User	day2_scenario2	0	25.465	0.000648168


SYSTEM_START	-	DESKTOP-JF22MNE	DESKTOP-JF22MNE	2025-05-12 15:44:02


SYSTEM_INFO	CarMaker 14.0.1 - Car_Generic #5	jetbrains@05dcd26e64f8 2025-01-28 11:06:46	(14.0.1 jetbrains@05dcd26e64f8 2025-01-28 10:45:59)
SIM	1747032242	DESKTOP-JF22MNE	User	day2_scenario2	0	14.565	0.000645249


SYSTEM_START	-	DESKTOP-JF22MNE	DESKTOP-JF22MNE	2025-05-12 15:45:21


SYSTEM_INFO	CarMaker 14.0.1 - Car_Generic #5	jetbrains@05dcd26e64f8 2025-01-28 11:06:46	(14.0.1 jetbrains@05dcd26e64f8 2025-01-28 10:45:59)
SIM	1747032321	DESKTOP-JF22MNE	User	day2_scenario2	0	1649.3	481.138


SYSTEM_START	-	DESKTOP-JF22MNE	DESKTOP-JF22MNE	2025-05-12 16:07:33


SYSTEM_INFO	CarMaker 14.0.1 - Car_Generic #5	jetbrains@05dcd26e64f8 2025-01-28 11:06:46	(14.0.1 jetbrains@05dcd26e64f8 2025-01-28 10:45:59)
SIM	1747033653	DESKTOP-JF22MNE	User	day2_scenario2	0	56.345	495.333


SYSTEM_START	-	DESKTOP-JF22MNE	DESKTOP-JF22MNE	2025-05-12 16:08:21


SYSTEM_INFO	CarMaker 14.0.1 - Car_Generic #5	jetbrains@05dcd26e64f8 2025-01-28 11:06:46	(14.0.1 jetbrains@05dcd26e64f8 2025-01-28 10:45:59)
SIM	1747033702	DESKTOP-JF22MNE	User	day2_scenario2	0	56.357	495.332


SYSTEM_START	-	DESKTOP-JF22MNE	DESKTOP-JF22MNE	2025-05-12 16:13:23


SYSTEM_INFO	CarMaker 14.0.1 - Car_Generic #5	jetbrains@05dcd26e64f8 2025-01-28 11:06:46	(14.0.1 jetbrains@05dcd26e64f8 2025-01-28 10:45:59)
SIM	1747034003	DESKTOP-JF22MNE	User	day2_scenario2	0	1492.34	494.437


SYSTEM_START	-	DESKTOP-JF22MNE	DESKTOP-JF22MNE	2025-05-12 18:33:39


SYSTEM_INFO	CarMaker 14.0.1 - Car_Generic #5	jetbrains@05dcd26e64f8 2025-01-28 11:06:46	(14.0.1 jetbrains@05dcd26e64f8 2025-01-28 10:45:59)
SIM	1747042420	DESKTOP-JF22MNE	User	day2_scenario2	0	106.758	493.465


SYSTEM_START	-	DESKTOP-JF22MNE	DESKTOP-JF22MNE	2025-05-12 18:35:43


SYSTEM_INFO	CarMaker 14.0.1 - Car_Generic #5	jetbrains@05dcd26e64f8 2025-01-28 11:06:46	(14.0.1 jetbrains@05dcd26e64f8 2025-01-28 10:45:59)
SIM	1747042543	DESKTOP-JF22MNE	User	day2_scenario2	0	715.924	480.766


SYSTEM_START	-	DESKTOP-JF22MNE	DESKTOP-JF22MNE	2025-05-12 20:03:40


SYSTEM_INFO	CarMaker 14.0.1 - Car_Generic #5	jetbrains@05dcd26e64f8 2025-01-28 11:06:46	(14.0.1 jetbrains@05dcd26e64f8 2025-01-28 10:45:59)
SIM	1747047820	DESKTOP-JF22MNE	User	day2_scenario2	0	72.327	5.64934e-05


SYSTEM_START	-	DESKTOP-JF22MNE	DESKTOP-JF22MNE	2025-05-12 20:04:45


SYSTEM_INFO	CarMaker 14.0.1 - Car_Generic #5	jetbrains@05dcd26e64f8 2025-01-28 11:06:46	(14.0.1 jetbrains@05dcd26e64f8 2025-01-28 10:45:59)
SIM	1747047885	DESKTOP-JF22MNE	User	day2_scenario4	0	35.771	495.591


SYSTEM_START	-	DESKTOP-JF22MNE	DESKTOP-JF22MNE	2025-05-12 20:05:11


SYSTEM_INFO	CarMaker 14.0.1 - Car_Generic #5	jetbrains@05dcd26e64f8 2025-01-28 11:06:46	(14.0.1 jetbrains@05dcd26e64f8 2025-01-28 10:45:59)
SIM	1747047911	DESKTOP-JF22MNE	User	day2_scenario4	0	35.771	495.591


SYSTEM_START	-	DESKTOP-JF22MNE	DESKTOP-JF22MNE	2025-05-12 20:07:19


SYSTEM_INFO	CarMaker 14.0.1 - Car_Generic #5	jetbrains@05dcd26e64f8 2025-01-28 11:06:46	(14.0.1 jetbrains@05dcd26e64f8 2025-01-28 10:45:59)
SIM	1747048039	DESKTOP-JF22MNE	User	day2_scenario4	0	35.771	495.591


SYSTEM_START	-	DESKTOP-JF22MNE	DESKTOP-JF22MNE	2025-05-12 20:07:49


SYSTEM_INFO	CarMaker 14.0.1 - Car_Generic #5	jetbrains@05dcd26e64f8 2025-01-28 11:06:46	(14.0.1 jetbrains@05dcd26e64f8 2025-01-28 10:45:59)
SIM	1747048070	DESKTOP-JF22MNE	User	day2_scenario4	0	35.772	495.591


SYSTEM_START	-	DESKTOP-JF22MNE	DESKTOP-JF22MNE	2025-05-12 20:08:22


SYSTEM_INFO	CarMaker 14.0.1 - Car_Generic #5	jetbrains@05dcd26e64f8 2025-01-28 11:06:46	(14.0.1 jetbrains@05dcd26e64f8 2025-01-28 10:45:59)
SIM	1747048102	DESKTOP-JF22MNE	User	day2_scenario4	0	35.767	495.515


SYSTEM_START	-	DESKTOP-JF22MNE	DESKTOP-JF22MNE	2025-05-12 20:08:54


SYSTEM_INFO	CarMaker 14.0.1 - Car_Generic #5	jetbrains@05dcd26e64f8 2025-01-28 11:06:46	(14.0.1 jetbrains@05dcd26e64f8 2025-01-28 10:45:59)
SIM	1747048134	DESKTOP-JF22MNE	User	day2_scenario4	0	35.767	495.509


SYSTEM_START	-	DESKTOP-JF22MNE	DESKTOP-JF22MNE	2025-05-12 20:09:22


SYSTEM_INFO	CarMaker 14.0.1 - Car_Generic #5	jetbrains@05dcd26e64f8 2025-01-28 11:06:46	(14.0.1 jetbrains@05dcd26e64f8 2025-01-28 10:45:59)
SIM	1747048162	DESKTOP-JF22MNE	User	day2_scenario4	0	35.766	495.488


SYSTEM_START	-	DESKTOP-JF22MNE	DESKTOP-JF22MNE	2025-05-12 20:09:54


SYSTEM_INFO	CarMaker 14.0.1 - Car_Generic #5	jetbrains@05dcd26e64f8 2025-01-28 11:06:46	(14.0.1 jetbrains@05dcd26e64f8 2025-01-28 10:45:59)
SIM	1747048194	DESKTOP-JF22MNE	User	day2_scenario4	0	35.766	495.485


SYSTEM_START	-	DESKTOP-JF22MNE	DESKTOP-JF22MNE	2025-05-12 20:10:11


SYSTEM_INFO	CarMaker 14.0.1 - Car_Generic #5	jetbrains@05dcd26e64f8 2025-01-28 11:06:46	(14.0.1 jetbrains@05dcd26e64f8 2025-01-28 10:45:59)
SIM	1747048211	DESKTOP-JF22MNE	User	day2_scenario4	0	24.149	334.176


SYSTEM_START	-	DESKTOP-JF22MNE	DESKTOP-JF22MNE	2025-05-12 20:13:13


SYSTEM_INFO	CarMaker 14.0.1 - Car_Generic #5	jetbrains@05dcd26e64f8 2025-01-28 11:06:46	(14.0.1 jetbrains@05dcd26e64f8 2025-01-28 10:45:59)
SIM	1747048394	DESKTOP-JF22MNE	User	day2_scenario4	1	1.307	16.5967


SYSTEM_START	-	DESKTOP-JF22MNE	DESKTOP-JF22MNE	2025-05-12 20:13:45


SYSTEM_INFO	CarMaker 14.0.1 - Car_Generic #5	jetbrains@05dcd26e64f8 2025-01-28 11:06:46	(14.0.1 jetbrains@05dcd26e64f8 2025-01-28 10:45:59)
SIM	1747048426	DESKTOP-JF22MNE	User	day2_scenario4	1	1.307	16.5967


SYSTEM_START	-	DESKTOP-JF22MNE	DESKTOP-JF22MNE	2025-05-12 20:14:09


SYSTEM_INFO	CarMaker 14.0.1 - Car_Generic #5	jetbrains@05dcd26e64f8 2025-01-28 11:06:46	(14.0.1 jetbrains@05dcd26e64f8 2025-01-28 10:45:59)
SIM	1747048449	DESKTOP-JF22MNE	User	day2_scenario4	1	1.307	16.5967


SYSTEM_START	-	DESKTOP-JF22MNE	DESKTOP-JF22MNE	2025-05-12 20:14:33


SYSTEM_INFO	CarMaker 14.0.1 - Car_Generic #5	jetbrains@05dcd26e64f8 2025-01-28 11:06:46	(14.0.1 jetbrains@05dcd26e64f8 2025-01-28 10:45:59)
SIM	1747048473	DESKTOP-JF22MNE	User	day2_scenario5	1	1.898	20.2423


SYSTEM_START	-	DESKTOP-JF22MNE	DESKTOP-JF22MNE	2025-05-12 20:16:10


SYSTEM_INFO	CarMaker 14.0.1 - Car_Generic #5	jetbrains@05dcd26e64f8 2025-01-28 11:06:46	(14.0.1 jetbrains@05dcd26e64f8 2025-01-28 10:45:59)
SIM	1747048571	DESKTOP-JF22MNE	User	day2_scenario5	1	2.149	22.0501


SYSTEM_START	-	DESKTOP-JF22MNE	DESKTOP-JF22MNE	2025-05-12 20:16:57


SYSTEM_INFO	CarMaker 14.0.1 - Car_Generic #5	jetbrains@05dcd26e64f8 2025-01-28 11:06:46	(14.0.1 jetbrains@05dcd26e64f8 2025-01-28 10:45:59)
SIM	1747048617	DESKTOP-JF22MNE	User	day2_scenario5	1	2.149	22.0501


SYSTEM_START	-	DESKTOP-JF22MNE	DESKTOP-JF22MNE	2025-05-12 20:17:35


SYSTEM_INFO	CarMaker 14.0.1 - Car_Generic #5	jetbrains@05dcd26e64f8 2025-01-28 11:06:46	(14.0.1 jetbrains@05dcd26e64f8 2025-01-28 10:45:59)
SIM	1747048655	DESKTOP-JF22MNE	User	day2_scenario5	1	2.149	22.0501


SYSTEM_START	-	DESKTOP-JF22MNE	DESKTOP-JF22MNE	2025-05-12 20:23:44


SYSTEM_INFO	CarMaker 14.0.1 - Car_Generic #5	jetbrains@05dcd26e64f8 2025-01-28 11:06:46	(14.0.1 jetbrains@05dcd26e64f8 2025-01-28 10:45:59)
SIM	1747049025	DESKTOP-JF22MNE	User	day2_scenario5	1	2.149	22.0501


SYSTEM_START	-	DESKTOP-JF22MNE	DESKTOP-JF22MNE	2025-05-12 20:24:40


SYSTEM_INFO	CarMaker 14.0.1 - Car_Generic #5	jetbrains@05dcd26e64f8 2025-01-28 11:06:46	(14.0.1 jetbrains@05dcd26e64f8 2025-01-28 10:45:59)
SIM	1747049080	DESKTOP-JF22MNE	User	day2_scenario5	1	3.945	37.3915


SYSTEM_START	-	DESKTOP-JF22MNE	DESKTOP-JF22MNE	2025-05-12 20:25:00


SYSTEM_INFO	CarMaker 14.0.1 - Car_Generic #5	jetbrains@05dcd26e64f8 2025-01-28 11:06:46	(14.0.1 jetbrains@05dcd26e64f8 2025-01-28 10:45:59)
SIM	1747049100	DESKTOP-JF22MNE	User	day2_scenario5	1	3.695	35.0014


SYSTEM_START	-	DESKTOP-JF22MNE	DESKTOP-JF22MNE	2025-05-12 20:25:20


SYSTEM_INFO	CarMaker 14.0.1 - Car_Generic #5	jetbrains@05dcd26e64f8 2025-01-28 11:06:46	(14.0.1 jetbrains@05dcd26e64f8 2025-01-28 10:45:59)
SIM	1747049120	DESKTOP-JF22MNE	User	day2_scenario5	1	3.779	35.5892


SYSTEM_START	-	DESKTOP-JF22MNE	DESKTOP-JF22MNE	2025-05-12 20:25:43


SYSTEM_INFO	CarMaker 14.0.1 - Car_Generic #5	jetbrains@05dcd26e64f8 2025-01-28 11:06:46	(14.0.1 jetbrains@05dcd26e64f8 2025-01-28 10:45:59)
SIM	1747049143	DESKTOP-JF22MNE	User	day2_scenario5	1	4.174	39.0464


SYSTEM_START	-	DESKTOP-JF22MNE	DESKTOP-JF22MNE	2025-05-12 20:37:53


SYSTEM_INFO	CarMaker 14.0.1 - Car_Generic #5	jetbrains@05dcd26e64f8 2025-01-28 11:06:46	(14.0.1 jetbrains@05dcd26e64f8 2025-01-28 10:45:59)
SIM	1747049873	DESKTOP-JF22MNE	User	day2_scenario5	1	6.856	78.924


SYSTEM_START	-	DESKTOP-JF22MNE	DESKTOP-JF22MNE	2025-05-12 20:38:21


SYSTEM_INFO	CarMaker 14.0.1 - Car_Generic #5	jetbrains@05dcd26e64f8 2025-01-28 11:06:46	(14.0.1 jetbrains@05dcd26e64f8 2025-01-28 10:45:59)
SIM	1747049901	DESKTOP-JF22MNE	User	day2_scenario5	1	7.27	87.1193


SYSTEM_START	-	DESKTOP-JF22MNE	DESKTOP-JF22MNE	2025-05-12 20:39:13


SYSTEM_INFO	CarMaker 14.0.1 - Car_Generic #5	jetbrains@05dcd26e64f8 2025-01-28 11:06:46	(14.0.1 jetbrains@05dcd26e64f8 2025-01-28 10:45:59)
SIM	1747049953	DESKTOP-JF22MNE	User	day2_scenario5	1	7.27	87.1193


SYSTEM_START	-	DESKTOP-JF22MNE	DESKTOP-JF22MNE	2025-05-12 20:40:27


SYSTEM_INFO	CarMaker 14.0.1 - Car_Generic #5	jetbrains@05dcd26e64f8 2025-01-28 11:06:46	(14.0.1 jetbrains@05dcd26e64f8 2025-01-28 10:45:59)
SIM	1747050028	DESKTOP-JF22MNE	User	day2_scenario5	1	7.27	87.1193


SYSTEM_START	-	DESKTOP-JF22MNE	DESKTOP-JF22MNE	2025-05-12 20:44:32


SYSTEM_INFO	CarMaker 14.0.1 - Car_Generic #5	jetbrains@05dcd26e64f8 2025-01-28 11:06:46	(14.0.1 jetbrains@05dcd26e64f8 2025-01-28 10:45:59)
SIM	1747050272	DESKTOP-JF22MNE	User	day2_scenario5	1	1.849	25.031


SYSTEM_START	-	DESKTOP-JF22MNE	DESKTOP-JF22MNE	2025-05-12 20:44:42


SYSTEM_INFO	CarMaker 14.0.1 - Car_Generic #5	jetbrains@05dcd26e64f8 2025-01-28 11:06:46	(14.0.1 jetbrains@05dcd26e64f8 2025-01-28 10:45:59)
SIM	1747050282	DESKTOP-JF22MNE	User	day2_scenario5	1	1.849	25.031


SYSTEM_START	-	DESKTOP-JF22MNE	DESKTOP-JF22MNE	2025-05-12 20:45:10


SYSTEM_INFO	CarMaker 14.0.1 - Car_Generic #5	jetbrains@05dcd26e64f8 2025-01-28 11:06:46	(14.0.1 jetbrains@05dcd26e64f8 2025-01-28 10:45:59)
SIM	1747050310	DESKTOP-JF22MNE	User	day2_scenario5	1	1.916	26.0414


SYSTEM_START	-	DESKTOP-JF22MNE	DESKTOP-JF22MNE	2025-05-12 20:45:27


SYSTEM_INFO	CarMaker 14.0.1 - Car_Generic #5	jetbrains@05dcd26e64f8 2025-01-28 11:06:46	(14.0.1 jetbrains@05dcd26e64f8 2025-01-28 10:45:59)
SIM	1747050327	DESKTOP-JF22MNE	User	day2_scenario5	1	7.205	98.7174


SYSTEM_START	-	DESKTOP-JF22MNE	DESKTOP-JF22MNE	2025-05-12 20:46:29


SYSTEM_INFO	CarMaker 14.0.1 - Car_Generic #5	jetbrains@05dcd26e64f8 2025-01-28 11:06:46	(14.0.1 jetbrains@05dcd26e64f8 2025-01-28 10:45:59)
SIM	1747050389	DESKTOP-JF22MNE	User	day2_scenario5	1	7.194	98.5956


SYSTEM_START	-	DESKTOP-JF22MNE	DESKTOP-JF22MNE	2025-05-12 20:46:42


SYSTEM_INFO	CarMaker 14.0.1 - Car_Generic #5	jetbrains@05dcd26e64f8 2025-01-28 11:06:46	(14.0.1 jetbrains@05dcd26e64f8 2025-01-28 10:45:59)
SIM	1747050402	DESKTOP-JF22MNE	User	day2_scenario5	1	7.194	98.5956


SYSTEM_START	-	DESKTOP-JF22MNE	DESKTOP-JF22MNE	2025-05-12 20:47:38


SYSTEM_INFO	CarMaker 14.0.1 - Car_Generic #5	jetbrains@05dcd26e64f8 2025-01-28 11:06:46	(14.0.1 jetbrains@05dcd26e64f8 2025-01-28 10:45:59)
SIM	1747050458	DESKTOP-JF22MNE	User	day2_scenario5	1	2.68	27.0122


SYSTEM_START	-	DESKTOP-JF22MNE	DESKTOP-JF22MNE	2025-05-12 20:48:23


SYSTEM_INFO	CarMaker 14.0.1 - Car_Generic #5	jetbrains@05dcd26e64f8 2025-01-28 11:06:46	(14.0.1 jetbrains@05dcd26e64f8 2025-01-28 10:45:59)
SIM	1747050503	DESKTOP-JF22MNE	User	day2_scenario5	1	9.604	109.307


SYSTEM_START	-	DESKTOP-JF22MNE	DESKTOP-JF22MNE	2025-05-12 20:50:18


SYSTEM_INFO	CarMaker 14.0.1 - Car_Generic #5	jetbrains@05dcd26e64f8 2025-01-28 11:06:46	(14.0.1 jetbrains@05dcd26e64f8 2025-01-28 10:45:59)
SIM	1747050619	DESKTOP-JF22MNE	User	day2_scenario5	1	3.904	46.0529


SYSTEM_START	-	DESKTOP-JF22MNE	DESKTOP-JF22MNE	2025-05-12 20:52:58


SYSTEM_INFO	CarMaker 14.0.1 - Car_Generic #5	jetbrains@05dcd26e64f8 2025-01-28 11:06:46	(14.0.1 jetbrains@05dcd26e64f8 2025-01-28 10:45:59)
SIM	1747050778	DESKTOP-JF22MNE	User	day2_scenario5	1	3.904	46.0529


SYSTEM_START	-	DESKTOP-JF22MNE	DESKTOP-JF22MNE	2025-05-12 20:56:24


SYSTEM_INFO	CarMaker 14.0.1 - Car_Generic #5	jetbrains@05dcd26e64f8 2025-01-28 11:06:46	(14.0.1 jetbrains@05dcd26e64f8 2025-01-28 10:45:59)
SIM	1747050984	DESKTOP-JF22MNE	User	day2_scenario5	1	1.907	25.9196


SYSTEM_START	-	DESKTOP-JF22MNE	DESKTOP-JF22MNE	2025-05-12 20:57:12


SYSTEM_INFO	CarMaker 14.0.1 - Car_Generic #5	jetbrains@05dcd26e64f8 2025-01-28 11:06:46	(14.0.1 jetbrains@05dcd26e64f8 2025-01-28 10:45:59)
SIM	1747051033	DESKTOP-JF22MNE	User	day2_scenario5	1	1.887	25.6483


SYSTEM_START	-	DESKTOP-JF22MNE	DESKTOP-JF22MNE	2025-05-12 20:57:50


SYSTEM_INFO	CarMaker 14.0.1 - Car_Generic #5	jetbrains@05dcd26e64f8 2025-01-28 11:06:46	(14.0.1 jetbrains@05dcd26e64f8 2025-01-28 10:45:59)
SIM	1747051070	DESKTOP-JF22MNE	User	day2_scenario5	1	46.054	631.982


SYSTEM_START	-	DESKTOP-JF22MNE	DESKTOP-JF22MNE	2025-05-12 21:02:08


SYSTEM_INFO	CarMaker 14.0.1 - Car_Generic #5	jetbrains@05dcd26e64f8 2025-01-28 11:06:46	(14.0.1 jetbrains@05dcd26e64f8 2025-01-28 10:45:59)
SIM	1747051328	DESKTOP-JF22MNE	User	day2_scenario5	1	45.952	629.755


SYSTEM_START	-	DESKTOP-JF22MNE	DESKTOP-JF22MNE	2025-05-12 21:09:55


SYSTEM_INFO	CarMaker 14.0.1 - Car_Generic #5	jetbrains@05dcd26e64f8 2025-01-28 11:06:46	(14.0.1 jetbrains@05dcd26e64f8 2025-01-28 10:45:59)
SIM	1747051796	DESKTOP-JF22MNE	User	day2_scenario5	1	45.952	629.755


SYSTEM_START	-	DESKTOP-JF22MNE	DESKTOP-JF22MNE	2025-05-12 21:10:39


SYSTEM_INFO	CarMaker 14.0.1 - Car_Generic #5	jetbrains@05dcd26e64f8 2025-01-28 11:06:46	(14.0.1 jetbrains@05dcd26e64f8 2025-01-28 10:45:59)
SIM	1747051839	DESKTOP-JF22MNE	User	day2_scenario5	1	45.952	629.755


SYSTEM_START	-	DESKTOP-JF22MNE	DESKTOP-JF22MNE	2025-05-12 21:15:07


SYSTEM_INFO	CarMaker 14.0.1 - Car_Generic #5	jetbrains@05dcd26e64f8 2025-01-28 11:06:46	(14.0.1 jetbrains@05dcd26e64f8 2025-01-28 10:45:59)
SIM	1747052108	DESKTOP-JF22MNE	User	day2_scenario5	1	45.807	628.357


SYSTEM_START	-	DESKTOP-JF22MNE	DESKTOP-JF22MNE	2025-05-12 21:21:06


SYSTEM_INFO	CarMaker 14.0.1 - Car_Generic #5	jetbrains@05dcd26e64f8 2025-01-28 11:06:46	(14.0.1 jetbrains@05dcd26e64f8 2025-01-28 10:45:59)
SIM	1747052466	DESKTOP-JF22MNE	User	day2_scenario5	0	46.239	637.727


SYSTEM_START	-	DESKTOP-JF22MNE	DESKTOP-JF22MNE	2025-05-12 21:23:59


SYSTEM_INFO	CarMaker 14.0.1 - Car_Generic #5	jetbrains@05dcd26e64f8 2025-01-28 11:06:46	(14.0.1 jetbrains@05dcd26e64f8 2025-01-28 10:45:59)
SIM	1747052639	DESKTOP-JF22MNE	User	day2_scenario5	0	45.314	624.352


SYSTEM_START	-	DESKTOP-JF22MNE	DESKTOP-JF22MNE	2025-05-12 21:25:35


SYSTEM_INFO	CarMaker 14.0.1 - Car_Generic #5	jetbrains@05dcd26e64f8 2025-01-28 11:06:46	(14.0.1 jetbrains@05dcd26e64f8 2025-01-28 10:45:59)
SIM	1747052735	DESKTOP-JF22MNE	User	day2_scenario5	0	45.314	624.352
