APPLICATION	CarMaker 14.0.1 - Car_Generic #5 (win64-14.0.1)
COMPILED	jetbrains@05dcd26e64f8 2025-01-28 11:06:46
 
		I/O Configuration: default
SIM_START	day2_scenario2	2025-05-12 15:38:03
TIME	0.001
		Current random seed value = 1747031883
TIME	0.000
SIMULATE	day2_scenario2

TIME	19.969
SIM_END		day2_scenario2	19.966s	0.000646913m
APPLICATION	CarMaker 14.0.1 - Car_Generic #5 (win64-14.0.1)
COMPILED	jetbrains@05dcd26e64f8 2025-01-28 11:06:46
 
		I/O Configuration: default
SIM_START	day2_scenario2	2025-05-12 15:40:05
TIME	0.001
		Current random seed value = 1747032005
TIME	0.000
SIMULATE	day2_scenario2

TIME	48.351
SIM_END		day2_scenario2	48.348s	0.000650708m
APPLICATION	CarMaker 14.0.1 - Car_Generic #5 (win64-14.0.1)
COMPILED	jetbrains@05dcd26e64f8 2025-01-28 11:06:46
 
		I/O Configuration: default
SIM_START	day2_scenario2	2025-05-12 15:41:09
TIME	0.001
		Current random seed value = 1747032069
TIME	0.000
SIMULATE	day2_scenario2

TIME	25.468
SIM_END		day2_scenario2	25.465s	0.000648168m
APPLICATION	CarMaker 14.0.1 - Car_Generic #5 (win64-14.0.1)
COMPILED	jetbrains@05dcd26e64f8 2025-01-28 11:06:46
 
		I/O Configuration: default
SIM_START	day2_scenario2	2025-05-12 15:44:02
TIME	0.001
		Current random seed value = 1747032242
TIME	0.000
SIMULATE	day2_scenario2

TIME	14.568
SIM_END		day2_scenario2	14.565s	0.000645249m
APPLICATION	CarMaker 14.0.1 - Car_Generic #5 (win64-14.0.1)
COMPILED	jetbrains@05dcd26e64f8 2025-01-28 11:06:46
 
		I/O Configuration: default
SIM_START	day2_scenario2	2025-05-12 15:45:21
TIME	0.001
		Current random seed value = 1747032321
TIME	0.000
SIMULATE	day2_scenario2

TIME	1649.307
SIM_END		day2_scenario2	1649.3s	481.138m
APPLICATION	CarMaker 14.0.1 - Car_Generic #5 (win64-14.0.1)
COMPILED	jetbrains@05dcd26e64f8 2025-01-28 11:06:46
 
		I/O Configuration: default
SIM_START	day2_scenario2	2025-05-12 16:07:33
TIME	0.001
		Current random seed value = 1747033653
TIME	0.000
SIMULATE	day2_scenario2

TIME	56.345
SIM_END		day2_scenario2	56.345s	495.333m
APPLICATION	CarMaker 14.0.1 - Car_Generic #5 (win64-14.0.1)
COMPILED	jetbrains@05dcd26e64f8 2025-01-28 11:06:46
 
		I/O Configuration: default
SIM_START	day2_scenario2	2025-05-12 16:08:22
TIME	0.001
		Current random seed value = 1747033702
TIME	0.000
SIMULATE	day2_scenario2

TIME	56.357
SIM_END		day2_scenario2	56.357s	495.332m
APPLICATION	CarMaker 14.0.1 - Car_Generic #5 (win64-14.0.1)
COMPILED	jetbrains@05dcd26e64f8 2025-01-28 11:06:46
 
		I/O Configuration: default
SIM_START	day2_scenario2	2025-05-12 16:13:23
TIME	0.001
		Current random seed value = 1747034003
TIME	0.000
SIMULATE	day2_scenario2

TIME	1492.345
SIM_END		day2_scenario2	1492.34s	494.437m
APPLICATION	CarMaker 14.0.1 - Car_Generic #5 (win64-14.0.1)
COMPILED	jetbrains@05dcd26e64f8 2025-01-28 11:06:46
 
		I/O Configuration: default
SIM_START	day2_scenario2	2025-05-12 18:33:40
TIME	0.001
		Current random seed value = 1747042420
TIME	0.000
SIMULATE	day2_scenario2

TIME	106.761
SIM_END		day2_scenario2	106.758s	493.465m
APPLICATION	CarMaker 14.0.1 - Car_Generic #5 (win64-14.0.1)
COMPILED	jetbrains@05dcd26e64f8 2025-01-28 11:06:46
 
		I/O Configuration: default
SIM_START	day2_scenario2	2025-05-12 18:35:43
TIME	0.001
		Current random seed value = 1747042543
TIME	0.000
SIMULATE	day2_scenario2

TIME	715.927
SIM_END		day2_scenario2	715.924s	480.766m
APPLICATION	CarMaker 14.0.1 - Car_Generic #5 (win64-14.0.1)
COMPILED	jetbrains@05dcd26e64f8 2025-01-28 11:06:46
 
		I/O Configuration: default
SIM_START	day2_scenario2	2025-05-12 20:03:40
TIME	0.001
		Current random seed value = 1747047820
TIME	0.000
SIMULATE	day2_scenario2

TIME	72.330
SIM_END		day2_scenario2	72.327s	5.64934e-05m
APPLICATION	CarMaker 14.0.1 - Car_Generic #5 (win64-14.0.1)
COMPILED	jetbrains@05dcd26e64f8 2025-01-28 11:06:46
 
		I/O Configuration: default
SIM_START	day2_scenario4	2025-05-12 20:04:45
TIME	0.000
SIMULATE	day2_scenario4

TIME	35.771
SIM_END		day2_scenario4	35.771s	495.591m
APPLICATION	CarMaker 14.0.1 - Car_Generic #5 (win64-14.0.1)
COMPILED	jetbrains@05dcd26e64f8 2025-01-28 11:06:46
 
		I/O Configuration: default
SIM_START	day2_scenario4	2025-05-12 20:05:11
TIME	0.000
SIMULATE	day2_scenario4

TIME	35.771
SIM_END		day2_scenario4	35.771s	495.591m
APPLICATION	CarMaker 14.0.1 - Car_Generic #5 (win64-14.0.1)
COMPILED	jetbrains@05dcd26e64f8 2025-01-28 11:06:46
 
		I/O Configuration: default
SIM_START	day2_scenario4	2025-05-12 20:07:19
TIME	0.000
SIMULATE	day2_scenario4

TIME	35.771
SIM_END		day2_scenario4	35.771s	495.591m
APPLICATION	CarMaker 14.0.1 - Car_Generic #5 (win64-14.0.1)
COMPILED	jetbrains@05dcd26e64f8 2025-01-28 11:06:46
 
		I/O Configuration: default
SIM_START	day2_scenario4	2025-05-12 20:07:50
TIME	0.000
SIMULATE	day2_scenario4

TIME	35.772
SIM_END		day2_scenario4	35.772s	495.591m
APPLICATION	CarMaker 14.0.1 - Car_Generic #5 (win64-14.0.1)
COMPILED	jetbrains@05dcd26e64f8 2025-01-28 11:06:46
 
		I/O Configuration: default
SIM_START	day2_scenario4	2025-05-12 20:08:22
TIME	0.000
SIMULATE	day2_scenario4

TIME	35.767
SIM_END		day2_scenario4	35.767s	495.515m
APPLICATION	CarMaker 14.0.1 - Car_Generic #5 (win64-14.0.1)
COMPILED	jetbrains@05dcd26e64f8 2025-01-28 11:06:46
 
		I/O Configuration: default
SIM_START	day2_scenario4	2025-05-12 20:08:54
TIME	0.000
SIMULATE	day2_scenario4

TIME	35.767
SIM_END		day2_scenario4	35.767s	495.509m
APPLICATION	CarMaker 14.0.1 - Car_Generic #5 (win64-14.0.1)
COMPILED	jetbrains@05dcd26e64f8 2025-01-28 11:06:46
 
		I/O Configuration: default
SIM_START	day2_scenario4	2025-05-12 20:09:22
TIME	0.000
SIMULATE	day2_scenario4

TIME	35.766
SIM_END		day2_scenario4	35.766s	495.488m
APPLICATION	CarMaker 14.0.1 - Car_Generic #5 (win64-14.0.1)
COMPILED	jetbrains@05dcd26e64f8 2025-01-28 11:06:46
 
		I/O Configuration: default
SIM_START	day2_scenario4	2025-05-12 20:09:54
TIME	0.000
SIMULATE	day2_scenario4

TIME	35.766
SIM_END		day2_scenario4	35.766s	495.485m
APPLICATION	CarMaker 14.0.1 - Car_Generic #5 (win64-14.0.1)
COMPILED	jetbrains@05dcd26e64f8 2025-01-28 11:06:46
 
		I/O Configuration: default
SIM_START	day2_scenario4	2025-05-12 20:10:11
TIME	0.000
SIMULATE	day2_scenario4

TIME	24.152
SIM_END		day2_scenario4	24.149s	334.176m
APPLICATION	CarMaker 14.0.1 - Car_Generic #5 (win64-14.0.1)
COMPILED	jetbrains@05dcd26e64f8 2025-01-28 11:06:46
 
		I/O Configuration: default
SIM_START	day2_scenario4	2025-05-12 20:13:14
TIME	0.000
SIMULATE	day2_scenario4

ERROR		Vehicle leaves road at about x=18.4341, y=3.59804 TireNo=0
SIM_ABORT	day2_scenario4	1.307s	16.5967m
APPLICATION	CarMaker 14.0.1 - Car_Generic #5 (win64-14.0.1)
COMPILED	jetbrains@05dcd26e64f8 2025-01-28 11:06:46
 
		I/O Configuration: default
SIM_START	day2_scenario4	2025-05-12 20:13:46
TIME	0.000
SIMULATE	day2_scenario4

ERROR		Vehicle leaves road at about x=18.4341, y=3.59804 TireNo=0
SIM_ABORT	day2_scenario4	1.307s	16.5967m
APPLICATION	CarMaker 14.0.1 - Car_Generic #5 (win64-14.0.1)
COMPILED	jetbrains@05dcd26e64f8 2025-01-28 11:06:46
 
		I/O Configuration: default
SIM_START	day2_scenario4	2025-05-12 20:14:09
TIME	0.000
SIMULATE	day2_scenario4

ERROR		Vehicle leaves road at about x=18.4341, y=3.59804 TireNo=0
SIM_ABORT	day2_scenario4	1.307s	16.5967m
APPLICATION	CarMaker 14.0.1 - Car_Generic #5 (win64-14.0.1)
COMPILED	jetbrains@05dcd26e64f8 2025-01-28 11:06:46
 
		I/O Configuration: default
SIM_START	day2_scenario5	2025-05-12 20:14:33
TIME	0.000
SIMULATE	day2_scenario5

ERROR		Vehicle leaves road at about x=-1.04681, y=22.4284 TireNo=0
SIM_ABORT	day2_scenario5	1.898s	20.2423m
APPLICATION	CarMaker 14.0.1 - Car_Generic #5 (win64-14.0.1)
COMPILED	jetbrains@05dcd26e64f8 2025-01-28 11:06:46
 
		I/O Configuration: default
SIM_START	day2_scenario5	2025-05-12 20:16:11
TIME	0.000
SIMULATE	day2_scenario5

TIME	2.146
ERROR		Vehicle leaves road at about x=-0.51255, y=24.7025 TireNo=0
SIM_ABORT	day2_scenario5	2.149s	22.0501m
APPLICATION	CarMaker 14.0.1 - Car_Generic #5 (win64-14.0.1)
COMPILED	jetbrains@05dcd26e64f8 2025-01-28 11:06:46
 
		I/O Configuration: default
SIM_START	day2_scenario5	2025-05-12 20:16:57
TIME	0.000
SIMULATE	day2_scenario5

TIME	2.146
ERROR		Vehicle leaves road at about x=-0.51255, y=24.7025 TireNo=0
SIM_ABORT	day2_scenario5	2.149s	22.0501m
APPLICATION	CarMaker 14.0.1 - Car_Generic #5 (win64-14.0.1)
COMPILED	jetbrains@05dcd26e64f8 2025-01-28 11:06:46
 
		I/O Configuration: default
SIM_START	day2_scenario5	2025-05-12 20:17:35
TIME	0.000
SIMULATE	day2_scenario5

TIME	2.146
ERROR		Vehicle leaves road at about x=-0.51255, y=24.7025 TireNo=0
SIM_ABORT	day2_scenario5	2.149s	22.0501m
APPLICATION	CarMaker 14.0.1 - Car_Generic #5 (win64-14.0.1)
COMPILED	jetbrains@05dcd26e64f8 2025-01-28 11:06:46
 
		I/O Configuration: default
SIM_START	day2_scenario5	2025-05-12 20:23:45
TIME	0.000
SIMULATE	day2_scenario5

TIME	2.146
ERROR		Vehicle leaves road at about x=-0.51255, y=24.7025 TireNo=0
SIM_ABORT	day2_scenario5	2.149s	22.0501m
APPLICATION	CarMaker 14.0.1 - Car_Generic #5 (win64-14.0.1)
COMPILED	jetbrains@05dcd26e64f8 2025-01-28 11:06:46
 
		I/O Configuration: default
SIM_START	day2_scenario5	2025-05-12 20:24:40
TIME	0.000
SIMULATE	day2_scenario5

TIME	3.942
ERROR		Vehicle leaves road at about x=21.4625, y=36.2459 TireNo=1
SIM_ABORT	day2_scenario5	3.945s	37.3915m
APPLICATION	CarMaker 14.0.1 - Car_Generic #5 (win64-14.0.1)
COMPILED	jetbrains@05dcd26e64f8 2025-01-28 11:06:46
 
		I/O Configuration: default
SIM_START	day2_scenario5	2025-05-12 20:25:00
TIME	0.000
SIMULATE	day2_scenario5

TIME	3.692
ERROR		Vehicle leaves road at about x=20.4705, y=34.015 TireNo=1
SIM_ABORT	day2_scenario5	3.695s	35.0014m
APPLICATION	CarMaker 14.0.1 - Car_Generic #5 (win64-14.0.1)
COMPILED	jetbrains@05dcd26e64f8 2025-01-28 11:06:46
 
		I/O Configuration: default
SIM_START	day2_scenario5	2025-05-12 20:25:20
TIME	0.000
SIMULATE	day2_scenario5

TIME	3.776
ERROR		Vehicle leaves road at about x=20.7104, y=34.57 TireNo=1
SIM_ABORT	day2_scenario5	3.779s	35.5892m
APPLICATION	CarMaker 14.0.1 - Car_Generic #5 (win64-14.0.1)
COMPILED	jetbrains@05dcd26e64f8 2025-01-28 11:06:46
 
		I/O Configuration: default
SIM_START	day2_scenario5	2025-05-12 20:25:43
TIME	0.000
SIMULATE	day2_scenario5

TIME	4.171
ERROR		Vehicle leaves road at about x=22.1945, y=37.7937 TireNo=1
SIM_ABORT	day2_scenario5	4.174s	39.0464m
APPLICATION	CarMaker 14.0.1 - Car_Generic #5 (win64-14.0.1)
COMPILED	jetbrains@05dcd26e64f8 2025-01-28 11:06:46
 
		I/O Configuration: default
SIM_START	day2_scenario5	2025-05-12 20:37:53
TIME	0.000
SIMULATE	day2_scenario5

TIME	6.853
ERROR		Vehicle leaves road at about x=31.0434, y=77.1855 TireNo=0
SIM_ABORT	day2_scenario5	6.856s	78.924m
APPLICATION	CarMaker 14.0.1 - Car_Generic #5 (win64-14.0.1)
COMPILED	jetbrains@05dcd26e64f8 2025-01-28 11:06:46
 
		I/O Configuration: default
SIM_START	day2_scenario5	2025-05-12 20:38:21
TIME	0.000
SIMULATE	day2_scenario5

TIME	7.267
ERROR		Vehicle leaves road at about x=38.8248, y=83.487 TireNo=0
SIM_ABORT	day2_scenario5	7.27s	87.1193m
APPLICATION	CarMaker 14.0.1 - Car_Generic #5 (win64-14.0.1)
COMPILED	jetbrains@05dcd26e64f8 2025-01-28 11:06:46
 
		I/O Configuration: default
SIM_START	day2_scenario5	2025-05-12 20:39:13
TIME	0.000
SIMULATE	day2_scenario5

TIME	7.267
ERROR		Vehicle leaves road at about x=38.8248, y=83.487 TireNo=0
SIM_ABORT	day2_scenario5	7.27s	87.1193m
APPLICATION	CarMaker 14.0.1 - Car_Generic #5 (win64-14.0.1)
COMPILED	jetbrains@05dcd26e64f8 2025-01-28 11:06:46
 
		I/O Configuration: default
SIM_START	day2_scenario5	2025-05-12 20:40:28
TIME	0.000
SIMULATE	day2_scenario5

TIME	7.267
ERROR		Vehicle leaves road at about x=38.8248, y=83.487 TireNo=0
SIM_ABORT	day2_scenario5	7.27s	87.1193m
APPLICATION	CarMaker 14.0.1 - Car_Generic #5 (win64-14.0.1)
COMPILED	jetbrains@05dcd26e64f8 2025-01-28 11:06:46
 
		I/O Configuration: default
SIM_START	day2_scenario5	2025-05-12 20:44:32
TIME	0.000
SIMULATE	day2_scenario5

ERROR		Vehicle leaves road at about x=0.242201, y=27.5924 TireNo=0
SIM_ABORT	day2_scenario5	1.849s	25.031m
APPLICATION	CarMaker 14.0.1 - Car_Generic #5 (win64-14.0.1)
COMPILED	jetbrains@05dcd26e64f8 2025-01-28 11:06:46
 
		I/O Configuration: default
SIM_START	day2_scenario5	2025-05-12 20:44:42
TIME	0.000
SIMULATE	day2_scenario5

ERROR		Vehicle leaves road at about x=0.242201, y=27.5924 TireNo=0
SIM_ABORT	day2_scenario5	1.849s	25.031m
APPLICATION	CarMaker 14.0.1 - Car_Generic #5 (win64-14.0.1)
COMPILED	jetbrains@05dcd26e64f8 2025-01-28 11:06:46
 
		I/O Configuration: default
SIM_START	day2_scenario5	2025-05-12 20:45:10
TIME	0.000
SIMULATE	day2_scenario5

ERROR		Vehicle leaves road at about x=0.573526, y=28.7706 TireNo=0
SIM_ABORT	day2_scenario5	1.916s	26.0414m
APPLICATION	CarMaker 14.0.1 - Car_Generic #5 (win64-14.0.1)
COMPILED	jetbrains@05dcd26e64f8 2025-01-28 11:06:46
 
		I/O Configuration: default
SIM_START	day2_scenario5	2025-05-12 20:45:27
TIME	0.000
SIMULATE	day2_scenario5

TIME	7.202
ERROR		Vehicle leaves road at about x=47.2418, y=89.0464 TireNo=0
SIM_ABORT	day2_scenario5	7.205s	98.7174m
APPLICATION	CarMaker 14.0.1 - Car_Generic #5 (win64-14.0.1)
COMPILED	jetbrains@05dcd26e64f8 2025-01-28 11:06:46
 
		I/O Configuration: default
SIM_START	day2_scenario5	2025-05-12 20:46:29
TIME	0.000
SIMULATE	day2_scenario5

TIME	7.191
ERROR		Vehicle leaves road at about x=47.669, y=89.301 TireNo=0
SIM_ABORT	day2_scenario5	7.194s	98.5956m
APPLICATION	CarMaker 14.0.1 - Car_Generic #5 (win64-14.0.1)
COMPILED	jetbrains@05dcd26e64f8 2025-01-28 11:06:46
 
		I/O Configuration: default
SIM_START	day2_scenario5	2025-05-12 20:46:42
TIME	0.000
SIMULATE	day2_scenario5

TIME	7.191
ERROR		Vehicle leaves road at about x=47.669, y=89.301 TireNo=0
SIM_ABORT	day2_scenario5	7.194s	98.5956m
APPLICATION	CarMaker 14.0.1 - Car_Generic #5 (win64-14.0.1)
COMPILED	jetbrains@05dcd26e64f8 2025-01-28 11:06:46
 
		I/O Configuration: default
SIM_START	day2_scenario5	2025-05-12 20:47:38
TIME	0.000
SIMULATE	day2_scenario5

TIME	2.677
ERROR		Vehicle leaves road at about x=1.0357, y=30.3185 TireNo=0
SIM_ABORT	day2_scenario5	2.68s	27.0122m
APPLICATION	CarMaker 14.0.1 - Car_Generic #5 (win64-14.0.1)
COMPILED	jetbrains@05dcd26e64f8 2025-01-28 11:06:46
 
		I/O Configuration: default
SIM_START	day2_scenario5	2025-05-12 20:48:23
TIME	0.000
SIMULATE	day2_scenario5

TIME	9.601
ERROR		Vehicle leaves road at about x=59.2695, y=95.1518 TireNo=0
SIM_ABORT	day2_scenario5	9.604s	109.307m
APPLICATION	CarMaker 14.0.1 - Car_Generic #5 (win64-14.0.1)
COMPILED	jetbrains@05dcd26e64f8 2025-01-28 11:06:46
 
		I/O Configuration: default
SIM_START	day2_scenario5	2025-05-12 20:50:19
TIME	0.000
SIMULATE	day2_scenario5

TIME	3.901
ERROR		Vehicle leaves road at about x=9.19433, y=49.6726 TireNo=0
SIM_ABORT	day2_scenario5	3.904s	46.0529m
APPLICATION	CarMaker 14.0.1 - Car_Generic #5 (win64-14.0.1)
COMPILED	jetbrains@05dcd26e64f8 2025-01-28 11:06:46
 
		I/O Configuration: default
SIM_START	day2_scenario5	2025-05-12 20:52:58
TIME	0.000
SIMULATE	day2_scenario5

TIME	3.901
ERROR		Vehicle leaves road at about x=9.19433, y=49.6726 TireNo=0
SIM_ABORT	day2_scenario5	3.904s	46.0529m
APPLICATION	CarMaker 14.0.1 - Car_Generic #5 (win64-14.0.1)
COMPILED	jetbrains@05dcd26e64f8 2025-01-28 11:06:46
 
		I/O Configuration: default
SIM_START	day2_scenario5	2025-05-12 20:56:24
TIME	0.000
SIMULATE	day2_scenario5

ERROR		Vehicle leaves road at about x=0.541874, y=28.6502 TireNo=0
SIM_ABORT	day2_scenario5	1.907s	25.9196m
APPLICATION	CarMaker 14.0.1 - Car_Generic #5 (win64-14.0.1)
COMPILED	jetbrains@05dcd26e64f8 2025-01-28 11:06:46
 
		I/O Configuration: default
SIM_START	day2_scenario5	2025-05-12 20:57:13
TIME	0.000
SIMULATE	day2_scenario5

ERROR		Vehicle leaves road at about x=0.458648, y=28.3658 TireNo=0
SIM_ABORT	day2_scenario5	1.887s	25.6483m
APPLICATION	CarMaker 14.0.1 - Car_Generic #5 (win64-14.0.1)
COMPILED	jetbrains@05dcd26e64f8 2025-01-28 11:06:46
 
		I/O Configuration: default
SIM_START	day2_scenario5	2025-05-12 20:57:50
TIME	0.000
SIMULATE	day2_scenario5

TIME	46.051
ERROR		Vehicle leaves road at about x=413.024, y=-10.4219 TireNo=1
SIM_ABORT	day2_scenario5	46.054s	631.982m
APPLICATION	CarMaker 14.0.1 - Car_Generic #5 (win64-14.0.1)
COMPILED	jetbrains@05dcd26e64f8 2025-01-28 11:06:46
 
		I/O Configuration: default
SIM_START	day2_scenario5	2025-05-12 21:02:08
TIME	0.000
SIMULATE	day2_scenario5

TIME	45.949
ERROR		Vehicle leaves road at about x=412.929, y=-11.3788 TireNo=1
SIM_ABORT	day2_scenario5	45.952s	629.755m
APPLICATION	CarMaker 14.0.1 - Car_Generic #5 (win64-14.0.1)
COMPILED	jetbrains@05dcd26e64f8 2025-01-28 11:06:46
 
		I/O Configuration: default
SIM_START	day2_scenario5	2025-05-12 21:09:56
TIME	0.000
SIMULATE	day2_scenario5

TIME	45.949
ERROR		Vehicle leaves road at about x=412.929, y=-11.3788 TireNo=1
SIM_ABORT	day2_scenario5	45.952s	629.755m
APPLICATION	CarMaker 14.0.1 - Car_Generic #5 (win64-14.0.1)
COMPILED	jetbrains@05dcd26e64f8 2025-01-28 11:06:46
 
		I/O Configuration: default
SIM_START	day2_scenario5	2025-05-12 21:10:39
TIME	0.000
SIMULATE	day2_scenario5

TIME	45.949
ERROR		Vehicle leaves road at about x=412.929, y=-11.3788 TireNo=1
SIM_ABORT	day2_scenario5	45.952s	629.755m
APPLICATION	CarMaker 14.0.1 - Car_Generic #5 (win64-14.0.1)
COMPILED	jetbrains@05dcd26e64f8 2025-01-28 11:06:46
 
		I/O Configuration: default
SIM_START	day2_scenario5	2025-05-12 21:15:08
TIME	0.000
SIMULATE	day2_scenario5

TIME	45.804
ERROR		Vehicle leaves road at about x=413.191, y=-8.39449 TireNo=1
SIM_ABORT	day2_scenario5	45.807s	628.357m
APPLICATION	CarMaker 14.0.1 - Car_Generic #5 (win64-14.0.1)
COMPILED	jetbrains@05dcd26e64f8 2025-01-28 11:06:46
 
		I/O Configuration: default
SIM_START	day2_scenario5	2025-05-12 21:21:06
TIME	0.000
SIMULATE	day2_scenario5

TIME	46.239
SIM_END		day2_scenario5	46.239s	637.727m
APPLICATION	CarMaker 14.0.1 - Car_Generic #5 (win64-14.0.1)
COMPILED	jetbrains@05dcd26e64f8 2025-01-28 11:06:46
 
		I/O Configuration: default
SIM_START	day2_scenario5	2025-05-12 21:23:59
TIME	0.000
SIMULATE	day2_scenario5

TIME	45.314
SIM_END		day2_scenario5	45.314s	624.352m
APPLICATION	CarMaker 14.0.1 - Car_Generic #5 (win64-14.0.1)
COMPILED	jetbrains@05dcd26e64f8 2025-01-28 11:06:46
 
		I/O Configuration: default
SIM_START	day2_scenario5	2025-05-12 21:25:35
TIME	0.000
SIMULATE	day2_scenario5

TIME	45.314
SIM_END		day2_scenario5	45.314s	624.352m
