APPLICATION	CarMaker 14.0.1 - Car_Generic #5 (win64-14.0.1)
COMPILED	jetbrains@05dcd26e64f8 2025-01-28 11:06:46
 
		I/O Configuration: default
SIM_START	day2_scenario4	2025-05-12 20:08:58
TIME	0.000
SIMULATE	day2_scenario4

TIME	35.765
SIM_END		day2_scenario4	35.765s	495.462m
APPLICATION	CarMaker 14.0.1 - Car_Generic #5 (win64-14.0.1)
COMPILED	jetbrains@05dcd26e64f8 2025-01-28 11:06:46
 
		I/O Configuration: default
SIM_START	day2_scenario4	2025-05-12 20:10:15
TIME	0.000
SIMULATE	day2_scenario4

TIME	35.765
SIM_END		day2_scenario4	35.765s	495.462m
APPLICATION	CarMaker 14.0.1 - Car_Generic #5 (win64-14.0.1)
COMPILED	jetbrains@05dcd26e64f8 2025-01-28 11:06:46
 
		I/O Configuration: default
SIM_START	day2_scenario5	2025-05-12 20:11:33
TIME	0.000
SIMULATE	day2_scenario5

TIME	2.447
ERROR		Vehicle leaves road at about x=20.0293, y=32.9628 TireNo=1
SIM_ABORT	day2_scenario5	2.45s	33.2654m
APPLICATION	CarMaker 14.0.1 - Car_Generic #5 (win64-14.0.1)
COMPILED	jetbrains@05dcd26e64f8 2025-01-28 11:06:46
 
		I/O Configuration: default
SIM_START	day2_scenario5	2025-05-12 20:11:45
TIME	0.000
SIMULATE	day2_scenario5

TIME	2.447
ERROR		Vehicle leaves road at about x=20.0293, y=32.9628 TireNo=1
SIM_ABORT	day2_scenario5	2.45s	33.2654m
APPLICATION	CarMaker 14.0.1 - Car_Generic #5 (win64-14.0.1)
COMPILED	jetbrains@05dcd26e64f8 2025-01-28 11:06:46
 
		I/O Configuration: default
SIM_START	day2_scenario5	2025-05-12 20:12:59
TIME	0.000
SIMULATE	day2_scenario5

TIME	2.447
ERROR		Vehicle leaves road at about x=20.0293, y=32.9628 TireNo=1
SIM_ABORT	day2_scenario5	2.45s	33.2654m
APPLICATION	CarMaker 14.0.1 - Car_Generic #5 (win64-14.0.1)
COMPILED	jetbrains@05dcd26e64f8 2025-01-28 11:06:46
 
		I/O Configuration: default
SIM_START	day2_scenario5	2025-05-12 20:14:25
TIME	0.000
SIMULATE	day2_scenario5

TIME	2.239
ERROR		Vehicle leaves road at about x=18.9348, y=30.1692 TireNo=1
SIM_ABORT	day2_scenario5	2.242s	30.2408m
APPLICATION	CarMaker 14.0.1 - Car_Generic #5 (win64-14.0.1)
COMPILED	jetbrains@05dcd26e64f8 2025-01-28 11:06:46
 
		I/O Configuration: default
SIM_START	day2_scenario5	2025-05-12 20:14:47
TIME	0.000
SIMULATE	day2_scenario5

TIME	2.951
ERROR		Vehicle leaves road at about x=1.74852, y=32.5526 TireNo=0
SIM_ABORT	day2_scenario5	2.954s	28.9557m
APPLICATION	CarMaker 14.0.1 - Car_Generic #5 (win64-14.0.1)
COMPILED	jetbrains@05dcd26e64f8 2025-01-28 11:06:46
 
		I/O Configuration: default
SIM_START	day2_scenario5	2025-05-12 20:15:01
TIME	0.000
SIMULATE	day2_scenario5

ERROR		Vehicle leaves road at about x=-0.971976, y=22.7663 TireNo=0
SIM_ABORT	day2_scenario5	1.927s	20.4612m
APPLICATION	CarMaker 14.0.1 - Car_Generic #5 (win64-14.0.1)
COMPILED	jetbrains@05dcd26e64f8 2025-01-28 11:06:46
 
		I/O Configuration: default
SIM_START	day2_scenario5	2025-05-12 20:15:14
TIME	0.000
SIMULATE	day2_scenario5

ERROR		Vehicle leaves road at about x=-1.04658, y=22.427 TireNo=0
SIM_ABORT	day2_scenario5	1.898s	20.2425m
APPLICATION	CarMaker 14.0.1 - Car_Generic #5 (win64-14.0.1)
COMPILED	jetbrains@05dcd26e64f8 2025-01-28 11:06:46
 
		I/O Configuration: default
SIM_START	day2_scenario5	2025-05-12 20:16:01
TIME	0.000
SIMULATE	day2_scenario5

TIME	2.244
ERROR		Vehicle leaves road at about x=18.8531, y=29.9441 TireNo=1
SIM_ABORT	day2_scenario5	2.247s	30.0612m
APPLICATION	CarMaker 14.0.1 - Car_Generic #5 (win64-14.0.1)
COMPILED	jetbrains@05dcd26e64f8 2025-01-28 11:06:46
 
		I/O Configuration: default
SIM_START	day2_scenario5	2025-05-12 20:16:20
TIME	0.000
SIMULATE	day2_scenario5

ERROR		Vehicle leaves road at about x=-1.04658, y=22.427 TireNo=0
SIM_ABORT	day2_scenario5	1.898s	20.2425m
APPLICATION	CarMaker 14.0.1 - Car_Generic #5 (win64-14.0.1)
COMPILED	jetbrains@05dcd26e64f8 2025-01-28 11:06:46
 
		I/O Configuration: default
SIM_START	day2_scenario5	2025-05-12 20:16:36
TIME	0.000
SIMULATE	day2_scenario5

TIME	2.684
ERROR		Vehicle leaves road at about x=4.76541, y=40.5331 TireNo=0
SIM_ABORT	day2_scenario5	2.687s	36.6875m
APPLICATION	CarMaker 14.0.1 - Car_Generic #5 (win64-14.0.1)
COMPILED	jetbrains@05dcd26e64f8 2025-01-28 11:06:46
 
		I/O Configuration: default
SIM_START	day2_scenario5	2025-05-12 20:16:51
TIME	0.000
SIMULATE	day2_scenario5

TIME	2.213
ERROR		Vehicle leaves road at about x=18.5804, y=29.2055 TireNo=1
SIM_ABORT	day2_scenario5	2.216s	29.3022m
APPLICATION	CarMaker 14.0.1 - Car_Generic #5 (win64-14.0.1)
COMPILED	jetbrains@05dcd26e64f8 2025-01-28 11:06:46
 
		I/O Configuration: default
SIM_START	day2_scenario5	2025-05-12 20:17:01
TIME	0.000
SIMULATE	day2_scenario5

TIME	2.239
ERROR		Vehicle leaves road at about x=18.9348, y=30.1692 TireNo=1
SIM_ABORT	day2_scenario5	2.242s	30.2408m
APPLICATION	CarMaker 14.0.1 - Car_Generic #5 (win64-14.0.1)
COMPILED	jetbrains@05dcd26e64f8 2025-01-28 11:06:46
 
		I/O Configuration: default
SIM_START	day2_scenario5	2025-05-12 20:17:13
TIME	0.000
SIMULATE	day2_scenario5

TIME	2.427
ERROR		Vehicle leaves road at about x=19.942, y=32.7527 TireNo=1
SIM_ABORT	day2_scenario5	2.43s	33.0392m
APPLICATION	CarMaker 14.0.1 - Car_Generic #5 (win64-14.0.1)
COMPILED	jetbrains@05dcd26e64f8 2025-01-28 11:06:46
 
		I/O Configuration: default
SIM_START	day2_scenario5	2025-05-12 20:18:27
TIME	0.000
SIMULATE	day2_scenario5

TIME	2.616
ERROR		Vehicle leaves road at about x=20.8626, y=34.9165 TireNo=1
SIM_ABORT	day2_scenario5	2.619s	35.4117m
APPLICATION	CarMaker 14.0.1 - Car_Generic #5 (win64-14.0.1)
COMPILED	jetbrains@05dcd26e64f8 2025-01-28 11:06:46
 
		I/O Configuration: default
SIM_START	day2_scenario5	2025-05-12 20:18:43
TIME	0.000
SIMULATE	day2_scenario5

TIME	2.230
ERROR		Vehicle leaves road at about x=18.8251, y=29.8676 TireNo=1
SIM_ABORT	day2_scenario5	2.233s	30.0801m
APPLICATION	CarMaker 14.0.1 - Car_Generic #5 (win64-14.0.1)
COMPILED	jetbrains@05dcd26e64f8 2025-01-28 11:06:46
 
		I/O Configuration: default
SIM_START	day2_scenario5	2025-05-12 20:18:56
TIME	0.000
SIMULATE	day2_scenario5

TIME	2.417
ERROR		Vehicle leaves road at about x=19.6306, y=31.9718 TireNo=1
SIM_ABORT	day2_scenario5	2.42s	32.347m
APPLICATION	CarMaker 14.0.1 - Car_Generic #5 (win64-14.0.1)
COMPILED	jetbrains@05dcd26e64f8 2025-01-28 11:06:46
 
		I/O Configuration: default
SIM_START	day2_scenario5	2025-05-12 20:19:07
TIME	0.000
SIMULATE	day2_scenario5

TIME	2.724
ERROR		Vehicle leaves road at about x=21.276, y=35.8399 TireNo=1
SIM_ABORT	day2_scenario5	2.727s	36.7144m
APPLICATION	CarMaker 14.0.1 - Car_Generic #5 (win64-14.0.1)
COMPILED	jetbrains@05dcd26e64f8 2025-01-28 11:06:46
 
		I/O Configuration: default
SIM_START	day2_scenario5	2025-05-12 20:19:26
TIME	0.000
SIMULATE	day2_scenario5

TIME	3.017
ERROR		Vehicle leaves road at about x=23.2766, y=39.9412 TireNo=1
SIM_ABORT	day2_scenario5	3.02s	41.2164m
APPLICATION	CarMaker 14.0.1 - Car_Generic #5 (win64-14.0.1)
COMPILED	jetbrains@05dcd26e64f8 2025-01-28 11:06:46
 
		I/O Configuration: default
SIM_START	day2_scenario5	2025-05-12 20:19:35
TIME	0.000
SIMULATE	day2_scenario5

TIME	3.017
ERROR		Vehicle leaves road at about x=23.2766, y=39.9412 TireNo=1
SIM_ABORT	day2_scenario5	3.02s	41.2164m
APPLICATION	CarMaker 14.0.1 - Car_Generic #5 (win64-14.0.1)
COMPILED	jetbrains@05dcd26e64f8 2025-01-28 11:06:46
 
		I/O Configuration: default
SIM_START	day2_scenario5	2025-05-12 20:19:54
TIME	0.000
SIMULATE	day2_scenario5

TIME	3.022
ERROR		Vehicle leaves road at about x=23.3136, y=40.0126 TireNo=1
SIM_ABORT	day2_scenario5	3.025s	41.2782m
APPLICATION	CarMaker 14.0.1 - Car_Generic #5 (win64-14.0.1)
COMPILED	jetbrains@05dcd26e64f8 2025-01-28 11:06:46
 
		I/O Configuration: default
SIM_START	day2_scenario5	2025-05-12 20:20:10
TIME	0.000
SIMULATE	day2_scenario5

TIME	2.633
ERROR		Vehicle leaves road at about x=21.0379, y=35.3132 TireNo=1
SIM_ABORT	day2_scenario5	2.636s	35.899m
APPLICATION	CarMaker 14.0.1 - Car_Generic #5 (win64-14.0.1)
COMPILED	jetbrains@05dcd26e64f8 2025-01-28 11:06:46
 
		I/O Configuration: default
SIM_START	day2_scenario5	2025-05-12 20:20:23
TIME	0.000
SIMULATE	day2_scenario5

TIME	8.731
ERROR		Vehicle leaves road at about x=71.4958, y=99.5003 TireNo=0
SIM_ABORT	day2_scenario5	8.734s	119.933m
APPLICATION	CarMaker 14.0.1 - Car_Generic #5 (win64-14.0.1)
COMPILED	jetbrains@05dcd26e64f8 2025-01-28 11:06:46
 
		I/O Configuration: default
SIM_START	day2_scenario5	2025-05-12 20:20:44
TIME	0.000
SIMULATE	day2_scenario5

TIME	8.731
ERROR		Vehicle leaves road at about x=71.4958, y=99.5003 TireNo=0
SIM_ABORT	day2_scenario5	8.734s	119.933m
APPLICATION	CarMaker 14.0.1 - Car_Generic #5 (win64-14.0.1)
COMPILED	jetbrains@05dcd26e64f8 2025-01-28 11:06:46
 
		I/O Configuration: default
SIM_START	day2_scenario5	2025-05-12 20:21:07
TIME	0.000
SIMULATE	day2_scenario5

TIME	8.712
ERROR		Vehicle leaves road at about x=70.9793, y=99.3521 TireNo=0
SIM_ABORT	day2_scenario5	8.715s	119.666m
APPLICATION	CarMaker 14.0.1 - Car_Generic #5 (win64-14.0.1)
COMPILED	jetbrains@05dcd26e64f8 2025-01-28 11:06:46
 
		I/O Configuration: default
SIM_START	day2_scenario5	2025-05-12 20:21:27
TIME	0.000
SIMULATE	day2_scenario5

TIME	4.343
ERROR		Vehicle leaves road at about x=33.0798, y=54.8063 TireNo=1
SIM_ABORT	day2_scenario5	4.346s	59.5603m
APPLICATION	CarMaker 14.0.1 - Car_Generic #5 (win64-14.0.1)
COMPILED	jetbrains@05dcd26e64f8 2025-01-28 11:06:46
 
		I/O Configuration: default
SIM_START	day2_scenario5	2025-05-12 20:21:41
TIME	0.000
SIMULATE	day2_scenario5

TIME	9.521
ERROR		Vehicle leaves road at about x=85.1968, y=102.438 TireNo=0
SIM_ABORT	day2_scenario5	9.524s	130.955m
APPLICATION	CarMaker 14.0.1 - Car_Generic #5 (win64-14.0.1)
COMPILED	jetbrains@05dcd26e64f8 2025-01-28 11:06:46
 
		I/O Configuration: default
SIM_START	day2_scenario5	2025-05-12 20:22:02
TIME	0.000
SIMULATE	day2_scenario5

TIME	9.514
ERROR		Vehicle leaves road at about x=85.2128, y=102.444 TireNo=0
SIM_ABORT	day2_scenario5	9.517s	130.86m
APPLICATION	CarMaker 14.0.1 - Car_Generic #5 (win64-14.0.1)
COMPILED	jetbrains@05dcd26e64f8 2025-01-28 11:06:46
 
		I/O Configuration: default
SIM_START	day2_scenario5	2025-05-12 20:22:23
TIME	0.000
SIMULATE	day2_scenario5

TIME	9.642
ERROR		Vehicle leaves road at about x=87.3425, y=102.725 TireNo=0
SIM_ABORT	day2_scenario5	9.645s	132.646m
APPLICATION	CarMaker 14.0.1 - Car_Generic #5 (win64-14.0.1)
COMPILED	jetbrains@05dcd26e64f8 2025-01-28 11:06:46
 
		I/O Configuration: default
SIM_START	day2_scenario5	2025-05-12 20:22:45
TIME	0.000
SIMULATE	day2_scenario5

TIME	9.385
ERROR		Vehicle leaves road at about x=83.01, y=102.1 TireNo=0
SIM_ABORT	day2_scenario5	9.388s	129.063m
APPLICATION	CarMaker 14.0.1 - Car_Generic #5 (win64-14.0.1)
COMPILED	jetbrains@05dcd26e64f8 2025-01-28 11:06:46
 
		I/O Configuration: default
SIM_START	day2_scenario5	2025-05-12 20:23:10
TIME	0.000
SIMULATE	day2_scenario5

TIME	9.319
ERROR		Vehicle leaves road at about x=81.9115, y=101.909 TireNo=0
SIM_ABORT	day2_scenario5	9.322s	128.142m
APPLICATION	CarMaker 14.0.1 - Car_Generic #5 (win64-14.0.1)
COMPILED	jetbrains@05dcd26e64f8 2025-01-28 11:06:46
 
		I/O Configuration: default
SIM_START	day2_scenario5	2025-05-12 20:23:24
TIME	0.000
SIMULATE	day2_scenario5

TIME	8.462
ERROR		Vehicle leaves road at about x=67.4343, y=98.2463 TireNo=0
SIM_ABORT	day2_scenario5	8.465s	116.187m
APPLICATION	CarMaker 14.0.1 - Car_Generic #5 (win64-14.0.1)
COMPILED	jetbrains@05dcd26e64f8 2025-01-28 11:06:46
 
		I/O Configuration: default
SIM_START	day2_scenario5	2025-05-12 20:23:42
TIME	0.000
SIMULATE	day2_scenario5

TIME	3.201
ERROR		Vehicle leaves road at about x=24.4625, y=42.1444 TireNo=1
SIM_ABORT	day2_scenario5	3.204s	43.7035m
APPLICATION	CarMaker 14.0.1 - Car_Generic #5 (win64-14.0.1)
COMPILED	jetbrains@05dcd26e64f8 2025-01-28 11:06:46
 
		I/O Configuration: default
SIM_START	day2_scenario5	2025-05-12 20:23:56
TIME	0.000
SIMULATE	day2_scenario5

TIME	3.303
ERROR		Vehicle leaves road at about x=25.1445, y=43.342 TireNo=1
SIM_ABORT	day2_scenario5	3.306s	45.0877m
APPLICATION	CarMaker 14.0.1 - Car_Generic #5 (win64-14.0.1)
COMPILED	jetbrains@05dcd26e64f8 2025-01-28 11:06:46
 
		I/O Configuration: default
SIM_START	day2_scenario5	2025-05-12 20:24:11
TIME	0.000
SIMULATE	day2_scenario5

TIME	3.197
ERROR		Vehicle leaves road at about x=24.419, y=42.0659 TireNo=1
SIM_ABORT	day2_scenario5	3.2s	43.6126m
APPLICATION	CarMaker 14.0.1 - Car_Generic #5 (win64-14.0.1)
COMPILED	jetbrains@05dcd26e64f8 2025-01-28 11:06:46
 
		I/O Configuration: default
SIM_START	day2_scenario5	2025-05-12 20:24:38
TIME	0.000
SIMULATE	day2_scenario5

TIME	2.262
ERROR		Vehicle leaves road at about x=18.758, y=29.6906 TireNo=1
SIM_ABORT	day2_scenario5	2.265s	29.8443m
APPLICATION	CarMaker 14.0.1 - Car_Generic #5 (win64-14.0.1)
COMPILED	jetbrains@05dcd26e64f8 2025-01-28 11:06:46
 
		I/O Configuration: default
SIM_START	day2_scenario5	2025-05-12 20:24:49
TIME	0.000
SIMULATE	day2_scenario5

TIME	8.340
ERROR		Vehicle leaves road at about x=65.6318, y=97.6295 TireNo=0
SIM_ABORT	day2_scenario5	8.343s	114.486m
APPLICATION	CarMaker 14.0.1 - Car_Generic #5 (win64-14.0.1)
COMPILED	jetbrains@05dcd26e64f8 2025-01-28 11:06:46
 
		I/O Configuration: default
SIM_START	day2_scenario5	2025-05-12 20:25:09
TIME	0.000
SIMULATE	day2_scenario5

TIME	7.976
ERROR		Vehicle leaves road at about x=60.229, y=95.5553 TireNo=0
SIM_ABORT	day2_scenario5	7.979s	109.406m
APPLICATION	CarMaker 14.0.1 - Car_Generic #5 (win64-14.0.1)
COMPILED	jetbrains@05dcd26e64f8 2025-01-28 11:06:46
 
		I/O Configuration: default
SIM_START	day2_scenario5	2025-05-12 20:25:27
TIME	0.000
SIMULATE	day2_scenario5

TIME	7.929
ERROR		Vehicle leaves road at about x=59.5189, y=95.2585 TireNo=0
SIM_ABORT	day2_scenario5	7.932s	108.753m
APPLICATION	CarMaker 14.0.1 - Car_Generic #5 (win64-14.0.1)
COMPILED	jetbrains@05dcd26e64f8 2025-01-28 11:06:46
 
		I/O Configuration: default
SIM_START	day2_scenario5	2025-05-12 20:25:47
TIME	0.000
SIMULATE	day2_scenario5

TIME	8.057
ERROR		Vehicle leaves road at about x=61.3741, y=96.0237 TireNo=0
SIM_ABORT	day2_scenario5	8.06s	110.532m
APPLICATION	CarMaker 14.0.1 - Car_Generic #5 (win64-14.0.1)
COMPILED	jetbrains@05dcd26e64f8 2025-01-28 11:06:46
 
		I/O Configuration: default
SIM_START	day2_scenario5	2025-05-12 20:26:07
TIME	0.000
SIMULATE	day2_scenario5

TIME	9.327
ERROR		Vehicle leaves road at about x=80.5493, y=101.659 TireNo=0
SIM_ABORT	day2_scenario5	9.33s	128.23m
APPLICATION	CarMaker 14.0.1 - Car_Generic #5 (win64-14.0.1)
COMPILED	jetbrains@05dcd26e64f8 2025-01-28 11:06:46
 
		I/O Configuration: default
SIM_START	day2_scenario5	2025-05-12 20:26:27
TIME	0.000
SIMULATE	day2_scenario5

TIME	8.762
ERROR		Vehicle leaves road at about x=71.747, y=99.5701 TireNo=0
SIM_ABORT	day2_scenario5	8.765s	120.254m
APPLICATION	CarMaker 14.0.1 - Car_Generic #5 (win64-14.0.1)
COMPILED	jetbrains@05dcd26e64f8 2025-01-28 11:06:46
 
		I/O Configuration: default
SIM_START	day2_scenario5	2025-05-12 20:26:46
TIME	0.000
SIMULATE	day2_scenario5

TIME	7.425
ERROR		Vehicle leaves road at about x=51.95, y=91.6747 TireNo=0
SIM_ABORT	day2_scenario5	7.428s	101.384m
APPLICATION	CarMaker 14.0.1 - Car_Generic #5 (win64-14.0.1)
COMPILED	jetbrains@05dcd26e64f8 2025-01-28 11:06:46
 
		I/O Configuration: default
SIM_START	day2_scenario5	2025-05-12 20:27:05
TIME	0.000
SIMULATE	day2_scenario5

TIME	6.569
ERROR		Vehicle leaves road at about x=40.1925, y=84.4729 TireNo=0
SIM_ABORT	day2_scenario5	6.572s	89.4263m
APPLICATION	CarMaker 14.0.1 - Car_Generic #5 (win64-14.0.1)
COMPILED	jetbrains@05dcd26e64f8 2025-01-28 11:06:46
 
		I/O Configuration: default
SIM_START	day2_scenario5	2025-05-12 20:27:32
TIME	0.000
SIMULATE	day2_scenario5

TIME	3.606
ERROR		Vehicle leaves road at about x=26.4064, y=45.4517 TireNo=1
SIM_ABORT	day2_scenario5	3.609s	47.4581m
APPLICATION	CarMaker 14.0.1 - Car_Generic #5 (win64-14.0.1)
COMPILED	jetbrains@05dcd26e64f8 2025-01-28 11:06:46
 
		I/O Configuration: default
SIM_START	day2_scenario5	2025-05-12 20:27:45
TIME	0.000
SIMULATE	day2_scenario5

ERROR		Vehicle leaves road at about x=-0.452281, y=24.949 TireNo=0
SIM_ABORT	day2_scenario5	1.637s	21.9521m
APPLICATION	CarMaker 14.0.1 - Car_Generic #5 (win64-14.0.1)
COMPILED	jetbrains@05dcd26e64f8 2025-01-28 11:06:46
 
		I/O Configuration: default
SIM_START	day2_scenario5	2025-05-12 20:27:57
TIME	0.000
SIMULATE	day2_scenario5

TIME	6.569
ERROR		Vehicle leaves road at about x=40.1925, y=84.4729 TireNo=0
SIM_ABORT	day2_scenario5	6.572s	89.4263m
APPLICATION	CarMaker 14.0.1 - Car_Generic #5 (win64-14.0.1)
COMPILED	jetbrains@05dcd26e64f8 2025-01-28 11:06:46
 
		I/O Configuration: default
SIM_START	day2_scenario5	2025-05-12 20:28:10
TIME	0.000
SIMULATE	day2_scenario5

TIME	7.627
ERROR		Vehicle leaves road at about x=54.2917, y=92.8644 TireNo=0
SIM_ABORT	day2_scenario5	7.63s	103.183m
APPLICATION	CarMaker 14.0.1 - Car_Generic #5 (win64-14.0.1)
COMPILED	jetbrains@05dcd26e64f8 2025-01-28 11:06:46
 
		I/O Configuration: default
SIM_START	day2_scenario5	2025-05-12 20:28:31
TIME	0.000
SIMULATE	day2_scenario5

TIME	7.025
ERROR		Vehicle leaves road at about x=46.1067, y=88.3662 TireNo=0
SIM_ABORT	day2_scenario5	7.028s	94.9595m
APPLICATION	CarMaker 14.0.1 - Car_Generic #5 (win64-14.0.1)
COMPILED	jetbrains@05dcd26e64f8 2025-01-28 11:06:46
 
		I/O Configuration: default
SIM_START	day2_scenario5	2025-05-12 20:29:18
TIME	0.000
SIMULATE	day2_scenario5

TIME	3.100
ERROR		Vehicle leaves road at about x=4.78762, y=40.585 TireNo=0
SIM_ABORT	day2_scenario5	3.103s	36.7566m
APPLICATION	CarMaker 14.0.1 - Car_Generic #5 (win64-14.0.1)
COMPILED	jetbrains@05dcd26e64f8 2025-01-28 11:06:46
 
		I/O Configuration: default
SIM_START	day2_scenario5	2025-05-12 20:29:37
TIME	0.000
SIMULATE	day2_scenario5

TIME	3.100
ERROR		Vehicle leaves road at about x=4.78762, y=40.585 TireNo=0
SIM_ABORT	day2_scenario5	3.103s	36.7566m
APPLICATION	CarMaker 14.0.1 - Car_Generic #5 (win64-14.0.1)
COMPILED	jetbrains@05dcd26e64f8 2025-01-28 11:06:46
 
		I/O Configuration: default
SIM_START	day2_scenario5	2025-05-12 20:29:47
TIME	0.000
SIMULATE	day2_scenario5

TIME	7.436
ERROR		Vehicle leaves road at about x=51.4425, y=91.4079 TireNo=0
SIM_ABORT	day2_scenario5	7.439s	100.145m
APPLICATION	CarMaker 14.0.1 - Car_Generic #5 (win64-14.0.1)
COMPILED	jetbrains@05dcd26e64f8 2025-01-28 11:06:46
 
		I/O Configuration: default
SIM_START	day2_scenario5	2025-05-12 20:30:07
TIME	0.000
SIMULATE	day2_scenario5

ERROR		Vehicle leaves road at about x=-0.677294, y=24.0327 TireNo=0
SIM_ABORT	day2_scenario5	1.59s	21.1389m
APPLICATION	CarMaker 14.0.1 - Car_Generic #5 (win64-14.0.1)
COMPILED	jetbrains@05dcd26e64f8 2025-01-28 11:06:46
 
		I/O Configuration: default
SIM_START	day2_scenario5	2025-05-12 20:30:17
TIME	0.000
SIMULATE	day2_scenario5

ERROR		Vehicle leaves road at about x=-0.594438, y=24.3675 TireNo=0
SIM_ABORT	day2_scenario5	1.608s	21.4343m
APPLICATION	CarMaker 14.0.1 - Car_Generic #5 (win64-14.0.1)
COMPILED	jetbrains@05dcd26e64f8 2025-01-28 11:06:46
 
		I/O Configuration: default
SIM_START	day2_scenario5	2025-05-12 20:30:27
TIME	0.000
SIMULATE	day2_scenario5

ERROR		Vehicle leaves road at about x=-0.475837, y=24.8624 TireNo=0
SIM_ABORT	day2_scenario5	1.637s	21.8793m
APPLICATION	CarMaker 14.0.1 - Car_Generic #5 (win64-14.0.1)
COMPILED	jetbrains@05dcd26e64f8 2025-01-28 11:06:46
 
		I/O Configuration: default
SIM_START	day2_scenario5	2025-05-12 20:30:37
TIME	0.000
SIMULATE	day2_scenario5

ERROR		Vehicle leaves road at about x=-0.278442, y=25.6477 TireNo=0
SIM_ABORT	day2_scenario5	1.686s	22.5964m
APPLICATION	CarMaker 14.0.1 - Car_Generic #5 (win64-14.0.1)
COMPILED	jetbrains@05dcd26e64f8 2025-01-28 11:06:46
 
		I/O Configuration: default
SIM_START	day2_scenario5	2025-05-12 20:30:47
TIME	0.000
SIMULATE	day2_scenario5

ERROR		Vehicle leaves road at about x=0.449797, y=28.3443 TireNo=0
SIM_ABORT	day2_scenario5	1.868s	25.1408m
APPLICATION	CarMaker 14.0.1 - Car_Generic #5 (win64-14.0.1)
COMPILED	jetbrains@05dcd26e64f8 2025-01-28 11:06:46
 
		I/O Configuration: default
SIM_START	day2_scenario5	2025-05-12 20:32:10
TIME	0.000
SIMULATE	day2_scenario5

TIME	6.861
ERROR		Vehicle leaves road at about x=44.5599, y=87.4 TireNo=0
SIM_ABORT	day2_scenario5	6.864s	93.7362m
APPLICATION	CarMaker 14.0.1 - Car_Generic #5 (win64-14.0.1)
COMPILED	jetbrains@05dcd26e64f8 2025-01-28 11:06:46
 
		I/O Configuration: default
SIM_START	day2_scenario5	2025-05-12 20:32:26
TIME	0.000
SIMULATE	day2_scenario5

TIME	6.508
ERROR		Vehicle leaves road at about x=40.0771, y=84.391 TireNo=0
SIM_ABORT	day2_scenario5	6.511s	88.9522m
APPLICATION	CarMaker 14.0.1 - Car_Generic #5 (win64-14.0.1)
COMPILED	jetbrains@05dcd26e64f8 2025-01-28 11:06:46
 
		I/O Configuration: default
SIM_START	day2_scenario5	2025-05-12 20:32:42
TIME	0.000
SIMULATE	day2_scenario5

TIME	6.490
ERROR		Vehicle leaves road at about x=39.7968, y=84.1911 TireNo=0
SIM_ABORT	day2_scenario5	6.493s	88.671m
APPLICATION	CarMaker 14.0.1 - Car_Generic #5 (win64-14.0.1)
COMPILED	jetbrains@05dcd26e64f8 2025-01-28 11:06:46
 
		I/O Configuration: default
SIM_START	day2_scenario5	2025-05-12 20:32:56
TIME	0.000
SIMULATE	day2_scenario5

TIME	7.029
ERROR		Vehicle leaves road at about x=46.2829, y=88.4694 TireNo=0
SIM_ABORT	day2_scenario5	7.032s	95.6157m
APPLICATION	CarMaker 14.0.1 - Car_Generic #5 (win64-14.0.1)
COMPILED	jetbrains@05dcd26e64f8 2025-01-28 11:06:46
 
		I/O Configuration: default
SIM_START	day2_scenario5	2025-05-12 20:33:16
TIME	0.000
SIMULATE	day2_scenario5

TIME	8.930
ERROR		Vehicle leaves road at about x=81.1909, y=84.4247 TireNo=1
SIM_ABORT	day2_scenario5	8.933s	121.902m
APPLICATION	CarMaker 14.0.1 - Car_Generic #5 (win64-14.0.1)
COMPILED	jetbrains@05dcd26e64f8 2025-01-28 11:06:46
 
		I/O Configuration: default
SIM_START	day2_scenario5	2025-05-12 20:33:38
TIME	0.000
SIMULATE	day2_scenario5

TIME	7.657
ERROR		Vehicle leaves road at about x=65.9218, y=79.5027 TireNo=1
SIM_ABORT	day2_scenario5	7.66s	104.092m
APPLICATION	CarMaker 14.0.1 - Car_Generic #5 (win64-14.0.1)
COMPILED	jetbrains@05dcd26e64f8 2025-01-28 11:06:46
 
		I/O Configuration: default
SIM_START	day2_scenario5	2025-05-12 20:33:58
TIME	0.000
SIMULATE	day2_scenario5

TIME	6.859
ERROR		Vehicle leaves road at about x=56.7796, y=74.9256 TireNo=1
SIM_ABORT	day2_scenario5	6.862s	93.0661m
APPLICATION	CarMaker 14.0.1 - Car_Generic #5 (win64-14.0.1)
COMPILED	jetbrains@05dcd26e64f8 2025-01-28 11:06:46
 
		I/O Configuration: default
SIM_START	day2_scenario5	2025-05-12 20:34:20
TIME	0.000
SIMULATE	day2_scenario5

TIME	5.958
ERROR		Vehicle leaves road at about x=47.1439, y=68.4677 TireNo=1
SIM_ABORT	day2_scenario5	5.961s	80.6646m
APPLICATION	CarMaker 14.0.1 - Car_Generic #5 (win64-14.0.1)
COMPILED	jetbrains@05dcd26e64f8 2025-01-28 11:06:46
 
		I/O Configuration: default
SIM_START	day2_scenario5	2025-05-12 20:34:36
TIME	0.000
SIMULATE	day2_scenario5

TIME	8.930
ERROR		Vehicle leaves road at about x=81.1909, y=84.4247 TireNo=1
SIM_ABORT	day2_scenario5	8.933s	121.902m
APPLICATION	CarMaker 14.0.1 - Car_Generic #5 (win64-14.0.1)
COMPILED	jetbrains@05dcd26e64f8 2025-01-28 11:06:46
 
		I/O Configuration: default
SIM_START	day2_scenario5	2025-05-12 20:34:55
TIME	0.000
SIMULATE	day2_scenario5

TIME	9.139
ERROR		Vehicle leaves road at about x=82.6945, y=84.7464 TireNo=1
SIM_ABORT	day2_scenario5	9.142s	124.789m
APPLICATION	CarMaker 14.0.1 - Car_Generic #5 (win64-14.0.1)
COMPILED	jetbrains@05dcd26e64f8 2025-01-28 11:06:46
 
		I/O Configuration: default
SIM_START	day2_scenario5	2025-05-12 20:35:15
TIME	0.000
SIMULATE	day2_scenario5

TIME	9.363
ERROR		Vehicle leaves road at about x=84.0373, y=85.0078 TireNo=1
SIM_ABORT	day2_scenario5	9.366s	127.942m
APPLICATION	CarMaker 14.0.1 - Car_Generic #5 (win64-14.0.1)
COMPILED	jetbrains@05dcd26e64f8 2025-01-28 11:06:46
 
		I/O Configuration: default
SIM_START	day2_scenario5	2025-05-12 20:35:36
TIME	0.000
SIMULATE	day2_scenario5

ERROR		Vehicle leaves road at about x=1.06019, y=30.3932 TireNo=0
SIM_ABORT	day2_scenario5	1.998s	26.9404m
APPLICATION	CarMaker 14.0.1 - Car_Generic #5 (win64-14.0.1)
COMPILED	jetbrains@05dcd26e64f8 2025-01-28 11:06:46
 
		I/O Configuration: default
SIM_START	day2_scenario5	2025-05-12 20:35:46
TIME	0.000
SIMULATE	day2_scenario5

TIME	9.363
ERROR		Vehicle leaves road at about x=84.0373, y=85.0078 TireNo=1
SIM_ABORT	day2_scenario5	9.366s	127.942m
APPLICATION	CarMaker 14.0.1 - Car_Generic #5 (win64-14.0.1)
COMPILED	jetbrains@05dcd26e64f8 2025-01-28 11:06:46
 
		I/O Configuration: default
SIM_START	day2_scenario5	2025-05-12 20:36:09
TIME	0.000
SIMULATE	day2_scenario5

TIME	2.023
ERROR		Vehicle leaves road at about x=1.181, y=30.7761 TireNo=0
SIM_ABORT	day2_scenario5	2.026s	27.3355m
APPLICATION	CarMaker 14.0.1 - Car_Generic #5 (win64-14.0.1)
COMPILED	jetbrains@05dcd26e64f8 2025-01-28 11:06:46
 
		I/O Configuration: default
SIM_START	day2_scenario5	2025-05-12 20:36:19
TIME	0.000
SIMULATE	day2_scenario5

TIME	9.363
ERROR		Vehicle leaves road at about x=84.0373, y=85.0078 TireNo=1
SIM_ABORT	day2_scenario5	9.366s	127.942m
APPLICATION	CarMaker 14.0.1 - Car_Generic #5 (win64-14.0.1)
COMPILED	jetbrains@05dcd26e64f8 2025-01-28 11:06:46
 
		I/O Configuration: default
SIM_START	day2_scenario5	2025-05-12 20:36:48
TIME	0.000
SIMULATE	day2_scenario5

TIME	9.238
ERROR		Vehicle leaves road at about x=82.179, y=84.6375 TireNo=1
SIM_ABORT	day2_scenario5	9.241s	126.233m
APPLICATION	CarMaker 14.0.1 - Car_Generic #5 (win64-14.0.1)
COMPILED	jetbrains@05dcd26e64f8 2025-01-28 11:06:46
 
		I/O Configuration: default
SIM_START	day2_scenario5	2025-05-12 20:37:11
TIME	0.000
SIMULATE	day2_scenario5

TIME	9.302
ERROR		Vehicle leaves road at about x=82.175, y=84.6425 TireNo=1
SIM_ABORT	day2_scenario5	9.305s	127.072m
APPLICATION	CarMaker 14.0.1 - Car_Generic #5 (win64-14.0.1)
COMPILED	jetbrains@05dcd26e64f8 2025-01-28 11:06:46
 
		I/O Configuration: default
SIM_START	day2_scenario5	2025-05-12 20:37:32
TIME	0.000
SIMULATE	day2_scenario5

TIME	9.059
ERROR		Vehicle leaves road at about x=81.9543, y=84.5906 TireNo=1
SIM_ABORT	day2_scenario5	9.062s	123.648m
APPLICATION	CarMaker 14.0.1 - Car_Generic #5 (win64-14.0.1)
COMPILED	jetbrains@05dcd26e64f8 2025-01-28 11:06:46
 
		I/O Configuration: default
SIM_START	day2_scenario5	2025-05-12 20:37:55
TIME	0.000
SIMULATE	day2_scenario5

TIME	8.862
ERROR		Vehicle leaves road at about x=80.0525, y=84.1648 TireNo=1
SIM_ABORT	day2_scenario5	8.865s	120.909m
APPLICATION	CarMaker 14.0.1 - Car_Generic #5 (win64-14.0.1)
COMPILED	jetbrains@05dcd26e64f8 2025-01-28 11:06:46
 
		I/O Configuration: default
SIM_START	day2_scenario5	2025-05-12 20:38:16
TIME	0.000
SIMULATE	day2_scenario5

TIME	8.862
ERROR		Vehicle leaves road at about x=80.0525, y=84.1648 TireNo=1
SIM_ABORT	day2_scenario5	8.865s	120.909m
APPLICATION	CarMaker 14.0.1 - Car_Generic #5 (win64-14.0.1)
COMPILED	jetbrains@05dcd26e64f8 2025-01-28 11:06:46
 
		I/O Configuration: default
SIM_START	day2_scenario5	2025-05-12 20:38:36
TIME	0.000
SIMULATE	day2_scenario5

TIME	8.896
ERROR		Vehicle leaves road at about x=80.3406, y=84.2304 TireNo=1
SIM_ABORT	day2_scenario5	8.899s	121.373m
APPLICATION	CarMaker 14.0.1 - Car_Generic #5 (win64-14.0.1)
COMPILED	jetbrains@05dcd26e64f8 2025-01-28 11:06:46
 
		I/O Configuration: default
SIM_START	day2_scenario5	2025-05-12 20:41:01
TIME	0.000
SIMULATE	day2_scenario5

TIME	8.896
ERROR		Vehicle leaves road at about x=80.3406, y=84.2304 TireNo=1
SIM_ABORT	day2_scenario5	8.899s	121.373m
APPLICATION	CarMaker 14.0.1 - Car_Generic #5 (win64-14.0.1)
COMPILED	jetbrains@05dcd26e64f8 2025-01-28 11:06:46
 
		I/O Configuration: default
SIM_START	day2_scenario5	2025-05-12 20:41:55
TIME	0.000
SIMULATE	day2_scenario5

TIME	8.896
ERROR		Vehicle leaves road at about x=80.3406, y=84.2304 TireNo=1
SIM_ABORT	day2_scenario5	8.899s	121.373m
APPLICATION	CarMaker 14.0.1 - Car_Generic #5 (win64-14.0.1)
COMPILED	jetbrains@05dcd26e64f8 2025-01-28 11:06:46
 
		I/O Configuration: default
SIM_START	day2_scenario5	2025-05-12 20:57:42
TIME	0.000
SIMULATE	day2_scenario5

TIME	2.773
ERROR		Vehicle leaves road at about x=4.01322, y=38.7189 TireNo=0
SIM_ABORT	day2_scenario5	2.776s	34.9607m
APPLICATION	CarMaker 14.0.1 - Car_Generic #5 (win64-14.0.1)
COMPILED	jetbrains@05dcd26e64f8 2025-01-28 11:06:46
 
		I/O Configuration: default
SIM_START	day2_scenario5	2025-05-12 20:58:00
TIME	0.000
SIMULATE	day2_scenario5

TIME	3.469
ERROR		Vehicle leaves road at about x=8.48129, y=48.3393 TireNo=0
SIM_ABORT	day2_scenario5	3.472s	44.6285m
APPLICATION	CarMaker 14.0.1 - Car_Generic #5 (win64-14.0.1)
COMPILED	jetbrains@05dcd26e64f8 2025-01-28 11:06:46
 
		I/O Configuration: default
SIM_START	day2_scenario5	2025-05-12 21:00:14
TIME	0.000
SIMULATE	day2_scenario5

TIME	2.773
ERROR		Vehicle leaves road at about x=4.01322, y=38.7189 TireNo=0
SIM_ABORT	day2_scenario5	2.776s	34.9607m
APPLICATION	CarMaker 14.0.1 - Car_Generic #5 (win64-14.0.1)
COMPILED	jetbrains@05dcd26e64f8 2025-01-28 11:06:46
 
		I/O Configuration: default
SIM_START	day2_scenario5	2025-05-12 21:09:18
TIME	0.000
SIMULATE	day2_scenario5

TIME	2.773
ERROR		Vehicle leaves road at about x=4.01322, y=38.7189 TireNo=0
SIM_ABORT	day2_scenario5	2.776s	34.9607m
APPLICATION	CarMaker 14.0.1 - Car_Generic #5 (win64-14.0.1)
COMPILED	jetbrains@05dcd26e64f8 2025-01-28 11:06:46
 
		I/O Configuration: default
SIM_START	day2_scenario5	2025-05-12 21:09:45
TIME	0.000
SIMULATE	day2_scenario5

TIME	2.773
ERROR		Vehicle leaves road at about x=4.01322, y=38.7189 TireNo=0
SIM_ABORT	day2_scenario5	2.776s	34.9607m
APPLICATION	CarMaker 14.0.1 - Car_Generic #5 (win64-14.0.1)
COMPILED	jetbrains@05dcd26e64f8 2025-01-28 11:06:46
 
		I/O Configuration: default
SIM_START	day2_scenario5	2025-05-12 21:10:02
TIME	0.000
SIMULATE	day2_scenario5

ERROR		Vehicle leaves road at about x=-0.457266, y=24.9144 TireNo=0
SIM_ABORT	day2_scenario5	1.628s	21.8296m
APPLICATION	CarMaker 14.0.1 - Car_Generic #5 (win64-14.0.1)
COMPILED	jetbrains@05dcd26e64f8 2025-01-28 11:06:46
 
		I/O Configuration: default
SIM_START	day2_scenario5	2025-05-12 21:10:12
TIME	0.000
SIMULATE	day2_scenario5

TIME	4.486
ERROR		Vehicle leaves road at about x=18.2447, y=63.4732 TireNo=0
SIM_ABORT	day2_scenario5	4.489s	61.1024m
APPLICATION	CarMaker 14.0.1 - Car_Generic #5 (win64-14.0.1)
COMPILED	jetbrains@05dcd26e64f8 2025-01-28 11:06:46
 
		I/O Configuration: default
SIM_START	day2_scenario5	2025-05-12 21:17:10
TIME	0.000
SIMULATE	day2_scenario5

TIME	2.575
ERROR		Vehicle leaves road at about x=4.12008, y=38.9902 TireNo=0
SIM_ABORT	day2_scenario5	2.578s	35.1974m
APPLICATION	CarMaker 14.0.1 - Car_Generic #5 (win64-14.0.1)
COMPILED	jetbrains@05dcd26e64f8 2025-01-28 11:06:46
 
		I/O Configuration: default
SIM_START	day2_scenario5	2025-05-12 21:17:24
TIME	0.000
SIMULATE	day2_scenario5

TIME	45.977
ERROR		Vehicle leaves road at about x=413.014, y=-10.5203 TireNo=1
SIM_ABORT	day2_scenario5	45.98s	631.229m
APPLICATION	CarMaker 14.0.1 - Car_Generic #5 (win64-14.0.1)
COMPILED	jetbrains@05dcd26e64f8 2025-01-28 11:06:46
 
		I/O Configuration: default
SIM_START	day2_scenario5	2025-05-12 21:19:22
TIME	0.000
SIMULATE	day2_scenario5

TIME	46.057
ERROR		Vehicle leaves road at about x=413.067, y=-9.93643 TireNo=1
SIM_ABORT	day2_scenario5	46.06s	631.856m
APPLICATION	CarMaker 14.0.1 - Car_Generic #5 (win64-14.0.1)
COMPILED	jetbrains@05dcd26e64f8 2025-01-28 11:06:46
 
		I/O Configuration: default
SIM_START	day2_scenario5	2025-05-12 21:22:58
TIME	0.000
SIMULATE	day2_scenario5

TIME	45.730
ERROR		Vehicle leaves road at about x=413.457, y=-3.27558 TireNo=1
SIM_ABORT	day2_scenario5	45.733s	624.634m
APPLICATION	CarMaker 14.0.1 - Car_Generic #5 (win64-14.0.1)
COMPILED	jetbrains@05dcd26e64f8 2025-01-28 11:06:46
 
		I/O Configuration: default
SIM_START	day2_scenario5	2025-05-12 21:23:21
TIME	0.000
SIMULATE	day2_scenario5

TIME	45.658
ERROR		Vehicle leaves road at about x=413.451, y=-3.36606 TireNo=1
SIM_ABORT	day2_scenario5	45.661s	624.554m
APPLICATION	CarMaker 14.0.1 - Car_Generic #5 (win64-14.0.1)
COMPILED	jetbrains@05dcd26e64f8 2025-01-28 11:06:46
 
		I/O Configuration: default
SIM_START	day2_scenario5	2025-05-12 21:23:41
TIME	0.000
SIMULATE	day2_scenario5

TIME	45.678
ERROR		Vehicle leaves road at about x=413.437, y=-3.82542 TireNo=1
SIM_ABORT	day2_scenario5	45.681s	624.125m
APPLICATION	CarMaker 14.0.1 - Car_Generic #5 (win64-14.0.1)
COMPILED	jetbrains@05dcd26e64f8 2025-01-28 11:06:46
 
		I/O Configuration: default
SIM_START	day2_scenario5	2025-05-12 21:24:04
TIME	0.000
SIMULATE	day2_scenario5

TIME	45.710
ERROR		Vehicle leaves road at about x=413.455, y=-3.25838 TireNo=1
SIM_ABORT	day2_scenario5	45.713s	624.632m
