APPLICATION	CarMaker 14.0.1 - Car_Generic #5 (win64-14.0.1)
COMPILED	jetbrains@05dcd26e64f8 2025-01-28 11:06:46
 
		I/O Configuration: default
SIM_START	day7_final	2025-05-20 15:33:56
TIME	0.001
		Current random seed value = 1747722836
TIME	0.000
SIMULATE	day7_final

TIME	8.687
SIM_END		day7_final	8.684s	6.35411e-06m
APPLICATION	CarMaker 14.0.1 - Car_Generic #5 (win64-14.0.1)
COMPILED	jetbrains@05dcd26e64f8 2025-01-28 11:06:46
 
		I/O Configuration: default
SIM_START	day7_final	2025-05-20 15:38:07
TIME	0.001
		Current random seed value = 1747723087
TIME	0.000
SIMULATE	day7_final

TIME	9.068
SIM_END		day7_final	9.065s	6.47298e-06m
APPLICATION	CarMaker 14.0.1 - Car_Generic #5 (win64-14.0.1)
COMPILED	jetbrains@05dcd26e64f8 2025-01-28 11:06:46
 
		I/O Configuration: default
SIM_START	day7_final	2025-05-20 15:53:30
TIME	0.001
		Current random seed value = 1747724010
TIME	0.000
SIMULATE	day7_final

TIME	6.544
SIM_END		day7_final	6.541s	5.72943e-06m
APPLICATION	CarMaker 14.0.1 - Car_Generic #5 (win64-14.0.1)
COMPILED	jetbrains@05dcd26e64f8 2025-01-28 11:06:46
 
		I/O Configuration: default
SIM_START	day7_final	2025-05-20 15:54:11
TIME	0.001
		Current random seed value = 1747724051
TIME	0.000
SIMULATE	day7_final

SIM_END		day7_final	0.138s	1.95901e-06m
APPLICATION	CarMaker 14.0.1 - Car_Generic #5 (win64-14.0.1)
COMPILED	jetbrains@05dcd26e64f8 2025-01-28 11:06:46
 
		I/O Configuration: default
SIM_START	day7_final	2025-05-20 15:54:35
TIME	0.001
		Current random seed value = 1747724075
TIME	0.000
SIMULATE	day7_final

SIM_END		day7_final	1.391s	4.53319e-06m
APPLICATION	CarMaker 14.0.1 - Car_Generic #5 (win64-14.0.1)
COMPILED	jetbrains@05dcd26e64f8 2025-01-28 11:06:46
 
		I/O Configuration: default
SIM_START	day7_final	2025-05-20 15:59:30
TIME	0.001
		Current random seed value = 1747724370
TIME	0.000
SIMULATE	day7_final

SIM_END		day7_final	0.272s	2.85055e-06m
APPLICATION	CarMaker 14.0.1 - Car_Generic #5 (win64-14.0.1)
COMPILED	jetbrains@05dcd26e64f8 2025-01-28 11:06:46
 
		I/O Configuration: default
SIM_START	day7_final	2025-05-20 16:07:51
TIME	0.001
		Current random seed value = 1747724871
TIME	0.000
SIMULATE	day7_final

SIM_END		day7_final	0.572s	4.16007e-06m
APPLICATION	CarMaker 14.0.1 - Car_Generic #5 (win64-14.0.1)
COMPILED	jetbrains@05dcd26e64f8 2025-01-28 11:06:46
 
		I/O Configuration: default
SIM_START	day7_final	2025-05-20 16:09:33
TIME	0.001
		Current random seed value = 1747724973
TIME	0.000
SIMULATE	day7_final

SIM_END		day7_final	0.483s	3.88783e-06m
APPLICATION	CarMaker 14.0.1 - Car_Generic #5 (win64-14.0.1)
COMPILED	jetbrains@05dcd26e64f8 2025-01-28 11:06:46
 
		I/O Configuration: default
SIM_START	day7_final	2025-05-20 16:10:33
TIME	0.001
		Current random seed value = 1747725033
TIME	0.000
SIMULATE	day7_final

SIM_END		day7_final	0.712s	4.29542e-06m
APPLICATION	CarMaker 14.0.1 - Car_Generic #5 (win64-14.0.1)
COMPILED	jetbrains@05dcd26e64f8 2025-01-28 11:06:46
 
		I/O Configuration: default
SIM_START	day7_final	2025-05-20 16:13:58
TIME	0.001
		Current random seed value = 1747725238
TIME	0.000
SIMULATE	day7_final

SIM_END		day7_final	0s	0m
APPLICATION	CarMaker 14.0.1 - Car_Generic #5 (win64-14.0.1)
COMPILED	jetbrains@05dcd26e64f8 2025-01-28 11:06:46
 
		I/O Configuration: default
SIM_START	day7_final	2025-05-20 16:14:24
TIME	0.001
		Current random seed value = 1747725264
TIME	0.000
SIMULATE	day7_final

SIM_END		day7_final	0s	0m
APPLICATION	CarMaker 14.0.1 - Car_Generic #5 (win64-14.0.1)
COMPILED	jetbrains@05dcd26e64f8 2025-01-28 11:06:46
 
		I/O Configuration: default
SIM_START	day7_final	2025-05-20 16:15:07
TIME	0.001
		Current random seed value = 1747725307
TIME	0.000
SIMULATE	day7_final

SIM_END		day7_final	0.255s	2.71494e-06m
APPLICATION	CarMaker 14.0.1 - Car_Generic #5 (win64-14.0.1)
COMPILED	jetbrains@05dcd26e64f8 2025-01-28 11:06:46
 
		I/O Configuration: default
SIM_START	day7_final	2025-05-20 16:19:04
TIME	0.001
		Current random seed value = 1747725544
TIME	0.000
SIMULATE	day7_final

SIM_END		day7_final	0.642s	4.2091e-06m
APPLICATION	CarMaker 14.0.1 - Car_Generic #5 (win64-14.0.1)
COMPILED	jetbrains@05dcd26e64f8 2025-01-28 11:06:46
 
		I/O Configuration: default
SIM_START	day7_final	2025-05-20 16:19:51
TIME	0.001
		Current random seed value = 1747725591
TIME	0.000
SIMULATE	day7_final

TIME	5.537
SIM_END		day7_final	5.534s	5.46166e-06m
APPLICATION	CarMaker 14.0.1 - Car_Generic #5 (win64-14.0.1)
COMPILED	jetbrains@05dcd26e64f8 2025-01-28 11:06:46
 
		I/O Configuration: default
SIM_START	day7_final	2025-05-20 16:20:08
TIME	0.001
		Current random seed value = 1747725608
TIME	0.000
SIMULATE	day7_final

TIME	4.044
SIM_END		day7_final	4.041s	5.09508e-06m
APPLICATION	CarMaker 14.0.1 - Car_Generic #5 (win64-14.0.1)
COMPILED	jetbrains@05dcd26e64f8 2025-01-28 11:06:46
 
		I/O Configuration: default
SIM_START	day7_final	2025-05-20 16:20:29
TIME	0.001
		Current random seed value = 1747725629
TIME	0.000
SIMULATE	day7_final

TIME	16.321
SIM_END		day7_final	16.318s	9.18122e-06m
APPLICATION	CarMaker 14.0.1 - Car_Generic #5 (win64-14.0.1)
COMPILED	jetbrains@05dcd26e64f8 2025-01-28 11:06:46
 
		I/O Configuration: default
SIM_START	day7_final	2025-05-20 17:15:55
TIME	0.001
		Current random seed value = 1747728955
TIME	0.000
SIMULATE	day7_final

TIME	5.571
SIM_END		day7_final	5.568s	5.47043e-06m
