APPLICATION	CarMaker 14.0.1 - Car_Generic #5 (win64-14.0.1)
COMPILED	jetbrains@05dcd26e64f8 2025-01-28 11:06:46
 
		I/O Configuration: default
SIM_START	day1_scenario1	2025-05-12 12:03:02
TIME	0.000
SIMULATE	day1_scenario1

TIME	29.801
SIM_END		day1_scenario1	29.801s	495.342m
APPLICATION	CarMaker 14.0.1 - Car_Generic #5 (win64-14.0.1)
COMPILED	jetbrains@05dcd26e64f8 2025-01-28 11:06:46
 
		I/O Configuration: default
SIM_START	day1_scenario1	2025-05-12 12:03:52
TIME	0.000
SIMULATE	day1_scenario1

TIME	29.801
SIM_END		day1_scenario1	29.801s	495.342m
APPLICATION	CarMaker 14.0.1 - Car_Generic #5 (win64-14.0.1)
COMPILED	jetbrains@05dcd26e64f8 2025-01-28 11:06:46
 
		I/O Configuration: default
SIM_START	day1_scenario1	2025-05-12 12:04:51
TIME	0.000
SIMULATE	day1_scenario1

TIME	29.801
SIM_END		day1_scenario1	29.801s	495.342m
APPLICATION	CarMaker 14.0.1 - Car_Generic #5 (win64-14.0.1)
COMPILED	jetbrains@05dcd26e64f8 2025-01-28 11:06:46
 
		I/O Configuration: default
SIM_START	day1_scenario1	2025-05-12 12:07:15
TIME	0.000
SIMULATE	day1_scenario1

TIME	29.801
SIM_END		day1_scenario1	29.801s	495.342m
APPLICATION	CarMaker 14.0.1 - Car_Generic #5 (win64-14.0.1)
COMPILED	jetbrains@05dcd26e64f8 2025-01-28 11:06:46
 
		I/O Configuration: default
SIM_START	day1_scenario1	2025-05-12 12:08:01
TIME	0.000
SIMULATE	day1_scenario1

TIME	29.801
SIM_END		day1_scenario1	29.801s	495.342m
APPLICATION	CarMaker 14.0.1 - Car_Generic #5 (win64-14.0.1)
COMPILED	jetbrains@05dcd26e64f8 2025-01-28 11:06:46
 
		I/O Configuration: default
SIM_START	day1_scenario1	2025-05-12 12:09:03
TIME	0.000
SIMULATE	day1_scenario1

TIME	29.801
SIM_END		day1_scenario1	29.801s	495.342m
APPLICATION	CarMaker 14.0.1 - Car_Generic #5 (win64-14.0.1)
COMPILED	jetbrains@05dcd26e64f8 2025-01-28 11:06:46
 
		I/O Configuration: default
SIM_START	day1_scenario1	2025-05-12 12:10:14
TIME	0.000
SIMULATE	day1_scenario1

TIME	29.801
SIM_END		day1_scenario1	29.801s	495.342m
APPLICATION	CarMaker 14.0.1 - Car_Generic #5 (win64-14.0.1)
COMPILED	jetbrains@05dcd26e64f8 2025-01-28 11:06:46
 
		I/O Configuration: default
SIM_START	day1_scenario1	2025-05-12 12:11:12
TIME	0.000
SIMULATE	day1_scenario1

TIME	29.801
SIM_END		day1_scenario1	29.801s	495.342m
APPLICATION	CarMaker 14.0.1 - Car_Generic #5 (win64-14.0.1)
COMPILED	jetbrains@05dcd26e64f8 2025-01-28 11:06:46
 
		I/O Configuration: default
SIM_START	day1_scenario1	2025-05-12 12:15:46
TIME	0.000
SIMULATE	day1_scenario1

TIME	23.903
SIM_END		day1_scenario1	23.9s	397.041m
APPLICATION	CarMaker 14.0.1 - Car_Generic #5 (win64-14.0.1)
COMPILED	jetbrains@05dcd26e64f8 2025-01-28 11:06:46
 
		I/O Configuration: default
SIM_START	day1_scenario1	2025-05-12 12:17:25
TIME	0.000
SIMULATE	day1_scenario1

TIME	29.801
SIM_END		day1_scenario1	29.801s	495.342m
APPLICATION	CarMaker 14.0.1 - Car_Generic #5 (win64-14.0.1)
COMPILED	jetbrains@05dcd26e64f8 2025-01-28 11:06:46
 
		I/O Configuration: default
SIM_START	day1_scenario1	2025-05-12 12:21:45
TIME	0.000
SIMULATE	day1_scenario1

TIME	25.039
SIM_END		day1_scenario1	25.036s	415.973m
APPLICATION	CarMaker 14.0.1 - Car_Generic #5 (win64-14.0.1)
COMPILED	jetbrains@05dcd26e64f8 2025-01-28 11:06:46
 
		I/O Configuration: default
SIM_START	day1_scenario1	2025-05-12 12:57:07
TIME	0.000
SIMULATE	day1_scenario1

TIME	16.354
SIM_END		day1_scenario1	16.351s	288.056m
APPLICATION	CarMaker 14.0.1 - Car_Generic #5 (win64-14.0.1)
COMPILED	jetbrains@05dcd26e64f8 2025-01-28 11:06:46
 
		I/O Configuration: default
SIM_START	day1_scenario1	2025-05-12 12:57:31
TIME	0.000
SIMULATE	day1_scenario1

TIME	13.210
SIM_END		day1_scenario1	13.207s	231.822m
APPLICATION	CarMaker 14.0.1 - Car_Generic #5 (win64-14.0.1)
COMPILED	jetbrains@05dcd26e64f8 2025-01-28 11:06:46
 
		I/O Configuration: default
SIM_START	day1_scenario1	2025-05-12 12:57:51
TIME	0.000
SIMULATE	day1_scenario1

TIME	28.174
SIM_END		day1_scenario1	28.174s	495.341m
APPLICATION	CarMaker 14.0.1 - Car_Generic #5 (win64-14.0.1)
COMPILED	jetbrains@05dcd26e64f8 2025-01-28 11:06:46
 
		I/O Configuration: default
SIM_START	day1_scenario1	2025-05-12 13:00:44
TIME	0.000
SIMULATE	day1_scenario1

TIME	28.174
SIM_END		day1_scenario1	28.174s	495.341m
APPLICATION	CarMaker 14.0.1 - Car_Generic #5 (win64-14.0.1)
COMPILED	jetbrains@05dcd26e64f8 2025-01-28 11:06:46
 
		I/O Configuration: default
SIM_START	day1_scenario1	2025-05-12 13:01:17
TIME	0.000
SIMULATE	day1_scenario1

TIME	18.269
SIM_END		day1_scenario1	18.266s	321.968m
APPLICATION	CarMaker 14.0.1 - Car_Generic #5 (win64-14.0.1)
COMPILED	jetbrains@05dcd26e64f8 2025-01-28 11:06:46
 
		I/O Configuration: default
SIM_START	day1_scenario1	2025-05-12 13:01:41
TIME	0.000
SIMULATE	day1_scenario1

TIME	12.745
SIM_END		day1_scenario1	12.742s	224.079m
APPLICATION	CarMaker 14.0.1 - Car_Generic #5 (win64-14.0.1)
COMPILED	jetbrains@05dcd26e64f8 2025-01-28 11:06:46
 
		I/O Configuration: default
SIM_START	day1_scenario1	2025-05-12 13:01:59
TIME	0.000
SIMULATE	day1_scenario1

TIME	10.372
SIM_END		day1_scenario1	10.369s	183.03m
APPLICATION	CarMaker 14.0.1 - Car_Generic #5 (win64-14.0.1)
COMPILED	jetbrains@05dcd26e64f8 2025-01-28 11:06:46
 
		I/O Configuration: default
SIM_START	day1_scenario1	2025-05-12 13:02:39
TIME	0.000
SIMULATE	day1_scenario1

TIME	6.889
SIM_END		day1_scenario1	6.886s	120.622m
APPLICATION	CarMaker 14.0.1 - Car_Generic #5 (win64-14.0.1)
COMPILED	jetbrains@05dcd26e64f8 2025-01-28 11:06:46
 
		I/O Configuration: default
SIM_START	day1_scenario1	2025-05-12 13:04:16
TIME	0.000
SIMULATE	day1_scenario1

TIME	28.174
SIM_END		day1_scenario1	28.174s	495.341m
APPLICATION	CarMaker 14.0.1 - Car_Generic #5 (win64-14.0.1)
COMPILED	jetbrains@05dcd26e64f8 2025-01-28 11:06:46
 
		I/O Configuration: default
SIM_START	day1_scenario1	2025-05-12 13:05:03
TIME	0.000
SIMULATE	day1_scenario1

TIME	13.853
SIM_END		day1_scenario1	13.85s	242.703m
APPLICATION	CarMaker 14.0.1 - Car_Generic #5 (win64-14.0.1)
COMPILED	jetbrains@05dcd26e64f8 2025-01-28 11:06:46
 
		I/O Configuration: default
SIM_START	day1_scenario1	2025-05-12 13:05:34
TIME	0.000
SIMULATE	day1_scenario1

TIME	15.641
SIM_END		day1_scenario1	15.638s	274.825m
APPLICATION	CarMaker 14.0.1 - Car_Generic #5 (win64-14.0.1)
COMPILED	jetbrains@05dcd26e64f8 2025-01-28 11:06:46
 
		I/O Configuration: default
SIM_START	day1_scenario1	2025-05-12 13:06:13
TIME	0.000
SIMULATE	day1_scenario1

TIME	18.196
SIM_END		day1_scenario1	18.193s	320.734m
APPLICATION	CarMaker 14.0.1 - Car_Generic #5 (win64-14.0.1)
COMPILED	jetbrains@05dcd26e64f8 2025-01-28 11:06:46
 
		I/O Configuration: default
SIM_START	day1_scenario1	2025-05-12 13:15:23
TIME	0.000
SIMULATE	day1_scenario1

TIME	15.508
SIM_END		day1_scenario1	15.505s	272.359m
APPLICATION	CarMaker 14.0.1 - Car_Generic #5 (win64-14.0.1)
COMPILED	jetbrains@05dcd26e64f8 2025-01-28 11:06:46
 
		I/O Configuration: default
SIM_START	day1_scenario1	2025-05-12 13:16:01
TIME	0.000
SIMULATE	day1_scenario1

TIME	9.140
SIM_END		day1_scenario1	9.137s	160.222m
APPLICATION	CarMaker 14.0.1 - Car_Generic #5 (win64-14.0.1)
COMPILED	jetbrains@05dcd26e64f8 2025-01-28 11:06:46
 
		I/O Configuration: default
SIM_START	day1_scenario1	2025-05-12 13:16:30
TIME	0.000
SIMULATE	day1_scenario1

TIME	19.026
SIM_END		day1_scenario1	19.023s	334.61m
APPLICATION	CarMaker 14.0.1 - Car_Generic #5 (win64-14.0.1)
COMPILED	jetbrains@05dcd26e64f8 2025-01-28 11:06:46
 
		I/O Configuration: default
SIM_START	day1_scenario1	2025-05-12 13:17:00
TIME	0.000
SIMULATE	day1_scenario1

TIME	9.620
SIM_END		day1_scenario1	9.617s	169.127m
APPLICATION	CarMaker 14.0.1 - Car_Generic #5 (win64-14.0.1)
COMPILED	jetbrains@05dcd26e64f8 2025-01-28 11:06:46
 
		I/O Configuration: default
SIM_START	day1_scenario3	2025-05-12 13:27:17
TIME	0.000
SIMULATE	day1_scenario3

TIME	35.582
SIM_END		day1_scenario3	35.582s	295.336m
APPLICATION	CarMaker 14.0.1 - Car_Generic #5 (win64-14.0.1)
COMPILED	jetbrains@05dcd26e64f8 2025-01-28 11:06:46
 
		I/O Configuration: default
SIM_START	day1_scenario4	2025-05-12 13:28:16
TIME	0.000
SIMULATE	day1_scenario4

TIME	12.979
ERROR		Vehicle leaves road at about x=110.547, y=4.05249 TireNo=0
SIM_ABORT	day1_scenario4	12.982s	106.932m
APPLICATION	CarMaker 14.0.1 - Car_Generic #5 (win64-14.0.1)
COMPILED	jetbrains@05dcd26e64f8 2025-01-28 11:06:46
 
		I/O Configuration: default
SIM_START	day1_scenario4	2025-05-12 13:33:57
TIME	0.000
SIMULATE	day1_scenario4

ERROR		Vehicle leaves road at about x=12.3368, y=3.56418 TireNo=0
SIM_ABORT	day1_scenario4	1.71s	10.9731m
APPLICATION	CarMaker 14.0.1 - Car_Generic #5 (win64-14.0.1)
COMPILED	jetbrains@05dcd26e64f8 2025-01-28 11:06:46
 
		I/O Configuration: default
SIM_START	day1_scenario3	2025-05-12 13:35:10
TIME	0.000
SIMULATE	day1_scenario3

TIME	25.943
SIM_END		day1_scenario3	25.94s	45.6082m
APPLICATION	CarMaker 14.0.1 - Car_Generic #5 (win64-14.0.1)
COMPILED	jetbrains@05dcd26e64f8 2025-01-28 11:06:46
 
		I/O Configuration: default
SIM_START	day1_scenario3	2025-05-12 13:35:47
TIME	0.000
SIMULATE	day1_scenario3

TIME	19.949
SIM_END		day1_scenario3	19.946s	45.5103m
APPLICATION	CarMaker 14.0.1 - Car_Generic #5 (win64-14.0.1)
COMPILED	jetbrains@05dcd26e64f8 2025-01-28 11:06:46
 
		I/O Configuration: default
SIM_START	day1_scenario3	2025-05-12 13:42:40
TIME	0.000
SIMULATE	day1_scenario3

ERROR		Vehicle leaves road at about x=10.8992, y=3.55731 TireNo=0
SIM_ABORT	day1_scenario3	1.304s	10.2958m
APPLICATION	CarMaker 14.0.1 - Car_Generic #5 (win64-14.0.1)
COMPILED	jetbrains@05dcd26e64f8 2025-01-28 11:06:46
 
		I/O Configuration: default
SIM_START	day1_scenario3	2025-05-12 13:43:47
TIME	0.000
SIMULATE	day1_scenario3

TIME	3.887
ERROR		Vehicle leaves road at about x=34.4303, y=3.67424 TireNo=0
SIM_ABORT	day1_scenario3	3.89s	31.6848m
APPLICATION	CarMaker 14.0.1 - Car_Generic #5 (win64-14.0.1)
COMPILED	jetbrains@05dcd26e64f8 2025-01-28 11:06:46
 
		I/O Configuration: default
SIM_START	day1_scenario3	2025-05-12 13:44:25
TIME	0.000
SIMULATE	day1_scenario3

TIME	71.468
SIM_END		day1_scenario3	71.465s	95.0209m
APPLICATION	CarMaker 14.0.1 - Car_Generic #5 (win64-14.0.1)
COMPILED	jetbrains@05dcd26e64f8 2025-01-28 11:06:46
 
		I/O Configuration: default
SIM_START	day1_scenario3	2025-05-12 13:45:52
TIME	0.000
SIMULATE	day1_scenario3

TIME	89.719
SIM_END		day1_scenario3	89.716s	95.0625m
APPLICATION	CarMaker 14.0.1 - Car_Generic #5 (win64-14.0.1)
COMPILED	jetbrains@05dcd26e64f8 2025-01-28 11:06:46
 
		I/O Configuration: default
SIM_START	day1_scenario3	2025-05-12 13:47:47
TIME	0.000
SIMULATE	day1_scenario3

TIME	35.582
SIM_END		day1_scenario3	35.582s	295.336m
APPLICATION	CarMaker 14.0.1 - Car_Generic #5 (win64-14.0.1)
COMPILED	jetbrains@05dcd26e64f8 2025-01-28 11:06:46
 
		I/O Configuration: default
SIM_START	day1_scenario3	2025-05-12 13:48:34
TIME	0.000
SIMULATE	day1_scenario3

TIME	7.059
SIM_END		day1_scenario3	7.056s	57.6626m
APPLICATION	CarMaker 14.0.1 - Car_Generic #5 (win64-14.0.1)
COMPILED	jetbrains@05dcd26e64f8 2025-01-28 11:06:46
 
		I/O Configuration: default
SIM_START	day1_scenario3	2025-05-12 13:48:48
TIME	0.000
SIMULATE	day1_scenario3

TIME	15.010
SIM_END		day1_scenario3	15.007s	123.912m
APPLICATION	CarMaker 14.0.1 - Car_Generic #5 (win64-14.0.1)
COMPILED	jetbrains@05dcd26e64f8 2025-01-28 11:06:46
 
		I/O Configuration: default
SIM_START	day1_scenario3	2025-05-12 13:49:23
TIME	0.000
SIMULATE	day1_scenario3

TIME	35.582
SIM_END		day1_scenario3	35.582s	295.336m
APPLICATION	CarMaker 14.0.1 - Car_Generic #5 (win64-14.0.1)
COMPILED	jetbrains@05dcd26e64f8 2025-01-28 11:06:46
 
		I/O Configuration: default
SIM_START	day1_scenario3	2025-05-12 13:50:51
TIME	0.000
SIMULATE	day1_scenario3

TIME	35.582
SIM_END		day1_scenario3	35.582s	295.336m
APPLICATION	CarMaker 14.0.1 - Car_Generic #5 (win64-14.0.1)
COMPILED	jetbrains@05dcd26e64f8 2025-01-28 11:06:46
 
		I/O Configuration: default
SIM_START	day1_scenario3	2025-05-12 13:52:15
TIME	0.000
SIMULATE	day1_scenario3

TIME	24.466
SIM_END		day1_scenario3	24.463s	202.701m
APPLICATION	CarMaker 14.0.1 - Car_Generic #5 (win64-14.0.1)
COMPILED	jetbrains@05dcd26e64f8 2025-01-28 11:06:46
 
		I/O Configuration: default
SIM_START	day1_scenario3	2025-05-12 13:52:53
TIME	0.000
SIMULATE	day1_scenario3

TIME	15.826
SIM_END		day1_scenario3	15.823s	130.701m
APPLICATION	CarMaker 14.0.1 - Car_Generic #5 (win64-14.0.1)
COMPILED	jetbrains@05dcd26e64f8 2025-01-28 11:06:46
 
		I/O Configuration: default
SIM_START	day1_scenario3	2025-05-12 13:59:02
TIME	0.000
SIMULATE	day1_scenario3

TIME	32.258
SIM_END		day1_scenario3	32.255s	76.9653m
APPLICATION	CarMaker 14.0.1 - Car_Generic #5 (win64-14.0.1)
COMPILED	jetbrains@05dcd26e64f8 2025-01-28 11:06:46
 
		I/O Configuration: default
SIM_START	day1_scenario3	2025-05-12 14:00:00
TIME	0.000
SIMULATE	day1_scenario3

TIME	38.859
SIM_END		day1_scenario3	38.856s	76.9798m
APPLICATION	CarMaker 14.0.1 - Car_Generic #5 (win64-14.0.1)
COMPILED	jetbrains@05dcd26e64f8 2025-01-28 11:06:46
 
		I/O Configuration: default
SIM_START	day1_scenario3	2025-05-12 14:17:55
TIME	0.000
SIMULATE	day1_scenario3

TIME	53.928
SIM_END		day1_scenario3	53.925s	30.0845m
APPLICATION	CarMaker 14.0.1 - Car_Generic #5 (win64-14.0.1)
COMPILED	jetbrains@05dcd26e64f8 2025-01-28 11:06:46
 
		I/O Configuration: default
SIM_START	day1_scenario3	2025-05-12 14:18:57
TIME	0.000
SIMULATE	day1_scenario3

TIME	13.554
SIM_END		day1_scenario3	13.551s	29.4676m
APPLICATION	CarMaker 14.0.1 - Car_Generic #5 (win64-14.0.1)
COMPILED	jetbrains@05dcd26e64f8 2025-01-28 11:06:46
 
		I/O Configuration: default
SIM_START	day1_scenario3	2025-05-12 14:19:16
TIME	0.000
SIMULATE	day1_scenario3

TIME	39.335
SIM_END		day1_scenario3	39.332s	30.0507m
APPLICATION	CarMaker 14.0.1 - Car_Generic #5 (win64-14.0.1)
COMPILED	jetbrains@05dcd26e64f8 2025-01-28 11:06:46
 
		I/O Configuration: default
SIM_START	day1_scenario3	2025-05-12 14:31:39
TIME	0.000
SIMULATE	day1_scenario3

TIME	14.154
SIM_END		day1_scenario3	14.151s	58.0631m
APPLICATION	CarMaker 14.0.1 - Car_Generic #5 (win64-14.0.1)
COMPILED	jetbrains@05dcd26e64f8 2025-01-28 11:06:46
 
		I/O Configuration: default
SIM_START	day1_scenario3	2025-05-12 14:34:00
TIME	0.000
SIMULATE	day1_scenario3

TIME	19.294
SIM_END		day1_scenario3	19.291s	30.5407m
APPLICATION	CarMaker 14.0.1 - Car_Generic #5 (win64-14.0.1)
COMPILED	jetbrains@05dcd26e64f8 2025-01-28 11:06:46
 
		I/O Configuration: default
SIM_START	day1_scenario3	2025-05-12 14:34:44
TIME	0.000
SIMULATE	day1_scenario3

TIME	13.602
SIM_END		day1_scenario3	13.599s	30.0108m
APPLICATION	CarMaker 14.0.1 - Car_Generic #5 (win64-14.0.1)
COMPILED	jetbrains@05dcd26e64f8 2025-01-28 11:06:46
 
		I/O Configuration: default
SIM_START	day1_scenario3	2025-05-12 14:35:51
TIME	0.000
SIMULATE	day1_scenario3

TIME	16.560
SIM_END		day1_scenario3	16.557s	136.644m
APPLICATION	CarMaker 14.0.1 - Car_Generic #5 (win64-14.0.1)
COMPILED	jetbrains@05dcd26e64f8 2025-01-28 11:06:46
 
		I/O Configuration: default
SIM_START	day1_scenario3	2025-05-12 14:36:43
TIME	0.000
SIMULATE	day1_scenario3

TIME	18.069
SIM_END		day1_scenario3	18.066s	73.8968m
APPLICATION	CarMaker 14.0.1 - Car_Generic #5 (win64-14.0.1)
COMPILED	jetbrains@05dcd26e64f8 2025-01-28 11:06:46
 
		I/O Configuration: default
SIM_START	day1_scenario3	2025-05-12 14:38:25
TIME	0.000
SIMULATE	day1_scenario3

TIME	15.497
SIM_END		day1_scenario3	15.494s	127.899m
APPLICATION	CarMaker 14.0.1 - Car_Generic #5 (win64-14.0.1)
COMPILED	jetbrains@05dcd26e64f8 2025-01-28 11:06:46
 
		I/O Configuration: default
SIM_START	day1_scenario3	2025-05-12 14:39:10
TIME	0.000
SIMULATE	day1_scenario3

TIME	12.816
SIM_END		day1_scenario3	12.813s	105.565m
APPLICATION	CarMaker 14.0.1 - Car_Generic #5 (win64-14.0.1)
COMPILED	jetbrains@05dcd26e64f8 2025-01-28 11:06:46
 
		I/O Configuration: default
SIM_START	day1_scenario3	2025-05-12 14:39:28
TIME	0.000
SIMULATE	day1_scenario3

TIME	34.312
SIM_END		day1_scenario3	34.309s	284.699m
APPLICATION	CarMaker 14.0.1 - Car_Generic #5 (win64-14.0.1)
COMPILED	jetbrains@05dcd26e64f8 2025-01-28 11:06:46
 
		I/O Configuration: default
SIM_START	day1_scenario4	2025-05-12 14:39:51
TIME	0.000
SIMULATE	day1_scenario4

TIME	35.906
SIM_END		day1_scenario4	35.906s	295.745m
APPLICATION	CarMaker 14.0.1 - Car_Generic #5 (win64-14.0.1)
COMPILED	jetbrains@05dcd26e64f8 2025-01-28 11:06:46
 
		I/O Configuration: default
SIM_START	day1_scenario4	2025-05-12 14:46:02
TIME	0.000
SIMULATE	day1_scenario4

TIME	25.930
SIM_END		day1_scenario4	25.927s	212.591m
APPLICATION	CarMaker 14.0.1 - Car_Generic #5 (win64-14.0.1)
COMPILED	jetbrains@05dcd26e64f8 2025-01-28 11:06:46
 
		I/O Configuration: default
SIM_START	day1_scenario4	2025-05-12 14:46:25
TIME	0.000
SIMULATE	day1_scenario4

TIME	15.841
SIM_END		day1_scenario4	15.838s	128.493m
APPLICATION	CarMaker 14.0.1 - Car_Generic #5 (win64-14.0.1)
COMPILED	jetbrains@05dcd26e64f8 2025-01-28 11:06:46
 
		I/O Configuration: default
SIM_START	day1_scenario4	2025-05-12 14:46:36
TIME	0.000
SIMULATE	day1_scenario4

TIME	35.906
SIM_END		day1_scenario4	35.906s	295.745m
APPLICATION	CarMaker 14.0.1 - Car_Generic #5 (win64-14.0.1)
COMPILED	jetbrains@05dcd26e64f8 2025-01-28 11:06:46
 
		I/O Configuration: default
SIM_START	day2_scenario1	2025-05-12 15:03:01
TIME	0.000
SIMULATE	day2_scenario1

TIME	47.550
SIM_END		day2_scenario1	47.547s	3.01108e-05m
APPLICATION	CarMaker 14.0.1 - Car_Generic #5 (win64-14.0.1)
COMPILED	jetbrains@05dcd26e64f8 2025-01-28 11:06:46
 
		I/O Configuration: default
SIM_START	day2_scenario1	2025-05-12 15:35:11
TIME	0.000
SIMULATE	day2_scenario1

TIME	24.515
SIM_END		day2_scenario1	24.515s	495.339m
APPLICATION	CarMaker 14.0.1 - Car_Generic #5 (win64-14.0.1)
COMPILED	jetbrains@05dcd26e64f8 2025-01-28 11:06:46
 
		I/O Configuration: default
SIM_START	day2_scenario1	2025-05-12 15:35:53
TIME	0.000
SIMULATE	day2_scenario1

TIME	24.515
SIM_END		day2_scenario1	24.515s	495.339m
APPLICATION	CarMaker 14.0.1 - Car_Generic #5 (win64-14.0.1)
COMPILED	jetbrains@05dcd26e64f8 2025-01-28 11:06:46
 
		I/O Configuration: default
SIM_START	day2_scenario1	2025-05-12 15:36:28
TIME	0.000
SIMULATE	day2_scenario1

TIME	24.515
SIM_END		day2_scenario1	24.515s	495.339m
APPLICATION	CarMaker 14.0.1 - Car_Generic #5 (win64-14.0.1)
COMPILED	jetbrains@05dcd26e64f8 2025-01-28 11:06:46
 
		I/O Configuration: default
SIM_START	day2_scenario2	2025-05-12 15:46:18
TIME	0.001
		Current random seed value = 1747032378
TIME	0.000
SIMULATE	day2_scenario2

TIME	53.226
SIM_END		day2_scenario2	53.223s	3.54363e-05m
APPLICATION	CarMaker 14.0.1 - Car_Generic #5 (win64-14.0.1)
COMPILED	jetbrains@05dcd26e64f8 2025-01-28 11:06:46
 
		I/O Configuration: default
SIM_START	day2_scenario2	2025-05-12 15:46:45
TIME	0.001
		Current random seed value = 1747032405
TIME	0.000
SIMULATE	day2_scenario2

TIME	4.080
SIM_END		day2_scenario2	4.077s	5.10349e-06m
APPLICATION	CarMaker 14.0.1 - Car_Generic #5 (win64-14.0.1)
COMPILED	jetbrains@05dcd26e64f8 2025-01-28 11:06:46
 
		I/O Configuration: default
SIM_START	day2_scenario2	2025-05-12 16:22:30
TIME	0.001
		Current random seed value = 1747034550
TIME	0.000
SIMULATE	day2_scenario2

TIME	4.176
SIM_END		day2_scenario2	4.173s	4.39513e-06m
APPLICATION	CarMaker 14.0.1 - Car_Generic #5 (win64-14.0.1)
COMPILED	jetbrains@05dcd26e64f8 2025-01-28 11:06:46
 
		I/O Configuration: default
SIM_START	day2_scenario2	2025-05-12 16:26:13
TIME	0.001
		Current random seed value = 1747034773
TIME	0.000
SIMULATE	day2_scenario2

TIME	3.750
SIM_END		day2_scenario2	3.747s	4.39086e-06m
APPLICATION	CarMaker 14.0.1 - Car_Generic #5 (win64-14.0.1)
COMPILED	jetbrains@05dcd26e64f8 2025-01-28 11:06:46
 
		I/O Configuration: default
SIM_START	day2_scenario2	2025-05-12 16:27:15
TIME	0.001
		Current random seed value = 1747034835
TIME	0.000
SIMULATE	day2_scenario2

SIM_END		day2_scenario2	0.494s	3.7638e-06m
APPLICATION	CarMaker 14.0.1 - Car_Generic #5 (win64-14.0.1)
COMPILED	jetbrains@05dcd26e64f8 2025-01-28 11:06:46
 
		I/O Configuration: default
SIM_START	day2_scenario2	2025-05-12 16:30:00
TIME	0.001
		Current random seed value = 1747035000
TIME	0.000
SIMULATE	day2_scenario2

TIME	2.055
SIM_END		day2_scenario2	2.052s	4.37255e-06m
APPLICATION	CarMaker 14.0.1 - Car_Generic #5 (win64-14.0.1)
COMPILED	jetbrains@05dcd26e64f8 2025-01-28 11:06:46
 
		I/O Configuration: default
SIM_START	day2_scenario2	2025-05-12 16:30:17
TIME	0.001
		Current random seed value = 1747035017
TIME	0.000
SIMULATE	day2_scenario2

SIM_END		day2_scenario2	0.545s	3.9228e-06m
APPLICATION	CarMaker 14.0.1 - Car_Generic #5 (win64-14.0.1)
COMPILED	jetbrains@05dcd26e64f8 2025-01-28 11:06:46
 
		I/O Configuration: default
SIM_START	day2_scenario2	2025-05-12 16:31:20
TIME	0.001
		Current random seed value = 1747035080
TIME	0.000
SIMULATE	day2_scenario2

TIME	2.189
SIM_END		day2_scenario2	2.186s	13.0051m
APPLICATION	CarMaker 14.0.1 - Car_Generic #5 (win64-14.0.1)
COMPILED	jetbrains@05dcd26e64f8 2025-01-28 11:06:46
 
		I/O Configuration: default
SIM_START	day2_scenario2	2025-05-12 16:31:48
TIME	0.001
		Current random seed value = 1747035108
TIME	0.000
SIMULATE	day2_scenario2

TIME	20.012
SIM_END		day2_scenario2	20.009s	108.091m
APPLICATION	CarMaker 14.0.1 - Car_Generic #5 (win64-14.0.1)
COMPILED	jetbrains@05dcd26e64f8 2025-01-28 11:06:46
 
		I/O Configuration: default
SIM_START	day2_scenario2	2025-05-12 16:32:30
TIME	0.001
		Current random seed value = 1747035150
TIME	0.000
SIMULATE	day2_scenario2

TIME	19.344
SIM_END		day2_scenario2	19.341s	110.128m
APPLICATION	CarMaker 14.0.1 - Car_Generic #5 (win64-14.0.1)
COMPILED	jetbrains@05dcd26e64f8 2025-01-28 11:06:46
 
		I/O Configuration: default
SIM_START	day2_scenario2	2025-05-12 16:33:52
TIME	0.001
		Current random seed value = 1747035232
TIME	0.000
SIMULATE	day2_scenario2

TIME	24.725
SIM_END		day2_scenario2	24.722s	4.51416e-06m
APPLICATION	CarMaker 14.0.1 - Car_Generic #5 (win64-14.0.1)
COMPILED	jetbrains@05dcd26e64f8 2025-01-28 11:06:46
 
		I/O Configuration: default
SIM_START	day2_scenario2	2025-05-12 16:34:10
TIME	0.001
		Current random seed value = 1747035250
TIME	0.000
SIMULATE	day2_scenario2

TIME	4.365
SIM_END		day2_scenario2	4.362s	4.42257e-06m
APPLICATION	CarMaker 14.0.1 - Car_Generic #5 (win64-14.0.1)
COMPILED	jetbrains@05dcd26e64f8 2025-01-28 11:06:46
 
		I/O Configuration: default
SIM_START	day2_scenario2	2025-05-12 16:54:06
TIME	0.001
		Current random seed value = 1747036446
TIME	0.000
SIMULATE	day2_scenario2

TIME	82.249
SIM_END		day2_scenario2	82.246s	4.60186e-06m
APPLICATION	CarMaker 14.0.1 - Car_Generic #5 (win64-14.0.1)
COMPILED	jetbrains@05dcd26e64f8 2025-01-28 11:06:46
 
		I/O Configuration: default
SIM_START	day2_scenario2	2025-05-12 16:55:56
TIME	0.001
		Current random seed value = 1747036556
TIME	0.000
SIMULATE	day2_scenario2

TIME	15.218
SIM_END		day2_scenario2	15.215s	4.47699e-06m
APPLICATION	CarMaker 14.0.1 - Car_Generic #5 (win64-14.0.1)
COMPILED	jetbrains@05dcd26e64f8 2025-01-28 11:06:46
 
		I/O Configuration: default
SIM_START	day2_scenario2	2025-05-12 16:56:39
TIME	0.001
		Current random seed value = 1747036599
TIME	0.000
SIMULATE	day2_scenario2

TIME	22.918
SIM_END		day2_scenario2	22.918s	495.319m
APPLICATION	CarMaker 14.0.1 - Car_Generic #5 (win64-14.0.1)
COMPILED	jetbrains@05dcd26e64f8 2025-01-28 11:06:46
 
		I/O Configuration: default
SIM_START	day2_scenario2	2025-05-12 16:57:15
TIME	0.001
		Current random seed value = 1747036635
TIME	0.000
SIMULATE	day2_scenario2

TIME	23.019
SIM_END		day2_scenario2	23.019s	495.345m
APPLICATION	CarMaker 14.0.1 - Car_Generic #5 (win64-14.0.1)
COMPILED	jetbrains@05dcd26e64f8 2025-01-28 11:06:46
 
		I/O Configuration: default
SIM_START	day2_scenario1	2025-05-12 17:03:57
TIME	0.000
SIMULATE	day2_scenario1

TIME	24.515
SIM_END		day2_scenario1	24.515s	495.339m
APPLICATION	CarMaker 14.0.1 - Car_Generic #5 (win64-14.0.1)
COMPILED	jetbrains@05dcd26e64f8 2025-01-28 11:06:46
 
		I/O Configuration: default
SIM_START	day2_scenario1	2025-05-12 17:13:52
TIME	0.000
SIMULATE	day2_scenario1

TIME	33.161
SIM_END		day2_scenario1	33.158s	4.54546e-06m
APPLICATION	CarMaker 14.0.1 - Car_Generic #5 (win64-14.0.1)
COMPILED	jetbrains@05dcd26e64f8 2025-01-28 11:06:46
 
		I/O Configuration: default
SIM_START	day2_scenario2	2025-05-12 17:14:27
TIME	0.001
		Current random seed value = 1747037667
TIME	0.000
SIMULATE	day2_scenario2

TIME	70.453
SIM_END		day2_scenario2	70.45s	484.492m
APPLICATION	CarMaker 14.0.1 - Car_Generic #5 (win64-14.0.1)
COMPILED	jetbrains@05dcd26e64f8 2025-01-28 11:06:46
 
		I/O Configuration: default
SIM_START	day2_scenario3	2025-05-12 17:17:19
TIME	0.001
		Current random seed value = 1747037839
TIME	0.000
SIMULATE	day2_scenario3

TIME	58.232
SIM_END		day2_scenario3	58.229s	486.59m
APPLICATION	CarMaker 14.0.1 - Car_Generic #5 (win64-14.0.1)
COMPILED	jetbrains@05dcd26e64f8 2025-01-28 11:06:46
 
		I/O Configuration: default
SIM_START	day2_scenario3	2025-05-12 17:17:53
TIME	0.001
		Current random seed value = 1747037873
TIME	0.000
SIMULATE	day2_scenario3

TIME	22.179
SIM_END		day2_scenario3	22.176s	214.644m
APPLICATION	CarMaker 14.0.1 - Car_Generic #5 (win64-14.0.1)
COMPILED	jetbrains@05dcd26e64f8 2025-01-28 11:06:46
 
		I/O Configuration: default
SIM_START	day2_scenario3	2025-05-12 17:45:08
TIME	0.001
		Current random seed value = 1747039508
TIME	0.000
SIMULATE	day2_scenario3

TIME	103.358
SIM_END		day2_scenario3	103.355s	485.751m
APPLICATION	CarMaker 14.0.1 - Car_Generic #5 (win64-14.0.1)
COMPILED	jetbrains@05dcd26e64f8 2025-01-28 11:06:46
 
		I/O Configuration: default
SIM_START	day2_scenario2	2025-05-12 17:46:17
TIME	0.001
		Current random seed value = 1747039577
TIME	0.000
SIMULATE	day2_scenario2

TIME	114.063
SIM_END		day2_scenario2	114.06s	484.553m
APPLICATION	CarMaker 14.0.1 - Car_Generic #5 (win64-14.0.1)
COMPILED	jetbrains@05dcd26e64f8 2025-01-28 11:06:46
 
		I/O Configuration: default
SIM_START	day2_scenario2	2025-05-12 17:47:19
TIME	0.001
		Current random seed value = 1747039639
TIME	0.000
SIMULATE	day2_scenario2

TIME	198.629
SIM_END		day2_scenario2	198.626s	484.595m
APPLICATION	CarMaker 14.0.1 - Car_Generic #5 (win64-14.0.1)
COMPILED	jetbrains@05dcd26e64f8 2025-01-28 11:06:46
 
		I/O Configuration: default
SIM_START	day2_scenario2	2025-05-12 17:49:03
TIME	0.001
		Current random seed value = 1747039743
TIME	0.000
SIMULATE	day2_scenario2

TIME	127.948
SIM_END		day2_scenario2	127.945s	484.535m
APPLICATION	CarMaker 14.0.1 - Car_Generic #5 (win64-14.0.1)
COMPILED	jetbrains@05dcd26e64f8 2025-01-28 11:06:46
 
		I/O Configuration: default
SIM_START	day2_scenario3	2025-05-12 18:36:48
TIME	0.001
		Current random seed value = 1747042608
TIME	0.000
SIMULATE	day2_scenario3

TIME	36.780
SIM_END		day2_scenario3	36.78s	495.321m
APPLICATION	CarMaker 14.0.1 - Car_Generic #5 (win64-14.0.1)
COMPILED	jetbrains@05dcd26e64f8 2025-01-28 11:06:46
 
		I/O Configuration: default
SIM_START	day2_scenario3	2025-05-12 18:37:36
TIME	0.001
		Current random seed value = 1747042656
TIME	0.000
SIMULATE	day2_scenario3

TIME	100.976
SIM_END		day2_scenario3	100.973s	486.682m
APPLICATION	CarMaker 14.0.1 - Car_Generic #5 (win64-14.0.1)
COMPILED	jetbrains@05dcd26e64f8 2025-01-28 11:06:46
 
		I/O Configuration: default
SIM_START	day2_scenario4	2025-05-12 18:44:26
TIME	0.000
SIMULATE	day2_scenario4

TIME	35.756
SIM_END		day2_scenario4	35.756s	495.337m
APPLICATION	CarMaker 14.0.1 - Car_Generic #5 (win64-14.0.1)
COMPILED	jetbrains@05dcd26e64f8 2025-01-28 11:06:46
 
		I/O Configuration: default
SIM_START	day2_scenario4	2025-05-12 18:44:46
TIME	0.000
SIMULATE	day2_scenario4

TIME	35.756
SIM_END		day2_scenario4	35.756s	495.337m
APPLICATION	CarMaker 14.0.1 - Car_Generic #5 (win64-14.0.1)
COMPILED	jetbrains@05dcd26e64f8 2025-01-28 11:06:46
 
		I/O Configuration: default
SIM_START	day2_scenario4	2025-05-12 18:48:34
TIME	0.000
SIMULATE	day2_scenario4

TIME	25.751
ERROR		Embedded FARoadSensor Geo:  xyz (nan nan nan) not found on Road
SIM_ABORT	day2_scenario4	25.754s	346.449m
APPLICATION	CarMaker 14.0.1 - Car_Generic #5 (win64-14.0.1)
COMPILED	jetbrains@05dcd26e64f8 2025-01-28 11:06:46
 
		I/O Configuration: default
SIM_START	day2_scenario4	2025-05-12 18:51:53
TIME	0.000
SIMULATE	day2_scenario4

TIME	25.601
ERROR		Embedded FARoadSensor Geo:  xyz (nan nan nan) not found on Road
SIM_ABORT	day2_scenario4	25.604s	344.353m
APPLICATION	CarMaker 14.0.1 - Car_Generic #5 (win64-14.0.1)
COMPILED	jetbrains@05dcd26e64f8 2025-01-28 11:06:46
 
		I/O Configuration: default
SIM_START	day2_scenario4	2025-05-12 18:56:22
TIME	0.000
SIMULATE	day2_scenario4

TIME	8.944
ERROR		Vehicle leaves road at about x=124.66, y=4.12457 TireNo=0
SIM_ABORT	day2_scenario4	8.947s	122.872m
APPLICATION	CarMaker 14.0.1 - Car_Generic #5 (win64-14.0.1)
COMPILED	jetbrains@05dcd26e64f8 2025-01-28 11:06:46
 
		I/O Configuration: default
SIM_START	day2_scenario4	2025-05-12 18:57:35
TIME	0.000
SIMULATE	day2_scenario4

TIME	35.771
SIM_END		day2_scenario4	35.771s	495.545m
APPLICATION	CarMaker 14.0.1 - Car_Generic #5 (win64-14.0.1)
COMPILED	jetbrains@05dcd26e64f8 2025-01-28 11:06:46
 
		I/O Configuration: default
SIM_START	day2_scenario4	2025-05-12 18:58:14
TIME	0.000
SIMULATE	day2_scenario4

TIME	35.758
SIM_END		day2_scenario4	35.758s	495.364m
APPLICATION	CarMaker 14.0.1 - Car_Generic #5 (win64-14.0.1)
COMPILED	jetbrains@05dcd26e64f8 2025-01-28 11:06:46
 
		I/O Configuration: default
SIM_START	day2_scenario4	2025-05-12 18:58:53
TIME	0.000
SIMULATE	day2_scenario4

TIME	25.801
ERROR		Embedded FARoadSensor Geo:  xyz (nan nan nan) not found on Road
SIM_ABORT	day2_scenario4	25.804s	347.15m
APPLICATION	CarMaker 14.0.1 - Car_Generic #5 (win64-14.0.1)
COMPILED	jetbrains@05dcd26e64f8 2025-01-28 11:06:46
 
		I/O Configuration: default
SIM_START	day2_scenario4	2025-05-12 19:01:14
TIME	0.000
SIMULATE	day2_scenario4

TIME	25.801
ERROR		Embedded FARoadSensor Geo:  xyz (nan nan nan) not found on Road
SIM_ABORT	day2_scenario4	25.804s	347.15m
APPLICATION	CarMaker 14.0.1 - Car_Generic #5 (win64-14.0.1)
COMPILED	jetbrains@05dcd26e64f8 2025-01-28 11:06:46
 
		I/O Configuration: default
SIM_START	day2_scenario4	2025-05-12 19:01:46
TIME	0.000
SIMULATE	day2_scenario4

TIME	25.851
ERROR		Embedded FARoadSensor Geo:  xyz (nan nan nan) not found on Road
SIM_ABORT	day2_scenario4	25.854s	347.839m
APPLICATION	CarMaker 14.0.1 - Car_Generic #5 (win64-14.0.1)
COMPILED	jetbrains@05dcd26e64f8 2025-01-28 11:06:46
 
		I/O Configuration: default
SIM_START	day2_scenario4	2025-05-12 19:03:03
TIME	0.000
SIMULATE	day2_scenario4

TIME	25.851
ERROR		Embedded FARoadSensor Geo:  xyz (nan nan nan) not found on Road
SIM_ABORT	day2_scenario4	25.854s	347.839m
APPLICATION	CarMaker 14.0.1 - Car_Generic #5 (win64-14.0.1)
COMPILED	jetbrains@05dcd26e64f8 2025-01-28 11:06:46
 
		I/O Configuration: default
SIM_START	day2_scenario4	2025-05-12 19:03:29
TIME	0.000
SIMULATE	day2_scenario4

TIME	25.851
ERROR		Embedded FARoadSensor Geo:  xyz (nan nan nan) not found on Road
SIM_ABORT	day2_scenario4	25.854s	347.839m
APPLICATION	CarMaker 14.0.1 - Car_Generic #5 (win64-14.0.1)
COMPILED	jetbrains@05dcd26e64f8 2025-01-28 11:06:46
 
		I/O Configuration: default
SIM_START	day2_scenario4	2025-05-12 19:03:47
TIME	0.000
SIMULATE	day2_scenario4

TIME	25.851
ERROR		Embedded FARoadSensor Geo:  xyz (nan nan nan) not found on Road
SIM_ABORT	day2_scenario4	25.854s	347.839m
APPLICATION	CarMaker 14.0.1 - Car_Generic #5 (win64-14.0.1)
COMPILED	jetbrains@05dcd26e64f8 2025-01-28 11:06:46
 
		I/O Configuration: default
SIM_START	day2_scenario4	2025-05-12 19:04:22
TIME	0.000
SIMULATE	day2_scenario4

TIME	35.764
SIM_END		day2_scenario4	35.764s	495.448m
APPLICATION	CarMaker 14.0.1 - Car_Generic #5 (win64-14.0.1)
COMPILED	jetbrains@05dcd26e64f8 2025-01-28 11:06:46
 
		I/O Configuration: default
SIM_START	day2_scenario4	2025-05-12 19:08:31
TIME	0.000
SIMULATE	day2_scenario4

TIME	25.601
ERROR		Embedded FARoadSensor Geo:  xyz (nan nan nan) not found on Road
SIM_ABORT	day2_scenario4	25.604s	344.334m
APPLICATION	CarMaker 14.0.1 - Car_Generic #5 (win64-14.0.1)
COMPILED	jetbrains@05dcd26e64f8 2025-01-28 11:06:46
 
		I/O Configuration: default
SIM_START	day2_scenario4	2025-05-12 19:09:19
TIME	0.000
SIMULATE	day2_scenario4

TIME	35.758
SIM_END		day2_scenario4	35.758s	495.364m
APPLICATION	CarMaker 14.0.1 - Car_Generic #5 (win64-14.0.1)
COMPILED	jetbrains@05dcd26e64f8 2025-01-28 11:06:46
 
		I/O Configuration: default
SIM_START	day2_scenario4	2025-05-12 19:26:52
TIME	0.000
SIMULATE	day2_scenario4

TIME	35.758
SIM_END		day2_scenario4	35.758s	495.364m
APPLICATION	CarMaker 14.0.1 - Car_Generic #5 (win64-14.0.1)
COMPILED	jetbrains@05dcd26e64f8 2025-01-28 11:06:46
 
		I/O Configuration: default
SIM_START	day2_scenario4	2025-05-12 19:27:16
TIME	0.000
SIMULATE	day2_scenario4

TIME	35.758
SIM_END		day2_scenario4	35.758s	495.364m
APPLICATION	CarMaker 14.0.1 - Car_Generic #5 (win64-14.0.1)
COMPILED	jetbrains@05dcd26e64f8 2025-01-28 11:06:46
 
		I/O Configuration: default
SIM_START	day2_scenario4	2025-05-12 19:27:53
TIME	0.000
SIMULATE	day2_scenario4

TIME	35.773
SIM_END		day2_scenario4	35.773s	495.581m
APPLICATION	CarMaker 14.0.1 - Car_Generic #5 (win64-14.0.1)
COMPILED	jetbrains@05dcd26e64f8 2025-01-28 11:06:46
 
		I/O Configuration: default
SIM_START	day2_scenario4	2025-05-12 19:28:25
TIME	0.000
SIMULATE	day2_scenario4

TIME	35.773
SIM_END		day2_scenario4	35.773s	495.581m
APPLICATION	CarMaker 14.0.1 - Car_Generic #5 (win64-14.0.1)
COMPILED	jetbrains@05dcd26e64f8 2025-01-28 11:06:46
 
		I/O Configuration: default
SIM_START	day2_scenario4	2025-05-12 19:31:13
TIME	0.000
SIMULATE	day2_scenario4

TIME	25.551
ERROR		Embedded FARoadSensor Geo:  xyz (nan nan nan) not found on Road
SIM_ABORT	day2_scenario4	25.554s	343.634m
APPLICATION	CarMaker 14.0.1 - Car_Generic #5 (win64-14.0.1)
COMPILED	jetbrains@05dcd26e64f8 2025-01-28 11:06:46
 
		I/O Configuration: default
SIM_START	day2_scenario4	2025-05-12 19:31:28
TIME	0.000
SIMULATE	day2_scenario4

TIME	25.551
ERROR		Embedded FARoadSensor Geo:  xyz (nan nan nan) not found on Road
SIM_ABORT	day2_scenario4	25.554s	343.634m
APPLICATION	CarMaker 14.0.1 - Car_Generic #5 (win64-14.0.1)
COMPILED	jetbrains@05dcd26e64f8 2025-01-28 11:06:46
 
		I/O Configuration: default
SIM_START	day2_scenario4	2025-05-12 19:32:10
TIME	0.000
SIMULATE	day2_scenario4

TIME	35.773
SIM_END		day2_scenario4	35.773s	495.579m
APPLICATION	CarMaker 14.0.1 - Car_Generic #5 (win64-14.0.1)
COMPILED	jetbrains@05dcd26e64f8 2025-01-28 11:06:46
 
		I/O Configuration: default
SIM_START	day2_scenario4	2025-05-12 19:32:44
TIME	0.000
SIMULATE	day2_scenario4

TIME	25.801
ERROR		Embedded FARoadSensor Geo:  xyz (nan nan nan) not found on Road
SIM_ABORT	day2_scenario4	25.804s	347.151m
APPLICATION	CarMaker 14.0.1 - Car_Generic #5 (win64-14.0.1)
COMPILED	jetbrains@05dcd26e64f8 2025-01-28 11:06:46
 
		I/O Configuration: default
SIM_START	day2_scenario4	2025-05-12 19:33:20
TIME	0.000
SIMULATE	day2_scenario4

TIME	25.851
ERROR		Embedded FARoadSensor Geo:  xyz (nan nan nan) not found on Road
SIM_ABORT	day2_scenario4	25.854s	347.84m
APPLICATION	CarMaker 14.0.1 - Car_Generic #5 (win64-14.0.1)
COMPILED	jetbrains@05dcd26e64f8 2025-01-28 11:06:46
 
		I/O Configuration: default
SIM_START	day2_scenario4	2025-05-12 19:33:46
TIME	0.000
SIMULATE	day2_scenario4

TIME	25.951
ERROR		Embedded FARoadSensor Geo:  xyz (nan nan nan) not found on Road
SIM_ABORT	day2_scenario4	25.954s	349.197m
APPLICATION	CarMaker 14.0.1 - Car_Generic #5 (win64-14.0.1)
COMPILED	jetbrains@05dcd26e64f8 2025-01-28 11:06:46
 
		I/O Configuration: default
SIM_START	day2_scenario4	2025-05-12 19:34:18
TIME	0.000
SIMULATE	day2_scenario4

TIME	25.851
ERROR		Embedded FARoadSensor Geo:  xyz (nan nan nan) not found on Road
SIM_ABORT	day2_scenario4	25.854s	347.805m
APPLICATION	CarMaker 14.0.1 - Car_Generic #5 (win64-14.0.1)
COMPILED	jetbrains@05dcd26e64f8 2025-01-28 11:06:46
 
		I/O Configuration: default
SIM_START	day2_scenario4	2025-05-12 19:37:05
TIME	0.000
SIMULATE	day2_scenario4

TIME	20.094
ERROR		Vehicle leaves road at about x=271.59, y=-12.1451 TireNo=1
SIM_ABORT	day2_scenario4	20.097s	267.879m
APPLICATION	CarMaker 14.0.1 - Car_Generic #5 (win64-14.0.1)
COMPILED	jetbrains@05dcd26e64f8 2025-01-28 11:06:46
 
		I/O Configuration: default
SIM_START	day2_scenario4	2025-05-12 19:37:34
TIME	0.000
SIMULATE	day2_scenario4

TIME	35.773
SIM_END		day2_scenario4	35.773s	495.582m
APPLICATION	CarMaker 14.0.1 - Car_Generic #5 (win64-14.0.1)
COMPILED	jetbrains@05dcd26e64f8 2025-01-28 11:06:46
 
		I/O Configuration: default
SIM_START	day2_scenario4	2025-05-12 19:38:12
TIME	0.000
SIMULATE	day2_scenario4

TIME	22.720
ERROR		Vehicle leaves road at about x=308.077, y=-11.9631 TireNo=1
SIM_ABORT	day2_scenario4	22.723s	304.374m
APPLICATION	CarMaker 14.0.1 - Car_Generic #5 (win64-14.0.1)
COMPILED	jetbrains@05dcd26e64f8 2025-01-28 11:06:46
 
		I/O Configuration: default
SIM_START	day2_scenario4	2025-05-12 19:38:51
TIME	0.000
SIMULATE	day2_scenario4

TIME	11.736
ERROR		Vehicle leaves road at about x=155.191, y=-12.7261 TireNo=1
SIM_ABORT	day2_scenario4	11.739s	151.673m
APPLICATION	CarMaker 14.0.1 - Car_Generic #5 (win64-14.0.1)
COMPILED	jetbrains@05dcd26e64f8 2025-01-28 11:06:46
 
		I/O Configuration: default
SIM_START	day2_scenario4	2025-05-12 19:42:38
TIME	0.000
SIMULATE	day2_scenario4

TIME	31.153
SIM_END		day2_scenario4	31.15s	431.414m
APPLICATION	CarMaker 14.0.1 - Car_Generic #5 (win64-14.0.1)
COMPILED	jetbrains@05dcd26e64f8 2025-01-28 11:06:46
 
		I/O Configuration: default
SIM_START	day2_scenario4	2025-05-12 19:43:08
TIME	0.000
SIMULATE	day2_scenario4

TIME	34.003
SIM_END		day2_scenario4	34s	470.998m
APPLICATION	CarMaker 14.0.1 - Car_Generic #5 (win64-14.0.1)
COMPILED	jetbrains@05dcd26e64f8 2025-01-28 11:06:46
 
		I/O Configuration: default
SIM_START	day2_scenario4	2025-05-12 19:43:44
TIME	0.000
SIMULATE	day2_scenario4

TIME	32.491
SIM_END		day2_scenario4	32.488s	449.997m
APPLICATION	CarMaker 14.0.1 - Car_Generic #5 (win64-14.0.1)
COMPILED	jetbrains@05dcd26e64f8 2025-01-28 11:06:46
 
		I/O Configuration: default
SIM_START	day2_scenario4	2025-05-12 19:44:14
TIME	0.000
SIMULATE	day2_scenario4

TIME	35.767
SIM_END		day2_scenario4	35.767s	495.496m
APPLICATION	CarMaker 14.0.1 - Car_Generic #5 (win64-14.0.1)
COMPILED	jetbrains@05dcd26e64f8 2025-01-28 11:06:46
 
		I/O Configuration: default
SIM_START	day2_scenario4	2025-05-12 19:44:55
TIME	0.000
SIMULATE	day2_scenario4

TIME	35.763
SIM_END		day2_scenario4	35.763s	495.437m
APPLICATION	CarMaker 14.0.1 - Car_Generic #5 (win64-14.0.1)
COMPILED	jetbrains@05dcd26e64f8 2025-01-28 11:06:46
 
		I/O Configuration: default
SIM_START	day2_scenario4	2025-05-12 19:45:14
TIME	0.000
SIMULATE	day2_scenario4

TIME	35.763
SIM_END		day2_scenario4	35.763s	495.437m
APPLICATION	CarMaker 14.0.1 - Car_Generic #5 (win64-14.0.1)
COMPILED	jetbrains@05dcd26e64f8 2025-01-28 11:06:46
 
		I/O Configuration: default
SIM_START	day2_scenario5	2025-05-12 19:46:27
TIME	0.000
SIMULATE	day2_scenario5

TIME	4.082
ERROR		Vehicle leaves road at about x=6.79028, y=44.9954 TireNo=0
SIM_ABORT	day2_scenario5	4.085s	41.1535m
APPLICATION	CarMaker 14.0.1 - Car_Generic #5 (win64-14.0.1)
COMPILED	jetbrains@05dcd26e64f8 2025-01-28 11:06:46
 
		I/O Configuration: default
SIM_START	day2_scenario5	2025-05-12 19:46:43
TIME	0.000
SIMULATE	day2_scenario5

TIME	4.082
ERROR		Vehicle leaves road at about x=6.79028, y=44.9954 TireNo=0
SIM_ABORT	day2_scenario5	4.085s	41.1535m
APPLICATION	CarMaker 14.0.1 - Car_Generic #5 (win64-14.0.1)
COMPILED	jetbrains@05dcd26e64f8 2025-01-28 11:06:46
 
		I/O Configuration: default
SIM_START	day2_scenario4	2025-05-12 19:51:15
TIME	0.000
SIMULATE	day2_scenario4

TIME	35.763
SIM_END		day2_scenario4	35.763s	495.437m
APPLICATION	CarMaker 14.0.1 - Car_Generic #5 (win64-14.0.1)
COMPILED	jetbrains@05dcd26e64f8 2025-01-28 11:06:46
 
		I/O Configuration: default
SIM_START	day2_scenario4	2025-05-12 19:51:33
TIME	0.000
SIMULATE	day2_scenario4

TIME	35.763
SIM_END		day2_scenario4	35.763s	495.437m
APPLICATION	CarMaker 14.0.1 - Car_Generic #5 (win64-14.0.1)
COMPILED	jetbrains@05dcd26e64f8 2025-01-28 11:06:46
 
		I/O Configuration: default
SIM_START	day2_scenario5	2025-05-12 19:52:38
TIME	0.000
SIMULATE	day2_scenario5

TIME	4.082
ERROR		Vehicle leaves road at about x=6.79028, y=44.9954 TireNo=0
SIM_ABORT	day2_scenario5	4.085s	41.1535m
APPLICATION	CarMaker 14.0.1 - Car_Generic #5 (win64-14.0.1)
COMPILED	jetbrains@05dcd26e64f8 2025-01-28 11:06:46
 
		I/O Configuration: default
SIM_START	day2_scenario5	2025-05-12 19:52:57
TIME	0.000
SIMULATE	day2_scenario5

TIME	4.082
ERROR		Vehicle leaves road at about x=6.79028, y=44.9954 TireNo=0
SIM_ABORT	day2_scenario5	4.085s	41.1535m
APPLICATION	CarMaker 14.0.1 - Car_Generic #5 (win64-14.0.1)
COMPILED	jetbrains@05dcd26e64f8 2025-01-28 11:06:46
 
		I/O Configuration: default
SIM_START	day2_scenario5	2025-05-12 19:53:42
TIME	0.000
SIMULATE	day2_scenario5

ERROR		Vehicle leaves road at about x=-1.04658, y=22.427 TireNo=0
SIM_ABORT	day2_scenario5	1.898s	20.2425m
APPLICATION	CarMaker 14.0.1 - Car_Generic #5 (win64-14.0.1)
COMPILED	jetbrains@05dcd26e64f8 2025-01-28 11:06:46
 
		I/O Configuration: default
SIM_START	day2_scenario5	2025-05-12 19:53:54
TIME	0.000
SIMULATE	day2_scenario5

ERROR		Vehicle leaves road at about x=-1.04658, y=22.427 TireNo=0
SIM_ABORT	day2_scenario5	1.898s	20.2425m
APPLICATION	CarMaker 14.0.1 - Car_Generic #5 (win64-14.0.1)
COMPILED	jetbrains@05dcd26e64f8 2025-01-28 11:06:46
 
		I/O Configuration: default
SIM_START	day2_scenario5	2025-05-12 19:54:05
TIME	0.000
SIMULATE	day2_scenario5

ERROR		Vehicle leaves road at about x=-1.04658, y=22.427 TireNo=0
SIM_ABORT	day2_scenario5	1.898s	20.2425m
APPLICATION	CarMaker 14.0.1 - Car_Generic #5 (win64-14.0.1)
COMPILED	jetbrains@05dcd26e64f8 2025-01-28 11:06:46
 
		I/O Configuration: default
SIM_START	day2_scenario5	2025-05-12 19:54:40
TIME	0.000
SIMULATE	day2_scenario5

TIME	74.023
SIM_END		day2_scenario5	74.02s	107.503m
APPLICATION	CarMaker 14.0.1 - Car_Generic #5 (win64-14.0.1)
COMPILED	jetbrains@05dcd26e64f8 2025-01-28 11:06:46
 
		I/O Configuration: default
SIM_START	day2_scenario5	2025-05-12 19:55:33
TIME	0.000
SIMULATE	day2_scenario5

ERROR		Vehicle leaves road at about x=-1.57282, y=19.8893 TireNo=0
SIM_ABORT	day2_scenario5	1.525s	18.0479m
APPLICATION	CarMaker 14.0.1 - Car_Generic #5 (win64-14.0.1)
COMPILED	jetbrains@05dcd26e64f8 2025-01-28 11:06:46
 
		I/O Configuration: default
SIM_START	day2_scenario5	2025-05-12 19:55:51
TIME	0.000
SIMULATE	day2_scenario5

TIME	7.469
ERROR		Vehicle leaves road at about x=27.6142, y=73.979 TireNo=0
SIM_ABORT	day2_scenario5	7.472s	74.1203m
APPLICATION	CarMaker 14.0.1 - Car_Generic #5 (win64-14.0.1)
COMPILED	jetbrains@05dcd26e64f8 2025-01-28 11:06:46
 
		I/O Configuration: default
SIM_START	day2_scenario5	2025-05-12 19:56:11
TIME	0.000
SIMULATE	day2_scenario5

ERROR		Vehicle leaves road at about x=16.8556, y=23.8447 TireNo=1
SIM_ABORT	day2_scenario5	1.822s	23.9931m
APPLICATION	CarMaker 14.0.1 - Car_Generic #5 (win64-14.0.1)
COMPILED	jetbrains@05dcd26e64f8 2025-01-28 11:06:46
 
		I/O Configuration: default
SIM_START	day2_scenario5	2025-05-12 19:56:28
TIME	0.000
SIMULATE	day2_scenario5

ERROR		Vehicle leaves road at about x=16.8425, y=23.7979 TireNo=1
SIM_ABORT	day2_scenario5	1.932s	24.0723m
APPLICATION	CarMaker 14.0.1 - Car_Generic #5 (win64-14.0.1)
COMPILED	jetbrains@05dcd26e64f8 2025-01-28 11:06:46
 
		I/O Configuration: default
SIM_START	day2_scenario5	2025-05-12 19:56:50
TIME	0.000
SIMULATE	day2_scenario5

TIME	8.903
ERROR		Vehicle leaves road at about x=73.1487, y=99.9574 TireNo=0
SIM_ABORT	day2_scenario5	8.906s	122.314m
APPLICATION	CarMaker 14.0.1 - Car_Generic #5 (win64-14.0.1)
COMPILED	jetbrains@05dcd26e64f8 2025-01-28 11:06:46
 
		I/O Configuration: default
SIM_START	day2_scenario5	2025-05-12 19:57:01
TIME	0.000
SIMULATE	day2_scenario5

TIME	8.903
ERROR		Vehicle leaves road at about x=73.1487, y=99.9574 TireNo=0
SIM_ABORT	day2_scenario5	8.906s	122.314m
APPLICATION	CarMaker 14.0.1 - Car_Generic #5 (win64-14.0.1)
COMPILED	jetbrains@05dcd26e64f8 2025-01-28 11:06:46
 
		I/O Configuration: default
SIM_START	day2_scenario5	2025-05-12 19:57:41
TIME	0.000
SIMULATE	day2_scenario5

TIME	3.768
ERROR		Vehicle leaves road at about x=12.2358, y=54.8655 TireNo=0
SIM_ABORT	day2_scenario5	3.771s	51.5769m
APPLICATION	CarMaker 14.0.1 - Car_Generic #5 (win64-14.0.1)
COMPILED	jetbrains@05dcd26e64f8 2025-01-28 11:06:46
 
		I/O Configuration: default
SIM_START	day2_scenario5	2025-05-12 19:58:07
TIME	0.000
SIMULATE	day2_scenario5

TIME	3.134
ERROR		Vehicle leaves road at about x=7.59843, y=46.637 TireNo=0
SIM_ABORT	day2_scenario5	3.137s	42.849m
APPLICATION	CarMaker 14.0.1 - Car_Generic #5 (win64-14.0.1)
COMPILED	jetbrains@05dcd26e64f8 2025-01-28 11:06:46
 
		I/O Configuration: default
SIM_START	day2_scenario5	2025-05-12 20:09:15
TIME	0.000
SIMULATE	day2_scenario5

TIME	3.129
ERROR		Vehicle leaves road at about x=7.56614, y=46.5702 TireNo=0
SIM_ABORT	day2_scenario5	3.132s	42.7804m
APPLICATION	CarMaker 14.0.1 - Car_Generic #5 (win64-14.0.1)
COMPILED	jetbrains@05dcd26e64f8 2025-01-28 11:06:46
 
		I/O Configuration: default
SIM_START	day2_scenario5	2025-05-12 20:09:37
TIME	0.000
SIMULATE	day2_scenario5

TIME	2.343
ERROR		Vehicle leaves road at about x=17.6475, y=26.442 TireNo=1
SIM_ABORT	day2_scenario5	2.346s	27.0065m
