

SYSTEM_START	-	KRNS0039	KRNS0039	2025-05-09 08:48:46


SYSTEM_INFO	CarMaker 14.0.1 - Car_Generic #5	jetbrains@05dcd26e64f8 2025-01-28 11:06:46	(14.0.1 jetbrains@05dcd26e64f8 2025-01-28 10:45:59)
SIM	1746748126	KRNS0039	junhyung.cha	day2_scenario1	0	6.018	5.5883e-06


SYSTEM_START	-	KRNS0039	KRNS0039	2025-05-09 09:01:44


SYSTEM_INFO	CarMaker 14.0.1 - Car_Generic #5	jetbrains@05dcd26e64f8 2025-01-28 11:06:46	(14.0.1 jetbrains@05dcd26e64f8 2025-01-28 10:45:59)
SIM	1746748905	KRNS0039	junhyung.cha	day1_scenario1	0	0.057	0.966074


SYSTEM_START	-	KRNS0039	KRNS0039	2025-05-09 09:06:09


SYSTEM_INFO	CarMaker 14.0.1 - Car_Generic #5	jetbrains@05dcd26e64f8 2025-01-28 11:06:46	(14.0.1 jetbrains@05dcd26e64f8 2025-01-28 10:45:59)
SIM	1746749169	KRNS0039	junhyung.cha	day1_scenario1	0	22.849	379.525


SYSTEM_START	-	KRNS0039	KRNS0039	2025-05-09 09:06:25


SYSTEM_INFO	CarMaker 14.0.1 - Car_Generic #5	jetbrains@05dcd26e64f8 2025-01-28 11:06:46	(14.0.1 jetbrains@05dcd26e64f8 2025-01-28 10:45:59)
SIM	1746749185	KRNS0039	junhyung.cha	day1_scenario1	0	0.099	1.66486


SYSTEM_START	-	KRNS0039	KRNS0039	2025-05-09 09:08:37


SYSTEM_INFO	CarMaker 14.0.1 - Car_Generic #5	jetbrains@05dcd26e64f8 2025-01-28 11:06:46	(14.0.1 jetbrains@05dcd26e64f8 2025-01-28 10:45:59)
SIM	1746749317	KRNS0039	junhyung.cha	day1_scenario1	0	34.499	19.756


SYSTEM_START	-	KRNS0039	KRNS0039	2025-05-09 09:12:05


SYSTEM_INFO	CarMaker 14.0.1 - Car_Generic #5	jetbrains@05dcd26e64f8 2025-01-28 11:06:46	(14.0.1 jetbrains@05dcd26e64f8 2025-01-28 10:45:59)
SIM	1746749526	KRNS0039	junhyung.cha	day1_scenario1	0	49.866	19.7569


SYSTEM_START	-	KRNS0039	KRNS0039	2025-05-09 09:14:01


SYSTEM_INFO	CarMaker 14.0.1 - Car_Generic #5	jetbrains@05dcd26e64f8 2025-01-28 11:06:46	(14.0.1 jetbrains@05dcd26e64f8 2025-01-28 10:45:59)
SIM	1746749641	KRNS0039	junhyung.cha	day4_5_scenario1	0	8.462	6.28595e-06


SYSTEM_START	-	KRNS0039	KRNS0039	2025-05-09 09:14:12


SYSTEM_INFO	CarMaker 14.0.1 - Car_Generic #5	jetbrains@05dcd26e64f8 2025-01-28 11:06:46	(14.0.1 jetbrains@05dcd26e64f8 2025-01-28 10:45:59)
SIM	1746749652	KRNS0039	junhyung.cha	day4_5_scenario1	0	0.021	8.47677e-08
