APPLICATION	CarMaker 14.0.1 - Car_Generic #5 (win64-14.0.1)
COMPILED	jetbrains@05dcd26e64f8 2025-01-28 11:06:46
 
		I/O Configuration: default
SIM_START	day6_scenario1	2025-05-19 17:12:13
TIME	0.001
		Current random seed value = 1747642333
TIME	0.000
SIMULATE	day6_scenario1

TIME	13.570
ERROR		Vehicle leaves road at about x=204.861, y=-70.3605 TireNo=1
SIM_ABORT	day6_scenario1	13.573s	250.653m
APPLICATION	CarMaker 14.0.1 - Car_Generic #5 (win64-14.0.1)
COMPILED	jetbrains@05dcd26e64f8 2025-01-28 11:06:46
 
		I/O Configuration: default
SIM_START	day6_scenario1	2025-05-19 17:17:59
TIME	0.001
		Current random seed value = 1747642679
TIME	0.000
SIMULATE	day6_scenario1

TIME	64.382
ERROR		Vehicle leaves road at about x=-67.5699, y=-13.903 TireNo=0
SIM_ABORT	day6_scenario1	64.385s	678.17m
APPLICATION	CarMaker 14.0.1 - Car_Generic #5 (win64-14.0.1)
COMPILED	jetbrains@05dcd26e64f8 2025-01-28 11:06:46
 
		I/O Configuration: default
SIM_START	day6_scenario1	2025-05-19 17:18:31
TIME	0.001
		Current random seed value = 1747642711
TIME	0.000
SIMULATE	day6_scenario1

TIME	115.748
ERROR		Vehicle leaves road at about x=113.504, y=47.998 TireNo=0
SIM_ABORT	day6_scenario1	115.751s	1185.94m
APPLICATION	CarMaker 14.0.1 - Car_Generic #5 (win64-14.0.1)
COMPILED	jetbrains@05dcd26e64f8 2025-01-28 11:06:46
 
		I/O Configuration: default
SIM_START	day6_scenario1	2025-05-19 17:19:31
TIME	0.001
		Current random seed value = 1747642771
TIME	0.000
SIMULATE	day6_scenario1

TIME	15.111
ERROR		Vehicle leaves road at about x=206.474, y=-67.3772 TireNo=1
SIM_ABORT	day6_scenario1	15.114s	252.729m
APPLICATION	CarMaker 14.0.1 - Car_Generic #5 (win64-14.0.1)
COMPILED	jetbrains@05dcd26e64f8 2025-01-28 11:06:46
 
		I/O Configuration: default
SIM_START	day6_scenario1	2025-05-19 17:19:45
TIME	0.001
		Current random seed value = 1747642785
TIME	0.000
SIMULATE	day6_scenario1

TIME	62.295
ERROR		Vehicle leaves road at about x=-67.5663, y=-14.6072 TireNo=0
SIM_ABORT	day6_scenario1	62.298s	689.058m
APPLICATION	CarMaker 14.0.1 - Car_Generic #5 (win64-14.0.1)
COMPILED	jetbrains@05dcd26e64f8 2025-01-28 11:06:46
 
		I/O Configuration: default
SIM_START	day6_scenario1	2025-05-19 17:21:20
TIME	0.001
		Current random seed value = 1747642880
TIME	0.000
SIMULATE	day6_scenario1

TIME	59.559
SIM_END		day6_scenario1	59.556s	573.551m
APPLICATION	CarMaker 14.0.1 - Car_Generic #5 (win64-14.0.1)
COMPILED	jetbrains@05dcd26e64f8 2025-01-28 11:06:46
 
		I/O Configuration: default
SIM_START	day6_scenario1	2025-05-19 17:21:39
TIME	0.001
		Current random seed value = 1747642899
TIME	0.000
SIMULATE	day6_scenario1

TIME	106.702
ERROR		Vehicle leaves road at about x=169.422, y=47.9958 TireNo=0
SIM_ABORT	day6_scenario1	106.705s	1137.69m
APPLICATION	CarMaker 14.0.1 - Car_Generic #5 (win64-14.0.1)
COMPILED	jetbrains@05dcd26e64f8 2025-01-28 11:06:46
 
		I/O Configuration: default
SIM_START	day6_scenario1	2025-05-19 17:22:18
TIME	0.001
		Current random seed value = 1747642938
TIME	0.000
SIMULATE	day6_scenario1

TIME	136.087
ERROR		Vehicle leaves road at about x=-67.5644, y=6.20077 TireNo=1
SIM_ABORT	day6_scenario1	136.09s	1425.06m
APPLICATION	CarMaker 14.0.1 - Car_Generic #5 (win64-14.0.1)
COMPILED	jetbrains@05dcd26e64f8 2025-01-28 11:06:46
 
		I/O Configuration: default
SIM_START	day6_scenario1	2025-05-19 17:22:57
TIME	0.001
		Current random seed value = 1747642977
TIME	0.000
SIMULATE	day6_scenario1

TIME	69.657
SIM_END		day6_scenario1	69.654s	731.12m
APPLICATION	CarMaker 14.0.1 - Car_Generic #5 (win64-14.0.1)
COMPILED	jetbrains@05dcd26e64f8 2025-01-28 11:06:46
 
		I/O Configuration: default
SIM_START	day6_scenario1	2025-05-19 17:23:19
TIME	0.001
		Current random seed value = 1747642999
TIME	0.000
SIMULATE	day6_scenario1

TIME	36.846
ERROR		Vehicle leaves road at about x=151.669, y=47.9903 TireNo=0
SIM_ABORT	day6_scenario1	36.849s	415.031m
APPLICATION	CarMaker 14.0.1 - Car_Generic #5 (win64-14.0.1)
COMPILED	jetbrains@05dcd26e64f8 2025-01-28 11:06:46
 
		I/O Configuration: default
SIM_START	day6_scenario1	2025-05-19 17:23:35
TIME	0.001
		Current random seed value = 1747643015
TIME	0.000
SIMULATE	day6_scenario1

TIME	129.530
ERROR		Vehicle leaves road at about x=-89.0832, y=36.2591 TireNo=1
SIM_ABORT	day6_scenario1	129.533s	1388.87m
APPLICATION	CarMaker 14.0.1 - Car_Generic #5 (win64-14.0.1)
COMPILED	jetbrains@05dcd26e64f8 2025-01-28 11:06:46
 
		I/O Configuration: default
SIM_START	day6_scenario1	2025-05-19 17:36:23
TIME	0.001
		Current random seed value = 1747643783
TIME	0.000
SIMULATE	day6_scenario1

TIME	28.388
SIM_END		day6_scenario1	28.385s	1.55278e-05m
APPLICATION	CarMaker 14.0.1 - Car_Generic #5 (win64-14.0.1)
COMPILED	jetbrains@05dcd26e64f8 2025-01-28 11:06:46
 
		I/O Configuration: default
SIM_START	day6_scenario1	2025-05-19 17:39:16
TIME	0.001
		Current random seed value = 1747643956
TIME	0.000
SIMULATE	day6_scenario1

TIME	6.585
ERROR		Vehicle leaves road at about x=44.9221, y=-67.9993 TireNo=0
SIM_ABORT	day6_scenario1	6.588s	91.1964m
APPLICATION	CarMaker 14.0.1 - Car_Generic #5 (win64-14.0.1)
COMPILED	jetbrains@05dcd26e64f8 2025-01-28 11:06:46
 
		I/O Configuration: default
SIM_START	day6_scenario1	2025-05-19 17:39:44
TIME	0.001
		Current random seed value = 1747643984
TIME	0.000
SIMULATE	day6_scenario1

TIME	6.299
ERROR		Vehicle leaves road at about x=36.8935, y=-67.9989 TireNo=0
SIM_ABORT	day6_scenario1	6.302s	83.1892m
APPLICATION	CarMaker 14.0.1 - Car_Generic #5 (win64-14.0.1)
COMPILED	jetbrains@05dcd26e64f8 2025-01-28 11:06:46
 
		I/O Configuration: default
SIM_START	day6_scenario1	2025-05-19 17:42:07
TIME	0.001
		Current random seed value = 1747644127
TIME	0.000
SIMULATE	day6_scenario1

TIME	6.048
ERROR		Vehicle leaves road at about x=32.7994, y=-67.9988 TireNo=0
SIM_ABORT	day6_scenario1	6.051s	79.0666m
APPLICATION	CarMaker 14.0.1 - Car_Generic #5 (win64-14.0.1)
COMPILED	jetbrains@05dcd26e64f8 2025-01-28 11:06:46
 
		I/O Configuration: default
SIM_START	day6_scenario1	2025-05-19 17:43:37
TIME	0.001
		Current random seed value = 1747644217
TIME	0.000
SIMULATE	day6_scenario1

TIME	3.564
ERROR		Vehicle leaves road at about x=-43.7724, y=-67.9985 TireNo=0
SIM_ABORT	day6_scenario1	3.567s	5.06036m
APPLICATION	CarMaker 14.0.1 - Car_Generic #5 (win64-14.0.1)
COMPILED	jetbrains@05dcd26e64f8 2025-01-28 11:06:46
 
		I/O Configuration: default
SIM_START	day6_scenario1	2025-05-19 17:46:23
TIME	0.001
		Current random seed value = 1747644383
TIME	0.000
SIMULATE	day6_scenario1

TIME	6.048
ERROR		Vehicle leaves road at about x=32.7994, y=-67.9988 TireNo=0
SIM_ABORT	day6_scenario1	6.051s	79.0666m
APPLICATION	CarMaker 14.0.1 - Car_Generic #5 (win64-14.0.1)
COMPILED	jetbrains@05dcd26e64f8 2025-01-28 11:06:46
 
		I/O Configuration: default
SIM_START	day6_scenario1	2025-05-19 17:48:22
TIME	0.001
		Current random seed value = 1747644502
TIME	0.000
SIMULATE	day6_scenario1

TIME	6.048
ERROR		Vehicle leaves road at about x=32.7994, y=-67.9988 TireNo=0
SIM_ABORT	day6_scenario1	6.051s	79.0666m
APPLICATION	CarMaker 14.0.1 - Car_Generic #5 (win64-14.0.1)
COMPILED	jetbrains@05dcd26e64f8 2025-01-28 11:06:46
 
		I/O Configuration: default
SIM_START	day6_scenario1	2025-05-19 18:14:53
TIME	0.001
		Current random seed value = 1747646093
TIME	0.000
SIMULATE	day6_scenario1

TIME	6.742
ERROR		Vehicle leaves road at about x=45.6729, y=-67.9953 TireNo=0
SIM_ABORT	day6_scenario1	6.745s	91.9581m
APPLICATION	CarMaker 14.0.1 - Car_Generic #5 (win64-14.0.1)
COMPILED	jetbrains@05dcd26e64f8 2025-01-28 11:06:46
 
		I/O Configuration: default
SIM_START	day6_scenario1	2025-05-19 18:17:42
TIME	0.001
		Current random seed value = 1747646262
TIME	0.000
SIMULATE	day6_scenario1

TIME	6.551
ERROR		Vehicle leaves road at about x=47.1979, y=-67.9981 TireNo=0
SIM_ABORT	day6_scenario1	6.554s	93.4302m
APPLICATION	CarMaker 14.0.1 - Car_Generic #5 (win64-14.0.1)
COMPILED	jetbrains@05dcd26e64f8 2025-01-28 11:06:46
 
		I/O Configuration: default
SIM_START	day6_scenario1	2025-05-19 18:18:27
TIME	0.001
		Current random seed value = 1747646307
TIME	0.000
SIMULATE	day6_scenario1

TIME	6.914
ERROR		Vehicle leaves road at about x=36.6705, y=-90.0059 TireNo=1
SIM_ABORT	day6_scenario1	6.917s	86.8078m
APPLICATION	CarMaker 14.0.1 - Car_Generic #5 (win64-14.0.1)
COMPILED	jetbrains@05dcd26e64f8 2025-01-28 11:06:46
 
		I/O Configuration: default
SIM_START	day6_scenario1	2025-05-19 18:19:00
TIME	0.001
		Current random seed value = 1747646340
TIME	0.000
SIMULATE	day6_scenario1

TIME	6.551
ERROR		Vehicle leaves road at about x=47.1979, y=-67.9981 TireNo=0
SIM_ABORT	day6_scenario1	6.554s	93.4302m
APPLICATION	CarMaker 14.0.1 - Car_Generic #5 (win64-14.0.1)
COMPILED	jetbrains@05dcd26e64f8 2025-01-28 11:06:46
 
		I/O Configuration: default
SIM_START	day6_scenario1	2025-05-19 18:21:40
TIME	0.001
		Current random seed value = 1747646500
TIME	0.000
SIMULATE	day6_scenario1

TIME	6.551
ERROR		Vehicle leaves road at about x=47.1979, y=-67.9981 TireNo=0
SIM_ABORT	day6_scenario1	6.554s	93.4302m
APPLICATION	CarMaker 14.0.1 - Car_Generic #5 (win64-14.0.1)
COMPILED	jetbrains@05dcd26e64f8 2025-01-28 11:06:46
 
		I/O Configuration: default
SIM_START	day6_scenario1	2025-05-19 18:22:32
TIME	0.001
		Current random seed value = 1747646552
TIME	0.000
SIMULATE	day6_scenario1

TIME	6.551
ERROR		Vehicle leaves road at about x=47.1979, y=-67.9981 TireNo=0
SIM_ABORT	day6_scenario1	6.554s	93.4302m
APPLICATION	CarMaker 14.0.1 - Car_Generic #5 (win64-14.0.1)
COMPILED	jetbrains@05dcd26e64f8 2025-01-28 11:06:46
 
		I/O Configuration: default
SIM_START	day6_scenario1	2025-05-19 18:23:54
TIME	0.001
		Current random seed value = 1747646634
TIME	0.000
SIMULATE	day6_scenario1

TIME	6.551
ERROR		Vehicle leaves road at about x=47.1979, y=-67.9981 TireNo=0
SIM_ABORT	day6_scenario1	6.554s	93.4302m
APPLICATION	CarMaker 14.0.1 - Car_Generic #5 (win64-14.0.1)
COMPILED	jetbrains@05dcd26e64f8 2025-01-28 11:06:46
 
		I/O Configuration: default
SIM_START	day6_scenario1	2025-05-19 18:24:38
TIME	0.001
		Current random seed value = 1747646678
TIME	0.000
SIMULATE	day6_scenario1

TIME	6.551
ERROR		Vehicle leaves road at about x=47.1979, y=-67.9981 TireNo=0
SIM_ABORT	day6_scenario1	6.554s	93.4302m
APPLICATION	CarMaker 14.0.1 - Car_Generic #5 (win64-14.0.1)
COMPILED	jetbrains@05dcd26e64f8 2025-01-28 11:06:46
 
		I/O Configuration: default
SIM_START	day6_scenario1	2025-05-19 18:24:57
TIME	0.001
		Current random seed value = 1747646697
TIME	0.000
SIMULATE	day6_scenario1

TIME	6.551
ERROR		Vehicle leaves road at about x=47.1979, y=-67.9981 TireNo=0
SIM_ABORT	day6_scenario1	6.554s	93.4302m
APPLICATION	CarMaker 14.0.1 - Car_Generic #5 (win64-14.0.1)
COMPILED	jetbrains@05dcd26e64f8 2025-01-28 11:06:46
 
		I/O Configuration: default
SIM_START	day6_scenario1	2025-05-19 18:28:22
TIME	0.001
		Current random seed value = 1747646902
TIME	0.000
SIMULATE	day6_scenario1

TIME	6.551
ERROR		Vehicle leaves road at about x=47.1979, y=-67.9981 TireNo=0
SIM_ABORT	day6_scenario1	6.554s	93.4302m
APPLICATION	CarMaker 14.0.1 - Car_Generic #5 (win64-14.0.1)
COMPILED	jetbrains@05dcd26e64f8 2025-01-28 11:06:46
 
		I/O Configuration: default
SIM_START	day6_scenario1	2025-05-19 18:38:12
TIME	0.001
		Current random seed value = 1747647492
TIME	0.000
SIMULATE	day6_scenario1

TIME	6.551
ERROR		Vehicle leaves road at about x=47.1979, y=-67.9981 TireNo=0
SIM_ABORT	day6_scenario1	6.554s	93.4302m
APPLICATION	CarMaker 14.0.1 - Car_Generic #5 (win64-14.0.1)
COMPILED	jetbrains@05dcd26e64f8 2025-01-28 11:06:46
 
		I/O Configuration: default
SIM_START	day6_scenario1	2025-05-19 19:23:25
TIME	0.001
		Current random seed value = 1747650205
TIME	0.000
SIMULATE	day6_scenario1

TIME	6.551
ERROR		Vehicle leaves road at about x=47.1979, y=-67.9981 TireNo=0
SIM_ABORT	day6_scenario1	6.554s	93.4302m
APPLICATION	CarMaker 14.0.1 - Car_Generic #5 (win64-14.0.1)
COMPILED	jetbrains@05dcd26e64f8 2025-01-28 11:06:46
 
		I/O Configuration: default
SIM_START	day6_scenario1	2025-05-19 19:29:50
TIME	0.001
		Current random seed value = 1747650590
TIME	0.000
SIMULATE	day6_scenario1

TIME	6.551
ERROR		Vehicle leaves road at about x=47.1979, y=-67.9981 TireNo=0
SIM_ABORT	day6_scenario1	6.554s	93.4302m
APPLICATION	CarMaker 14.0.1 - Car_Generic #5 (win64-14.0.1)
COMPILED	jetbrains@05dcd26e64f8 2025-01-28 11:06:46
 
		I/O Configuration: default
SIM_START	day6_scenario1	2025-05-19 19:44:17
TIME	0.001
		Current random seed value = 1747651457
TIME	0.000
SIMULATE	day6_scenario1

TIME	6.551
ERROR		Vehicle leaves road at about x=47.1979, y=-67.9981 TireNo=0
SIM_ABORT	day6_scenario1	6.554s	93.4302m
APPLICATION	CarMaker 14.0.1 - Car_Generic #5 (win64-14.0.1)
COMPILED	jetbrains@05dcd26e64f8 2025-01-28 11:06:46
 
		I/O Configuration: default
SIM_START	day6_scenario1	2025-05-19 19:45:45
TIME	0.001
		Current random seed value = 1747651545
TIME	0.000
SIMULATE	day6_scenario1

TIME	12.375
ERROR		Vehicle leaves road at about x=182.778, y=-88.0505 TireNo=1
SIM_ABORT	day6_scenario1	12.378s	231.328m
APPLICATION	CarMaker 14.0.1 - Car_Generic #5 (win64-14.0.1)
COMPILED	jetbrains@05dcd26e64f8 2025-01-28 11:06:46
 
		I/O Configuration: default
SIM_START	day6_scenario1	2025-05-19 19:46:46
TIME	0.001
		Current random seed value = 1747651606
TIME	0.000
SIMULATE	day6_scenario1

TIME	12.375
ERROR		Vehicle leaves road at about x=182.778, y=-88.0505 TireNo=1
SIM_ABORT	day6_scenario1	12.378s	231.328m
APPLICATION	CarMaker 14.0.1 - Car_Generic #5 (win64-14.0.1)
COMPILED	jetbrains@05dcd26e64f8 2025-01-28 11:06:46
 
		I/O Configuration: default
SIM_START	day6_scenario1	2025-05-19 19:48:50
TIME	0.001
		Current random seed value = 1747651730
TIME	0.000
SIMULATE	day6_scenario1

TIME	19.900
ERROR		Vehicle leaves road at about x=176.901, y=-89.475 TireNo=1
SIM_ABORT	day6_scenario1	19.903s	229.325m
APPLICATION	CarMaker 14.0.1 - Car_Generic #5 (win64-14.0.1)
COMPILED	jetbrains@05dcd26e64f8 2025-01-28 11:06:46
 
		I/O Configuration: default
SIM_START	day6_scenario1	2025-05-19 19:51:00
TIME	0.001
		Current random seed value = 1747651860
TIME	0.000
SIMULATE	day6_scenario1

TIME	19.900
ERROR		Vehicle leaves road at about x=176.901, y=-89.475 TireNo=1
SIM_ABORT	day6_scenario1	19.903s	229.325m
APPLICATION	CarMaker 14.0.1 - Car_Generic #5 (win64-14.0.1)
COMPILED	jetbrains@05dcd26e64f8 2025-01-28 11:06:46
 
		I/O Configuration: default
SIM_START	day6_scenario1	2025-05-19 19:51:17
TIME	0.001
		Current random seed value = 1747651877
TIME	0.000
SIMULATE	day6_scenario1

TIME	43.616
ERROR		Vehicle leaves road at about x=153.605, y=-90.0009 TireNo=0
SIM_ABORT	day6_scenario1	43.619s	213.846m
APPLICATION	CarMaker 14.0.1 - Car_Generic #5 (win64-14.0.1)
COMPILED	jetbrains@05dcd26e64f8 2025-01-28 11:06:46
 
		I/O Configuration: default
SIM_START	day6_scenario1	2025-05-19 19:52:27
TIME	0.001
		Current random seed value = 1747651947
TIME	0.000
SIMULATE	day6_scenario1

TIME	57.374
SIM_END		day6_scenario1	57.371s	6.34173m
APPLICATION	CarMaker 14.0.1 - Car_Generic #5 (win64-14.0.1)
COMPILED	jetbrains@05dcd26e64f8 2025-01-28 11:06:46
 
		I/O Configuration: default
SIM_START	day6_scenario1	2025-05-19 19:53:06
TIME	0.001
		Current random seed value = 1747651986
TIME	0.000
SIMULATE	day6_scenario1

TIME	25.419
SIM_END		day6_scenario1	25.416s	6.26651m
APPLICATION	CarMaker 14.0.1 - Car_Generic #5 (win64-14.0.1)
COMPILED	jetbrains@05dcd26e64f8 2025-01-28 11:06:46
 
		I/O Configuration: default
SIM_START	day6_scenario1	2025-05-19 19:53:32
TIME	0.001
		Current random seed value = 1747652012
TIME	0.000
SIMULATE	day6_scenario1

TIME	36.537
SIM_END		day6_scenario1	36.534s	28.6178m
APPLICATION	CarMaker 14.0.1 - Car_Generic #5 (win64-14.0.1)
COMPILED	jetbrains@05dcd26e64f8 2025-01-28 11:06:46
 
		I/O Configuration: default
SIM_START	day6_scenario1	2025-05-19 19:53:57
TIME	0.001
		Current random seed value = 1747652037
TIME	0.000
SIMULATE	day6_scenario1

TIME	17.827
SIM_END		day6_scenario1	17.824s	50.8541m
APPLICATION	CarMaker 14.0.1 - Car_Generic #5 (win64-14.0.1)
COMPILED	jetbrains@05dcd26e64f8 2025-01-28 11:06:46
 
		I/O Configuration: default
SIM_START	day6_scenario1	2025-05-19 19:54:15
TIME	0.001
		Current random seed value = 1747652055
TIME	0.000
SIMULATE	day6_scenario1

TIME	147.518
ERROR		Vehicle leaves road at about x=-83.9369, y=-70.4762 TireNo=0
SIM_ABORT	day6_scenario1	147.521s	737.383m
APPLICATION	CarMaker 14.0.1 - Car_Generic #5 (win64-14.0.1)
COMPILED	jetbrains@05dcd26e64f8 2025-01-28 11:06:46
 
		I/O Configuration: default
SIM_START	day6_scenario1	2025-05-19 19:55:05
TIME	0.001
		Current random seed value = 1747652105
TIME	0.000
SIMULATE	day6_scenario1

TIME	147.577
ERROR		Vehicle leaves road at about x=-84.1145, y=-70.1759 TireNo=0
SIM_ABORT	day6_scenario1	147.58s	737.748m
APPLICATION	CarMaker 14.0.1 - Car_Generic #5 (win64-14.0.1)
COMPILED	jetbrains@05dcd26e64f8 2025-01-28 11:06:46
 
		I/O Configuration: default
SIM_START	day6_scenario1	2025-05-19 19:56:31
TIME	0.001
		Current random seed value = 1747652191
TIME	0.000
SIMULATE	day6_scenario1

TIME	74.117
ERROR		Vehicle leaves road at about x=-74.4342, y=-81.3407 TireNo=0
SIM_ABORT	day6_scenario1	74.12s	739.592m
APPLICATION	CarMaker 14.0.1 - Car_Generic #5 (win64-14.0.1)
COMPILED	jetbrains@05dcd26e64f8 2025-01-28 11:06:46
 
		I/O Configuration: default
SIM_START	day6_scenario1	2025-05-19 20:27:38
TIME	0.001
		Current random seed value = 1747654058
TIME	0.000
SIMULATE	day6_scenario1

TIME	74.117
ERROR		Vehicle leaves road at about x=-74.4342, y=-81.3407 TireNo=0
SIM_ABORT	day6_scenario1	74.12s	739.592m
APPLICATION	CarMaker 14.0.1 - Car_Generic #5 (win64-14.0.1)
COMPILED	jetbrains@05dcd26e64f8 2025-01-28 11:06:46
 
		I/O Configuration: default
SIM_START	day6_scenario1	2025-05-19 20:30:27
TIME	0.001
		Current random seed value = 1747654227
TIME	0.000
SIMULATE	day6_scenario1

TIME	74.031
ERROR		Vehicle leaves road at about x=-74.5782, y=-81.2292 TireNo=0
SIM_ABORT	day6_scenario1	74.034s	739.57m
APPLICATION	CarMaker 14.0.1 - Car_Generic #5 (win64-14.0.1)
COMPILED	jetbrains@05dcd26e64f8 2025-01-28 11:06:46
 
		I/O Configuration: default
SIM_START	day6_scenario1	2025-05-19 20:41:42
TIME	0.001
		Current random seed value = 1747654902
TIME	0.000
SIMULATE	day6_scenario1

TIME	76.303
ERROR		Vehicle leaves road at about x=-35.7496, y=-67.9992 TireNo=0
SIM_ABORT	day6_scenario1	76.306s	763.9m
APPLICATION	CarMaker 14.0.1 - Car_Generic #5 (win64-14.0.1)
COMPILED	jetbrains@05dcd26e64f8 2025-01-28 11:06:46
 
		I/O Configuration: default
SIM_START	day6_scenario1	2025-05-19 20:44:16
TIME	0.001
		Current random seed value = 1747655056
TIME	0.000
SIMULATE	day6_scenario1

TIME	76.303
ERROR		Vehicle leaves road at about x=-35.7496, y=-67.9992 TireNo=0
SIM_ABORT	day6_scenario1	76.306s	763.9m
APPLICATION	CarMaker 14.0.1 - Car_Generic #5 (win64-14.0.1)
COMPILED	jetbrains@05dcd26e64f8 2025-01-28 11:06:46
 
		I/O Configuration: default
SIM_START	day6_scenario1	2025-05-19 20:45:38
TIME	0.001
		Current random seed value = 1747655138
TIME	0.000
SIMULATE	day6_scenario1

TIME	79.431
ERROR		Vehicle leaves road at about x=-11.4724, y=-90.0007 TireNo=1
SIM_ABORT	day6_scenario1	79.434s	794.133m
APPLICATION	CarMaker 14.0.1 - Car_Generic #5 (win64-14.0.1)
COMPILED	jetbrains@05dcd26e64f8 2025-01-28 11:06:46
 
		I/O Configuration: default
SIM_START	day6_scenario1	2025-05-19 20:46:20
TIME	0.001
		Current random seed value = 1747655180
TIME	0.000
SIMULATE	day6_scenario1

TIME	75.747
ERROR		Vehicle leaves road at about x=-40.099, y=-67.998 TireNo=0
SIM_ABORT	day6_scenario1	75.75s	758.065m
APPLICATION	CarMaker 14.0.1 - Car_Generic #5 (win64-14.0.1)
COMPILED	jetbrains@05dcd26e64f8 2025-01-28 11:06:46
 
		I/O Configuration: default
SIM_START	day6_scenario1	2025-05-19 20:47:30
TIME	0.001
		Current random seed value = 1747655250
TIME	0.000
SIMULATE	day6_scenario1

TIME	75.786
ERROR		Vehicle leaves road at about x=-39.5765, y=-67.9962 TireNo=0
SIM_ABORT	day6_scenario1	75.789s	758.475m
APPLICATION	CarMaker 14.0.1 - Car_Generic #5 (win64-14.0.1)
COMPILED	jetbrains@05dcd26e64f8 2025-01-28 11:06:46
 
		I/O Configuration: default
SIM_START	day6_scenario1	2025-05-19 20:48:11
TIME	0.001
		Current random seed value = 1747655291
TIME	0.000
SIMULATE	day6_scenario1

TIME	75.561
ERROR		Vehicle leaves road at about x=-41.0733, y=-67.998 TireNo=0
SIM_ABORT	day6_scenario1	75.564s	756.237m
APPLICATION	CarMaker 14.0.1 - Car_Generic #5 (win64-14.0.1)
COMPILED	jetbrains@05dcd26e64f8 2025-01-28 11:06:46
 
		I/O Configuration: default
SIM_START	day6_scenario1	2025-05-19 20:48:49
TIME	0.001
		Current random seed value = 1747655329
TIME	0.000
SIMULATE	day6_scenario1

TIME	179.857
SIM_END		day6_scenario1	179.854s	1799m
APPLICATION	CarMaker 14.0.1 - Car_Generic #5 (win64-14.0.1)
COMPILED	jetbrains@05dcd26e64f8 2025-01-28 11:06:46
 
		I/O Configuration: default
SIM_START	day6_scenario1	2025-05-19 20:49:47
TIME	0.001
		Current random seed value = 1747655387
TIME	0.000
SIMULATE	day6_scenario1

TIME	128.447
SIM_END		day6_scenario1	128.444s	1284.53m
APPLICATION	CarMaker 14.0.1 - Car_Generic #5 (win64-14.0.1)
COMPILED	jetbrains@05dcd26e64f8 2025-01-28 11:06:46
 
		I/O Configuration: default
SIM_START	day6_scenario1	2025-05-19 20:50:22
TIME	0.001
		Current random seed value = 1747655422
TIME	0.000
SIMULATE	day6_scenario1

TIME	75.786
ERROR		Vehicle leaves road at about x=-39.5765, y=-67.9962 TireNo=0
SIM_ABORT	day6_scenario1	75.789s	758.475m
APPLICATION	CarMaker 14.0.1 - Car_Generic #5 (win64-14.0.1)
COMPILED	jetbrains@05dcd26e64f8 2025-01-28 11:06:46
 
		I/O Configuration: default
SIM_START	day6_scenario1	2025-05-19 20:51:02
TIME	0.001
		Current random seed value = 1747655462
TIME	0.000
SIMULATE	day6_scenario1

TIME	29.807
ERROR		Vehicle leaves road at about x=188.424, y=-12.58 TireNo=0
SIM_ABORT	day6_scenario1	29.81s	298.552m
APPLICATION	CarMaker 14.0.1 - Car_Generic #5 (win64-14.0.1)
COMPILED	jetbrains@05dcd26e64f8 2025-01-28 11:06:46
 
		I/O Configuration: default
SIM_START	day6_scenario1	2025-05-19 20:51:30
TIME	0.001
		Current random seed value = 1747655490
TIME	0.000
SIMULATE	day6_scenario1

TIME	29.731
ERROR		Vehicle leaves road at about x=188.427, y=-12.3599 TireNo=0
SIM_ABORT	day6_scenario1	29.734s	297.777m
APPLICATION	CarMaker 14.0.1 - Car_Generic #5 (win64-14.0.1)
COMPILED	jetbrains@05dcd26e64f8 2025-01-28 11:06:46
 
		I/O Configuration: default
SIM_START	day6_scenario1	2025-05-19 20:51:58
TIME	0.001
		Current random seed value = 1747655518
TIME	0.000
SIMULATE	day6_scenario1

TIME	29.468
ERROR		Vehicle leaves road at about x=188.427, y=-12.398 TireNo=0
SIM_ABORT	day6_scenario1	29.471s	295.127m
APPLICATION	CarMaker 14.0.1 - Car_Generic #5 (win64-14.0.1)
COMPILED	jetbrains@05dcd26e64f8 2025-01-28 11:06:46
 
		I/O Configuration: default
SIM_START	day6_scenario1	2025-05-19 20:52:24
TIME	0.001
		Current random seed value = 1747655544
TIME	0.000
SIMULATE	day6_scenario1

TIME	75.975
ERROR		Vehicle leaves road at about x=-38.721, y=-67.998 TireNo=0
SIM_ABORT	day6_scenario1	75.978s	760.458m
APPLICATION	CarMaker 14.0.1 - Car_Generic #5 (win64-14.0.1)
COMPILED	jetbrains@05dcd26e64f8 2025-01-28 11:06:46
 
		I/O Configuration: default
SIM_START	day6_scenario1	2025-05-19 20:52:51
TIME	0.001
		Current random seed value = 1747655571
TIME	0.000
SIMULATE	day6_scenario1

TIME	93.036
SIM_END		day6_scenario1	93.033s	930.51m
APPLICATION	CarMaker 14.0.1 - Car_Generic #5 (win64-14.0.1)
COMPILED	jetbrains@05dcd26e64f8 2025-01-28 11:06:46
 
		I/O Configuration: default
SIM_START	day6_scenario1	2025-05-19 20:53:28
TIME	0.001
		Current random seed value = 1747655608
TIME	0.000
SIMULATE	day6_scenario1

TIME	76.145
ERROR		Vehicle leaves road at about x=-37.3572, y=-67.9993 TireNo=0
SIM_ABORT	day6_scenario1	76.148s	762.187m
APPLICATION	CarMaker 14.0.1 - Car_Generic #5 (win64-14.0.1)
COMPILED	jetbrains@05dcd26e64f8 2025-01-28 11:06:46
 
		I/O Configuration: default
SIM_START	day6_scenario1	2025-05-19 20:54:04
TIME	0.001
		Current random seed value = 1747655644
TIME	0.000
SIMULATE	day6_scenario1

TIME	167.592
SIM_END		day6_scenario1	167.589s	1676.15m
APPLICATION	CarMaker 14.0.1 - Car_Generic #5 (win64-14.0.1)
COMPILED	jetbrains@05dcd26e64f8 2025-01-28 11:06:46
 
		I/O Configuration: default
SIM_START	day6_scenario1	2025-05-19 20:54:52
TIME	0.001
		Current random seed value = 1747655692
TIME	0.000
SIMULATE	day6_scenario1

TIME	186.875
SIM_END		day6_scenario1	186.872s	1868.92m
APPLICATION	CarMaker 14.0.1 - Car_Generic #5 (win64-14.0.1)
COMPILED	jetbrains@05dcd26e64f8 2025-01-28 11:06:46
 
		I/O Configuration: default
SIM_START	day6_scenario1	2025-05-19 21:05:52
TIME	0.001
		Current random seed value = 1747656352
TIME	0.000
SIMULATE	day6_scenario1

TIME	25.303
SIM_END		day6_scenario1	25.3s	253.078m
APPLICATION	CarMaker 14.0.1 - Car_Generic #5 (win64-14.0.1)
COMPILED	jetbrains@05dcd26e64f8 2025-01-28 11:06:46
 
		I/O Configuration: default
SIM_START	day6_scenario1	2025-05-19 21:13:36
TIME	0.001
		Current random seed value = 1747656816
TIME	0.000
SIMULATE	day6_scenario1

TIME	24.184
SIM_END		day6_scenario1	24.181s	241.792m
APPLICATION	CarMaker 14.0.1 - Car_Generic #5 (win64-14.0.1)
COMPILED	jetbrains@05dcd26e64f8 2025-01-28 11:06:46
 
		I/O Configuration: default
SIM_START	day6_scenario1	2025-05-19 21:26:31
TIME	0.001
		Current random seed value = 1747657591
TIME	0.000
SIMULATE	day6_scenario1

TIME	21.677
ERROR		Vehicle leaves road at about x=164.35, y=-90.0065 TireNo=1
SIM_ABORT	day6_scenario1	21.68s	216.933m
APPLICATION	CarMaker 14.0.1 - Car_Generic #5 (win64-14.0.1)
COMPILED	jetbrains@05dcd26e64f8 2025-01-28 11:06:46
 
		I/O Configuration: default
SIM_START	day6_scenario1	2025-05-19 21:26:42
TIME	0.001
		Current random seed value = 1747657602
TIME	0.000
SIMULATE	day6_scenario1

TIME	21.677
ERROR		Vehicle leaves road at about x=164.35, y=-90.0065 TireNo=1
SIM_ABORT	day6_scenario1	21.68s	216.933m
APPLICATION	CarMaker 14.0.1 - Car_Generic #5 (win64-14.0.1)
COMPILED	jetbrains@05dcd26e64f8 2025-01-28 11:06:46
 
		I/O Configuration: default
SIM_START	day6_scenario1	2025-05-19 21:27:09
TIME	0.001
		Current random seed value = 1747657629
TIME	0.000
SIMULATE	day6_scenario1

TIME	16.706
ERROR		Vehicle leaves road at about x=111.43, y=-67.9979 TireNo=0
SIM_ABORT	day6_scenario1	16.709s	166.949m
APPLICATION	CarMaker 14.0.1 - Car_Generic #5 (win64-14.0.1)
COMPILED	jetbrains@05dcd26e64f8 2025-01-28 11:06:46
 
		I/O Configuration: default
SIM_START	day6_scenario1	2025-05-19 21:28:12
TIME	0.001
		Current random seed value = 1747657692
TIME	0.000
SIMULATE	day6_scenario1

TIME	65.272
ERROR		Vehicle leaves road at about x=-67.2787, y=65.876 TireNo=1
SIM_ABORT	day6_scenario1	65.275s	653.562m
APPLICATION	CarMaker 14.0.1 - Car_Generic #5 (win64-14.0.1)
COMPILED	jetbrains@05dcd26e64f8 2025-01-28 11:06:46
 
		I/O Configuration: default
SIM_START	day6_scenario1	2025-05-19 21:28:55
TIME	0.001
		Current random seed value = 1747657735
TIME	0.000
SIMULATE	day6_scenario1

TIME	83.128
ERROR		Vehicle leaves road at about x=-23.0626, y=-67.9966 TireNo=0
SIM_ABORT	day6_scenario1	83.131s	831.903m
APPLICATION	CarMaker 14.0.1 - Car_Generic #5 (win64-14.0.1)
COMPILED	jetbrains@05dcd26e64f8 2025-01-28 11:06:46
 
		I/O Configuration: default
SIM_START	day6_scenario1	2025-05-19 21:29:40
TIME	0.001
		Current random seed value = 1747657780
TIME	0.000
SIMULATE	day6_scenario1

TIME	24.409
ERROR		Vehicle leaves road at about x=197.585, y=-79.3736 TireNo=1
SIM_ABORT	day6_scenario1	24.412s	244.054m
APPLICATION	CarMaker 14.0.1 - Car_Generic #5 (win64-14.0.1)
COMPILED	jetbrains@05dcd26e64f8 2025-01-28 11:06:46
 
		I/O Configuration: default
SIM_START	day6_scenario1	2025-05-19 21:30:34
TIME	0.001
		Current random seed value = 1747657834
TIME	0.000
SIMULATE	day6_scenario1

TIME	82.465
ERROR		Vehicle leaves road at about x=-28.818, y=-67.994 TireNo=0
SIM_ABORT	day6_scenario1	82.468s	825.452m
APPLICATION	CarMaker 14.0.1 - Car_Generic #5 (win64-14.0.1)
COMPILED	jetbrains@05dcd26e64f8 2025-01-28 11:06:46
 
		I/O Configuration: default
SIM_START	day6_scenario1	2025-05-19 21:31:08
TIME	0.001
		Current random seed value = 1747657868
TIME	0.000
SIMULATE	day6_scenario1

TIME	41.646
ERROR		Vehicle leaves road at about x=151.457, y=70.0061 TireNo=1
SIM_ABORT	day6_scenario1	41.649s	416.964m
APPLICATION	CarMaker 14.0.1 - Car_Generic #5 (win64-14.0.1)
COMPILED	jetbrains@05dcd26e64f8 2025-01-28 11:06:46
 
		I/O Configuration: default
SIM_START	day6_scenario1	2025-05-19 21:31:41
TIME	0.001
		Current random seed value = 1747657901
TIME	0.000
SIMULATE	day6_scenario1

TIME	33.823
SIM_END		day6_scenario1	33.82s	338.469m
APPLICATION	CarMaker 14.0.1 - Car_Generic #5 (win64-14.0.1)
COMPILED	jetbrains@05dcd26e64f8 2025-01-28 11:06:46
 
		I/O Configuration: default
SIM_START	day6_scenario1	2025-05-19 21:32:11
TIME	0.001
		Current random seed value = 1747657931
TIME	0.000
SIMULATE	day6_scenario1

TIME	82.515
ERROR		Vehicle leaves road at about x=-29.3277, y=-67.995 TireNo=0
SIM_ABORT	day6_scenario1	82.518s	825.966m
APPLICATION	CarMaker 14.0.1 - Car_Generic #5 (win64-14.0.1)
COMPILED	jetbrains@05dcd26e64f8 2025-01-28 11:06:46
 
		I/O Configuration: default
SIM_START	day6_scenario1	2025-05-19 21:33:31
TIME	0.001
		Current random seed value = 1747658011
TIME	0.000
SIMULATE	day6_scenario1

TIME	26.211
SIM_END		day6_scenario1	26.208s	262.656m
APPLICATION	CarMaker 14.0.1 - Car_Generic #5 (win64-14.0.1)
COMPILED	jetbrains@05dcd26e64f8 2025-01-28 11:06:46
 
		I/O Configuration: default
SIM_START	day6_scenario1	2025-05-19 21:34:03
TIME	0.001
		Current random seed value = 1747658043
TIME	0.000
SIMULATE	day6_scenario1

TIME	27.852
SIM_END		day6_scenario1	27.849s	279.17m
APPLICATION	CarMaker 14.0.1 - Car_Generic #5 (win64-14.0.1)
COMPILED	jetbrains@05dcd26e64f8 2025-01-28 11:06:46
 
		I/O Configuration: default
SIM_START	day6_scenario1	2025-05-19 21:34:29
TIME	0.001
		Current random seed value = 1747658069
TIME	0.000
SIMULATE	day6_scenario1

TIME	24.596
SIM_END		day6_scenario1	24.593s	246.387m
APPLICATION	CarMaker 14.0.1 - Car_Generic #5 (win64-14.0.1)
COMPILED	jetbrains@05dcd26e64f8 2025-01-28 11:06:46
 
		I/O Configuration: default
SIM_START	day6_scenario1	2025-05-19 21:36:13
TIME	0.001
		Current random seed value = 1747658173
TIME	0.000
SIMULATE	day6_scenario1

TIME	24.291
SIM_END		day6_scenario1	24.288s	243.316m
APPLICATION	CarMaker 14.0.1 - Car_Generic #5 (win64-14.0.1)
COMPILED	jetbrains@05dcd26e64f8 2025-01-28 11:06:46
 
		I/O Configuration: default
SIM_START	day6_scenario1	2025-05-19 21:36:45
TIME	0.001
		Current random seed value = 1747658205
TIME	0.000
SIMULATE	day6_scenario1

TIME	32.267
ERROR		Vehicle leaves road at about x=210.429, y=1.5356 TireNo=1
SIM_ABORT	day6_scenario1	32.27s	323.187m
APPLICATION	CarMaker 14.0.1 - Car_Generic #5 (win64-14.0.1)
COMPILED	jetbrains@05dcd26e64f8 2025-01-28 11:06:46
 
		I/O Configuration: default
SIM_START	day6_scenario1	2025-05-19 21:37:29
TIME	0.001
		Current random seed value = 1747658249
TIME	0.000
SIMULATE	day6_scenario1

TIME	32.333
ERROR		Vehicle leaves road at about x=210.43, y=1.85779 TireNo=1
SIM_ABORT	day6_scenario1	32.336s	323.837m
APPLICATION	CarMaker 14.0.1 - Car_Generic #5 (win64-14.0.1)
COMPILED	jetbrains@05dcd26e64f8 2025-01-28 11:06:46
 
		I/O Configuration: default
SIM_START	day6_scenario1	2025-05-19 21:38:05
TIME	0.001
		Current random seed value = 1747658285
TIME	0.000
SIMULATE	day6_scenario1

TIME	29.148
SIM_END		day6_scenario1	29.145s	292.089m
APPLICATION	CarMaker 14.0.1 - Car_Generic #5 (win64-14.0.1)
COMPILED	jetbrains@05dcd26e64f8 2025-01-28 11:06:46
 
		I/O Configuration: default
SIM_START	day6_scenario1	2025-05-19 21:38:39
TIME	0.001
		Current random seed value = 1747658319
TIME	0.000
SIMULATE	day6_scenario1

TIME	31.827
ERROR		Vehicle leaves road at about x=210.435, y=-3.21449 TireNo=1
SIM_ABORT	day6_scenario1	31.83s	318.922m
APPLICATION	CarMaker 14.0.1 - Car_Generic #5 (win64-14.0.1)
COMPILED	jetbrains@05dcd26e64f8 2025-01-28 11:06:46
 
		I/O Configuration: default
SIM_START	day6_scenario1	2025-05-19 21:39:49
TIME	0.001
		Current random seed value = 1747658389
TIME	0.000
SIMULATE	day6_scenario1

TIME	27.595
SIM_END		day6_scenario1	27.592s	276.472m
APPLICATION	CarMaker 14.0.1 - Car_Generic #5 (win64-14.0.1)
COMPILED	jetbrains@05dcd26e64f8 2025-01-28 11:06:46
 
		I/O Configuration: default
SIM_START	day6_scenario1	2025-05-19 21:40:34
TIME	0.001
		Current random seed value = 1747658434
TIME	0.000
SIMULATE	day6_scenario1

TIME	31.944
ERROR		Vehicle leaves road at about x=210.431, y=-1.40391 TireNo=1
SIM_ABORT	day6_scenario1	31.947s	319.961m
APPLICATION	CarMaker 14.0.1 - Car_Generic #5 (win64-14.0.1)
COMPILED	jetbrains@05dcd26e64f8 2025-01-28 11:06:46
 
		I/O Configuration: default
SIM_START	day6_scenario1	2025-05-19 21:41:16
TIME	0.001
		Current random seed value = 1747658476
TIME	0.000
SIMULATE	day6_scenario1

TIME	31.969
ERROR		Vehicle leaves road at about x=210.432, y=-1.3667 TireNo=1
SIM_ABORT	day6_scenario1	31.972s	320.174m
APPLICATION	CarMaker 14.0.1 - Car_Generic #5 (win64-14.0.1)
COMPILED	jetbrains@05dcd26e64f8 2025-01-28 11:06:46
 
		I/O Configuration: default
SIM_START	day6_scenario1	2025-05-19 21:41:47
TIME	0.001
		Current random seed value = 1747658507
TIME	0.000
SIMULATE	day6_scenario1

TIME	32.026
ERROR		Vehicle leaves road at about x=210.43, y=-9.08975 TireNo=1
SIM_ABORT	day6_scenario1	32.029s	321.68m
APPLICATION	CarMaker 14.0.1 - Car_Generic #5 (win64-14.0.1)
COMPILED	jetbrains@05dcd26e64f8 2025-01-28 11:06:46
 
		I/O Configuration: default
SIM_START	day6_scenario1	2025-05-19 21:42:21
TIME	0.001
		Current random seed value = 1747658541
TIME	0.000
SIMULATE	day6_scenario1

TIME	32.358
ERROR		Vehicle leaves road at about x=210.432, y=-2.56343 TireNo=1
SIM_ABORT	day6_scenario1	32.361s	324.544m
APPLICATION	CarMaker 14.0.1 - Car_Generic #5 (win64-14.0.1)
COMPILED	jetbrains@05dcd26e64f8 2025-01-28 11:06:46
 
		I/O Configuration: default
SIM_START	day6_scenario1	2025-05-19 21:42:54
TIME	0.001
		Current random seed value = 1747658574
TIME	0.000
SIMULATE	day6_scenario1

TIME	33.212
ERROR		Vehicle leaves road at about x=210.432, y=-1.64391 TireNo=1
SIM_ABORT	day6_scenario1	33.215s	333.031m
APPLICATION	CarMaker 14.0.1 - Car_Generic #5 (win64-14.0.1)
COMPILED	jetbrains@05dcd26e64f8 2025-01-28 11:06:46
 
		I/O Configuration: default
SIM_START	day6_scenario1	2025-05-19 21:43:29
TIME	0.001
		Current random seed value = 1747658609
TIME	0.000
SIMULATE	day6_scenario1

TIME	31.835
ERROR		Vehicle leaves road at about x=210.43, y=-9.19139 TireNo=1
SIM_ABORT	day6_scenario1	31.838s	319.508m
APPLICATION	CarMaker 14.0.1 - Car_Generic #5 (win64-14.0.1)
COMPILED	jetbrains@05dcd26e64f8 2025-01-28 11:06:46
 
		I/O Configuration: default
SIM_START	day6_scenario1	2025-05-19 21:48:58
TIME	0.001
		Current random seed value = 1747658938
TIME	0.000
SIMULATE	day6_scenario1

TIME	38.983
ERROR		Vehicle leaves road at about x=187.118, y=66.3542 TireNo=1
SIM_ABORT	day6_scenario1	38.986s	391.035m
APPLICATION	CarMaker 14.0.1 - Car_Generic #5 (win64-14.0.1)
COMPILED	jetbrains@05dcd26e64f8 2025-01-28 11:06:46
 
		I/O Configuration: default
SIM_START	day6_scenario1	2025-05-19 21:49:46
TIME	0.001
		Current random seed value = 1747658986
TIME	0.000
SIMULATE	day6_scenario1

TIME	32.154
ERROR		Vehicle leaves road at about x=210.43, y=-5.74431 TireNo=1
SIM_ABORT	day6_scenario1	32.157s	323.101m
APPLICATION	CarMaker 14.0.1 - Car_Generic #5 (win64-14.0.1)
COMPILED	jetbrains@05dcd26e64f8 2025-01-28 11:06:46
 
		I/O Configuration: default
SIM_START	day6_scenario1	2025-05-19 21:51:54
TIME	0.001
		Current random seed value = 1747659114
TIME	0.000
SIMULATE	day6_scenario1

TIME	27.454
SIM_END		day6_scenario1	27.451s	276.249m
APPLICATION	CarMaker 14.0.1 - Car_Generic #5 (win64-14.0.1)
COMPILED	jetbrains@05dcd26e64f8 2025-01-28 11:06:46
 
		I/O Configuration: default
SIM_START	day6_scenario1	2025-05-19 21:52:27
TIME	0.001
		Current random seed value = 1747659147
TIME	0.000
SIMULATE	day6_scenario1

TIME	25.892
ERROR		Vehicle leaves road at about x=199.095, y=-77.899 TireNo=0
SIM_ABORT	day6_scenario1	25.895s	260.708m
APPLICATION	CarMaker 14.0.1 - Car_Generic #5 (win64-14.0.1)
COMPILED	jetbrains@05dcd26e64f8 2025-01-28 11:06:46
 
		I/O Configuration: default
SIM_START	day6_scenario1	2025-05-19 21:53:03
TIME	0.001
		Current random seed value = 1747659183
TIME	0.000
SIMULATE	day6_scenario1

TIME	31.442
ERROR		Vehicle leaves road at about x=210.431, y=-19.7648 TireNo=1
SIM_ABORT	day6_scenario1	31.445s	316.316m
APPLICATION	CarMaker 14.0.1 - Car_Generic #5 (win64-14.0.1)
COMPILED	jetbrains@05dcd26e64f8 2025-01-28 11:06:46
 
		I/O Configuration: default
SIM_START	day6_scenario1	2025-05-19 21:54:50
TIME	0.001
		Current random seed value = 1747659290
TIME	0.000
SIMULATE	day6_scenario1

TIME	17.641
SIM_END		day6_scenario1	17.638s	177.198m
APPLICATION	CarMaker 14.0.1 - Car_Generic #5 (win64-14.0.1)
COMPILED	jetbrains@05dcd26e64f8 2025-01-28 11:06:46
 
		I/O Configuration: default
SIM_START	day6_scenario1	2025-05-19 21:55:05
TIME	0.001
		Current random seed value = 1747659305
TIME	0.000
SIMULATE	day6_scenario1

TIME	38.983
ERROR		Vehicle leaves road at about x=187.118, y=66.3542 TireNo=1
SIM_ABORT	day6_scenario1	38.986s	391.035m
APPLICATION	CarMaker 14.0.1 - Car_Generic #5 (win64-14.0.1)
COMPILED	jetbrains@05dcd26e64f8 2025-01-28 11:06:46
 
		I/O Configuration: default
SIM_START	day6_scenario1	2025-05-19 21:55:41
TIME	0.001
		Current random seed value = 1747659341
TIME	0.000
SIMULATE	day6_scenario1

TIME	36.361
ERROR		Vehicle leaves road at about x=207.553, y=44.8948 TireNo=1
SIM_ABORT	day6_scenario1	36.364s	365.026m
APPLICATION	CarMaker 14.0.1 - Car_Generic #5 (win64-14.0.1)
COMPILED	jetbrains@05dcd26e64f8 2025-01-28 11:06:46
 
		I/O Configuration: default
SIM_START	day6_scenario1	2025-05-19 21:56:17
TIME	0.001
		Current random seed value = 1747659377
TIME	0.000
SIMULATE	day6_scenario1

TIME	32.405
ERROR		Vehicle leaves road at about x=210.43, y=-5.71629 TireNo=1
SIM_ABORT	day6_scenario1	32.408s	325.191m
APPLICATION	CarMaker 14.0.1 - Car_Generic #5 (win64-14.0.1)
COMPILED	jetbrains@05dcd26e64f8 2025-01-28 11:06:46
 
		I/O Configuration: default
SIM_START	day6_scenario1	2025-05-19 21:57:04
TIME	0.001
		Current random seed value = 1747659424
TIME	0.000
SIMULATE	day6_scenario1

TIME	32.472
ERROR		Vehicle leaves road at about x=210.43, y=-0.54211 TireNo=1
SIM_ABORT	day6_scenario1	32.475s	325.861m
APPLICATION	CarMaker 14.0.1 - Car_Generic #5 (win64-14.0.1)
COMPILED	jetbrains@05dcd26e64f8 2025-01-28 11:06:46
 
		I/O Configuration: default
SIM_START	day6_scenario1	2025-05-19 21:57:37
TIME	0.001
		Current random seed value = 1747659457
TIME	0.000
SIMULATE	day6_scenario1

TIME	32.252
ERROR		Vehicle leaves road at about x=210.433, y=-5.25159 TireNo=1
SIM_ABORT	day6_scenario1	32.255s	323.799m
APPLICATION	CarMaker 14.0.1 - Car_Generic #5 (win64-14.0.1)
COMPILED	jetbrains@05dcd26e64f8 2025-01-28 11:06:46
 
		I/O Configuration: default
SIM_START	day6_scenario1	2025-05-19 21:58:06
TIME	0.001
		Current random seed value = 1747659486
TIME	0.000
SIMULATE	day6_scenario1

TIME	29.933
ERROR		Vehicle leaves road at about x=188.427, y=-26.286 TireNo=0
SIM_ABORT	day6_scenario1	29.936s	300.608m
APPLICATION	CarMaker 14.0.1 - Car_Generic #5 (win64-14.0.1)
COMPILED	jetbrains@05dcd26e64f8 2025-01-28 11:06:46
 
		I/O Configuration: default
SIM_START	day6_scenario1	2025-05-19 21:58:37
TIME	0.001
		Current random seed value = 1747659517
TIME	0.000
SIMULATE	day6_scenario1

TIME	29.764
SIM_END		day6_scenario1	29.761s	298.87m
APPLICATION	CarMaker 14.0.1 - Car_Generic #5 (win64-14.0.1)
COMPILED	jetbrains@05dcd26e64f8 2025-01-28 11:06:46
 
		I/O Configuration: default
SIM_START	day6_scenario1	2025-05-19 22:04:05
TIME	0.001
		Current random seed value = 1747659845
TIME	0.000
SIMULATE	day6_scenario1

TIME	32.424
ERROR		Vehicle leaves road at about x=210.432, y=-6.24385 TireNo=1
SIM_ABORT	day6_scenario1	32.427s	325.628m
APPLICATION	CarMaker 14.0.1 - Car_Generic #5 (win64-14.0.1)
COMPILED	jetbrains@05dcd26e64f8 2025-01-28 11:06:46
 
		I/O Configuration: default
SIM_START	day6_scenario1	2025-05-19 22:05:10
TIME	0.001
		Current random seed value = 1747659910
TIME	0.000
SIMULATE	day6_scenario1

TIME	77.876
ERROR		Vehicle leaves road at about x=-89.1481, y=-55.8186 TireNo=1
SIM_ABORT	day6_scenario1	77.879s	779.662m
APPLICATION	CarMaker 14.0.1 - Car_Generic #5 (win64-14.0.1)
COMPILED	jetbrains@05dcd26e64f8 2025-01-28 11:06:46
 
		I/O Configuration: default
SIM_START	day6_scenario1	2025-05-19 22:05:58
TIME	0.001
		Current random seed value = 1747659958
TIME	0.000
SIMULATE	day6_scenario1

TIME	31.925
ERROR		Vehicle leaves road at about x=210.436, y=-6.15102 TireNo=1
SIM_ABORT	day6_scenario1	31.928s	320.07m
APPLICATION	CarMaker 14.0.1 - Car_Generic #5 (win64-14.0.1)
COMPILED	jetbrains@05dcd26e64f8 2025-01-28 11:06:46
 
		I/O Configuration: default
SIM_START	day6_scenario1	2025-05-19 22:06:34
TIME	0.001
		Current random seed value = 1747659994
TIME	0.000
SIMULATE	day6_scenario1

TIME	31.865
ERROR		Vehicle leaves road at about x=210.433, y=-5.79605 TireNo=1
SIM_ABORT	day6_scenario1	31.868s	319.886m
APPLICATION	CarMaker 14.0.1 - Car_Generic #5 (win64-14.0.1)
COMPILED	jetbrains@05dcd26e64f8 2025-01-28 11:06:46
 
		I/O Configuration: default
SIM_START	day6_scenario1	2025-05-19 22:07:02
TIME	0.001
		Current random seed value = 1747660022
TIME	0.000
SIMULATE	day6_scenario1

TIME	77.876
ERROR		Vehicle leaves road at about x=-89.1481, y=-55.8186 TireNo=1
SIM_ABORT	day6_scenario1	77.879s	779.662m
APPLICATION	CarMaker 14.0.1 - Car_Generic #5 (win64-14.0.1)
COMPILED	jetbrains@05dcd26e64f8 2025-01-28 11:06:46
 
		I/O Configuration: default
SIM_START	day6_scenario1	2025-05-19 22:07:49
TIME	0.001
		Current random seed value = 1747660069
TIME	0.000
SIMULATE	day6_scenario1

TIME	34.328
ERROR		Vehicle leaves road at about x=210.429, y=7.16924 TireNo=1
SIM_ABORT	day6_scenario1	34.331s	344.796m
APPLICATION	CarMaker 14.0.1 - Car_Generic #5 (win64-14.0.1)
COMPILED	jetbrains@05dcd26e64f8 2025-01-28 11:06:46
 
		I/O Configuration: default
SIM_START	day6_scenario1	2025-05-19 22:08:30
TIME	0.001
		Current random seed value = 1747660110
TIME	0.000
SIMULATE	day6_scenario1

TIME	31.903
ERROR		Vehicle leaves road at about x=210.432, y=-1.82637 TireNo=1
SIM_ABORT	day6_scenario1	31.906s	319.393m
APPLICATION	CarMaker 14.0.1 - Car_Generic #5 (win64-14.0.1)
COMPILED	jetbrains@05dcd26e64f8 2025-01-28 11:06:46
 
		I/O Configuration: default
SIM_START	day6_scenario1	2025-05-19 22:08:57
TIME	0.001
		Current random seed value = 1747660137
TIME	0.000
SIMULATE	day6_scenario1

TIME	31.660
ERROR		Vehicle leaves road at about x=199.443, y=-77.5449 TireNo=0
SIM_ABORT	day6_scenario1	31.663s	253.882m
APPLICATION	CarMaker 14.0.1 - Car_Generic #5 (win64-14.0.1)
COMPILED	jetbrains@05dcd26e64f8 2025-01-28 11:06:46
 
		I/O Configuration: default
SIM_START	day6_scenario1	2025-05-19 22:09:35
TIME	0.001
		Current random seed value = 1747660175
TIME	0.000
SIMULATE	day6_scenario1

TIME	24.722
ERROR		Vehicle leaves road at about x=131.142, y=-90.0027 TireNo=1
SIM_ABORT	day6_scenario1	24.725s	199.46m
APPLICATION	CarMaker 14.0.1 - Car_Generic #5 (win64-14.0.1)
COMPILED	jetbrains@05dcd26e64f8 2025-01-28 11:06:46
 
		I/O Configuration: default
SIM_START	day6_scenario1	2025-05-19 22:10:04
TIME	0.001
		Current random seed value = 1747660204
TIME	0.000
SIMULATE	day6_scenario1

TIME	31.769
ERROR		Vehicle leaves road at about x=197.234, y=-79.6958 TireNo=0
SIM_ABORT	day6_scenario1	31.772s	254.769m
APPLICATION	CarMaker 14.0.1 - Car_Generic #5 (win64-14.0.1)
COMPILED	jetbrains@05dcd26e64f8 2025-01-28 11:06:46
 
		I/O Configuration: default
SIM_START	day6_scenario1	2025-05-19 22:10:37
TIME	0.001
		Current random seed value = 1747660237
TIME	0.000
SIMULATE	day6_scenario1

TIME	31.659
ERROR		Vehicle leaves road at about x=199.426, y=-77.5564 TireNo=0
SIM_ABORT	day6_scenario1	31.662s	253.886m
APPLICATION	CarMaker 14.0.1 - Car_Generic #5 (win64-14.0.1)
COMPILED	jetbrains@05dcd26e64f8 2025-01-28 11:06:46
 
		I/O Configuration: default
SIM_START	day6_scenario1	2025-05-19 22:14:24
TIME	0.001
		Current random seed value = 1747660464
TIME	0.000
SIMULATE	day6_scenario1

TIME	31.903
ERROR		Vehicle leaves road at about x=210.43, y=-1.82039 TireNo=1
SIM_ABORT	day6_scenario1	31.906s	319.395m
APPLICATION	CarMaker 14.0.1 - Car_Generic #5 (win64-14.0.1)
COMPILED	jetbrains@05dcd26e64f8 2025-01-28 11:06:46
 
		I/O Configuration: default
SIM_START	day6_scenario1	2025-05-19 22:14:42
TIME	0.001
		Current random seed value = 1747660482
TIME	0.000
SIMULATE	day6_scenario1

TIME	31.266
ERROR		Vehicle leaves road at about x=207.069, y=46.0556 TireNo=1
SIM_ABORT	day6_scenario1	31.269s	376.093m
APPLICATION	CarMaker 14.0.1 - Car_Generic #5 (win64-14.0.1)
COMPILED	jetbrains@05dcd26e64f8 2025-01-28 11:06:46
 
		I/O Configuration: default
SIM_START	day6_scenario1	2025-05-19 22:15:18
TIME	0.001
		Current random seed value = 1747660518
TIME	0.000
SIMULATE	day6_scenario1

TIME	31.807
ERROR		Vehicle leaves road at about x=188.425, y=-2.16568 TireNo=0
SIM_ABORT	day6_scenario1	31.81s	318.503m
APPLICATION	CarMaker 14.0.1 - Car_Generic #5 (win64-14.0.1)
COMPILED	jetbrains@05dcd26e64f8 2025-01-28 11:06:46
 
		I/O Configuration: default
SIM_START	day6_scenario1	2025-05-19 22:15:57
TIME	0.001
		Current random seed value = 1747660557
TIME	0.000
SIMULATE	day6_scenario1

TIME	31.916
ERROR		Vehicle leaves road at about x=188.423, y=-1.15096 TireNo=0
SIM_ABORT	day6_scenario1	31.919s	319.593m
APPLICATION	CarMaker 14.0.1 - Car_Generic #5 (win64-14.0.1)
COMPILED	jetbrains@05dcd26e64f8 2025-01-28 11:06:46
 
		I/O Configuration: default
SIM_START	day6_scenario1	2025-05-19 22:16:33
TIME	0.001
		Current random seed value = 1747660593
TIME	0.000
SIMULATE	day6_scenario1

TIME	31.863
ERROR		Vehicle leaves road at about x=188.424, y=-1.54604 TireNo=0
SIM_ABORT	day6_scenario1	31.866s	319.067m
APPLICATION	CarMaker 14.0.1 - Car_Generic #5 (win64-14.0.1)
COMPILED	jetbrains@05dcd26e64f8 2025-01-28 11:06:46
 
		I/O Configuration: default
SIM_START	day6_scenario1	2025-05-19 22:17:04
TIME	0.001
		Current random seed value = 1747660624
TIME	0.000
SIMULATE	day6_scenario1

TIME	122.076
ERROR		Vehicle leaves road at about x=126.921, y=47.9992 TireNo=0
SIM_ABORT	day6_scenario1	122.079s	1221.15m
APPLICATION	CarMaker 14.0.1 - Car_Generic #5 (win64-14.0.1)
COMPILED	jetbrains@05dcd26e64f8 2025-01-28 11:06:46
 
		I/O Configuration: default
SIM_START	day6_scenario1	2025-05-19 22:18:06
TIME	0.001
		Current random seed value = 1747660686
TIME	0.000
SIMULATE	day6_scenario1

TIME	122.217
ERROR		Vehicle leaves road at about x=131.46, y=47.997 TireNo=0
SIM_ABORT	day6_scenario1	122.22s	1222.58m
APPLICATION	CarMaker 14.0.1 - Car_Generic #5 (win64-14.0.1)
COMPILED	jetbrains@05dcd26e64f8 2025-01-28 11:06:46
 
		I/O Configuration: default
SIM_START	day6_scenario1	2025-05-19 22:19:08
TIME	0.001
		Current random seed value = 1747660748
TIME	0.000
SIMULATE	day6_scenario1

TIME	122.079
ERROR		Vehicle leaves road at about x=126.903, y=47.9964 TireNo=0
SIM_ABORT	day6_scenario1	122.082s	1221.18m
APPLICATION	CarMaker 14.0.1 - Car_Generic #5 (win64-14.0.1)
COMPILED	jetbrains@05dcd26e64f8 2025-01-28 11:06:46
 
		I/O Configuration: default
SIM_START	day6_scenario1	2025-05-19 22:20:17
TIME	0.001
		Current random seed value = 1747660817
TIME	0.000
SIMULATE	day6_scenario1

TIME	122.212
ERROR		Vehicle leaves road at about x=131.566, y=47.9975 TireNo=0
SIM_ABORT	day6_scenario1	122.215s	1222.53m
APPLICATION	CarMaker 14.0.1 - Car_Generic #5 (win64-14.0.1)
COMPILED	jetbrains@05dcd26e64f8 2025-01-28 11:06:46
 
		I/O Configuration: default
SIM_START	day6_scenario1	2025-05-19 22:21:17
TIME	0.001
		Current random seed value = 1747660877
TIME	0.000
SIMULATE	day6_scenario1

TIME	26.580
ERROR		Vehicle leaves road at about x=209.84, y=-56.8416 TireNo=1
SIM_ABORT	day6_scenario1	26.583s	265.877m
APPLICATION	CarMaker 14.0.1 - Car_Generic #5 (win64-14.0.1)
COMPILED	jetbrains@05dcd26e64f8 2025-01-28 11:06:46
 
		I/O Configuration: default
SIM_START	day6_scenario1	2025-05-19 22:21:43
TIME	0.001
		Current random seed value = 1747660903
TIME	0.000
SIMULATE	day6_scenario1

TIME	26.562
ERROR		Vehicle leaves road at about x=209.79, y=-57.1194 TireNo=1
SIM_ABORT	day6_scenario1	26.565s	265.695m
APPLICATION	CarMaker 14.0.1 - Car_Generic #5 (win64-14.0.1)
COMPILED	jetbrains@05dcd26e64f8 2025-01-28 11:06:46
 
		I/O Configuration: default
SIM_START	day6_scenario1	2025-05-19 22:22:11
TIME	0.001
		Current random seed value = 1747660931
TIME	0.000
SIMULATE	day6_scenario1

TIME	122.095
ERROR		Vehicle leaves road at about x=126.871, y=47.9982 TireNo=0
SIM_ABORT	day6_scenario1	122.098s	1221.34m
APPLICATION	CarMaker 14.0.1 - Car_Generic #5 (win64-14.0.1)
COMPILED	jetbrains@05dcd26e64f8 2025-01-28 11:06:46
 
		I/O Configuration: default
SIM_START	day6_scenario1	2025-05-19 22:22:56
TIME	0.001
		Current random seed value = 1747660976
TIME	0.000
SIMULATE	day6_scenario1

TIME	122.096
ERROR		Vehicle leaves road at about x=126.899, y=47.9994 TireNo=0
SIM_ABORT	day6_scenario1	122.099s	1221.35m
APPLICATION	CarMaker 14.0.1 - Car_Generic #5 (win64-14.0.1)
COMPILED	jetbrains@05dcd26e64f8 2025-01-28 11:06:46
 
		I/O Configuration: default
SIM_START	day6_scenario1	2025-05-19 22:23:47
TIME	0.001
		Current random seed value = 1747661027
TIME	0.000
SIMULATE	day6_scenario1

TIME	122.097
ERROR		Vehicle leaves road at about x=126.915, y=47.9964 TireNo=0
SIM_ABORT	day6_scenario1	122.1s	1221.36m
APPLICATION	CarMaker 14.0.1 - Car_Generic #5 (win64-14.0.1)
COMPILED	jetbrains@05dcd26e64f8 2025-01-28 11:06:46
 
		I/O Configuration: default
SIM_START	day6_scenario1	2025-05-19 22:24:40
TIME	0.001
		Current random seed value = 1747661080
TIME	0.000
SIMULATE	day6_scenario1

TIME	122.327
ERROR		Vehicle leaves road at about x=126.252, y=47.9988 TireNo=0
SIM_ABORT	day6_scenario1	122.33s	1223.61m
APPLICATION	CarMaker 14.0.1 - Car_Generic #5 (win64-14.0.1)
COMPILED	jetbrains@05dcd26e64f8 2025-01-28 11:06:46
 
		I/O Configuration: default
SIM_START	day6_scenario1	2025-05-19 22:26:46
TIME	0.001
		Current random seed value = 1747661206
TIME	0.000
SIMULATE	day6_scenario1

TIME	32.041
ERROR		Vehicle leaves road at about x=188.427, y=-0.243986 TireNo=0
SIM_ABORT	day6_scenario1	32.044s	320.866m
APPLICATION	CarMaker 14.0.1 - Car_Generic #5 (win64-14.0.1)
COMPILED	jetbrains@05dcd26e64f8 2025-01-28 11:06:46
 
		I/O Configuration: default
SIM_START	day6_scenario1	2025-05-19 22:27:15
TIME	0.001
		Current random seed value = 1747661235
TIME	0.000
SIMULATE	day6_scenario1

TIME	122.121
ERROR		Vehicle leaves road at about x=137.98, y=47.9973 TireNo=0
SIM_ABORT	day6_scenario1	122.124s	1221.71m
