APPLICATION	CarMaker 14.0.1 - Car_Generic #5 (win64-14.0.1)
COMPILED	jetbrains@05dcd26e64f8 2025-01-28 11:06:46
 
		I/O Configuration: default
SIM_START	day6_scenario1	2025-05-18 17:15:54
TIME	0.001
		Current random seed value = 1747556154
TIME	0.000
SIMULATE	day6_scenario1

TIME	3.824
ERROR		Vehicle leaves road at about x=-36.5718, y=-90.0089 TireNo=0
SIM_ABORT	day6_scenario1	3.827s	20.7243m
APPLICATION	CarMaker 14.0.1 - Car_Generic #5 (win64-14.0.1)
COMPILED	jetbrains@05dcd26e64f8 2025-01-28 11:06:46
 
		I/O Configuration: default
SIM_START	day6_scenario1	2025-05-18 17:16:13
TIME	0.001
		Current random seed value = 1747556173
TIME	0.000
SIMULATE	day6_scenario1

TIME	3.824
ERROR		Vehicle leaves road at about x=-36.5718, y=-90.0089 TireNo=0
SIM_ABORT	day6_scenario1	3.827s	20.7243m
APPLICATION	CarMaker 14.0.1 - Car_Generic #5 (win64-14.0.1)
COMPILED	jetbrains@05dcd26e64f8 2025-01-28 11:06:46
 
		I/O Configuration: default
SIM_START	day6_scenario1	2025-05-18 17:16:34
TIME	0.001
		Current random seed value = 1747556194
TIME	0.000
SIMULATE	day6_scenario1

TIME	3.824
ERROR		Vehicle leaves road at about x=-36.5718, y=-90.0089 TireNo=0
SIM_ABORT	day6_scenario1	3.827s	20.7243m
APPLICATION	CarMaker 14.0.1 - Car_Generic #5 (win64-14.0.1)
COMPILED	jetbrains@05dcd26e64f8 2025-01-28 11:06:46
 
		I/O Configuration: default
SIM_START	day6_scenario1	2025-05-18 17:17:31
TIME	0.001
		Current random seed value = 1747556251
TIME	0.000
SIMULATE	day6_scenario1

TIME	3.824
ERROR		Vehicle leaves road at about x=-36.5718, y=-90.0089 TireNo=0
SIM_ABORT	day6_scenario1	3.827s	20.7243m
APPLICATION	CarMaker 14.0.1 - Car_Generic #5 (win64-14.0.1)
COMPILED	jetbrains@05dcd26e64f8 2025-01-28 11:06:46
 
		I/O Configuration: default
SIM_START	day6_scenario1	2025-05-18 17:18:09
TIME	0.001
		Current random seed value = 1747556289
TIME	0.000
SIMULATE	day6_scenario1

TIME	6.004
ERROR		Vehicle leaves road at about x=29.9387, y=-90.0146 TireNo=1
SIM_ABORT	day6_scenario1	6.007s	81.1147m
APPLICATION	CarMaker 14.0.1 - Car_Generic #5 (win64-14.0.1)
COMPILED	jetbrains@05dcd26e64f8 2025-01-28 11:06:46
 
		I/O Configuration: default
SIM_START	day6_scenario1	2025-05-18 17:18:22
TIME	0.001
		Current random seed value = 1747556302
TIME	0.000
SIMULATE	day6_scenario1

TIME	6.032
ERROR		Vehicle leaves road at about x=30.5101, y=-90.005 TireNo=1
SIM_ABORT	day6_scenario1	6.035s	81.6812m
APPLICATION	CarMaker 14.0.1 - Car_Generic #5 (win64-14.0.1)
COMPILED	jetbrains@05dcd26e64f8 2025-01-28 11:06:46
 
		I/O Configuration: default
SIM_START	day6_scenario1	2025-05-18 17:27:53
TIME	0.001
		Current random seed value = 1747556873
TIME	0.000
SIMULATE	day6_scenario1

TIME	22.451
SIM_END		day6_scenario1	22.448s	1.21221e-05m
APPLICATION	CarMaker 14.0.1 - Car_Generic #5 (win64-14.0.1)
COMPILED	jetbrains@05dcd26e64f8 2025-01-28 11:06:46
 
		I/O Configuration: default
SIM_START	day6_scenario1	2025-05-18 17:28:17
TIME	0.001
		Current random seed value = 1747556897
TIME	0.000
SIMULATE	day6_scenario1

TIME	30.753
SIM_END		day6_scenario1	30.75s	1.70347e-05m
APPLICATION	CarMaker 14.0.1 - Car_Generic #5 (win64-14.0.1)
COMPILED	jetbrains@05dcd26e64f8 2025-01-28 11:06:46
 
		I/O Configuration: default
SIM_START	day6_scenario1	2025-05-18 17:34:28
TIME	0.001
		Current random seed value = 1747557268
TIME	0.000
SIMULATE	day6_scenario1

TIME	150.242
SIM_END		day6_scenario1	150.239s	0.000182928m
APPLICATION	CarMaker 14.0.1 - Car_Generic #5 (win64-14.0.1)
COMPILED	jetbrains@05dcd26e64f8 2025-01-28 11:06:46
 
		I/O Configuration: default
SIM_START	day6_scenario1	2025-05-18 17:36:11
TIME	0.001
		Current random seed value = 1747557371
TIME	0.000
SIMULATE	day6_scenario1

TIME	27.089
SIM_END		day6_scenario1	27.086s	1.47364e-05m
APPLICATION	CarMaker 14.0.1 - Car_Generic #5 (win64-14.0.1)
COMPILED	jetbrains@05dcd26e64f8 2025-01-28 11:06:46
 
		I/O Configuration: default
SIM_START	day6_scenario1	2025-05-18 17:39:51
TIME	0.001
		Current random seed value = 1747557591
TIME	0.000
SIMULATE	day6_scenario1

TIME	30.814
SIM_END		day6_scenario1	30.811s	1.70746e-05m
APPLICATION	CarMaker 14.0.1 - Car_Generic #5 (win64-14.0.1)
COMPILED	jetbrains@05dcd26e64f8 2025-01-28 11:06:46
 
		I/O Configuration: default
SIM_START	day6_scenario1	2025-05-18 17:48:30
TIME	0.001
		Current random seed value = 1747558110
TIME	0.000
SIMULATE	day6_scenario1

TIME	403.440
SIM_END		day6_scenario1	403.437s	0.000851034m
APPLICATION	CarMaker 14.0.1 - Car_Generic #5 (win64-14.0.1)
COMPILED	jetbrains@05dcd26e64f8 2025-01-28 11:06:46
 
		I/O Configuration: default
SIM_START	day6_scenario1	2025-05-18 17:52:25
TIME	0.001
		Current random seed value = 1747558345
TIME	0.000
SIMULATE	day6_scenario1

TIME	52.304
SIM_END		day6_scenario1	52.301s	3.45411e-05m
APPLICATION	CarMaker 14.0.1 - Car_Generic #5 (win64-14.0.1)
COMPILED	jetbrains@05dcd26e64f8 2025-01-28 11:06:46
 
		I/O Configuration: default
SIM_START	day6_scenario1	2025-05-18 18:20:52
TIME	0.001
		Current random seed value = 1747560052
TIME	0.000
SIMULATE	day6_scenario1

TIME	6.078
ERROR		Vehicle leaves road at about x=-54.159, y=-89.7369 TireNo=0
SIM_ABORT	day6_scenario1	6.081s	18.1768m
APPLICATION	CarMaker 14.0.1 - Car_Generic #5 (win64-14.0.1)
COMPILED	jetbrains@05dcd26e64f8 2025-01-28 11:06:46
 
		I/O Configuration: default
SIM_START	day6_scenario1	2025-05-18 18:21:09
TIME	0.001
		Current random seed value = 1747560069
TIME	0.000
SIMULATE	day6_scenario1

TIME	11.746
ERROR		Vehicle leaves road at about x=202.577, y=-73.8236 TireNo=1
SIM_ABORT	day6_scenario1	11.749s	248.3m
APPLICATION	CarMaker 14.0.1 - Car_Generic #5 (win64-14.0.1)
COMPILED	jetbrains@05dcd26e64f8 2025-01-28 11:06:46
 
		I/O Configuration: default
SIM_START	day6_scenario1	2025-05-18 18:21:21
TIME	0.001
		Current random seed value = 1747560081
TIME	0.000
SIMULATE	day6_scenario1

TIME	6.078
ERROR		Vehicle leaves road at about x=-54.159, y=-89.7369 TireNo=0
SIM_ABORT	day6_scenario1	6.081s	18.1768m
APPLICATION	CarMaker 14.0.1 - Car_Generic #5 (win64-14.0.1)
COMPILED	jetbrains@05dcd26e64f8 2025-01-28 11:06:46
 
		I/O Configuration: default
SIM_START	day6_scenario1	2025-05-18 18:21:54
TIME	0.001
		Current random seed value = 1747560114
TIME	0.000
SIMULATE	day6_scenario1

TIME	4.051
ERROR		Vehicle leaves road at about x=-3.7696, y=-67.9982 TireNo=0
SIM_ABORT	day6_scenario1	4.054s	42.3171m
APPLICATION	CarMaker 14.0.1 - Car_Generic #5 (win64-14.0.1)
COMPILED	jetbrains@05dcd26e64f8 2025-01-28 11:06:46
 
		I/O Configuration: default
SIM_START	day6_scenario1	2025-05-18 18:22:12
TIME	0.001
		Current random seed value = 1747560132
TIME	0.000
SIMULATE	day6_scenario1

TIME	4.051
ERROR		Vehicle leaves road at about x=-3.7696, y=-67.9982 TireNo=0
SIM_ABORT	day6_scenario1	4.054s	42.3171m
APPLICATION	CarMaker 14.0.1 - Car_Generic #5 (win64-14.0.1)
COMPILED	jetbrains@05dcd26e64f8 2025-01-28 11:06:46
 
		I/O Configuration: default
SIM_START	day6_scenario1	2025-05-18 18:22:52
TIME	0.001
		Current random seed value = 1747560172
TIME	0.000
SIMULATE	day6_scenario1

TIME	4.051
ERROR		Vehicle leaves road at about x=-3.7696, y=-67.9982 TireNo=0
SIM_ABORT	day6_scenario1	4.054s	42.3171m
APPLICATION	CarMaker 14.0.1 - Car_Generic #5 (win64-14.0.1)
COMPILED	jetbrains@05dcd26e64f8 2025-01-28 11:06:46
 
		I/O Configuration: default
SIM_START	day6_scenario1	2025-05-18 18:24:52
TIME	0.001
		Current random seed value = 1747560292
TIME	0.000
SIMULATE	day6_scenario1

TIME	11.749
ERROR		Vehicle leaves road at about x=202.579, y=-73.8236 TireNo=1
SIM_ABORT	day6_scenario1	11.752s	248.303m
APPLICATION	CarMaker 14.0.1 - Car_Generic #5 (win64-14.0.1)
COMPILED	jetbrains@05dcd26e64f8 2025-01-28 11:06:46
 
		I/O Configuration: default
SIM_START	day6_scenario1	2025-05-18 18:26:01
TIME	0.001
		Current random seed value = 1747560361
TIME	0.000
SIMULATE	day6_scenario1

TIME	27.841
ERROR		Vehicle leaves road at about x=202.564, y=-73.8232 TireNo=1
SIM_ABORT	day6_scenario1	27.844s	248.285m
APPLICATION	CarMaker 14.0.1 - Car_Generic #5 (win64-14.0.1)
COMPILED	jetbrains@05dcd26e64f8 2025-01-28 11:06:46
 
		I/O Configuration: default
SIM_START	day6_scenario1	2025-05-18 18:26:14
TIME	0.001
		Current random seed value = 1747560374
TIME	0.000
SIMULATE	day6_scenario1

TIME	4.986
ERROR		Vehicle leaves road at about x=-8.10019, y=-67.9987 TireNo=0
SIM_ABORT	day6_scenario1	4.989s	38.05m
APPLICATION	CarMaker 14.0.1 - Car_Generic #5 (win64-14.0.1)
COMPILED	jetbrains@05dcd26e64f8 2025-01-28 11:06:46
 
		I/O Configuration: default
SIM_START	day6_scenario1	2025-05-18 18:27:03
TIME	0.001
		Current random seed value = 1747560423
TIME	0.000
SIMULATE	day6_scenario1

TIME	4.986
ERROR		Vehicle leaves road at about x=-8.10019, y=-67.9987 TireNo=0
SIM_ABORT	day6_scenario1	4.989s	38.05m
APPLICATION	CarMaker 14.0.1 - Car_Generic #5 (win64-14.0.1)
COMPILED	jetbrains@05dcd26e64f8 2025-01-28 11:06:46
 
		I/O Configuration: default
SIM_START	day6_scenario1	2025-05-18 18:30:35
TIME	0.001
		Current random seed value = 1747560635
TIME	0.000
SIMULATE	day6_scenario1

TIME	4.986
ERROR		Vehicle leaves road at about x=-8.10019, y=-67.9987 TireNo=0
SIM_ABORT	day6_scenario1	4.989s	38.05m
APPLICATION	CarMaker 14.0.1 - Car_Generic #5 (win64-14.0.1)
COMPILED	jetbrains@05dcd26e64f8 2025-01-28 11:06:46
 
		I/O Configuration: default
SIM_START	day6_scenario1	2025-05-18 18:31:39
TIME	0.001
		Current random seed value = 1747560699
TIME	0.000
SIMULATE	day6_scenario1

TIME	4.986
ERROR		Vehicle leaves road at about x=-8.10029, y=-67.9987 TireNo=0
SIM_ABORT	day6_scenario1	4.989s	38.0499m
APPLICATION	CarMaker 14.0.1 - Car_Generic #5 (win64-14.0.1)
COMPILED	jetbrains@05dcd26e64f8 2025-01-28 11:06:46
 
		I/O Configuration: default
SIM_START	day6_scenario1	2025-05-18 22:02:23
TIME	0.001
		Current random seed value = 1747573343
TIME	0.000
SIMULATE	day6_scenario1

TIME	4.986
ERROR		Vehicle leaves road at about x=-8.10019, y=-67.9987 TireNo=0
SIM_ABORT	day6_scenario1	4.989s	38.05m
APPLICATION	CarMaker 14.0.1 - Car_Generic #5 (win64-14.0.1)
COMPILED	jetbrains@05dcd26e64f8 2025-01-28 11:06:46
 
		I/O Configuration: default
SIM_START	day6_scenario1	2025-05-18 22:02:52
TIME	0.001
		Current random seed value = 1747573372
TIME	0.000
SIMULATE	day6_scenario1

TIME	4.986
ERROR		Vehicle leaves road at about x=-8.10034, y=-67.9987 TireNo=0
SIM_ABORT	day6_scenario1	4.989s	38.0499m
APPLICATION	CarMaker 14.0.1 - Car_Generic #5 (win64-14.0.1)
COMPILED	jetbrains@05dcd26e64f8 2025-01-28 11:06:46
 
		I/O Configuration: default
SIM_START	day6_scenario1	2025-05-18 23:19:08
TIME	0.001
		Current random seed value = 1747577948
TIME	0.000
SIMULATE	day6_scenario1

TIME	10.759
ERROR		Vehicle leaves road at about x=17.1834, y=-67.9967 TireNo=1
SIM_ABORT	day6_scenario1	10.762s	72.7959m
APPLICATION	CarMaker 14.0.1 - Car_Generic #5 (win64-14.0.1)
COMPILED	jetbrains@05dcd26e64f8 2025-01-28 11:06:46
 
		I/O Configuration: default
SIM_START	day6_scenario1	2025-05-18 23:20:11
TIME	0.001
		Current random seed value = 1747578011
TIME	0.000
SIMULATE	day6_scenario1

TIME	159.124
SIM_END		day6_scenario1	159.121s	32.6392m
APPLICATION	CarMaker 14.0.1 - Car_Generic #5 (win64-14.0.1)
COMPILED	jetbrains@05dcd26e64f8 2025-01-28 11:06:46
 
		I/O Configuration: default
SIM_START	day6_scenario1	2025-05-18 23:22:27
TIME	0.001
		Current random seed value = 1747578147
TIME	0.000
SIMULATE	day6_scenario1

TIME	32.099
SIM_END		day6_scenario1	32.096s	32.2947m
APPLICATION	CarMaker 14.0.1 - Car_Generic #5 (win64-14.0.1)
COMPILED	jetbrains@05dcd26e64f8 2025-01-28 11:06:46
 
		I/O Configuration: default
SIM_START	day6_scenario1	2025-05-18 23:23:08
TIME	0.001
		Current random seed value = 1747578188
TIME	0.000
SIMULATE	day6_scenario1

TIME	56.587
SIM_END		day6_scenario1	56.584s	32.4134m
APPLICATION	CarMaker 14.0.1 - Car_Generic #5 (win64-14.0.1)
COMPILED	jetbrains@05dcd26e64f8 2025-01-28 11:06:46
 
		I/O Configuration: default
SIM_START	day6_scenario1	2025-05-18 23:26:09
TIME	0.001
		Current random seed value = 1747578369
TIME	0.000
SIMULATE	day6_scenario1

TIME	16.605
ERROR		Vehicle leaves road at about x=-64.5138, y=67.1114 TireNo=0
SIM_ABORT	day6_scenario1	16.608s	181.287m
APPLICATION	CarMaker 14.0.1 - Car_Generic #5 (win64-14.0.1)
COMPILED	jetbrains@05dcd26e64f8 2025-01-28 11:06:46
 
		I/O Configuration: default
SIM_START	day6_scenario1	2025-05-18 23:27:53
TIME	0.001
		Current random seed value = 1747578473
TIME	0.000
SIMULATE	day6_scenario1

TIME	16.605
ERROR		Vehicle leaves road at about x=-64.5138, y=67.1114 TireNo=0
SIM_ABORT	day6_scenario1	16.608s	181.287m
APPLICATION	CarMaker 14.0.1 - Car_Generic #5 (win64-14.0.1)
COMPILED	jetbrains@05dcd26e64f8 2025-01-28 11:06:46
 
		I/O Configuration: default
SIM_START	day6_scenario1	2025-05-18 23:28:29
TIME	0.001
		Current random seed value = 1747578509
TIME	0.000
SIMULATE	day6_scenario1

TIME	16.994
ERROR		Vehicle leaves road at about x=-61.1313, y=68.2939 TireNo=0
SIM_ABORT	day6_scenario1	16.997s	183.42m
APPLICATION	CarMaker 14.0.1 - Car_Generic #5 (win64-14.0.1)
COMPILED	jetbrains@05dcd26e64f8 2025-01-28 11:06:46
 
		I/O Configuration: default
SIM_START	day6_scenario1	2025-05-18 23:29:01
TIME	0.001
		Current random seed value = 1747578541
TIME	0.000
SIMULATE	day6_scenario1

TIME	32.417
ERROR		Vehicle leaves road at about x=205.863, y=48.5802 TireNo=0
SIM_ABORT	day6_scenario1	32.42s	434.472m
APPLICATION	CarMaker 14.0.1 - Car_Generic #5 (win64-14.0.1)
COMPILED	jetbrains@05dcd26e64f8 2025-01-28 11:06:46
 
		I/O Configuration: default
SIM_START	day6_scenario1	2025-05-18 23:35:47
TIME	0.001
		Current random seed value = 1747578947
TIME	0.000
SIMULATE	day6_scenario1

TIME	16.605
ERROR		Vehicle leaves road at about x=-64.5138, y=67.1114 TireNo=0
SIM_ABORT	day6_scenario1	16.608s	181.287m
APPLICATION	CarMaker 14.0.1 - Car_Generic #5 (win64-14.0.1)
COMPILED	jetbrains@05dcd26e64f8 2025-01-28 11:06:46
 
		I/O Configuration: default
SIM_START	day6_scenario1	2025-05-18 23:36:12
TIME	0.001
		Current random seed value = 1747578972
TIME	0.000
SIMULATE	day6_scenario1

TIME	16.947
ERROR		Vehicle leaves road at about x=-61.5052, y=68.1854 TireNo=0
SIM_ABORT	day6_scenario1	16.95s	183.19m
APPLICATION	CarMaker 14.0.1 - Car_Generic #5 (win64-14.0.1)
COMPILED	jetbrains@05dcd26e64f8 2025-01-28 11:06:46
 
		I/O Configuration: default
SIM_START	day6_scenario1	2025-05-18 23:36:45
TIME	0.001
		Current random seed value = 1747579005
TIME	0.000
SIMULATE	day6_scenario1

TIME	16.947
ERROR		Vehicle leaves road at about x=-61.5052, y=68.1854 TireNo=0
SIM_ABORT	day6_scenario1	16.95s	183.19m
APPLICATION	CarMaker 14.0.1 - Car_Generic #5 (win64-14.0.1)
COMPILED	jetbrains@05dcd26e64f8 2025-01-28 11:06:46
 
		I/O Configuration: default
SIM_START	day6_scenario1	2025-05-18 23:37:08
TIME	0.001
		Current random seed value = 1747579028
TIME	0.000
SIMULATE	day6_scenario1

TIME	16.994
ERROR		Vehicle leaves road at about x=-61.1313, y=68.2939 TireNo=0
SIM_ABORT	day6_scenario1	16.997s	183.42m
APPLICATION	CarMaker 14.0.1 - Car_Generic #5 (win64-14.0.1)
COMPILED	jetbrains@05dcd26e64f8 2025-01-28 11:06:46
 
		I/O Configuration: default
SIM_START	day6_scenario1	2025-05-19 02:27:21
TIME	0.001
		Current random seed value = 1747589241
TIME	0.000
SIMULATE	day6_scenario1

TIME	16.994
ERROR		Vehicle leaves road at about x=-61.1313, y=68.2939 TireNo=0
SIM_ABORT	day6_scenario1	16.997s	183.42m
APPLICATION	CarMaker 14.0.1 - Car_Generic #5 (win64-14.0.1)
COMPILED	jetbrains@05dcd26e64f8 2025-01-28 11:06:46
 
		I/O Configuration: default
SIM_START	day6_scenario1	2025-05-19 02:33:30
TIME	0.001
		Current random seed value = 1747589610
TIME	0.000
SIMULATE	day6_scenario1

TIME	16.947
ERROR		Vehicle leaves road at about x=-61.5052, y=68.1854 TireNo=0
SIM_ABORT	day6_scenario1	16.95s	183.19m
APPLICATION	CarMaker 14.0.1 - Car_Generic #5 (win64-14.0.1)
COMPILED	jetbrains@05dcd26e64f8 2025-01-28 11:06:46
 
		I/O Configuration: default
SIM_START	day6_scenario1	2025-05-19 02:36:30
TIME	0.001
		Current random seed value = 1747589790
TIME	0.000
SIMULATE	day6_scenario1

TIME	16.947
ERROR		Vehicle leaves road at about x=-61.5052, y=68.1854 TireNo=0
SIM_ABORT	day6_scenario1	16.95s	183.19m
APPLICATION	CarMaker 14.0.1 - Car_Generic #5 (win64-14.0.1)
COMPILED	jetbrains@05dcd26e64f8 2025-01-28 11:06:46
 
		I/O Configuration: default
SIM_START	day6_scenario1	2025-05-19 02:37:48
TIME	0.001
		Current random seed value = 1747589868
TIME	0.000
SIMULATE	day6_scenario1

TIME	16.947
ERROR		Vehicle leaves road at about x=-61.5052, y=68.1854 TireNo=0
SIM_ABORT	day6_scenario1	16.95s	183.19m
APPLICATION	CarMaker 14.0.1 - Car_Generic #5 (win64-14.0.1)
COMPILED	jetbrains@05dcd26e64f8 2025-01-28 11:06:46
 
		I/O Configuration: default
SIM_START	day6_scenario1	2025-05-19 02:43:07
TIME	0.001
		Current random seed value = 1747590187
TIME	0.000
SIMULATE	day6_scenario1

TIME	16.947
ERROR		Vehicle leaves road at about x=-61.5052, y=68.1854 TireNo=0
SIM_ABORT	day6_scenario1	16.95s	183.19m
APPLICATION	CarMaker 14.0.1 - Car_Generic #5 (win64-14.0.1)
COMPILED	jetbrains@05dcd26e64f8 2025-01-28 11:06:46
 
		I/O Configuration: default
SIM_START	day6_scenario1	2025-05-19 02:47:29
TIME	0.001
		Current random seed value = 1747590449
TIME	0.000
SIMULATE	day6_scenario1

TIME	8.755
SIM_END		day6_scenario1	8.752s	47.3285m
APPLICATION	CarMaker 14.0.1 - Car_Generic #5 (win64-14.0.1)
COMPILED	jetbrains@05dcd26e64f8 2025-01-28 11:06:46
 
		I/O Configuration: default
SIM_START	day6_scenario1	2025-05-19 02:47:53
TIME	0.001
		Current random seed value = 1747590473
TIME	0.000
SIMULATE	day6_scenario1

TIME	16.075
SIM_END		day6_scenario1	16.072s	167.11m
APPLICATION	CarMaker 14.0.1 - Car_Generic #5 (win64-14.0.1)
COMPILED	jetbrains@05dcd26e64f8 2025-01-28 11:06:46
 
		I/O Configuration: default
SIM_START	day6_scenario1	2025-05-19 03:25:12
TIME	0.001
		Current random seed value = 1747592712
TIME	0.000
SIMULATE	day6_scenario1

SIM_END		day6_scenario1	0s	0m
APPLICATION	CarMaker 14.0.1 - Car_Generic #5 (win64-14.0.1)
COMPILED	jetbrains@05dcd26e64f8 2025-01-28 11:06:46
 
		I/O Configuration: default
SIM_START	day6_scenario1	2025-05-19 03:26:09
TIME	0.001
		Current random seed value = 1747592769
TIME	0.000
SIMULATE	day6_scenario1

SIM_END		day6_scenario1	0s	0m
APPLICATION	CarMaker 14.0.1 - Car_Generic #5 (win64-14.0.1)
COMPILED	jetbrains@05dcd26e64f8 2025-01-28 11:06:46
 
		I/O Configuration: default
SIM_START	day6_scenario1	2025-05-19 03:27:10
TIME	0.001
		Current random seed value = 1747592830
TIME	0.000
SIMULATE	day6_scenario1

SIM_END		day6_scenario1	0s	0m
APPLICATION	CarMaker 14.0.1 - Car_Generic #5 (win64-14.0.1)
COMPILED	jetbrains@05dcd26e64f8 2025-01-28 11:06:46
 
		I/O Configuration: default
SIM_START	day6_scenario1	2025-05-19 03:27:48
TIME	0.001
		Current random seed value = 1747592868
TIME	0.000
SIMULATE	day6_scenario1

SIM_END		day6_scenario1	0s	0m
APPLICATION	CarMaker 14.0.1 - Car_Generic #5 (win64-14.0.1)
COMPILED	jetbrains@05dcd26e64f8 2025-01-28 11:06:46
 
		I/O Configuration: default
SIM_START	day6_scenario1	2025-05-19 03:31:39
TIME	0.001
		Current random seed value = 1747593099
TIME	0.000
SIMULATE	day6_scenario1

SIM_END		day6_scenario1	0s	0m
APPLICATION	CarMaker 14.0.1 - Car_Generic #5 (win64-14.0.1)
COMPILED	jetbrains@05dcd26e64f8 2025-01-28 11:06:46
 
		I/O Configuration: default
SIM_START	day6_scenario1	2025-05-19 03:32:29
TIME	0.001
		Current random seed value = 1747593149
TIME	0.000
SIMULATE	day6_scenario1

TIME	16.947
ERROR		Vehicle leaves road at about x=-61.5052, y=68.1854 TireNo=0
SIM_ABORT	day6_scenario1	16.95s	183.19m
APPLICATION	CarMaker 14.0.1 - Car_Generic #5 (win64-14.0.1)
COMPILED	jetbrains@05dcd26e64f8 2025-01-28 11:06:46
 
		I/O Configuration: default
SIM_START	day6_scenario1	2025-05-19 03:33:17
TIME	0.001
		Current random seed value = 1747593197
TIME	0.000
SIMULATE	day6_scenario1

TIME	16.947
ERROR		Vehicle leaves road at about x=-61.5052, y=68.1854 TireNo=0
SIM_ABORT	day6_scenario1	16.95s	183.19m
APPLICATION	CarMaker 14.0.1 - Car_Generic #5 (win64-14.0.1)
COMPILED	jetbrains@05dcd26e64f8 2025-01-28 11:06:46
 
		I/O Configuration: default
SIM_START	day6_scenario1	2025-05-19 03:46:18
TIME	0.001
		Current random seed value = 1747593978
TIME	0.000
SIMULATE	day6_scenario1

TIME	16.947
ERROR		Vehicle leaves road at about x=-61.5052, y=68.1854 TireNo=0
SIM_ABORT	day6_scenario1	16.95s	183.19m
APPLICATION	CarMaker 14.0.1 - Car_Generic #5 (win64-14.0.1)
COMPILED	jetbrains@05dcd26e64f8 2025-01-28 11:06:46
 
		I/O Configuration: default
SIM_START	day6_scenario1	2025-05-19 03:48:18
TIME	0.001
		Current random seed value = 1747594098
TIME	0.000
SIMULATE	day6_scenario1

TIME	16.226
ERROR		Vehicle leaves road at about x=-57.1044, y=69.2921 TireNo=0
SIM_ABORT	day6_scenario1	16.229s	192.739m
